Log file open, 05/20/23 16:52:46
LogWindows: Failed to load 'aqProf.dll' (GetLastError=126)
LogWindows: File 'aqProf.dll' does not exist
LogWindows: Failed to load 'VtuneApi.dll' (GetLastError=126)
LogWindows: File 'VtuneApi.dll' does not exist
LogWindows: Failed to load 'VtuneApi32e.dll' (GetLastError=126)
LogWindows: File 'VtuneApi32e.dll' does not exist
LogConsoleResponse: Display: Failed to find resolution value strings in scalability ini. Falling back to default.
LogConsoleResponse: Display: Failed to find resolution value strings in scalability ini. Falling back to default.
LogInit: Display: Running engine for game: SilentWar
LogPlatformFile: Not using cached read wrapper
LogTaskGraph: Started task graph with 5 named threads and 47 total threads with 3 sets of task threads.
LogStats: Stats thread started at 0.187334
LogICUInternationalization: ICU TimeZone Detection - Raw Offset: +7:00, Platform Override: ''
LogInit: Display: Loading text-based GConfig....
LogPluginManager: Mounting plugin MeshPainting
LogPluginManager: Mounting plugin XGEController
LogPluginManager: Mounting plugin Paper2D
LogPluginManager: Mounting plugin EnvironmentQueryEditor
LogPluginManager: Mounting plugin AISupport
LogPluginManager: Mounting plugin LiveLink
LogPluginManager: Mounting plugin LightPropagationVolume
LogPluginManager: Mounting plugin CameraShakePreviewer
LogPluginManager: Mounting plugin GameplayCameras
LogPluginManager: Mounting plugin AnimationSharing
LogPluginManager: Mounting plugin CodeLiteSourceCodeAccess
LogPluginManager: Mounting plugin CLionSourceCodeAccess
LogPluginManager: Mounting plugin GitSourceControl
LogPluginManager: Mounting plugin PlasticSourceControl
LogPluginManager: Mounting plugin NullSourceCodeAccess
LogPluginManager: Mounting plugin PluginUtils
LogPluginManager: Mounting plugin KDevelopSourceCodeAccess
LogPluginManager: Mounting plugin RiderSourceCodeAccess
LogPluginManager: Mounting plugin PerforceSourceControl
LogPluginManager: Mounting plugin SubversionSourceControl
LogPluginManager: Mounting plugin PropertyAccessNode
LogPluginManager: Mounting plugin TextureFormatOodle
LogPluginManager: Mounting plugin PixWinPlugin
LogPluginManager: Mounting plugin AssetManagerEditor
LogPluginManager: Mounting plugin GameplayTagsEditor
LogPluginManager: Mounting plugin CurveEditorTools
LogPluginManager: Mounting plugin XCodeSourceCodeAccess
LogPluginManager: Mounting plugin GeometryMode
LogPluginManager: Mounting plugin FacialAnimation
LogPluginManager: Mounting plugin DataValidation
LogPluginManager: Mounting plugin CryptoKeys
LogPluginManager: Mounting plugin MacGraphicsSwitching
LogPluginManager: Mounting plugin UObjectPlugin
LogPluginManager: Mounting plugin MaterialAnalyzer
LogPluginManager: Mounting plugin VisualStudioSourceCodeAccess
LogPluginManager: Mounting plugin PluginBrowser
LogPluginManager: Mounting plugin OodleData
LogPluginManager: Mounting plugin SpeedTreeImporter
LogPluginManager: Mounting plugin MobileLauncherProfileWizard
LogPluginManager: Mounting plugin VisualStudioCodeSourceCodeAccess
LogPluginManager: Mounting plugin DatasmithContent
LogPluginManager: Mounting plugin OodleNetwork
LogPluginManager: Mounting plugin AlembicImporter
LogPluginManager: Mounting plugin BackChannel
LogPluginManager: Mounting plugin VariantManagerContent
LogPluginManager: Mounting plugin ChaosEditor
LogPluginManager: Mounting plugin ChaosSolverPlugin
LogPluginManager: Mounting plugin ChaosNiagara
LogPluginManager: Mounting plugin ChaosCloth
LogPluginManager: Mounting plugin ChaosClothEditor
LogPluginManager: Mounting plugin AutomationUtils
LogPluginManager: Mounting plugin CharacterAI
LogPluginManager: Mounting plugin GeometryCache
LogPluginManager: Mounting plugin GeometryCollectionPlugin
LogPluginManager: Mounting plugin GeometryProcessing
LogPluginManager: Mounting plugin LuminPlatformFeatures
LogPluginManager: Mounting plugin MotoSynth
LogPluginManager: Mounting plugin MagicLeap
LogPluginManager: Mounting plugin OpenImageDenoise
LogPluginManager: Mounting plugin PlanarCut
LogPluginManager: Mounting plugin PlatformCrypto
LogPluginManager: Mounting plugin PythonScriptPlugin
LogPluginManager: Mounting plugin ProxyLODPlugin
LogPluginManager: Mounting plugin Niagara
LogPluginManager: Mounting plugin SkeletalReduction
LogPluginManager: Mounting plugin AndroidMedia
LogPluginManager: Mounting plugin AvfMedia
LogPluginManager: Mounting plugin MagicLeapLightEstimation
LogPluginManager: Mounting plugin MagicLeapMedia
LogPluginManager: Mounting plugin MagicLeapPassableWorld
LogPluginManager: Mounting plugin ImgMedia
LogPluginManager: Mounting plugin MediaCompositing
LogPluginManager: Mounting plugin MLSDK
LogPluginManager: Mounting plugin MediaPlayerEditor
LogPluginManager: Mounting plugin WmfMedia
LogPluginManager: Mounting plugin WebMMedia
LogPluginManager: Mounting plugin ActorSequence
LogPluginManager: Mounting plugin LevelSequenceEditor
LogPluginManager: Mounting plugin MatineeToLevelSequence
LogPluginManager: Mounting plugin TemplateSequence
LogPluginManager: Mounting plugin OnlineSubsystem
LogPluginManager: Mounting plugin OnlineSubsystemNull
LogPluginManager: Mounting plugin OnlineSubsystemUtils
LogPluginManager: Mounting plugin UdpMessaging
LogPluginManager: Mounting plugin TcpMessaging
LogPluginManager: Mounting plugin LauncherChunkInstaller
LogPluginManager: Mounting plugin ActorLayerUtilities
LogPluginManager: Mounting plugin AndroidDeviceProfileSelector
LogPluginManager: Mounting plugin AndroidMoviePlayer
LogPluginManager: Mounting plugin AndroidPermission
LogPluginManager: Mounting plugin AppleMoviePlayer
LogPluginManager: Mounting plugin AssetTags
LogPluginManager: Mounting plugin AudioCapture
LogPluginManager: Mounting plugin ArchVisCharacter
LogPluginManager: Mounting plugin AppleImageUtils
LogPluginManager: Mounting plugin AudioSynesthesia
LogPluginManager: Mounting plugin CableComponent
LogPluginManager: Mounting plugin ChunkDownloader
LogPluginManager: Mounting plugin CustomMeshComponent
LogPluginManager: Mounting plugin EditableMesh
LogPluginManager: Mounting plugin ExampleDeviceProfileSelector
LogPluginManager: Mounting plugin GoogleCloudMessaging
LogPluginManager: Mounting plugin GooglePAD
LogPluginManager: Mounting plugin IOSDeviceProfileSelector
LogPluginManager: Mounting plugin LinuxDeviceProfileSelector
LogPluginManager: Mounting plugin LocationServicesBPLibrary
LogPluginManager: Mounting plugin MobilePatchingUtils
LogPluginManager: Mounting plugin OpenXR
LogPluginManager: Mounting plugin OpenXRHandTracking
LogPluginManager: Mounting plugin OpenXREyeTracker
LogPluginManager: Mounting plugin PhysXVehicles
LogPluginManager: Mounting plugin ScreenshotTools
LogPluginManager: Mounting plugin ProceduralMeshComponent
LogPluginManager: Mounting plugin PropertyAccessEditor
LogPluginManager: Mounting plugin PostSplashScreen
LogPluginManager: Mounting plugin RuntimePhysXCooking
LogPluginManager: Mounting plugin SoundFields
LogPluginManager: Mounting plugin SignificanceManager
LogPluginManager: Mounting plugin Synthesis
LogPluginManager: Mounting plugin WindowsMoviePlayer
LogPluginManager: Mounting plugin WebMMoviePlayer
LogPluginManager: Mounting plugin Takes
LogPluginManager: Mounting plugin ContentBrowserAssetDataSource
LogPluginManager: Mounting plugin ContentBrowserFileDataSource
LogPluginManager: Mounting plugin ContentBrowserClassDataSource
LogPluginManager: Mounting plugin OnlineSubsystemGooglePlay
LogPluginManager: Mounting plugin OnlineSubsystemIOS
LogPluginManager: Mounting plugin OculusVR
LogPluginManager: Mounting plugin SteamVR
PixWinPlugin: PIX capture plugin failed to initialize! Check that the process is launched from PIX.
LogInit: Using libcurl 7.55.1-DEV
LogInit:  - built for x86_64-pc-win32
LogInit:  - supports SSL with OpenSSL/1.1.1
LogInit:  - supports HTTP deflate (compression) using libz 1.2.8
LogInit:  - other features:
LogInit:      CURL_VERSION_SSL
LogInit:      CURL_VERSION_LIBZ
LogInit:      CURL_VERSION_IPV6
LogInit:      CURL_VERSION_ASYNCHDNS
LogInit:      CURL_VERSION_LARGEFILE
LogInit:      CURL_VERSION_IDN
LogInit:  CurlRequestOptions (configurable via config and command line):
LogInit:  - bVerifyPeer = true  - Libcurl will verify peer certificate
LogInit:  - bUseHttpProxy = false  - Libcurl will NOT use HTTP proxy
LogInit:  - bDontReuseConnections = false  - Libcurl will reuse connections
LogInit:  - MaxHostConnections = 16  - Libcurl will limit the number of connections to a host
LogInit:  - LocalHostAddr = Default
LogInit:  - BufferSize = 65536
LogOnline: OSS: Creating online subsystem instance for: NULL
LogInit: WinSock: version 1.1 (2.2), MaxSocks=32767, MaxUdp=65467
LogOnline: OSS: TryLoadSubsystemAndSetDefault: Loaded subsystem for module [NULL]
LogOculusPluginWrapper: OculusPlugin initialized successfully
LogHMD: Failed initializing OVRPlugin 1.59.0
LogInit: Build: ++UE4+Release-4.27-CL-18319896
LogInit: Engine Version: 4.27.2-18319896+++UE4+Release-4.27
LogInit: Compatible Engine Version: 4.27.0-17155196+++UE4+Release-4.27
LogInit: Net CL: 17155196
LogInit: OS: Windows 10 (Release 2009) (), CPU: Intel(R) Core(TM) i9-9900K CPU @ 3.60GHz, GPU: NVIDIA GeForce RTX 2080
LogInit: Compiled (64-bit): Nov 30 2021 07:12:08
LogInit: Compiled with Visual C++: 19.24.28315.00
LogInit: Build Configuration: Development
LogInit: Branch Name: ++UE4+Release-4.27
LogInit: Command Line:  -EpicPortal -epicusername=OTØRo -epicuserid=7b3de41be34d4a29a80c535825df2ef4 -epiclocale=en -epicsandboxid=ue
LogInit: Base Directory: E:/GameEpic/UE_4.27/Engine/Binaries/Win64/
LogInit: Allocator: TBB
LogInit: Installed Engine Build: 1
LogDevObjectVersion: Number of dev versions registered: 29
LogDevObjectVersion:   Dev-Blueprints (B0D832E4-1F89-4F0D-ACCF-7EB736FD4AA2): 10
LogDevObjectVersion:   Dev-Build (E1C64328-A22C-4D53-A36C-8E866417BD8C): 0
LogDevObjectVersion:   Dev-Core (375EC13C-06E4-48FB-B500-84F0262A717E): 4
LogDevObjectVersion:   Dev-Editor (E4B068ED-F494-42E9-A231-DA0B2E46BB41): 40
LogDevObjectVersion:   Dev-Framework (CFFC743F-43B0-4480-9391-14DF171D2073): 37
LogDevObjectVersion:   Dev-Mobile (B02B49B5-BB20-44E9-A304-32B752E40360): 3
LogDevObjectVersion:   Dev-Networking (A4E4105C-59A1-49B5-A7C5-40C4547EDFEE): 0
LogDevObjectVersion:   Dev-Online (39C831C9-5AE6-47DC-9A44-9C173E1C8E7C): 0
LogDevObjectVersion:   Dev-Physics (78F01B33-EBEA-4F98-B9B4-84EACCB95AA2): 14
LogDevObjectVersion:   Dev-Platform (6631380F-2D4D-43E0-8009-CF276956A95A): 0
LogDevObjectVersion:   Dev-Rendering (12F88B9F-8875-4AFC-A67C-D90C383ABD29): 45
LogDevObjectVersion:   Dev-Sequencer (7B5AE74C-D270-4C10-A958-57980B212A5A): 13
LogDevObjectVersion:   Dev-VR (D7296918-1DD6-4BDD-9DE2-64A83CC13884): 3
LogDevObjectVersion:   Dev-LoadTimes (C2A15278-BFE7-4AFE-6C17-90FF531DF755): 1
LogDevObjectVersion:   Private-Geometry (6EACA3D4-40EC-4CC1-B786-8BED09428FC5): 3
LogDevObjectVersion:   Dev-AnimPhys (29E575DD-E0A3-4627-9D10-D276232CDCEA): 17
LogDevObjectVersion:   Dev-Anim (AF43A65D-7FD3-4947-9873-3E8ED9C1BB05): 15
LogDevObjectVersion:   Dev-ReflectionCapture (6B266CEC-1EC7-4B8F-A30B-E4D90942FC07): 1
LogDevObjectVersion:   Dev-Automation (0DF73D61-A23F-47EA-B727-89E90C41499A): 1
LogDevObjectVersion:   FortniteMain (601D1886-AC64-4F84-AA16-D3DE0DEAC7D6): 47
LogDevObjectVersion:   FortniteRelease (E7086368-6B23-4C58-8439-1B7016265E91): 1
LogDevObjectVersion:   Dev-Enterprise (9DFFBCD6-494F-0158-E221-12823C92A888): 10
LogDevObjectVersion:   Dev-Niagara (F2AED0AC-9AFE-416F-8664-AA7FFA26D6FC): 1
LogDevObjectVersion:   Dev-Destruction (174F1F0B-B4C6-45A5-B13F-2EE8D0FB917D): 10
LogDevObjectVersion:   Dev-Physics-Ext (35F94A83-E258-406C-A318-09F59610247C): 41
LogDevObjectVersion:   Dev-PhysicsMaterial-Chaos (B68FC16E-8B1B-42E2-B453-215C058844FE): 1
LogDevObjectVersion:   Dev-CineCamera (B2E18506-4273-CFC2-A54E-F4BB758BBA07): 1
LogDevObjectVersion:   Dev-VirtualProduction (64F58936-FD1B-42BA-BA96-7289D5D0FA4E): 1
LogDevObjectVersion:   Dev-MediaFramework (6F0ED827-A609-4895-9C91-998D90180EA4): 2
LogInit: Presizing for max 25165824 objects, including 0 objects not considered by GC, pre-allocating 0 bytes for permanent pool.
LogConfig: Applying CVar settings from Section [/Script/Engine.StreamingSettings] File [E:/4ThY Game/Edit/SilentWar/Saved/Config/Windows/Engine.ini]
LogConfig: Setting CVar [[s.MinBulkDataSizeForAsyncLoading:131072]]
LogConfig: Setting CVar [[s.AsyncLoadingThreadEnabled:0]]
LogConfig: Setting CVar [[s.EventDrivenLoaderEnabled:1]]
LogConfig: Setting CVar [[s.WarnIfTimeLimitExceeded:0]]
LogConfig: Setting CVar [[s.TimeLimitExceededMultiplier:1.5]]
LogConfig: Setting CVar [[s.TimeLimitExceededMinTime:0.005]]
LogConfig: Setting CVar [[s.UseBackgroundLevelStreaming:1]]
LogConfig: Setting CVar [[s.PriorityAsyncLoadingExtraTime:15.0]]
LogConfig: Setting CVar [[s.LevelStreamingActorsUpdateTimeLimit:5.0]]
LogConfig: Setting CVar [[s.PriorityLevelStreamingActorsUpdateExtraTime:5.0]]
LogConfig: Setting CVar [[s.LevelStreamingComponentsRegistrationGranularity:10]]
LogConfig: Setting CVar [[s.UnregisterComponentsTimeLimit:1.0]]
LogConfig: Setting CVar [[s.LevelStreamingComponentsUnregistrationGranularity:5]]
LogConfig: Setting CVar [[s.FlushStreamingOnExit:1]]
LogInit: Object subsystem initialized
LogConfig: Setting CVar [[con.DebugEarlyDefault:1]]
LogConfig: Setting CVar [[r.setres:1280x720]]
[2023.05.20-09.52.47:479][  0]LogConfig: Setting CVar [[r.VSync:0]]
[2023.05.20-09.52.47:479][  0]LogConfig: Setting CVar [[r.RHICmdBypass:0]]
[2023.05.20-09.52.47:479][  0]LogConfig: Applying CVar settings from Section [/Script/Engine.RendererSettings] File [E:/4ThY Game/Edit/SilentWar/Saved/Config/Windows/Engine.ini]
[2023.05.20-09.52.47:479][  0]LogConfig: Setting CVar [[r.GPUCrashDebugging:0]]
[2023.05.20-09.52.47:479][  0]LogConfig: Applying CVar settings from Section [/Script/Engine.RendererOverrideSettings] File [E:/4ThY Game/Edit/SilentWar/Saved/Config/Windows/Engine.ini]
[2023.05.20-09.52.47:479][  0]LogConfig: Applying CVar settings from Section [/Script/Engine.StreamingSettings] File [E:/4ThY Game/Edit/SilentWar/Saved/Config/Windows/Engine.ini]
[2023.05.20-09.52.47:479][  0]LogConfig: Setting CVar [[s.MinBulkDataSizeForAsyncLoading:131072]]
[2023.05.20-09.52.47:479][  0]LogConfig: Setting CVar [[s.AsyncLoadingThreadEnabled:0]]
[2023.05.20-09.52.47:479][  0]LogConfig: Setting CVar [[s.EventDrivenLoaderEnabled:1]]
[2023.05.20-09.52.47:479][  0]LogConfig: Setting CVar [[s.WarnIfTimeLimitExceeded:0]]
[2023.05.20-09.52.47:479][  0]LogConfig: Setting CVar [[s.TimeLimitExceededMultiplier:1.5]]
[2023.05.20-09.52.47:479][  0]LogConfig: Setting CVar [[s.TimeLimitExceededMinTime:0.005]]
[2023.05.20-09.52.47:479][  0]LogConfig: Setting CVar [[s.UseBackgroundLevelStreaming:1]]
[2023.05.20-09.52.47:479][  0]LogConfig: Setting CVar [[s.PriorityAsyncLoadingExtraTime:15.0]]
[2023.05.20-09.52.47:479][  0]LogConfig: Setting CVar [[s.LevelStreamingActorsUpdateTimeLimit:5.0]]
[2023.05.20-09.52.47:479][  0]LogConfig: Setting CVar [[s.PriorityLevelStreamingActorsUpdateExtraTime:5.0]]
[2023.05.20-09.52.47:479][  0]LogConfig: Setting CVar [[s.LevelStreamingComponentsRegistrationGranularity:10]]
[2023.05.20-09.52.47:479][  0]LogConfig: Setting CVar [[s.UnregisterComponentsTimeLimit:1.0]]
[2023.05.20-09.52.47:479][  0]LogConfig: Setting CVar [[s.LevelStreamingComponentsUnregistrationGranularity:5]]
[2023.05.20-09.52.47:479][  0]LogConfig: Setting CVar [[s.FlushStreamingOnExit:1]]
[2023.05.20-09.52.47:479][  0]LogConfig: Applying CVar settings from Section [/Script/Engine.GarbageCollectionSettings] File [E:/4ThY Game/Edit/SilentWar/Saved/Config/Windows/Engine.ini]
[2023.05.20-09.52.47:479][  0]LogConfig: Setting CVar [[gc.MaxObjectsNotConsideredByGC:1]]
[2023.05.20-09.52.47:479][  0]LogConfig: Setting CVar [[gc.SizeOfPermanentObjectPool:0]]
[2023.05.20-09.52.47:479][  0]LogConfig: Setting CVar [[gc.FlushStreamingOnGC:0]]
[2023.05.20-09.52.47:479][  0]LogConfig: Setting CVar [[gc.NumRetriesBeforeForcingGC:10]]
[2023.05.20-09.52.47:479][  0]LogConfig: Setting CVar [[gc.AllowParallelGC:1]]
[2023.05.20-09.52.47:479][  0]LogConfig: Setting CVar [[gc.TimeBetweenPurgingPendingKillObjects:61.1]]
[2023.05.20-09.52.47:479][  0]LogConfig: Setting CVar [[gc.MaxObjectsInEditor:25165824]]
[2023.05.20-09.52.47:479][  0]LogConfig: Setting CVar [[gc.IncrementalBeginDestroyEnabled:1]]
[2023.05.20-09.52.47:479][  0]LogConfig: Setting CVar [[gc.CreateGCClusters:1]]
[2023.05.20-09.52.47:479][  0]LogConfig: Setting CVar [[gc.MinGCClusterSize:5]]
[2023.05.20-09.52.47:479][  0]LogConfig: Setting CVar [[gc.ActorClusteringEnabled:0]]
[2023.05.20-09.52.47:479][  0]LogConfig: Setting CVar [[gc.BlueprintClusteringEnabled:0]]
[2023.05.20-09.52.47:479][  0]LogConfig: Setting CVar [[gc.UseDisregardForGCOnDedicatedServers:0]]
[2023.05.20-09.52.47:479][  0]LogConfig: Setting CVar [[gc.MultithreadedDestructionEnabled:1]]
[2023.05.20-09.52.47:479][  0]LogConfig: Applying CVar settings from Section [/Script/Engine.NetworkSettings] File [E:/4ThY Game/Edit/SilentWar/Saved/Config/Windows/Engine.ini]
[2023.05.20-09.52.47:479][  0]LogConfig: Applying CVar settings from Section [/Script/UnrealEd.CookerSettings] File [E:/4ThY Game/Edit/SilentWar/Saved/Config/Windows/Engine.ini]
[2023.05.20-09.52.47:507][  0]LogConfig: Applying CVar settings from Section [ViewDistanceQuality@3] File [E:/4ThY Game/Edit/SilentWar/Saved/Config/Windows/Scalability.ini]
[2023.05.20-09.52.47:507][  0]LogConfig: Setting CVar [[r.SkeletalMeshLODBias:0]]
[2023.05.20-09.52.47:507][  0]LogConfig: Setting CVar [[r.ViewDistanceScale:1.0]]
[2023.05.20-09.52.47:507][  0]LogConfig: Applying CVar settings from Section [AntiAliasingQuality@3] File [E:/4ThY Game/Edit/SilentWar/Saved/Config/Windows/Scalability.ini]
[2023.05.20-09.52.47:507][  0]LogConfig: Setting CVar [[r.PostProcessAAQuality:4]]
[2023.05.20-09.52.47:507][  0]LogConfig: Applying CVar settings from Section [ShadowQuality@3] File [E:/4ThY Game/Edit/SilentWar/Saved/Config/Windows/Scalability.ini]
[2023.05.20-09.52.47:507][  0]LogConfig: Setting CVar [[r.LightFunctionQuality:1]]
[2023.05.20-09.52.47:507][  0]LogConfig: Setting CVar [[r.ShadowQuality:5]]
[2023.05.20-09.52.47:507][  0]LogConfig: Setting CVar [[r.Shadow.CSM.MaxCascades:10]]
[2023.05.20-09.52.47:507][  0]LogConfig: Setting CVar [[r.Shadow.MaxResolution:2048]]
[2023.05.20-09.52.47:507][  0]LogConfig: Setting CVar [[r.Shadow.MaxCSMResolution:2048]]
[2023.05.20-09.52.47:507][  0]LogConfig: Setting CVar [[r.Shadow.RadiusThreshold:0.01]]
[2023.05.20-09.52.47:507][  0]LogConfig: Setting CVar [[r.Shadow.DistanceScale:1.0]]
[2023.05.20-09.52.47:508][  0]LogConfig: Setting CVar [[r.Shadow.CSM.TransitionScale:1.0]]
[2023.05.20-09.52.47:508][  0]LogConfig: Setting CVar [[r.Shadow.PreShadowResolutionFactor:1.0]]
[2023.05.20-09.52.47:508][  0]LogConfig: Setting CVar [[r.DistanceFieldShadowing:1]]
[2023.05.20-09.52.47:508][  0]LogConfig: Setting CVar [[r.DistanceFieldAO:1]]
[2023.05.20-09.52.47:508][  0]LogConfig: Setting CVar [[r.AOQuality:2]]
[2023.05.20-09.52.47:508][  0]LogConfig: Setting CVar [[r.VolumetricFog:1]]
[2023.05.20-09.52.47:508][  0]LogConfig: Setting CVar [[r.VolumetricFog.GridPixelSize:8]]
[2023.05.20-09.52.47:508][  0]LogConfig: Setting CVar [[r.VolumetricFog.GridSizeZ:128]]
[2023.05.20-09.52.47:508][  0]LogConfig: Setting CVar [[r.VolumetricFog.HistoryMissSupersampleCount:4]]
[2023.05.20-09.52.47:508][  0]LogConfig: Setting CVar [[r.LightMaxDrawDistanceScale:1]]
[2023.05.20-09.52.47:508][  0]LogConfig: Setting CVar [[r.CapsuleShadows:1]]
[2023.05.20-09.52.47:508][  0]LogConfig: Applying CVar settings from Section [PostProcessQuality@3] File [E:/4ThY Game/Edit/SilentWar/Saved/Config/Windows/Scalability.ini]
[2023.05.20-09.52.47:508][  0]LogConfig: Setting CVar [[r.MotionBlurQuality:4]]
[2023.05.20-09.52.47:508][  0]LogConfig: Setting CVar [[r.AmbientOcclusionMipLevelFactor:0.4]]
[2023.05.20-09.52.47:508][  0]LogConfig: Setting CVar [[r.AmbientOcclusionMaxQuality:100]]
[2023.05.20-09.52.47:508][  0]LogConfig: Setting CVar [[r.AmbientOcclusionLevels:-1]]
[2023.05.20-09.52.47:508][  0]LogConfig: Setting CVar [[r.AmbientOcclusionRadiusScale:1.0]]
[2023.05.20-09.52.47:508][  0]LogConfig: Setting CVar [[r.DepthOfFieldQuality:2]]
[2023.05.20-09.52.47:508][  0]LogConfig: Setting CVar [[r.RenderTargetPoolMin:400]]
[2023.05.20-09.52.47:508][  0]LogConfig: Setting CVar [[r.LensFlareQuality:2]]
[2023.05.20-09.52.47:508][  0]LogConfig: Setting CVar [[r.SceneColorFringeQuality:1]]
[2023.05.20-09.52.47:508][  0]LogConfig: Setting CVar [[r.EyeAdaptationQuality:2]]
[2023.05.20-09.52.47:508][  0]LogConfig: Setting CVar [[r.BloomQuality:5]]
[2023.05.20-09.52.47:508][  0]LogConfig: Setting CVar [[r.FastBlurThreshold:100]]
[2023.05.20-09.52.47:508][  0]LogConfig: Setting CVar [[r.Upscale.Quality:3]]
[2023.05.20-09.52.47:508][  0]LogConfig: Setting CVar [[r.Tonemapper.GrainQuantization:1]]
[2023.05.20-09.52.47:508][  0]LogConfig: Setting CVar [[r.LightShaftQuality:1]]
[2023.05.20-09.52.47:508][  0]LogConfig: Setting CVar [[r.Filter.SizeScale:1]]
[2023.05.20-09.52.47:508][  0]LogConfig: Setting CVar [[r.Tonemapper.Quality:5]]
[2023.05.20-09.52.47:508][  0]LogConfig: Setting CVar [[r.DOF.Gather.AccumulatorQuality:1        ; higher gathering accumulator quality]]
[2023.05.20-09.52.47:508][  0]LogConfig: Setting CVar [[r.DOF.Gather.PostfilterMethod:1          ; Median3x3 postfilering method]]
[2023.05.20-09.52.47:508][  0]LogConfig: Setting CVar [[r.DOF.Gather.EnableBokehSettings:0       ; no bokeh simulation when gathering]]
[2023.05.20-09.52.47:508][  0]LogConfig: Setting CVar [[r.DOF.Gather.RingCount:4                 ; medium number of samples when gathering]]
[2023.05.20-09.52.47:508][  0]LogConfig: Setting CVar [[r.DOF.Scatter.ForegroundCompositing:1    ; additive foreground scattering]]
[2023.05.20-09.52.47:508][  0]LogConfig: Setting CVar [[r.DOF.Scatter.BackgroundCompositing:2    ; additive background scattering]]
[2023.05.20-09.52.47:508][  0]LogConfig: Setting CVar [[r.DOF.Scatter.EnableBokehSettings:1      ; bokeh simulation when scattering]]
[2023.05.20-09.52.47:508][  0]LogConfig: Setting CVar [[r.DOF.Scatter.MaxSpriteRatio:0.1         ; only a maximum of 10% of scattered bokeh]]
[2023.05.20-09.52.47:508][  0]LogConfig: Setting CVar [[r.DOF.Recombine.Quality:1                ; cheap slight out of focus]]
[2023.05.20-09.52.47:508][  0]LogConfig: Setting CVar [[r.DOF.Recombine.EnableBokehSettings:0    ; no bokeh simulation on slight out of focus]]
[2023.05.20-09.52.47:508][  0]LogConfig: Setting CVar [[r.DOF.TemporalAAQuality:1                ; more stable temporal accumulation]]
[2023.05.20-09.52.47:508][  0]LogConfig: Setting CVar [[r.DOF.Kernel.MaxForegroundRadius:0.025]]
[2023.05.20-09.52.47:508][  0]LogConfig: Setting CVar [[r.DOF.Kernel.MaxBackgroundRadius:0.025]]
[2023.05.20-09.52.47:508][  0]LogConfig: Applying CVar settings from Section [TextureQuality@3] File [E:/4ThY Game/Edit/SilentWar/Saved/Config/Windows/Scalability.ini]
[2023.05.20-09.52.47:508][  0]LogConfig: Setting CVar [[r.Streaming.MipBias:0]]
[2023.05.20-09.52.47:508][  0]LogConfig: Setting CVar [[r.Streaming.AmortizeCPUToGPUCopy:0]]
[2023.05.20-09.52.47:508][  0]LogConfig: Setting CVar [[r.Streaming.MaxNumTexturesToStreamPerFrame:0]]
[2023.05.20-09.52.47:508][  0]LogConfig: Setting CVar [[r.Streaming.Boost:1]]
[2023.05.20-09.52.47:508][  0]LogConfig: Setting CVar [[r.MaxAnisotropy:8]]
[2023.05.20-09.52.47:508][  0]LogConfig: Setting CVar [[r.VT.MaxAnisotropy:8]]
[2023.05.20-09.52.47:508][  0]LogConfig: Setting CVar [[r.Streaming.LimitPoolSizeToVRAM:0]]
[2023.05.20-09.52.47:508][  0]LogConfig: Setting CVar [[r.Streaming.PoolSize:1000]]
[2023.05.20-09.52.47:508][  0]LogConfig: Setting CVar [[r.Streaming.MaxEffectiveScreenSize:0]]
[2023.05.20-09.52.47:508][  0]LogConfig: Applying CVar settings from Section [EffectsQuality@3] File [E:/4ThY Game/Edit/SilentWar/Saved/Config/Windows/Scalability.ini]
[2023.05.20-09.52.47:508][  0]LogConfig: Setting CVar [[r.TranslucencyLightingVolumeDim:64]]
[2023.05.20-09.52.47:508][  0]LogConfig: Setting CVar [[r.RefractionQuality:2]]
[2023.05.20-09.52.47:508][  0]LogConfig: Setting CVar [[r.SSR.Quality:3]]
[2023.05.20-09.52.47:508][  0]LogConfig: Setting CVar [[r.SSR.HalfResSceneColor:0]]
[2023.05.20-09.52.47:508][  0]LogConfig: Setting CVar [[r.SceneColorFormat:4]]
[2023.05.20-09.52.47:508][  0]LogConfig: Setting CVar [[r.DetailMode:2]]
[2023.05.20-09.52.47:508][  0]LogConfig: Setting CVar [[r.TranslucencyVolumeBlur:1]]
[2023.05.20-09.52.47:508][  0]LogConfig: Setting CVar [[r.MaterialQualityLevel:1 ; High quality]]
[2023.05.20-09.52.47:508][  0]LogConfig: Setting CVar [[r.AnisotropicMaterials:1]]
[2023.05.20-09.52.47:508][  0]LogConfig: Setting CVar [[r.SSS.Scale:1]]
[2023.05.20-09.52.47:508][  0]LogConfig: Setting CVar [[r.SSS.SampleSet:2]]
[2023.05.20-09.52.47:508][  0]LogConfig: Setting CVar [[r.SSS.Quality:1]]
[2023.05.20-09.52.47:508][  0]LogConfig: Setting CVar [[r.SSS.HalfRes:0]]
[2023.05.20-09.52.47:508][  0]LogConfig: Setting CVar [[r.SSGI.Quality:3]]
[2023.05.20-09.52.47:508][  0]LogConfig: Setting CVar [[r.EmitterSpawnRateScale:1.0]]
[2023.05.20-09.52.47:508][  0]LogConfig: Setting CVar [[r.ParticleLightQuality:2]]
[2023.05.20-09.52.47:508][  0]LogConfig: Setting CVar [[r.SkyAtmosphere.AerialPerspectiveLUT.FastApplyOnOpaque:1 ; Always have FastSkyLUT 1 in this case to avoid wrong sky]]
[2023.05.20-09.52.47:508][  0]LogConfig: Setting CVar [[r.SkyAtmosphere.AerialPerspectiveLUT.SampleCountMaxPerSlice:4]]
[2023.05.20-09.52.47:508][  0]LogConfig: Setting CVar [[r.SkyAtmosphere.AerialPerspectiveLUT.DepthResolution:16.0]]
[2023.05.20-09.52.47:508][  0]LogConfig: Setting CVar [[r.SkyAtmosphere.FastSkyLUT:1]]
[2023.05.20-09.52.47:508][  0]LogConfig: Setting CVar [[r.SkyAtmosphere.FastSkyLUT.SampleCountMin:4.0]]
[2023.05.20-09.52.47:508][  0]LogConfig: Setting CVar [[r.SkyAtmosphere.FastSkyLUT.SampleCountMax:128.0]]
[2023.05.20-09.52.47:508][  0]LogConfig: Setting CVar [[r.SkyAtmosphere.SampleCountMin:4.0]]
[2023.05.20-09.52.47:508][  0]LogConfig: Setting CVar [[r.SkyAtmosphere.SampleCountMax:128.0]]
[2023.05.20-09.52.47:508][  0]LogConfig: Setting CVar [[r.SkyAtmosphere.TransmittanceLUT.UseSmallFormat:0]]
[2023.05.20-09.52.47:508][  0]LogConfig: Setting CVar [[r.SkyAtmosphere.TransmittanceLUT.SampleCount:10.0]]
[2023.05.20-09.52.47:508][  0]LogConfig: Setting CVar [[r.SkyAtmosphere.MultiScatteringLUT.SampleCount:15.0]]
[2023.05.20-09.52.47:508][  0]LogConfig: Setting CVar [[r.SkyLight.RealTimeReflectionCapture:1]]
[2023.05.20-09.52.47:508][  0]LogConfig: Applying CVar settings from Section [FoliageQuality@3] File [E:/4ThY Game/Edit/SilentWar/Saved/Config/Windows/Scalability.ini]
[2023.05.20-09.52.47:508][  0]LogConfig: Setting CVar [[foliage.DensityScale:1.0]]
[2023.05.20-09.52.47:508][  0]LogConfig: Setting CVar [[grass.DensityScale:1.0]]
[2023.05.20-09.52.47:508][  0]LogConfig: Applying CVar settings from Section [ShadingQuality@3] File [E:/4ThY Game/Edit/SilentWar/Saved/Config/Windows/Scalability.ini]
[2023.05.20-09.52.47:508][  0]LogConfig: Setting CVar [[r.HairStrands.SkyLighting.IntegrationType:2]]
[2023.05.20-09.52.47:508][  0]LogConfig: Setting CVar [[r.HairStrands.SkyAO.SampleCount:4]]
[2023.05.20-09.52.47:508][  0]LogConfig: Setting CVar [[r.HairStrands.Visibility.MSAA.SamplePerPixel:4]]
[2023.05.20-09.52.47:508][  0]LogInit: Selected Device Profile: [Windows]
[2023.05.20-09.52.47:508][  0]LogInit: Applying CVar settings loaded from the selected device profile: [Windows]
[2023.05.20-09.52.47:508][  0]LogHAL: Display: Platform has ~ 15 GB [15240941568 / 17179869184 / 15], which maps to Larger [LargestMinGB=32, LargerMinGB=12, DefaultMinGB=8, SmallerMinGB=6, SmallestMinGB=0)
[2023.05.20-09.52.47:508][  0]LogInit: Going up to parent DeviceProfile []
[2023.05.20-09.52.47:508][  0]LogConfig: Applying CVar settings from Section [ViewDistanceQuality@3] File [E:/4ThY Game/Edit/SilentWar/Saved/Config/Windows/Scalability.ini]
[2023.05.20-09.52.47:508][  0]LogConfig: Setting CVar [[r.SkeletalMeshLODBias:0]]
[2023.05.20-09.52.47:508][  0]LogConfig: Setting CVar [[r.ViewDistanceScale:1.0]]
[2023.05.20-09.52.47:508][  0]LogConfig: Applying CVar settings from Section [AntiAliasingQuality@3] File [E:/4ThY Game/Edit/SilentWar/Saved/Config/Windows/Scalability.ini]
[2023.05.20-09.52.47:508][  0]LogConfig: Setting CVar [[r.PostProcessAAQuality:4]]
[2023.05.20-09.52.47:508][  0]LogConfig: Applying CVar settings from Section [ShadowQuality@3] File [E:/4ThY Game/Edit/SilentWar/Saved/Config/Windows/Scalability.ini]
[2023.05.20-09.52.47:508][  0]LogConfig: Setting CVar [[r.LightFunctionQuality:1]]
[2023.05.20-09.52.47:508][  0]LogConfig: Setting CVar [[r.ShadowQuality:5]]
[2023.05.20-09.52.47:508][  0]LogConfig: Setting CVar [[r.Shadow.CSM.MaxCascades:10]]
[2023.05.20-09.52.47:508][  0]LogConfig: Setting CVar [[r.Shadow.MaxResolution:2048]]
[2023.05.20-09.52.47:508][  0]LogConfig: Setting CVar [[r.Shadow.MaxCSMResolution:2048]]
[2023.05.20-09.52.47:508][  0]LogConfig: Setting CVar [[r.Shadow.RadiusThreshold:0.01]]
[2023.05.20-09.52.47:508][  0]LogConfig: Setting CVar [[r.Shadow.DistanceScale:1.0]]
[2023.05.20-09.52.47:508][  0]LogConfig: Setting CVar [[r.Shadow.CSM.TransitionScale:1.0]]
[2023.05.20-09.52.47:508][  0]LogConfig: Setting CVar [[r.Shadow.PreShadowResolutionFactor:1.0]]
[2023.05.20-09.52.47:509][  0]LogConfig: Setting CVar [[r.DistanceFieldShadowing:1]]
[2023.05.20-09.52.47:509][  0]LogConfig: Setting CVar [[r.DistanceFieldAO:1]]
[2023.05.20-09.52.47:509][  0]LogConfig: Setting CVar [[r.AOQuality:2]]
[2023.05.20-09.52.47:509][  0]LogConfig: Setting CVar [[r.VolumetricFog:1]]
[2023.05.20-09.52.47:509][  0]LogConfig: Setting CVar [[r.VolumetricFog.GridPixelSize:8]]
[2023.05.20-09.52.47:509][  0]LogConfig: Setting CVar [[r.VolumetricFog.GridSizeZ:128]]
[2023.05.20-09.52.47:509][  0]LogConfig: Setting CVar [[r.VolumetricFog.HistoryMissSupersampleCount:4]]
[2023.05.20-09.52.47:509][  0]LogConfig: Setting CVar [[r.LightMaxDrawDistanceScale:1]]
[2023.05.20-09.52.47:509][  0]LogConfig: Setting CVar [[r.CapsuleShadows:1]]
[2023.05.20-09.52.47:509][  0]LogConfig: Applying CVar settings from Section [PostProcessQuality@3] File [E:/4ThY Game/Edit/SilentWar/Saved/Config/Windows/Scalability.ini]
[2023.05.20-09.52.47:509][  0]LogConfig: Setting CVar [[r.MotionBlurQuality:4]]
[2023.05.20-09.52.47:509][  0]LogConfig: Setting CVar [[r.AmbientOcclusionMipLevelFactor:0.4]]
[2023.05.20-09.52.47:509][  0]LogConfig: Setting CVar [[r.AmbientOcclusionMaxQuality:100]]
[2023.05.20-09.52.47:509][  0]LogConfig: Setting CVar [[r.AmbientOcclusionLevels:-1]]
[2023.05.20-09.52.47:509][  0]LogConfig: Setting CVar [[r.AmbientOcclusionRadiusScale:1.0]]
[2023.05.20-09.52.47:509][  0]LogConfig: Setting CVar [[r.DepthOfFieldQuality:2]]
[2023.05.20-09.52.47:509][  0]LogConfig: Setting CVar [[r.RenderTargetPoolMin:400]]
[2023.05.20-09.52.47:509][  0]LogConfig: Setting CVar [[r.LensFlareQuality:2]]
[2023.05.20-09.52.47:509][  0]LogConfig: Setting CVar [[r.SceneColorFringeQuality:1]]
[2023.05.20-09.52.47:509][  0]LogConfig: Setting CVar [[r.EyeAdaptationQuality:2]]
[2023.05.20-09.52.47:509][  0]LogConfig: Setting CVar [[r.BloomQuality:5]]
[2023.05.20-09.52.47:509][  0]LogConfig: Setting CVar [[r.FastBlurThreshold:100]]
[2023.05.20-09.52.47:509][  0]LogConfig: Setting CVar [[r.Upscale.Quality:3]]
[2023.05.20-09.52.47:509][  0]LogConfig: Setting CVar [[r.Tonemapper.GrainQuantization:1]]
[2023.05.20-09.52.47:509][  0]LogConfig: Setting CVar [[r.LightShaftQuality:1]]
[2023.05.20-09.52.47:509][  0]LogConfig: Setting CVar [[r.Filter.SizeScale:1]]
[2023.05.20-09.52.47:509][  0]LogConfig: Setting CVar [[r.Tonemapper.Quality:5]]
[2023.05.20-09.52.47:509][  0]LogConfig: Setting CVar [[r.DOF.Gather.AccumulatorQuality:1        ; higher gathering accumulator quality]]
[2023.05.20-09.52.47:509][  0]LogConfig: Setting CVar [[r.DOF.Gather.PostfilterMethod:1          ; Median3x3 postfilering method]]
[2023.05.20-09.52.47:509][  0]LogConfig: Setting CVar [[r.DOF.Gather.EnableBokehSettings:0       ; no bokeh simulation when gathering]]
[2023.05.20-09.52.47:509][  0]LogConfig: Setting CVar [[r.DOF.Gather.RingCount:4                 ; medium number of samples when gathering]]
[2023.05.20-09.52.47:509][  0]LogConfig: Setting CVar [[r.DOF.Scatter.ForegroundCompositing:1    ; additive foreground scattering]]
[2023.05.20-09.52.47:509][  0]LogConfig: Setting CVar [[r.DOF.Scatter.BackgroundCompositing:2    ; additive background scattering]]
[2023.05.20-09.52.47:509][  0]LogConfig: Setting CVar [[r.DOF.Scatter.EnableBokehSettings:1      ; bokeh simulation when scattering]]
[2023.05.20-09.52.47:509][  0]LogConfig: Setting CVar [[r.DOF.Scatter.MaxSpriteRatio:0.1         ; only a maximum of 10% of scattered bokeh]]
[2023.05.20-09.52.47:509][  0]LogConfig: Setting CVar [[r.DOF.Recombine.Quality:1                ; cheap slight out of focus]]
[2023.05.20-09.52.47:509][  0]LogConfig: Setting CVar [[r.DOF.Recombine.EnableBokehSettings:0    ; no bokeh simulation on slight out of focus]]
[2023.05.20-09.52.47:509][  0]LogConfig: Setting CVar [[r.DOF.TemporalAAQuality:1                ; more stable temporal accumulation]]
[2023.05.20-09.52.47:509][  0]LogConfig: Setting CVar [[r.DOF.Kernel.MaxForegroundRadius:0.025]]
[2023.05.20-09.52.47:509][  0]LogConfig: Setting CVar [[r.DOF.Kernel.MaxBackgroundRadius:0.025]]
[2023.05.20-09.52.47:509][  0]LogConfig: Applying CVar settings from Section [TextureQuality@3] File [E:/4ThY Game/Edit/SilentWar/Saved/Config/Windows/Scalability.ini]
[2023.05.20-09.52.47:509][  0]LogConfig: Setting CVar [[r.Streaming.MipBias:0]]
[2023.05.20-09.52.47:509][  0]LogConfig: Setting CVar [[r.Streaming.AmortizeCPUToGPUCopy:0]]
[2023.05.20-09.52.47:509][  0]LogConfig: Setting CVar [[r.Streaming.MaxNumTexturesToStreamPerFrame:0]]
[2023.05.20-09.52.47:509][  0]LogConfig: Setting CVar [[r.Streaming.Boost:1]]
[2023.05.20-09.52.47:509][  0]LogConfig: Setting CVar [[r.MaxAnisotropy:8]]
[2023.05.20-09.52.47:509][  0]LogConfig: Setting CVar [[r.VT.MaxAnisotropy:8]]
[2023.05.20-09.52.47:509][  0]LogConfig: Setting CVar [[r.Streaming.LimitPoolSizeToVRAM:0]]
[2023.05.20-09.52.47:509][  0]LogConfig: Setting CVar [[r.Streaming.PoolSize:1000]]
[2023.05.20-09.52.47:509][  0]LogConfig: Setting CVar [[r.Streaming.MaxEffectiveScreenSize:0]]
[2023.05.20-09.52.47:509][  0]LogConfig: Applying CVar settings from Section [EffectsQuality@3] File [E:/4ThY Game/Edit/SilentWar/Saved/Config/Windows/Scalability.ini]
[2023.05.20-09.52.47:509][  0]LogConfig: Setting CVar [[r.TranslucencyLightingVolumeDim:64]]
[2023.05.20-09.52.47:509][  0]LogConfig: Setting CVar [[r.RefractionQuality:2]]
[2023.05.20-09.52.47:509][  0]LogConfig: Setting CVar [[r.SSR.Quality:3]]
[2023.05.20-09.52.47:509][  0]LogConfig: Setting CVar [[r.SSR.HalfResSceneColor:0]]
[2023.05.20-09.52.47:509][  0]LogConfig: Setting CVar [[r.SceneColorFormat:4]]
[2023.05.20-09.52.47:509][  0]LogConfig: Setting CVar [[r.DetailMode:2]]
[2023.05.20-09.52.47:509][  0]LogConfig: Setting CVar [[r.TranslucencyVolumeBlur:1]]
[2023.05.20-09.52.47:509][  0]LogConfig: Setting CVar [[r.MaterialQualityLevel:1 ; High quality]]
[2023.05.20-09.52.47:509][  0]LogConfig: Setting CVar [[r.AnisotropicMaterials:1]]
[2023.05.20-09.52.47:509][  0]LogConfig: Setting CVar [[r.SSS.Scale:1]]
[2023.05.20-09.52.47:509][  0]LogConfig: Setting CVar [[r.SSS.SampleSet:2]]
[2023.05.20-09.52.47:509][  0]LogConfig: Setting CVar [[r.SSS.Quality:1]]
[2023.05.20-09.52.47:509][  0]LogConfig: Setting CVar [[r.SSS.HalfRes:0]]
[2023.05.20-09.52.47:509][  0]LogConfig: Setting CVar [[r.SSGI.Quality:3]]
[2023.05.20-09.52.47:509][  0]LogConfig: Setting CVar [[r.EmitterSpawnRateScale:1.0]]
[2023.05.20-09.52.47:509][  0]LogConfig: Setting CVar [[r.ParticleLightQuality:2]]
[2023.05.20-09.52.47:509][  0]LogConfig: Setting CVar [[r.SkyAtmosphere.AerialPerspectiveLUT.FastApplyOnOpaque:1 ; Always have FastSkyLUT 1 in this case to avoid wrong sky]]
[2023.05.20-09.52.47:509][  0]LogConfig: Setting CVar [[r.SkyAtmosphere.AerialPerspectiveLUT.SampleCountMaxPerSlice:4]]
[2023.05.20-09.52.47:509][  0]LogConfig: Setting CVar [[r.SkyAtmosphere.AerialPerspectiveLUT.DepthResolution:16.0]]
[2023.05.20-09.52.47:509][  0]LogConfig: Setting CVar [[r.SkyAtmosphere.FastSkyLUT:1]]
[2023.05.20-09.52.47:509][  0]LogConfig: Setting CVar [[r.SkyAtmosphere.FastSkyLUT.SampleCountMin:4.0]]
[2023.05.20-09.52.47:509][  0]LogConfig: Setting CVar [[r.SkyAtmosphere.FastSkyLUT.SampleCountMax:128.0]]
[2023.05.20-09.52.47:509][  0]LogConfig: Setting CVar [[r.SkyAtmosphere.SampleCountMin:4.0]]
[2023.05.20-09.52.47:509][  0]LogConfig: Setting CVar [[r.SkyAtmosphere.SampleCountMax:128.0]]
[2023.05.20-09.52.47:509][  0]LogConfig: Setting CVar [[r.SkyAtmosphere.TransmittanceLUT.UseSmallFormat:0]]
[2023.05.20-09.52.47:509][  0]LogConfig: Setting CVar [[r.SkyAtmosphere.TransmittanceLUT.SampleCount:10.0]]
[2023.05.20-09.52.47:509][  0]LogConfig: Setting CVar [[r.SkyAtmosphere.MultiScatteringLUT.SampleCount:15.0]]
[2023.05.20-09.52.47:509][  0]LogConfig: Setting CVar [[r.SkyLight.RealTimeReflectionCapture:1]]
[2023.05.20-09.52.47:509][  0]LogConfig: Applying CVar settings from Section [FoliageQuality@3] File [E:/4ThY Game/Edit/SilentWar/Saved/Config/Windows/Scalability.ini]
[2023.05.20-09.52.47:509][  0]LogConfig: Setting CVar [[foliage.DensityScale:1.0]]
[2023.05.20-09.52.47:509][  0]LogConfig: Setting CVar [[grass.DensityScale:1.0]]
[2023.05.20-09.52.47:509][  0]LogConfig: Applying CVar settings from Section [ShadingQuality@3] File [E:/4ThY Game/Edit/SilentWar/Saved/Config/Windows/Scalability.ini]
[2023.05.20-09.52.47:509][  0]LogConfig: Setting CVar [[r.HairStrands.SkyLighting.IntegrationType:2]]
[2023.05.20-09.52.47:509][  0]LogConfig: Setting CVar [[r.HairStrands.SkyAO.SampleCount:4]]
[2023.05.20-09.52.47:509][  0]LogConfig: Setting CVar [[r.HairStrands.Visibility.MSAA.SamplePerPixel:4]]
[2023.05.20-09.52.47:509][  0]LogConfig: Applying CVar settings from Section [Startup] File [../../../Engine/Config/ConsoleVariables.ini]
[2023.05.20-09.52.47:509][  0]LogConfig: Setting CVar [[net.UseAdaptiveNetUpdateFrequency:0]]
[2023.05.20-09.52.47:509][  0]LogConfig: Setting CVar [[p.chaos.AllowCreatePhysxBodies:1]]
[2023.05.20-09.52.47:509][  0]LogConfig: Setting CVar [[fx.SkipVectorVMBackendOptimizations:1]]
[2023.05.20-09.52.47:509][  0]LogConfig: Applying CVar settings from Section [ConsoleVariables] File [E:/4ThY Game/Edit/SilentWar/Saved/Config/Windows/Engine.ini]
[2023.05.20-09.52.47:509][  0]LogConfig: Applying CVar settings from Section [ConsoleVariables] File [E:/4ThY Game/Edit/SilentWar/Saved/Config/Windows/Editor.ini]
[2023.05.20-09.52.47:509][  0]LogInit: Computer: DESKTOP-ROT92MS
[2023.05.20-09.52.47:510][  0]LogInit: User: torro
[2023.05.20-09.52.47:510][  0]LogInit: CPU Page size=4096, Cores=8
[2023.05.20-09.52.47:510][  0]LogInit: High frequency timer resolution =10.000000 MHz
[2023.05.20-09.52.47:510][  0]LogMemory: Memory total: Physical=14.2GB (15GB approx)
[2023.05.20-09.52.47:510][  0]LogMemory: Platform Memory Stats for Windows
[2023.05.20-09.52.47:510][  0]LogMemory: Process Physical Memory: 150.52 MB used, 153.50 MB peak
[2023.05.20-09.52.47:510][  0]LogMemory: Process Virtual Memory: 131.48 MB used, 131.48 MB peak
[2023.05.20-09.52.47:510][  0]LogMemory: Physical Memory: 10327.98 MB used,  4206.92 MB free, 14534.89 MB total
[2023.05.20-09.52.47:510][  0]LogMemory: Virtual Memory: 134210976.00 MB used,  6748.05 MB free, 134217728.00 MB total
[2023.05.20-09.52.47:793][  0]LogWindows: WindowsPlatformFeatures enabled
[2023.05.20-09.52.47:820][  0]LogInit: Physics initialised using underlying interface: PhysX
[2023.05.20-09.52.47:821][  0]LogInit: Using OS detected language (en-US).
[2023.05.20-09.52.47:821][  0]LogInit: Using OS detected locale (th-TH).
[2023.05.20-09.52.47:822][  0]LogTextLocalizationManager: No specific localization for 'en-US' exists, so the 'en' localization will be used.
[2023.05.20-09.52.47:962][  0]LogInit: Setting process to per monitor DPI aware
[2023.05.20-09.52.47:978][  0]LogWindowsTextInputMethodSystem: Display: IME system deactivated.
[2023.05.20-09.52.47:989][  0]LogSlate: New Slate User Created.  User Index 0, Is Virtual User: 0
[2023.05.20-09.52.47:989][  0]LogSlate: Slate User Registered.  User Index 0, Is Virtual User: 0
[2023.05.20-09.52.48:090][  0]LogD3D11RHI: Loaded GFSDK_Aftermath_Lib.x64.dll
[2023.05.20-09.52.48:154][  0]LogHMD: Failed to initialize OpenVR with code 108
[2023.05.20-09.52.48:154][  0]LogD3D11RHI: D3D11 min allowed feature level: 11_0
[2023.05.20-09.52.48:154][  0]LogD3D11RHI: D3D11 max allowed feature level: 11_0
[2023.05.20-09.52.48:154][  0]LogD3D11RHI: D3D11 adapters:
[2023.05.20-09.52.48:262][  0]LogD3D11RHI:    0. 'NVIDIA GeForce RTX 2080' (Feature Level 11_0)
[2023.05.20-09.52.48:262][  0]LogD3D11RHI:       8001/0/7267 MB DedicatedVideo/DedicatedSystem/SharedSystem, Outputs:1, VendorId:0x10de
[2023.05.20-09.52.48:264][  0]LogD3D11RHI:    1. 'Microsoft Basic Render Driver' (Feature Level 11_0)
[2023.05.20-09.52.48:264][  0]LogD3D11RHI:       0/0/7267 MB DedicatedVideo/DedicatedSystem/SharedSystem, Outputs:0, VendorId:0x1414
[2023.05.20-09.52.48:264][  0]LogD3D11RHI: Chosen D3D11 Adapter:
[2023.05.20-09.52.48:264][  0]LogD3D11RHI:     Description : NVIDIA GeForce RTX 2080
[2023.05.20-09.52.48:264][  0]LogD3D11RHI:     VendorId    : 10de
[2023.05.20-09.52.48:264][  0]LogD3D11RHI:     DeviceId    : 1e87
[2023.05.20-09.52.48:264][  0]LogD3D11RHI:     SubSysId    : 86621043
[2023.05.20-09.52.48:264][  0]LogD3D11RHI:     Revision    : 00a1
[2023.05.20-09.52.48:264][  0]LogD3D11RHI:     DedicatedVideoMemory : 8389656576 bytes
[2023.05.20-09.52.48:264][  0]LogD3D11RHI:     DedicatedSystemMemory : 0 bytes
[2023.05.20-09.52.48:264][  0]LogD3D11RHI:     SharedSystemMemory : 7620470784 bytes
[2023.05.20-09.52.48:264][  0]LogD3D11RHI:     AdapterLuid : 0 84052
[2023.05.20-09.52.48:270][  0]LogD3D11RHI: Creating new Direct3DDevice
[2023.05.20-09.52.48:270][  0]LogD3D11RHI:     GPU DeviceId: 0x1e87 (for the marketing name, search the web for "GPU Device Id")
[2023.05.20-09.52.48:270][  0]LogWindows: EnumDisplayDevices:
[2023.05.20-09.52.48:270][  0]LogWindows:    0. 'NVIDIA GeForce RTX 2080' (P:1 D:1)
[2023.05.20-09.52.48:270][  0]LogWindows:    1. 'NVIDIA GeForce RTX 2080' (P:0 D:0)
[2023.05.20-09.52.48:271][  0]LogWindows:    2. 'NVIDIA GeForce RTX 2080' (P:0 D:0)
[2023.05.20-09.52.48:271][  0]LogWindows:    3. 'NVIDIA GeForce RTX 2080' (P:0 D:0)
[2023.05.20-09.52.48:271][  0]LogWindows: DebugString: FoundDriverCount:4 
[2023.05.20-09.52.48:271][  0]LogD3D11RHI:     Adapter Name: NVIDIA GeForce RTX 2080
[2023.05.20-09.52.48:271][  0]LogD3D11RHI:   Driver Version: 531.68 (internal:31.0.15.3168, unified:531.68)
[2023.05.20-09.52.48:271][  0]LogD3D11RHI:      Driver Date: 4-13-2023
[2023.05.20-09.52.48:271][  0]LogRHI: Texture pool is 5600 MB (70% of 8001 MB)
[2023.05.20-09.52.48:271][  0]LogD3D11RHI: Creating D3DDevice using adapter:
[2023.05.20-09.52.48:271][  0]LogD3D11RHI:     Description : NVIDIA GeForce RTX 2080
[2023.05.20-09.52.48:271][  0]LogD3D11RHI:     VendorId    : 10de
[2023.05.20-09.52.48:271][  0]LogD3D11RHI:     DeviceId    : 1e87
[2023.05.20-09.52.48:271][  0]LogD3D11RHI:     SubSysId    : 86621043
[2023.05.20-09.52.48:271][  0]LogD3D11RHI:     Revision    : 00a1
[2023.05.20-09.52.48:271][  0]LogD3D11RHI:     DedicatedVideoMemory : 8389656576 bytes
[2023.05.20-09.52.48:271][  0]LogD3D11RHI:     DedicatedSystemMemory : 0 bytes
[2023.05.20-09.52.48:271][  0]LogD3D11RHI:     SharedSystemMemory : 7620470784 bytes
[2023.05.20-09.52.48:271][  0]LogD3D11RHI:     AdapterLuid : 0 84052
[2023.05.20-09.52.48:352][  0]LogD3D11RHI: RHI has support for 64 bit atomics
[2023.05.20-09.52.48:352][  0]LogD3D11RHI: Async texture creation enabled
[2023.05.20-09.52.48:352][  0]LogD3D11RHI: Array index from any shader is supported
[2023.05.20-09.52.48:367][  0]LogD3D11RHI: GPU Timing Frequency: 1000.000000 (Debug: 2 1)
[2023.05.20-09.52.48:389][  0]LogRHI: GeForceNow SDK initialized: 1
[2023.05.20-09.52.48:637][  0]LogTargetPlatformManager: Display: Loaded TargetPlatform 'AllDesktop'
[2023.05.20-09.52.48:652][  0]LogTargetPlatformManager: Display: Loaded TargetPlatform 'Android'
[2023.05.20-09.52.48:652][  0]LogTargetPlatformManager: Display: Loaded TargetPlatform 'Android_ASTC'
[2023.05.20-09.52.48:652][  0]LogTargetPlatformManager: Display: Loaded TargetPlatform 'Android_DXT'
[2023.05.20-09.52.48:652][  0]LogTargetPlatformManager: Display: Loaded TargetPlatform 'Android_ETC2'
[2023.05.20-09.52.48:652][  0]LogTargetPlatformManager: Display: Loaded TargetPlatform 'AndroidClient'
[2023.05.20-09.52.48:652][  0]LogTargetPlatformManager: Display: Loaded TargetPlatform 'Android_ASTCClient'
[2023.05.20-09.52.48:652][  0]LogTargetPlatformManager: Display: Loaded TargetPlatform 'Android_DXTClient'
[2023.05.20-09.52.48:652][  0]LogTargetPlatformManager: Display: Loaded TargetPlatform 'Android_ETC2Client'
[2023.05.20-09.52.48:652][  0]LogTargetPlatformManager: Display: Loaded TargetPlatform 'Android_Multi'
[2023.05.20-09.52.48:652][  0]LogTargetPlatformManager: Display: Loaded TargetPlatform 'Android_MultiClient'
[2023.05.20-09.52.48:665][  0]LogTargetPlatformManager: Display: Loaded TargetPlatform 'IOSClient'
[2023.05.20-09.52.48:665][  0]LogTargetPlatformManager: Display: Loaded TargetPlatform 'IOS'
[2023.05.20-09.52.48:672][  0]LogTargetPlatformManager: Display: Loaded TargetPlatform 'Linux'
[2023.05.20-09.52.48:675][  0]LogTargetPlatformManager: Display: Loaded TargetPlatform 'LinuxNoEditor'
[2023.05.20-09.52.48:678][  0]LogTargetPlatformManager: Display: Loaded TargetPlatform 'LinuxClient'
[2023.05.20-09.52.48:681][  0]LogTargetPlatformManager: Display: Loaded TargetPlatform 'LinuxServer'
[2023.05.20-09.52.48:687][  0]LogTargetPlatformManager: Display: Loaded TargetPlatform 'LinuxAArch64NoEditor'
[2023.05.20-09.52.48:690][  0]LogTargetPlatformManager: Display: Loaded TargetPlatform 'LinuxAArch64Client'
[2023.05.20-09.52.48:693][  0]LogTargetPlatformManager: Display: Loaded TargetPlatform 'LinuxAArch64Server'
[2023.05.20-09.52.48:710][  0]LogTargetPlatformManager: Display: Loaded TargetPlatform 'Lumin'
[2023.05.20-09.52.48:710][  0]LogTargetPlatformManager: Display: Loaded TargetPlatform 'LuminClient'
[2023.05.20-09.52.48:716][  0]LogTargetPlatformManager: Display: Loaded TargetPlatform 'MacNoEditor'
[2023.05.20-09.52.48:719][  0]LogTargetPlatformManager: Display: Loaded TargetPlatform 'Mac'
[2023.05.20-09.52.48:721][  0]LogTargetPlatformManager: Display: Loaded TargetPlatform 'MacClient'
[2023.05.20-09.52.48:724][  0]LogTargetPlatformManager: Display: Loaded TargetPlatform 'MacServer'
[2023.05.20-09.52.48:731][  0]LogTargetPlatformManager: Display: Loaded TargetPlatform 'TVOSClient'
[2023.05.20-09.52.48:731][  0]LogTargetPlatformManager: Display: Loaded TargetPlatform 'TVOS'
[2023.05.20-09.52.48:736][  0]LogTargetPlatformManager: Display: Loaded TargetPlatform 'WindowsNoEditor'
[2023.05.20-09.52.48:739][  0]LogTargetPlatformManager: Display: Loaded TargetPlatform 'Windows'
[2023.05.20-09.52.48:743][  0]LogTargetPlatformManager: Display: Loaded TargetPlatform 'WindowsClient'
[2023.05.20-09.52.48:746][  0]LogTargetPlatformManager: Display: Loaded TargetPlatform 'WindowsServer'
[2023.05.20-09.52.48:746][  0]LogTargetPlatformManager: Display: Building Assets For Windows
[2023.05.20-09.52.48:751][  0]LogAudioDebug: Display: Lib vorbis DLL was dynamically loaded.
[2023.05.20-09.52.48:770][  0]LogTextureFormatOodle: Display: Oodle Texture 2.9.0 init RDO Off
[2023.05.20-09.52.48:792][  0]LogRendererCore: Ray tracing is disabled. Reason: r.RayTracing=0.
[2023.05.20-09.52.48:792][  0]LogShaderCompilers: Guid format shader working directory is 6 characters bigger than the processId version (../../../../../4ThY Game/Edit/SilentWar/Intermediate/Shaders/WorkingDirectory/30540/).
[2023.05.20-09.52.48:792][  0]LogShaderCompilers: Cleaned the shader compiler working directory 'C:/Users/torro/AppData/Local/Temp/UnrealShaderWorkingDir/ACB8EA9C44F0064B4FE7B99184F8EC2E/'.
[2023.05.20-09.52.48:792][  0]LogXGEController: Cannot use XGE Controller as Incredibuild is not installed on this machine.
[2023.05.20-09.52.48:792][  0]LogShaderCompilers: Cannot use XGE Shader Compiler as Incredibuild is not installed on this machine.
[2023.05.20-09.52.48:792][  0]LogShaderCompilers: Display: Using Local Shader Compiler.
[2023.05.20-09.52.49:390][  0]LogDerivedDataCache: Display: Max Cache Size: 512 MB
[2023.05.20-09.52.49:437][  0]LogDerivedDataCache: Loaded boot cache 0.05s 94MB C:/Users/torro/AppData/Local/UnrealEngine/4.27/DerivedDataCache/Boot.ddc.
[2023.05.20-09.52.49:437][  0]LogDerivedDataCache: Display: Loaded Boot cache: C:/Users/torro/AppData/Local/UnrealEngine/4.27/DerivedDataCache/Boot.ddc
[2023.05.20-09.52.49:437][  0]LogDerivedDataCache: FDerivedDataBackendGraph:  Pak pak cache file ../../../../../4ThY Game/Edit/SilentWar/DerivedDataCache/DDC.ddp not found, will not use a pak cache.
[2023.05.20-09.52.49:437][  0]LogDerivedDataCache: Unable to find inner node Pak for hierarchical cache Hierarchy.
[2023.05.20-09.52.49:437][  0]LogDerivedDataCache: FDerivedDataBackendGraph:  CompressedPak pak cache file ../../../../../4ThY Game/Edit/SilentWar/DerivedDataCache/Compressed.ddp not found, will not use a pak cache.
[2023.05.20-09.52.49:437][  0]LogDerivedDataCache: Unable to find inner node CompressedPak for hierarchical cache Hierarchy.
[2023.05.20-09.52.49:450][  0]LogDerivedDataCache: Display: Pak cache opened for reading ../../../Engine/DerivedDataCache/Compressed.ddp.
[2023.05.20-09.52.49:450][  0]LogDerivedDataCache: FDerivedDataBackendGraph:  EnterprisePak pak cache file ../../../Enterprise/DerivedDataCache/Compressed.ddp not found, will not use a pak cache.
[2023.05.20-09.52.49:450][  0]LogDerivedDataCache: Unable to find inner node EnterprisePak for hierarchical cache Hierarchy.
[2023.05.20-09.52.49:456][  0]LogDerivedDataCache: Speed tests for C:/Users/torro/AppData/Local/UnrealEngine/Common/DerivedDataCache took 0.01 seconds
[2023.05.20-09.52.49:456][  0]LogDerivedDataCache: Display: Performance to C:/Users/torro/AppData/Local/UnrealEngine/Common/DerivedDataCache: Latency=0.03ms. RandomReadSpeed=1227.96MBs, RandomWriteSpeed=213.47MBs. Assigned SpeedClass 'Local'
[2023.05.20-09.52.49:457][  0]LogDerivedDataCache: Using Local data cache path C:/Users/torro/AppData/Local/UnrealEngine/Common/DerivedDataCache: Writable
[2023.05.20-09.52.49:457][  0]LogDerivedDataCache: Shared data cache path not found in *engine.ini, will not use an Shared cache.
[2023.05.20-09.52.49:457][  0]LogDerivedDataCache: Unable to find inner node Shared for hierarchical cache Hierarchy.
[2023.05.20-09.52.49:493][  0]LogSlate: Using FreeType 2.10.0
[2023.05.20-09.52.49:493][  0]LogSlate: SlateFontServices - WITH_FREETYPE: 1, WITH_HARFBUZZ: 1
[2023.05.20-09.52.49:512][  0]LogAssetRegistry: FAssetRegistry took 0.0022 seconds to start up
[2023.05.20-09.52.49:680][  0]LogInit: Selected Device Profile: [Windows]
[2023.05.20-09.52.49:680][  0]LogInit: Active device profile: [0000019C9B1B9500][0000019C99BBC180 49] Windows
[2023.05.20-09.52.49:680][  0]LogInit: Profiles: [0000019C9B1B9500][0000019C99BBC180 49] Windows, [0000019C9B1B8100][0000019C9BD8E300 49] WindowsNoEditor, [0000019C9B16BE00][0000019C9BD92480 49] WindowsServer, [0000019C9B14E200][0000019C990DA5C0 49] WindowsClient, [0000019C9B168300][0000019C9BD96700 49] IOS, [0000019C9B14C500][0000019C9BD9A840 49] iPadAir, [0000019C9B169E00][0000019C9BD9E980 49] iPadAir2, [0000019C9B0A8800][0000019C9BDAAC40 49] IPadPro, [0000019C9B0A8900][0000019C9BDA6C80 49] iPadAir3, [0000019C9B16BC00][0000019C9BE1EE00 49] iPadAir4, [0000019C9B0A8700][0000019C9BE2AF80 49] iPadMini2, [0000019C9B168700][0000019C90D65100 49] iPadMini3, [0000019C9B0A9500][0000019C90D75280 49] iPadMini4, [0000019C9B169300][0000019C90D85400 49] iPadMini5, [0000019C9B14D300][0000019C914276C0 49] iPhone6, [0000019C9B093F00][0000019C91423700 49] iPodTouch6, [0000019C9B14C200][0000019C9BEDD9C0 49] iPhone7, [0000019C9B14CE00][0000019C9BEC9A00 49] iPodTouch7, [0000019C9B090800][0000019C9BF91B80 49] iPhone5S, [0000019C9B14D200][0000019C9BF94180 49] iPhone6Plus, [0000019C9B093200][0000019C9BF98300 49] iPhone6S, [0000019C9B14CC00][0000019C9BFA8480 49] iPhone6SPlus, [0000019C9B091000][0000019C9BFB4600 49] iPhone7Plus, [0000019C9B14D400][0000019C9BDA2740 49] iPhoneSE, [0000019C9B092A00][0000019C9D3D4880 49] iPhone8, [0000019C9B14E900][0000019C9D3D89C0 49] iPhone8Plus, [0000019C9B091800][0000019C9BFB8B00 49] iPhoneX, [0000019C9B14FD00][0000019C9BFCCC80 49] iPhoneXS, [0000019C9B092200][0000019C9BE10E00 49] iPhoneXSMax, [0000019C9B14D900][0000019C9BE76F80 49] iPhoneXR, [0000019C9B093600][0000019C9BEB5100 49] iPhone11, [0000019C9B14EC00][0000019C9BEB9280 49] iPhone11Pro, [0000019C9B093D00][0000019C9BEBD400 49] iPhone11ProMax, [0000019C9B14E000][0000019C9BEC1580 49] iPhoneSE2, [0000019C9B090500][0000019C9BEC5700 49] iPhone12Mini, [0000019C9B14CA00][0000019C913FF880 49] iPhone12, [0000019C9B091D00][0000019C90D5FA00 49] iPhone12Pro, [0000019C9B14D600][0000019C988CFB80 49] iPhone12ProMax, [0000019C9B092B00][0000019C988D2180 49] iPadPro105, [0000019C9B14C100][0000019C91402300 49] iPadPro129, [0000019C9B093300][0000019C91406480 49] iPadPro97, [0000019C9B14F000][0000019C9140A600 49] iPadPro2_129, [0000019C9B092700][0000019C9140E780 49] iPad5, [0000019C9B14D800][0000019C9BF4C900 49] iPad6, [0000019C9B091A00][0000019C9BFC8A40 49] iPad7, [0000019C9B14E100][0000019C9BF88B80 49] iPad8, [0000019C9B090C00][0000019C90A90CC0 49] iPadPro11, [0000019C9B14F400][0000019C90AE8E40 49] iPadPro2_11, [0000019C9B092900][0000019C90AFEFC0 49] iPadPro3_129, [0000019C9B14F500][0000019C90B03140 49] iPadPro4_129, [0000019C9B090100][0000019C9D0FF2C0 49] AppleTV, [0000019C9B14F600][0000019C9D151440 49] AppleTV4K, [0000019C9B092600][0000019C9D15F5C0 49] TVOS, [0000019C9B14D000][0000019C9D603740 49] Mac, [0000019C9B093400][0000019C9D61B8C0 49] MacClient, [0000019C9B14E500][0000019C9D61FA40 49] MacNoEditor, [0000019C9B093700][0000019C9D623BC0 49] MacServer, [0000019C9B14ED00][0000019C9D6261C0 49] Linux, [0000019C9B090D00][0000019C9D62A340 49] LinuxAArch64, [0000019C9B14C900][0000019C9D7B24C0 49] LinuxNoEditor, [0000019C9B091F00][0000019C9D7B6640 49] LinuxAArch64NoEditor, [0000019C9B14E400][0000019C9D7BA7C0 49] LinuxClient, [0000019C9B091900][0000019C9D7BE940 49] LinuxAArch64Client, [0000019C9B14CB00][0000019C9D7C8AC0 49] LinuxServer, [0000019C9B092400][0000019C90AD6C00 49] LinuxAArch64Server, [0000019C9B14EB00][0000019C9D7E0D40 49] Android, [0000019C9B090200][0000019C9D7ECE80 49] Android_Low, [0000019C9B14E700][0000019C90CF6FC0 49] Android_Mid, [0000019C9B168D00][0000019C90CFF140 49] Android_High, [0000019C9B1BB200][0000019C90D032C0 49] Android_Default, [0000019C9B168200][0000019C90D07440 49] Android_Adreno4xx, [0000019C9B1BAA00][0000019C90D0F5C0 49] Android_Adreno5xx_Low, [0000019C9B16AF00][0000019C9D8AF740 49] Android_Adreno5xx, [0000019C9B1B9200][0000019C9D8B38C0 49] Android_Adreno6xx, [0000019C9B169400][0000019C9D8B7A40 49] Android_Adreno6xx_Vulkan, [0000019C9B1BA700][0000019C9D8F5BC0 49] Android_Mali_T6xx, [0000019C9B169700][0000019C90D121C0 49] Android_Mali_T7xx, [0000019C9B1BB000][0000019C90D16340 49] Android_Mali_T8xx, [0000019C9B16AA00][0000019C90D1A4C0 49] Android_Mali_G71, [0000019C9B1BAE00][0000019C9D8EA640 49] Android_Mali_G72, [0000019C9B168A00][0000019C90D0A7C0 49] Android_Mali_G72_Vulkan, [0000019C9B1B8900][0000019C90D1E940 49] Android_Mali_G76, [0000019C9B16B000][0000019C90D22AC0 49] Android_Mali_G76_Vulkan, [0000019C9B1B8F00][0000019C90D26C40 49] Android_Mali_G77, [0000019C9B16B900][0000019C90CFAD80 49] Android_Mali_G77_Vulkan, [0000019C9B1B8600][0000019C90D2AEC0 49] Android_Mali_G78, [0000019C9B16B700][0000019C90D2F000 49] Android_Mali_G78_Vulkan, [0000019C9B1B9D00][0000019C988B9140 49] Android_Mali_G710, [0000019C9B16A500][0000019C988C12C0 49] Android_Mali_G710_Vulkan, [0000019C9B1B9000][0000019C988C5440 49] Android_Vulkan_SM5, [0000019C9B168900][0000019C988C95C0 49] Android_PowerVR_G6xxx, [0000019C9B1B8200][0000019C90ACF740 49] Android_PowerVR_GT7xxx, [0000019C9B16A600][0000019C90ABF8C0 49] Android_PowerVR_GE8xxx, [0000019C9B1B8E00][0000019C90AB3A40 49] Android_PowerVR_GM9xxx, [0000019C9B14D500][0000019C90A95BC0 49] Android_PowerVR_GM9xxx_Vulkan, [0000019C9B1B9A00][0000019C9BF8C1C0 49] Android_TegraK1, [0000019C9B14DC00][0000019C9BF84340 49] Android_Unknown_Vulkan, [0000019C9B1B9900][0000019C9BF804C0 49] Lumin, [0000019C9B14E300][0000019C9D3DC640 49] Lumin_Desktop, [0000019C9B1BA300][0000019C9BFBC7C0 49] HoloLens, 
[2023.05.20-09.52.49:775][  0]LogMeshReduction: Using QuadricMeshReduction for automatic static mesh reduction
[2023.05.20-09.52.49:775][  0]LogMeshReduction: Using SimplygonMeshReduction for automatic skeletal mesh reduction
[2023.05.20-09.52.49:775][  0]LogMeshReduction: Using ProxyLODMeshReduction for automatic mesh merging
[2023.05.20-09.52.49:775][  0]LogMeshReduction: No distributed automatic mesh merging module available
[2023.05.20-09.52.49:775][  0]LogMeshMerging: No distributed automatic mesh merging module available
[2023.05.20-09.52.49:786][  0]LogNetVersion: SilentWar 1.0.0, NetCL: 17155196, EngineNetVer: 17, GameNetVer: 0 (Checksum: 534430957)
[2023.05.20-09.52.50:068][  0]LogTexture: Default maximum texture size for cubemaps generated from long-lat sources has been changed from 512 to unlimited. In order to preserve old behaiour for '/Engine/MapTemplates/Sky/DaylightAmbientCubemap.DaylightAmbientCubemap', its maximum texture size has been explicitly set to 512.
[2023.05.20-09.52.50:110][  0]LogHMD: PokeAHoleMaterial loaded successfully
[2023.05.20-09.52.50:114][  0]LogUObjectArray: 17178 objects as part of root set at end of initial load.
[2023.05.20-09.52.50:114][  0]LogUObjectAllocator: 4302048 out of 0 bytes used by permanent object pool.
[2023.05.20-09.52.50:114][  0]LogUObjectArray: CloseDisregardForGC: 0/0 objects in disregard for GC pool
[2023.05.20-09.52.50:340][  0]LogPython: Using Python 3.7.7
[2023.05.20-09.52.50:794][  0]LogNiagaraDebuggerClient: Niagara Debugger Client Initialized | Session: 78671CA74037E1B045772B88F69C4782 | Instance: 6E072CD34D7BFE03AE727587F058E415 (DESKTOP-ROT92MS-30540).
[2023.05.20-09.52.50:836][  0]LogUdpMessaging: Initializing bridge on interface 0.0.0.0:0 to multicast group 230.0.0.1:6666.
[2023.05.20-09.52.50:841][  0]LogTcpMessaging: Initializing TcpMessaging bridge
[2023.05.20-09.52.50:878][  0]LogLinker: Warning: Failed to load '/Game/2DSideScrollerBP/2DSideScrollerOverview': Can't find file.
[2023.05.20-09.52.50:878][  0]LogLinker: Warning: Failed to load '/Game/2DSideScrollerBP/2DSideScrollerOverview': Can't find file.
[2023.05.20-09.52.50:878][  0]LogUObjectGlobals: Warning: Failed to find object 'Class /Game/2DSideScrollerBP/2DSideScrollerOverview.2DSideScrollerOverview_C'
[2023.05.20-09.52.50:927][  0]SourceControl: Source control is disabled
[2023.05.20-09.52.50:927][  0]SourceControl: Source control is disabled
[2023.05.20-09.52.50:929][  0]SourceControl: Source control is disabled
[2023.05.20-09.52.50:935][  0]SourceControl: Source control is disabled
[2023.05.20-09.52.50:937][  0]SourceControl: Source control is disabled
[2023.05.20-09.52.50:951][  0]LogUProjectInfo: Found projects:
[2023.05.20-09.52.51:085][  0]LogOpenImageDenoise: OIDN starting up
[2023.05.20-09.52.51:111][  0]LogAndroidPermission: UAndroidPermissionCallbackProxy::GetInstance
[2023.05.20-09.52.51:119][  0]LogAudioCaptureCore: Display: No Audio Capture implementations found. Audio input will be silent.
[2023.05.20-09.52.51:119][  0]LogAudioCaptureCore: Display: No Audio Capture implementations found. Audio input will be silent.
[2023.05.20-09.52.51:222][  0]LogCollectionManager: Loaded 0 collections in 0.000438 seconds
[2023.05.20-09.52.51:239][  0]LogFileCache: Scanning file cache for directory 'E:/4ThY Game/Edit/SilentWar/Saved/Collections/' took 0.00s
[2023.05.20-09.52.51:239][  0]LogFileCache: Scanning file cache for directory 'E:/4ThY Game/Edit/SilentWar/Content/Developers/torro/Collections/' took 0.00s
[2023.05.20-09.52.51:239][  0]LogFileCache: Scanning file cache for directory 'E:/4ThY Game/Edit/SilentWar/Content/Collections/' took 0.00s
[2023.05.20-09.52.51:239][  0]LogOcInput: OculusInput pre-init called
[2023.05.20-09.52.51:422][  0]LogEngine: Initializing Engine...
[2023.05.20-09.52.51:472][  0]LogHMD: Failed to initialize OpenVR with code 108
[2023.05.20-09.52.51:544][  0]LogHMD: Optional extension XR_VARJO_quad_views is not available
[2023.05.20-09.52.51:544][  0]LogHMD: Warning: Required extension XR_EXT_eye_gaze_interaction is not available
[2023.05.20-09.52.51:544][  0]LogHMD: Could not enable all required OpenXR extensions for OpenXREyeTracker on current system. This plugin will be loaded but ignored, but will be enabled on a target platform that supports the required extension.
[2023.05.20-09.52.51:545][  0]LogHMD: Failed to get an OpenXR system, result is XR_ERROR_FORM_FACTOR_UNAVAILABLE. Please check that your runtime supports VR headsets.
[2023.05.20-09.52.51:545][  0]LogMagicLeap: Warning: VR disabled because ZI is not enabled.  To enable, in the editor, Edit -> Project Settings -> Plugins -> Magic Leap Plugin -> Enable Zero Iteration
[2023.05.20-09.52.51:545][  0]LogStats: UGameplayTagsManager::InitializeManager -  0.000 s
[2023.05.20-09.52.51:638][  0]LogInit: Initializing FReadOnlyCVARCache
[2023.05.20-09.52.51:644][  0]LogAIModule: Creating AISystem for world Untitled
[2023.05.20-09.52.51:659][  0]LogAudio: Display: Initializing Audio Device Manager...
[2023.05.20-09.52.51:662][  0]LogAudio: Display: Loading Default Audio Settings Objects...
[2023.05.20-09.52.51:662][  0]LogAudio: Display: No default SoundConcurrencyObject specified (or failed to load).
[2023.05.20-09.52.51:662][  0]LogAudio: Display: Audio Device Manager Initialized
[2023.05.20-09.52.51:662][  0]LogAudio: Display: Creating Audio Device:                 Id: 1, Scope: Shared, Realtime: True
[2023.05.20-09.52.51:663][  0]LogAudioMixer: Display: Audio Mixer Platform Settings:
[2023.05.20-09.52.51:663][  0]LogAudioMixer: Display: 	Sample Rate:						  48000
[2023.05.20-09.52.51:663][  0]LogAudioMixer: Display: 	Callback Buffer Frame Size Requested: 1024
[2023.05.20-09.52.51:663][  0]LogAudioMixer: Display: 	Callback Buffer Frame Size To Use:	  1024
[2023.05.20-09.52.51:663][  0]LogAudioMixer: Display: 	Number of buffers to queue:			  2
[2023.05.20-09.52.51:663][  0]LogAudioMixer: Display: 	Max Channels (voices):				  32
[2023.05.20-09.52.51:663][  0]LogAudioMixer: Display: 	Number of Async Source Workers:		  0
[2023.05.20-09.52.51:663][  0]LogAudio: Display: AudioDevice MaxSources: 32
[2023.05.20-09.52.51:663][  0]LogAudio: Display: Audio Spatialization Plugin: None (built-in).
[2023.05.20-09.52.51:663][  0]LogAudio: Display: Audio Reverb Plugin: None (built-in).
[2023.05.20-09.52.51:663][  0]LogAudio: Display: Audio Occlusion Plugin: None (built-in).
[2023.05.20-09.52.51:663][  0]LogAudioMixer: Display: Initializing audio mixer.
[2023.05.20-09.52.52:080][  0]LogAudioMixer: Display: 0: FrontLeft
[2023.05.20-09.52.52:080][  0]LogAudioMixer: Display: 1: FrontRight
[2023.05.20-09.52.52:202][  0]LogAudioMixer: Display: Using Audio Device Headset Earphone (2- ROG Strix HS)
[2023.05.20-09.52.52:203][  0]LogAudioMixer: Display: Initializing Sound Submixes...
[2023.05.20-09.52.52:204][  0]LogAudioMixer: Display: Creating Master Submix 'MasterSubmixDefault'
[2023.05.20-09.52.52:204][  0]LogAudioMixer: Display: Creating Master Submix 'MasterReverbSubmixDefault'
[2023.05.20-09.52.52:205][  0]LogAudioMixer: Display: Creating Master Submix 'MasterEQSubmixDefault'
[2023.05.20-09.52.52:205][  0]LogAudioMixer: FMixerPlatformXAudio2::StartAudioStream() called
[2023.05.20-09.52.52:205][  0]LogAudioMixer: Display: Output buffers initialized: Frames=1024, Channels=2, Samples=2048
[2023.05.20-09.52.52:205][  0]LogAudioMixer: Display: Starting AudioMixerPlatformInterface::RunInternal()
[2023.05.20-09.52.52:205][  0]LogAudioMixer: Display: FMixerPlatformXAudio2::SubmitBuffer() called for the first time
[2023.05.20-09.52.52:205][  0]LogInit: FAudioDevice initialized.
[2023.05.20-09.52.52:206][  0]LogAudio: Display: Audio Device (ID: 1) registered with world 'Untitled'.
[2023.05.20-09.52.52:206][  0]LogNetVersion: Set ProjectVersion to 1.0.0.0. Version Checksum will be recalculated on next use.
[2023.05.20-09.52.52:273][  0]LogDerivedDataCache: Saved boot cache 0.07s 94MB C:/Users/torro/AppData/Local/UnrealEngine/4.27/DerivedDataCache/Boot.ddc.
[2023.05.20-09.52.52:274][  0]LogInit: Texture streaming: Enabled
[2023.05.20-09.52.52:282][  0]LogAnalytics: Display: [UEEditor.Rocket.Release] APIServer = https://datarouter.ol.epicgames.com/. AppVersion = 4.27.2-18319896+++UE4+Release-4.27
[2023.05.20-09.52.52:284][  0]LogEngineSessionManager: EngineSessionManager initialized
[2023.05.20-09.52.52:284][  0]LogEditorSessionSummary: Verbose: Initializing EditorSessionSummaryWriter for editor session tracking
[2023.05.20-09.52.52:285][  0]LogEditorSessionSummary: EditorSessionSummaryWriter initialized
[2023.05.20-09.52.52:305][  0]LogInit: Transaction tracking system initialized
[2023.05.20-09.52.52:319][  0]BlueprintLog: New page: Editor Load
[2023.05.20-09.52.52:355][  0]LocalizationService: Localization service is disabled
[2023.05.20-09.52.52:369][  0]TimingProfiler: Initialize
[2023.05.20-09.52.52:369][  0]TimingProfiler: OnSessionChanged
[2023.05.20-09.52.52:369][  0]LoadingProfiler: Initialize
[2023.05.20-09.52.52:369][  0]LoadingProfiler: OnSessionChanged
[2023.05.20-09.52.52:369][  0]NetworkingProfiler: Initialize
[2023.05.20-09.52.52:369][  0]NetworkingProfiler: OnSessionChanged
[2023.05.20-09.52.52:369][  0]MemoryProfiler: Initialize
[2023.05.20-09.52.52:369][  0]MemoryProfiler: OnSessionChanged
[2023.05.20-09.52.52:460][  0]LogCook: Display: CookSettings for Memory: MemoryMaxUsedVirtual 0MiB, MemoryMaxUsedPhysical 16384MiB, MemoryMinFreeVirtual 0MiB, MemoryMinFreePhysical 1024MiB
[2023.05.20-09.52.52:461][  0]LogCook: Display: Mobile HDR setting 1
[2023.05.20-09.52.52:584][  0]LogFileCache: Scanning file cache for directory 'E:/4ThY Game/Edit/SilentWar/Content/' took 0.00s
[2023.05.20-09.52.52:729][  0]LogInit: Display: Engine is initialized. Leaving FEngineLoop::Init()
[2023.05.20-09.52.52:731][  0]SourceControl: Source control is disabled
[2023.05.20-09.52.52:731][  0]LogUnrealEdMisc: Loading editor; pre map load, took 6.525
[2023.05.20-09.52.52:731][  0]Cmd: MAP LOAD FILE="../../../../../4ThY Game/Edit/SilentWar/Content/ThirdPersonBP/Maps/ThirdPersonExampleMap.umap" TEMPLATE=0 SHOWPROGRESS=1 FEATURELEVEL=3
[2023.05.20-09.52.52:731][  0]LightingResults: New page: Lighting Build
[2023.05.20-09.52.52:732][  0]LogWorld: UWorld::CleanupWorld for Untitled, bSessionEnded=true, bCleanupResources=true
[2023.05.20-09.52.52:732][  0]LogSlate: InvalidateAllWidgets triggered.  All widgets were invalidated
[2023.05.20-09.52.52:732][  0]MapCheck: New page: Map Check
[2023.05.20-09.52.52:732][  0]LightingResults: New page: Lighting Build
[2023.05.20-09.52.52:736][  0]LogAudio: Display: Audio Device unregistered from world 'None'.
[2023.05.20-09.52.52:738][  0]LogUObjectHash: Compacting FUObjectHashTables data took   0.62ms
[2023.05.20-09.52.53:143][  0]LogAudio: Display: Audio Device (ID: 1) registered with world 'ThirdPersonExampleMap'.
[2023.05.20-09.52.53:144][  0]LogAIModule: Creating AISystem for world ThirdPersonExampleMap
[2023.05.20-09.52.53:159][  0]LogEditorServer: Finished looking for orphan Actors (0.000 secs)
[2023.05.20-09.52.53:189][  0]LogUObjectHash: Compacting FUObjectHashTables data took   0.90ms
[2023.05.20-09.52.53:190][  0]Cmd: MAP CHECKDEP NOCLEARLOG
[2023.05.20-09.52.53:190][  0]MapCheck: Map check complete: 0 Error(s), 0 Warning(s), took 0.083ms to complete.
[2023.05.20-09.52.53:190][  0]LogFileHelpers: Loading map 'ThirdPersonExampleMap' took 0.459
[2023.05.20-09.52.53:191][  0]LogUnrealEdMisc: Total Editor Startup Time, took 6.986
[2023.05.20-09.52.53:306][  0]LogSlate: Updating window title bar state: overlay mode, drag disabled, window buttons hidden, title bar hidden
[2023.05.20-09.52.53:311][  0]LogSlate: Updating window title bar state: overlay mode, drag disabled, window buttons hidden, title bar hidden
[2023.05.20-09.52.53:316][  0]LogSlate: Updating window title bar state: overlay mode, drag disabled, window buttons hidden, title bar hidden
[2023.05.20-09.52.53:320][  0]LogSlate: Updating window title bar state: overlay mode, drag disabled, window buttons hidden, title bar hidden
[2023.05.20-09.52.53:330][  0]LogNativeClassHierarchy: Verbose: Native class hierarchy populated in 0.0071 seconds. Added 3822 classes and 928 folders.
[2023.05.20-09.52.53:333][  0]LogNativeClassHierarchy: Verbose: Native class hierarchy updated for 'WidgetCarousel' in 0.0002 seconds. Added 0 classes and 0 folders.
[2023.05.20-09.52.53:334][  0]LogPakFile: PakFile PrimaryIndexSize=187
[2023.05.20-09.52.53:334][  0]LogPakFile: PakFile PathHashIndexSize=101
[2023.05.20-09.52.53:334][  0]LogPakFile: PakFile FullDirectoryIndexSize=148
[2023.05.20-09.52.53:334][  0]LogShaderLibrary: Display: ShaderCodeLibraryPakFileMountedCallback: PakFile 'E:/GameEpic/UE_4.27/FeaturePacks/FP_FirstPerson.upack' (chunk index -1, root 'root:/') mounted
[2023.05.20-09.52.53:334][  0]LogShaderLibrary: Display: ShaderCodeLibraryPakFileMountedCallback: pending pak file info (ChunkID:-1 Root:root:/ File:E:/GameEpic/UE_4.27/FeaturePacks/FP_FirstPerson.upack)
[2023.05.20-09.52.53:334][  0]LogPakFile: OnPakFileMounted2Time == 0.000041
[2023.05.20-09.52.53:334][  0]LogPakFile: PakFile PrimaryIndexSize=189
[2023.05.20-09.52.53:334][  0]LogPakFile: PakFile PathHashIndexSize=101
[2023.05.20-09.52.53:334][  0]LogPakFile: PakFile FullDirectoryIndexSize=152
[2023.05.20-09.52.53:334][  0]LogShaderLibrary: Display: ShaderCodeLibraryPakFileMountedCallback: PakFile 'E:/GameEpic/UE_4.27/FeaturePacks/FP_FirstPersonBP.upack' (chunk index -1, root 'root:/') mounted
[2023.05.20-09.52.53:334][  0]LogShaderLibrary: Display: ShaderCodeLibraryPakFileMountedCallback: pending pak file info (ChunkID:-1 Root:root:/ File:E:/GameEpic/UE_4.27/FeaturePacks/FP_FirstPersonBP.upack)
[2023.05.20-09.52.53:334][  0]LogPakFile: OnPakFileMounted2Time == 0.000031
[2023.05.20-09.52.53:335][  0]LogPakFile: PakFile PrimaryIndexSize=191
[2023.05.20-09.52.53:335][  0]LogPakFile: PakFile PathHashIndexSize=101
[2023.05.20-09.52.53:335][  0]LogPakFile: PakFile FullDirectoryIndexSize=160
[2023.05.20-09.52.53:335][  0]LogShaderLibrary: Display: ShaderCodeLibraryPakFileMountedCallback: PakFile 'E:/GameEpic/UE_4.27/FeaturePacks/MobileStarterContent.upack' (chunk index -1, root 'root:/') mounted
[2023.05.20-09.52.53:335][  0]LogShaderLibrary: Display: ShaderCodeLibraryPakFileMountedCallback: pending pak file info (ChunkID:-1 Root:root:/ File:E:/GameEpic/UE_4.27/FeaturePacks/MobileStarterContent.upack)
[2023.05.20-09.52.53:335][  0]LogPakFile: OnPakFileMounted2Time == 0.000028
[2023.05.20-09.52.53:335][  0]LogPakFile: PakFile PrimaryIndexSize=185
[2023.05.20-09.52.53:335][  0]LogPakFile: PakFile PathHashIndexSize=101
[2023.05.20-09.52.53:335][  0]LogPakFile: PakFile FullDirectoryIndexSize=148
[2023.05.20-09.52.53:335][  0]LogShaderLibrary: Display: ShaderCodeLibraryPakFileMountedCallback: PakFile 'E:/GameEpic/UE_4.27/FeaturePacks/StarterContent.upack' (chunk index -1, root 'root:/') mounted
[2023.05.20-09.52.53:335][  0]LogShaderLibrary: Display: ShaderCodeLibraryPakFileMountedCallback: pending pak file info (ChunkID:-1 Root:root:/ File:E:/GameEpic/UE_4.27/FeaturePacks/StarterContent.upack)
[2023.05.20-09.52.53:335][  0]LogPakFile: OnPakFileMounted2Time == 0.000027
[2023.05.20-09.52.53:335][  0]LogPakFile: PakFile PrimaryIndexSize=190
[2023.05.20-09.52.53:335][  0]LogPakFile: PakFile PathHashIndexSize=101
[2023.05.20-09.52.53:335][  0]LogPakFile: PakFile FullDirectoryIndexSize=154
[2023.05.20-09.52.53:335][  0]LogShaderLibrary: Display: ShaderCodeLibraryPakFileMountedCallback: PakFile 'E:/GameEpic/UE_4.27/FeaturePacks/TP_2DSideScroller.upack' (chunk index -1, root 'root:/') mounted
[2023.05.20-09.52.53:335][  0]LogShaderLibrary: Display: ShaderCodeLibraryPakFileMountedCallback: pending pak file info (ChunkID:-1 Root:root:/ File:E:/GameEpic/UE_4.27/FeaturePacks/TP_2DSideScroller.upack)
[2023.05.20-09.52.53:336][  0]LogPakFile: OnPakFileMounted2Time == 0.000029
[2023.05.20-09.52.53:336][  0]LogPakFile: PakFile PrimaryIndexSize=192
[2023.05.20-09.52.53:336][  0]LogPakFile: PakFile PathHashIndexSize=101
[2023.05.20-09.52.53:336][  0]LogPakFile: PakFile FullDirectoryIndexSize=158
[2023.05.20-09.52.53:336][  0]LogShaderLibrary: Display: ShaderCodeLibraryPakFileMountedCallback: PakFile 'E:/GameEpic/UE_4.27/FeaturePacks/TP_2DSideScrollerBP.upack' (chunk index -1, root 'root:/') mounted
[2023.05.20-09.52.53:336][  0]LogShaderLibrary: Display: ShaderCodeLibraryPakFileMountedCallback: pending pak file info (ChunkID:-1 Root:root:/ File:E:/GameEpic/UE_4.27/FeaturePacks/TP_2DSideScrollerBP.upack)
[2023.05.20-09.52.53:336][  0]LogPakFile: OnPakFileMounted2Time == 0.000026
[2023.05.20-09.52.53:336][  0]LogPakFile: PakFile PrimaryIndexSize=182
[2023.05.20-09.52.53:336][  0]LogPakFile: PakFile PathHashIndexSize=101
[2023.05.20-09.52.53:336][  0]LogPakFile: PakFile FullDirectoryIndexSize=138
[2023.05.20-09.52.53:336][  0]LogShaderLibrary: Display: ShaderCodeLibraryPakFileMountedCallback: PakFile 'E:/GameEpic/UE_4.27/FeaturePacks/TP_Flying.upack' (chunk index -1, root 'root:/') mounted
[2023.05.20-09.52.53:336][  0]LogShaderLibrary: Display: ShaderCodeLibraryPakFileMountedCallback: pending pak file info (ChunkID:-1 Root:root:/ File:E:/GameEpic/UE_4.27/FeaturePacks/TP_Flying.upack)
[2023.05.20-09.52.53:336][  0]LogPakFile: OnPakFileMounted2Time == 0.000025
[2023.05.20-09.52.53:337][  0]LogPakFile: PakFile PrimaryIndexSize=184
[2023.05.20-09.52.53:337][  0]LogPakFile: PakFile PathHashIndexSize=101
[2023.05.20-09.52.53:337][  0]LogPakFile: PakFile FullDirectoryIndexSize=142
[2023.05.20-09.52.53:337][  0]LogShaderLibrary: Display: ShaderCodeLibraryPakFileMountedCallback: PakFile 'E:/GameEpic/UE_4.27/FeaturePacks/TP_FlyingBP.upack' (chunk index -1, root 'root:/') mounted
[2023.05.20-09.52.53:337][  0]LogShaderLibrary: Display: ShaderCodeLibraryPakFileMountedCallback: pending pak file info (ChunkID:-1 Root:root:/ File:E:/GameEpic/UE_4.27/FeaturePacks/TP_FlyingBP.upack)
[2023.05.20-09.52.53:337][  0]LogPakFile: OnPakFileMounted2Time == 0.000025
[2023.05.20-09.52.53:337][  0]LogPakFile: PakFile PrimaryIndexSize=188
[2023.05.20-09.52.53:337][  0]LogPakFile: PakFile PathHashIndexSize=101
[2023.05.20-09.52.53:337][  0]LogPakFile: PakFile FullDirectoryIndexSize=150
[2023.05.20-09.52.53:337][  0]LogShaderLibrary: Display: ShaderCodeLibraryPakFileMountedCallback: PakFile 'E:/GameEpic/UE_4.27/FeaturePacks/TP_HandheldARBP.upack' (chunk index -1, root 'root:/') mounted
[2023.05.20-09.52.53:337][  0]LogShaderLibrary: Display: ShaderCodeLibraryPakFileMountedCallback: pending pak file info (ChunkID:-1 Root:root:/ File:E:/GameEpic/UE_4.27/FeaturePacks/TP_HandheldARBP.upack)
[2023.05.20-09.52.53:337][  0]LogPakFile: OnPakFileMounted2Time == 0.000025
[2023.05.20-09.52.53:338][  0]LogPakFile: PakFile PrimaryIndexSize=182
[2023.05.20-09.52.53:338][  0]LogPakFile: PakFile PathHashIndexSize=101
[2023.05.20-09.52.53:338][  0]LogPakFile: PakFile FullDirectoryIndexSize=138
[2023.05.20-09.52.53:338][  0]LogShaderLibrary: Display: ShaderCodeLibraryPakFileMountedCallback: PakFile 'E:/GameEpic/UE_4.27/FeaturePacks/TP_Puzzle.upack' (chunk index -1, root 'root:/') mounted
[2023.05.20-09.52.53:338][  0]LogShaderLibrary: Display: ShaderCodeLibraryPakFileMountedCallback: pending pak file info (ChunkID:-1 Root:root:/ File:E:/GameEpic/UE_4.27/FeaturePacks/TP_Puzzle.upack)
[2023.05.20-09.52.53:338][  0]LogPakFile: OnPakFileMounted2Time == 0.000026
[2023.05.20-09.52.53:338][  0]LogPakFile: PakFile PrimaryIndexSize=184
[2023.05.20-09.52.53:338][  0]LogPakFile: PakFile PathHashIndexSize=101
[2023.05.20-09.52.53:338][  0]LogPakFile: PakFile FullDirectoryIndexSize=142
[2023.05.20-09.52.53:338][  0]LogShaderLibrary: Display: ShaderCodeLibraryPakFileMountedCallback: PakFile 'E:/GameEpic/UE_4.27/FeaturePacks/TP_PuzzleBP.upack' (chunk index -1, root 'root:/') mounted
[2023.05.20-09.52.53:338][  0]LogShaderLibrary: Display: ShaderCodeLibraryPakFileMountedCallback: pending pak file info (ChunkID:-1 Root:root:/ File:E:/GameEpic/UE_4.27/FeaturePacks/TP_PuzzleBP.upack)
[2023.05.20-09.52.53:338][  0]LogPakFile: OnPakFileMounted2Time == 0.000026
[2023.05.20-09.52.53:338][  0]LogPakFile: PakFile PrimaryIndexSize=183
[2023.05.20-09.52.53:338][  0]LogPakFile: PakFile PathHashIndexSize=101
[2023.05.20-09.52.53:338][  0]LogPakFile: PakFile FullDirectoryIndexSize=140
[2023.05.20-09.52.53:338][  0]LogShaderLibrary: Display: ShaderCodeLibraryPakFileMountedCallback: PakFile 'E:/GameEpic/UE_4.27/FeaturePacks/TP_Rolling.upack' (chunk index -1, root 'root:/') mounted
[2023.05.20-09.52.53:338][  0]LogShaderLibrary: Display: ShaderCodeLibraryPakFileMountedCallback: pending pak file info (ChunkID:-1 Root:root:/ File:E:/GameEpic/UE_4.27/FeaturePacks/TP_Rolling.upack)
[2023.05.20-09.52.53:338][  0]LogPakFile: OnPakFileMounted2Time == 0.000026
[2023.05.20-09.52.53:339][  0]LogPakFile: PakFile PrimaryIndexSize=185
[2023.05.20-09.52.53:339][  0]LogPakFile: PakFile PathHashIndexSize=101
[2023.05.20-09.52.53:339][  0]LogPakFile: PakFile FullDirectoryIndexSize=144
[2023.05.20-09.52.53:339][  0]LogShaderLibrary: Display: ShaderCodeLibraryPakFileMountedCallback: PakFile 'E:/GameEpic/UE_4.27/FeaturePacks/TP_RollingBP.upack' (chunk index -1, root 'root:/') mounted
[2023.05.20-09.52.53:339][  0]LogShaderLibrary: Display: ShaderCodeLibraryPakFileMountedCallback: pending pak file info (ChunkID:-1 Root:root:/ File:E:/GameEpic/UE_4.27/FeaturePacks/TP_RollingBP.upack)
[2023.05.20-09.52.53:339][  0]LogPakFile: OnPakFileMounted2Time == 0.000026
[2023.05.20-09.52.53:339][  0]LogPakFile: PakFile PrimaryIndexSize=188
[2023.05.20-09.52.53:339][  0]LogPakFile: PakFile PathHashIndexSize=101
[2023.05.20-09.52.53:339][  0]LogPakFile: PakFile FullDirectoryIndexSize=150
[2023.05.20-09.52.53:339][  0]LogShaderLibrary: Display: ShaderCodeLibraryPakFileMountedCallback: PakFile 'E:/GameEpic/UE_4.27/FeaturePacks/TP_SideScroller.upack' (chunk index -1, root 'root:/') mounted
[2023.05.20-09.52.53:339][  0]LogShaderLibrary: Display: ShaderCodeLibraryPakFileMountedCallback: pending pak file info (ChunkID:-1 Root:root:/ File:E:/GameEpic/UE_4.27/FeaturePacks/TP_SideScroller.upack)
[2023.05.20-09.52.53:339][  0]LogPakFile: OnPakFileMounted2Time == 0.000026
[2023.05.20-09.52.53:340][  0]LogPakFile: PakFile PrimaryIndexSize=190
[2023.05.20-09.52.53:340][  0]LogPakFile: PakFile PathHashIndexSize=101
[2023.05.20-09.52.53:340][  0]LogPakFile: PakFile FullDirectoryIndexSize=154
[2023.05.20-09.52.53:340][  0]LogShaderLibrary: Display: ShaderCodeLibraryPakFileMountedCallback: PakFile 'E:/GameEpic/UE_4.27/FeaturePacks/TP_SideScrollerBP.upack' (chunk index -1, root 'root:/') mounted
[2023.05.20-09.52.53:340][  0]LogShaderLibrary: Display: ShaderCodeLibraryPakFileMountedCallback: pending pak file info (ChunkID:-1 Root:root:/ File:E:/GameEpic/UE_4.27/FeaturePacks/TP_SideScrollerBP.upack)
[2023.05.20-09.52.53:340][  0]LogPakFile: OnPakFileMounted2Time == 0.000026
[2023.05.20-09.52.53:340][  0]LogPakFile: PakFile PrimaryIndexSize=187
[2023.05.20-09.52.53:340][  0]LogPakFile: PakFile PathHashIndexSize=101
[2023.05.20-09.52.53:340][  0]LogPakFile: PakFile FullDirectoryIndexSize=148
[2023.05.20-09.52.53:340][  0]LogShaderLibrary: Display: ShaderCodeLibraryPakFileMountedCallback: PakFile 'E:/GameEpic/UE_4.27/FeaturePacks/TP_ThirdPerson.upack' (chunk index -1, root 'root:/') mounted
[2023.05.20-09.52.53:340][  0]LogShaderLibrary: Display: ShaderCodeLibraryPakFileMountedCallback: pending pak file info (ChunkID:-1 Root:root:/ File:E:/GameEpic/UE_4.27/FeaturePacks/TP_ThirdPerson.upack)
[2023.05.20-09.52.53:340][  0]LogPakFile: OnPakFileMounted2Time == 0.000025
[2023.05.20-09.52.53:340][  0]LogPakFile: PakFile PrimaryIndexSize=189
[2023.05.20-09.52.53:340][  0]LogPakFile: PakFile PathHashIndexSize=101
[2023.05.20-09.52.53:340][  0]LogPakFile: PakFile FullDirectoryIndexSize=152
[2023.05.20-09.52.53:340][  0]LogShaderLibrary: Display: ShaderCodeLibraryPakFileMountedCallback: PakFile 'E:/GameEpic/UE_4.27/FeaturePacks/TP_ThirdPersonBP.upack' (chunk index -1, root 'root:/') mounted
[2023.05.20-09.52.53:340][  0]LogShaderLibrary: Display: ShaderCodeLibraryPakFileMountedCallback: pending pak file info (ChunkID:-1 Root:root:/ File:E:/GameEpic/UE_4.27/FeaturePacks/TP_ThirdPersonBP.upack)
[2023.05.20-09.52.53:340][  0]LogPakFile: OnPakFileMounted2Time == 0.000025
[2023.05.20-09.52.53:341][  0]LogPakFile: PakFile PrimaryIndexSize=183
[2023.05.20-09.52.53:341][  0]LogPakFile: PakFile PathHashIndexSize=101
[2023.05.20-09.52.53:341][  0]LogPakFile: PakFile FullDirectoryIndexSize=140
[2023.05.20-09.52.53:341][  0]LogShaderLibrary: Display: ShaderCodeLibraryPakFileMountedCallback: PakFile 'E:/GameEpic/UE_4.27/FeaturePacks/TP_TopDown.upack' (chunk index -1, root 'root:/') mounted
[2023.05.20-09.52.53:341][  0]LogShaderLibrary: Display: ShaderCodeLibraryPakFileMountedCallback: pending pak file info (ChunkID:-1 Root:root:/ File:E:/GameEpic/UE_4.27/FeaturePacks/TP_TopDown.upack)
[2023.05.20-09.52.53:341][  0]LogPakFile: OnPakFileMounted2Time == 0.000030
[2023.05.20-09.52.53:341][  0]LogPakFile: PakFile PrimaryIndexSize=185
[2023.05.20-09.52.53:341][  0]LogPakFile: PakFile PathHashIndexSize=101
[2023.05.20-09.52.53:341][  0]LogPakFile: PakFile FullDirectoryIndexSize=144
[2023.05.20-09.52.53:341][  0]LogShaderLibrary: Display: ShaderCodeLibraryPakFileMountedCallback: PakFile 'E:/GameEpic/UE_4.27/FeaturePacks/TP_TopDownBP.upack' (chunk index -1, root 'root:/') mounted
[2023.05.20-09.52.53:341][  0]LogShaderLibrary: Display: ShaderCodeLibraryPakFileMountedCallback: pending pak file info (ChunkID:-1 Root:root:/ File:E:/GameEpic/UE_4.27/FeaturePacks/TP_TopDownBP.upack)
[2023.05.20-09.52.53:341][  0]LogPakFile: OnPakFileMounted2Time == 0.000028
[2023.05.20-09.52.53:341][  0]LogPakFile: PakFile PrimaryIndexSize=185
[2023.05.20-09.52.53:342][  0]LogPakFile: PakFile PathHashIndexSize=101
[2023.05.20-09.52.53:342][  0]LogPakFile: PakFile FullDirectoryIndexSize=144
[2023.05.20-09.52.53:342][  0]LogShaderLibrary: Display: ShaderCodeLibraryPakFileMountedCallback: PakFile 'E:/GameEpic/UE_4.27/FeaturePacks/TP_TwinStick.upack' (chunk index -1, root 'root:/') mounted
[2023.05.20-09.52.53:342][  0]LogShaderLibrary: Display: ShaderCodeLibraryPakFileMountedCallback: pending pak file info (ChunkID:-1 Root:root:/ File:E:/GameEpic/UE_4.27/FeaturePacks/TP_TwinStick.upack)
[2023.05.20-09.52.53:342][  0]LogPakFile: OnPakFileMounted2Time == 0.000025
[2023.05.20-09.52.53:342][  0]LogPakFile: PakFile PrimaryIndexSize=187
[2023.05.20-09.52.53:342][  0]LogPakFile: PakFile PathHashIndexSize=101
[2023.05.20-09.52.53:342][  0]LogPakFile: PakFile FullDirectoryIndexSize=148
[2023.05.20-09.52.53:342][  0]LogShaderLibrary: Display: ShaderCodeLibraryPakFileMountedCallback: PakFile 'E:/GameEpic/UE_4.27/FeaturePacks/TP_TwinStickBP.upack' (chunk index -1, root 'root:/') mounted
[2023.05.20-09.52.53:342][  0]LogShaderLibrary: Display: ShaderCodeLibraryPakFileMountedCallback: pending pak file info (ChunkID:-1 Root:root:/ File:E:/GameEpic/UE_4.27/FeaturePacks/TP_TwinStickBP.upack)
[2023.05.20-09.52.53:342][  0]LogPakFile: OnPakFileMounted2Time == 0.000026
[2023.05.20-09.52.53:342][  0]LogPakFile: PakFile PrimaryIndexSize=183
[2023.05.20-09.52.53:342][  0]LogPakFile: PakFile PathHashIndexSize=101
[2023.05.20-09.52.53:342][  0]LogPakFile: PakFile FullDirectoryIndexSize=140
[2023.05.20-09.52.53:342][  0]LogShaderLibrary: Display: ShaderCodeLibraryPakFileMountedCallback: PakFile 'E:/GameEpic/UE_4.27/FeaturePacks/TP_Vehicle.upack' (chunk index -1, root 'root:/') mounted
[2023.05.20-09.52.53:342][  0]LogShaderLibrary: Display: ShaderCodeLibraryPakFileMountedCallback: pending pak file info (ChunkID:-1 Root:root:/ File:E:/GameEpic/UE_4.27/FeaturePacks/TP_Vehicle.upack)
[2023.05.20-09.52.53:342][  0]LogPakFile: OnPakFileMounted2Time == 0.000026
[2023.05.20-09.52.53:343][  0]LogPakFile: PakFile PrimaryIndexSize=186
[2023.05.20-09.52.53:343][  0]LogPakFile: PakFile PathHashIndexSize=101
[2023.05.20-09.52.53:343][  0]LogPakFile: PakFile FullDirectoryIndexSize=146
[2023.05.20-09.52.53:343][  0]LogShaderLibrary: Display: ShaderCodeLibraryPakFileMountedCallback: PakFile 'E:/GameEpic/UE_4.27/FeaturePacks/TP_VehicleAdv.upack' (chunk index -1, root 'root:/') mounted
[2023.05.20-09.52.53:343][  0]LogShaderLibrary: Display: ShaderCodeLibraryPakFileMountedCallback: pending pak file info (ChunkID:-1 Root:root:/ File:E:/GameEpic/UE_4.27/FeaturePacks/TP_VehicleAdv.upack)
[2023.05.20-09.52.53:343][  0]LogPakFile: OnPakFileMounted2Time == 0.000026
[2023.05.20-09.52.53:343][  0]LogPakFile: PakFile PrimaryIndexSize=188
[2023.05.20-09.52.53:343][  0]LogPakFile: PakFile PathHashIndexSize=101
[2023.05.20-09.52.53:343][  0]LogPakFile: PakFile FullDirectoryIndexSize=150
[2023.05.20-09.52.53:343][  0]LogShaderLibrary: Display: ShaderCodeLibraryPakFileMountedCallback: PakFile 'E:/GameEpic/UE_4.27/FeaturePacks/TP_VehicleAdvBP.upack' (chunk index -1, root 'root:/') mounted
[2023.05.20-09.52.53:343][  0]LogShaderLibrary: Display: ShaderCodeLibraryPakFileMountedCallback: pending pak file info (ChunkID:-1 Root:root:/ File:E:/GameEpic/UE_4.27/FeaturePacks/TP_VehicleAdvBP.upack)
[2023.05.20-09.52.53:343][  0]LogPakFile: OnPakFileMounted2Time == 0.000027
[2023.05.20-09.52.53:343][  0]LogPakFile: PakFile PrimaryIndexSize=185
[2023.05.20-09.52.53:343][  0]LogPakFile: PakFile PathHashIndexSize=101
[2023.05.20-09.52.53:343][  0]LogPakFile: PakFile FullDirectoryIndexSize=144
[2023.05.20-09.52.53:343][  0]LogShaderLibrary: Display: ShaderCodeLibraryPakFileMountedCallback: PakFile 'E:/GameEpic/UE_4.27/FeaturePacks/TP_VehicleBP.upack' (chunk index -1, root 'root:/') mounted
[2023.05.20-09.52.53:344][  0]LogShaderLibrary: Display: ShaderCodeLibraryPakFileMountedCallback: pending pak file info (ChunkID:-1 Root:root:/ File:E:/GameEpic/UE_4.27/FeaturePacks/TP_VehicleBP.upack)
[2023.05.20-09.52.53:344][  0]LogPakFile: OnPakFileMounted2Time == 0.000031
[2023.05.20-09.52.53:344][  0]LogPakFile: PakFile PrimaryIndexSize=192
[2023.05.20-09.52.53:344][  0]LogPakFile: PakFile PathHashIndexSize=101
[2023.05.20-09.52.53:344][  0]LogPakFile: PakFile FullDirectoryIndexSize=158
[2023.05.20-09.52.53:344][  0]LogShaderLibrary: Display: ShaderCodeLibraryPakFileMountedCallback: PakFile 'E:/GameEpic/UE_4.27/FeaturePacks/TP_VirtualRealityBP.upack' (chunk index -1, root 'root:/') mounted
[2023.05.20-09.52.53:344][  0]LogShaderLibrary: Display: ShaderCodeLibraryPakFileMountedCallback: pending pak file info (ChunkID:-1 Root:root:/ File:E:/GameEpic/UE_4.27/FeaturePacks/TP_VirtualRealityBP.upack)
[2023.05.20-09.52.53:344][  0]LogPakFile: OnPakFileMounted2Time == 0.000026
[2023.05.20-09.52.53:370][  0]LogNativeClassHierarchy: Verbose: Native class hierarchy updated for 'AddContentDialog' in 0.0002 seconds. Added 0 classes and 0 folders.
[2023.05.20-09.52.53:371][  0]LogNativeClassHierarchy: Verbose: Native class hierarchy updated for 'SceneOutliner' in 0.0002 seconds. Added 2 classes and 0 folders.
[2023.05.20-09.52.53:442][  0]LogSlate: Took 0.000129 seconds to synchronously load lazily loaded font '../../../Engine/Content/Slate/Fonts/Roboto-Regular.ttf' (155K)
[2023.05.20-09.52.53:443][  0]LogSlate: Took 0.000105 seconds to synchronously load lazily loaded font '../../../Engine/Content/Editor/Slate/Fonts/FontAwesome.ttf' (139K)
[2023.05.20-09.52.53:443][  0]LogSlate: Took 0.000083 seconds to synchronously load lazily loaded font '../../../Engine/Content/Slate/Fonts/Roboto-Bold.ttf' (160K)
[2023.05.20-09.52.53:510][  0]LogRenderer: Reallocating scene render targets to support 1220x636 Format 10 NumSamples 1 (Frame:1).
[2023.05.20-09.52.53:868][  0]LogSlate: Took 0.000148 seconds to synchronously load lazily loaded font '../../../Engine/Content/Slate/Fonts/Roboto-Light.ttf' (167K)
[2023.05.20-09.52.53:914][  0]LogNativeClassHierarchy: Verbose: Native class hierarchy updated for 'HierarchicalLODOutliner' in 0.0002 seconds. Added 0 classes and 0 folders.
[2023.05.20-09.52.53:914][  0]LogInput: Warning: Action Jump uses invalid key OculusGo_Left_Trigger_Click.
[2023.05.20-09.52.53:914][  0]LogInput: Warning: Use -RemoveInvalidKeys to remove instances of these keys from the action mapping.
[2023.05.20-09.52.53:914][  0]LogLoad: (Engine Initialization) Total time: 7.71 seconds
[2023.05.20-09.52.53:914][  0]LogLoad: (Engine Initialization) Total Blueprint compile time: 0.00 seconds
[2023.05.20-09.52.53:955][  0]LogAssetRegistry: Asset discovery search completed in 4.4443 seconds
[2023.05.20-09.52.53:959][  0]LogCollectionManager: Fixed up redirectors for 0 collections in 0.000003 seconds (updated 0 objects)
[2023.05.20-09.52.53:960][  0]LogContentStreaming: Texture pool size now 1000 MB
[2023.05.20-09.52.53:975][  1]LogFileCache: Retrieving MD5 hashes for directory 'E:/4ThY Game/Edit/SilentWar/Content/' took 0.04s
[2023.05.20-09.52.54:933][109]LogSlate: Took 0.000154 seconds to synchronously load lazily loaded font '../../../Engine/Content/Slate/Fonts/Roboto-Light.ttf' (167K)
[2023.05.20-09.53.00:847][761]LogAssetEditorSubsystem: Opening Asset editor for Blueprint /Game/Character/Enemy/Enemy_Spawn/Wave_Spawber.Wave_Spawber
[2023.05.20-09.53.01:005][761]LogNativeClassHierarchy: Verbose: Native class hierarchy updated for 'BlueprintGraph' in 0.0006 seconds. Added 126 classes and 0 folders.
[2023.05.20-09.53.01:749][761]LogSlate: Took 0.000149 seconds to synchronously load lazily loaded font '../../../Engine/Content/Slate/Fonts/Roboto-BoldCondensed.ttf' (158K)
[2023.05.20-09.53.01:808][762]LogSlate: Took 0.000160 seconds to synchronously load lazily loaded font '../../../Engine/Content/Slate/Fonts/Roboto-Italic.ttf' (157K)
[2023.05.20-09.53.04:243][ 36]LogSlate: Window 'Wave_Spawber' being destroyed
[2023.05.20-09.53.05:388][165]LogAssetEditorSubsystem: Opening Asset editor for Blueprint /Game/Character/Enemy/Enemy_Spawn/Spawner.Spawner
[2023.05.20-09.53.30:681][107]LogEditorTransaction: Undo Delete current selection
[2023.05.20-09.53.50:877][456]LogRenderer: Reallocating scene render targets to support 1564x788 Format 10 NumSamples 1 (Frame:1).
[2023.05.20-09.54.29:695][ 68]LogWindowsTextInputMethodSystem: Display: IME system deactivated.
[2023.05.20-09.54.29:695][ 68]LogWindowsTextInputMethodSystem: Display: IME system deactivated.
[2023.05.20-09.54.33:282][462]LogAssetEditorSubsystem: Opening Asset editor for Blueprint /Game/Character/Enemy/BP_EnemyAI.BP_EnemyAI
[2023.05.20-09.56.01:155][ 66]LogAssetEditorSubsystem: Opening Asset editor for Blueprint /Game/ThirdPersonBP/Blueprints/ThirdPersonGameMode.ThirdPersonGameMode
[2023.05.20-10.02.54:151][521]LogUObjectHash: Compacting FUObjectHashTables data took   2.48ms
[2023.05.20-10.02.54:180][521]LogSavePackage: Moving '../../../../../4ThY Game/Edit/SilentWar/Saved/ThirdPersonExampleMap_Auto1688039A74ACD7FB88F1CFCB4A5AA00D2.tmp' to '../../../../../4ThY Game/Edit/SilentWar/Saved/Autosaves/Game/ThirdPersonBP/Maps/ThirdPersonExampleMap_Auto1.umap'
[2023.05.20-10.02.54:182][521]LogFileHelpers: Editor autosave (incl. external actors) for '/Game/ThirdPersonBP/Maps/ThirdPersonExampleMap' took 0.062
[2023.05.20-10.02.54:182][521]LogFileHelpers: Editor autosave (incl. sublevels & external actors) for all levels took 0.062
[2023.05.20-10.02.54:201][521]OBJ SavePackage: Generating thumbnails for [0] asset(s) in package [/Game/Character/Enemy/Enemy_Spawn/Wave_Spawber] ([4] browsable assets)...
[2023.05.20-10.02.54:201][521]OBJ SavePackage: Finished generating thumbnails for package [/Game/Character/Enemy/Enemy_Spawn/Wave_Spawber]
[2023.05.20-10.02.54:230][521]LogSavePackage: Moving '../../../../../4ThY Game/Edit/SilentWar/Saved/Wave_Spawber_Auto12FCA268C4F5DE2896D5CB29CB0D51E7B.tmp' to '../../../../../4ThY Game/Edit/SilentWar/Saved/Autosaves/Game/Character/Enemy/Enemy_Spawn/Wave_Spawber_Auto1.uasset'
[2023.05.20-10.02.54:233][521]LogFileHelpers: Auto-saving content packages took 0.052
