Log file open, 05/23/23 00:00:38
LogWindows: Failed to load 'aqProf.dll' (GetLastError=126)
LogWindows: File 'aqProf.dll' does not exist
LogWindows: Failed to load 'VtuneApi.dll' (GetLastError=126)
LogWindows: File 'VtuneApi.dll' does not exist
LogWindows: Failed to load 'VtuneApi32e.dll' (GetLastError=126)
LogWindows: File 'VtuneApi32e.dll' does not exist
LogConsoleResponse: Display: Failed to find resolution value strings in scalability ini. Falling back to default.
LogConsoleResponse: Display: Failed to find resolution value strings in scalability ini. Falling back to default.
LogInit: Display: Running engine for game: SilentWar
LogPlatformFile: Not using cached read wrapper
LogTaskGraph: Started task graph with 5 named threads and 47 total threads with 3 sets of task threads.
LogStats: Stats thread started at 0.188877
LogICUInternationalization: ICU TimeZone Detection - Raw Offset: +7:00, Platform Override: ''
LogInit: Display: Loading text-based GConfig....
LogPluginManager: Mounting plugin MeshPainting
LogPluginManager: Mounting plugin XGEController
LogPluginManager: Mounting plugin AISupport
LogPluginManager: Mounting plugin Paper2D
LogPluginManager: Mounting plugin EnvironmentQueryEditor
LogPluginManager: Mounting plugin LightPropagationVolume
LogPluginManager: Mounting plugin LiveLink
LogPluginManager: Mounting plugin CameraShakePreviewer
LogPluginManager: Mounting plugin GameplayCameras
LogPluginManager: Mounting plugin AnimationSharing
LogPluginManager: Mounting plugin OodleData
LogPluginManager: Mounting plugin CodeLiteSourceCodeAccess
LogPluginManager: Mounting plugin CLionSourceCodeAccess
LogPluginManager: Mounting plugin NullSourceCodeAccess
LogPluginManager: Mounting plugin KDevelopSourceCodeAccess
LogPluginManager: Mounting plugin GitSourceControl
LogPluginManager: Mounting plugin OodleNetwork
LogPluginManager: Mounting plugin PixWinPlugin
LogPluginManager: Mounting plugin PerforceSourceControl
LogPluginManager: Mounting plugin PluginUtils
LogPluginManager: Mounting plugin PropertyAccessNode
LogPluginManager: Mounting plugin RiderSourceCodeAccess
LogPluginManager: Mounting plugin TextureFormatOodle
LogPluginManager: Mounting plugin SubversionSourceControl
LogPluginManager: Mounting plugin UObjectPlugin
LogPluginManager: Mounting plugin PlasticSourceControl
LogPluginManager: Mounting plugin VisualStudioCodeSourceCodeAccess
LogPluginManager: Mounting plugin VisualStudioSourceCodeAccess
LogPluginManager: Mounting plugin AssetManagerEditor
LogPluginManager: Mounting plugin XCodeSourceCodeAccess
LogPluginManager: Mounting plugin CryptoKeys
LogPluginManager: Mounting plugin CurveEditorTools
LogPluginManager: Mounting plugin DataValidation
LogPluginManager: Mounting plugin GameplayTagsEditor
LogPluginManager: Mounting plugin MacGraphicsSwitching
LogPluginManager: Mounting plugin GeometryMode
LogPluginManager: Mounting plugin FacialAnimation
LogPluginManager: Mounting plugin PluginBrowser
LogPluginManager: Mounting plugin MobileLauncherProfileWizard
LogPluginManager: Mounting plugin AlembicImporter
LogPluginManager: Mounting plugin SpeedTreeImporter
LogPluginManager: Mounting plugin BackChannel
LogPluginManager: Mounting plugin MaterialAnalyzer
LogPluginManager: Mounting plugin ChaosClothEditor
LogPluginManager: Mounting plugin AutomationUtils
LogPluginManager: Mounting plugin CharacterAI
LogPluginManager: Mounting plugin ChaosCloth
LogPluginManager: Mounting plugin ChaosEditor
LogPluginManager: Mounting plugin ChaosSolverPlugin
LogPluginManager: Mounting plugin GeometryCache
LogPluginManager: Mounting plugin ChaosNiagara
LogPluginManager: Mounting plugin Niagara
LogPluginManager: Mounting plugin GeometryCollectionPlugin
LogPluginManager: Mounting plugin GeometryProcessing
LogPluginManager: Mounting plugin OpenImageDenoise
LogPluginManager: Mounting plugin MotoSynth
LogPluginManager: Mounting plugin PlatformCrypto
LogPluginManager: Mounting plugin PlanarCut
LogPluginManager: Mounting plugin PythonScriptPlugin
LogPluginManager: Mounting plugin ProxyLODPlugin
LogPluginManager: Mounting plugin SkeletalReduction
LogPluginManager: Mounting plugin DatasmithContent
LogPluginManager: Mounting plugin VariantManagerContent
LogPluginManager: Mounting plugin LuminPlatformFeatures
LogPluginManager: Mounting plugin MagicLeap
LogPluginManager: Mounting plugin MagicLeapLightEstimation
LogPluginManager: Mounting plugin MagicLeapMedia
LogPluginManager: Mounting plugin MagicLeapPassableWorld
LogPluginManager: Mounting plugin MLSDK
LogPluginManager: Mounting plugin AndroidMedia
LogPluginManager: Mounting plugin AvfMedia
LogPluginManager: Mounting plugin ImgMedia
LogPluginManager: Mounting plugin MediaCompositing
LogPluginManager: Mounting plugin MediaPlayerEditor
LogPluginManager: Mounting plugin WebMMedia
LogPluginManager: Mounting plugin WmfMedia
LogPluginManager: Mounting plugin TcpMessaging
LogPluginManager: Mounting plugin ActorSequence
LogPluginManager: Mounting plugin UdpMessaging
LogPluginManager: Mounting plugin LevelSequenceEditor
LogPluginManager: Mounting plugin MatineeToLevelSequence
LogPluginManager: Mounting plugin TemplateSequence
LogPluginManager: Mounting plugin OnlineSubsystem
LogPluginManager: Mounting plugin OnlineSubsystemNull
LogPluginManager: Mounting plugin OnlineSubsystemUtils
LogPluginManager: Mounting plugin ActorLayerUtilities
LogPluginManager: Mounting plugin LauncherChunkInstaller
LogPluginManager: Mounting plugin AndroidDeviceProfileSelector
LogPluginManager: Mounting plugin AndroidMoviePlayer
LogPluginManager: Mounting plugin AndroidPermission
LogPluginManager: Mounting plugin AppleImageUtils
LogPluginManager: Mounting plugin AppleMoviePlayer
LogPluginManager: Mounting plugin ArchVisCharacter
LogPluginManager: Mounting plugin AudioCapture
LogPluginManager: Mounting plugin CableComponent
LogPluginManager: Mounting plugin ChunkDownloader
LogPluginManager: Mounting plugin AssetTags
LogPluginManager: Mounting plugin ExampleDeviceProfileSelector
LogPluginManager: Mounting plugin EditableMesh
LogPluginManager: Mounting plugin AudioSynesthesia
LogPluginManager: Mounting plugin GoogleCloudMessaging
LogPluginManager: Mounting plugin GooglePAD
LogPluginManager: Mounting plugin CustomMeshComponent
LogPluginManager: Mounting plugin IOSDeviceProfileSelector
LogPluginManager: Mounting plugin LinuxDeviceProfileSelector
LogPluginManager: Mounting plugin LocationServicesBPLibrary
LogPluginManager: Mounting plugin MobilePatchingUtils
LogPluginManager: Mounting plugin OpenXREyeTracker
LogPluginManager: Mounting plugin OpenXR
LogPluginManager: Mounting plugin OpenXRHandTracking
LogPluginManager: Mounting plugin PhysXVehicles
LogPluginManager: Mounting plugin PostSplashScreen
LogPluginManager: Mounting plugin PropertyAccessEditor
LogPluginManager: Mounting plugin ProceduralMeshComponent
LogPluginManager: Mounting plugin RuntimePhysXCooking
LogPluginManager: Mounting plugin SignificanceManager
LogPluginManager: Mounting plugin SoundFields
LogPluginManager: Mounting plugin Synthesis
LogPluginManager: Mounting plugin WebMMoviePlayer
LogPluginManager: Mounting plugin WindowsMoviePlayer
LogPluginManager: Mounting plugin ScreenshotTools
LogPluginManager: Mounting plugin Takes
LogPluginManager: Mounting plugin ContentBrowserAssetDataSource
LogPluginManager: Mounting plugin ContentBrowserClassDataSource
LogPluginManager: Mounting plugin ContentBrowserFileDataSource
LogPluginManager: Mounting plugin OnlineSubsystemGooglePlay
LogPluginManager: Mounting plugin OnlineSubsystemIOS
LogPluginManager: Mounting plugin OculusVR
LogPluginManager: Mounting plugin SteamVR
PixWinPlugin: PIX capture plugin failed to initialize! Check that the process is launched from PIX.
LogInit: Using libcurl 7.55.1-DEV
LogInit:  - built for x86_64-pc-win32
LogInit:  - supports SSL with OpenSSL/1.1.1
LogInit:  - supports HTTP deflate (compression) using libz 1.2.8
LogInit:  - other features:
LogInit:      CURL_VERSION_SSL
LogInit:      CURL_VERSION_LIBZ
LogInit:      CURL_VERSION_IPV6
LogInit:      CURL_VERSION_ASYNCHDNS
LogInit:      CURL_VERSION_LARGEFILE
LogInit:      CURL_VERSION_IDN
LogInit:  CurlRequestOptions (configurable via config and command line):
LogInit:  - bVerifyPeer = true  - Libcurl will verify peer certificate
LogInit:  - bUseHttpProxy = false  - Libcurl will NOT use HTTP proxy
LogInit:  - bDontReuseConnections = false  - Libcurl will reuse connections
LogInit:  - MaxHostConnections = 16  - Libcurl will limit the number of connections to a host
LogInit:  - LocalHostAddr = Default
LogInit:  - BufferSize = 65536
LogOnline: OSS: Creating online subsystem instance for: NULL
LogInit: WinSock: version 1.1 (2.2), MaxSocks=32767, MaxUdp=65467
LogOnline: OSS: TryLoadSubsystemAndSetDefault: Loaded subsystem for module [NULL]
LogOculusPluginWrapper: OculusPlugin initialized successfully
LogHMD: Failed initializing OVRPlugin 1.59.0
LogInit: Build: ++UE4+Release-4.27-CL-18319896
LogInit: Engine Version: 4.27.2-18319896+++UE4+Release-4.27
LogInit: Compatible Engine Version: 4.27.0-17155196+++UE4+Release-4.27
LogInit: Net CL: 17155196
LogInit: OS: Windows 10 (Release 2009) (), CPU: Intel(R) Core(TM) i9-9900K CPU @ 3.60GHz, GPU: NVIDIA GeForce RTX 2080
LogInit: Compiled (64-bit): Nov 30 2021 07:12:08
LogInit: Compiled with Visual C++: 19.24.28315.00
LogInit: Build Configuration: Development
LogInit: Branch Name: ++UE4+Release-4.27
LogInit: Command Line:  -EpicPortal -epicusername=OTØRo -epicuserid=7b3de41be34d4a29a80c535825df2ef4 -epiclocale=en -epicsandboxid=ue
LogInit: Base Directory: E:/GameEpic/UE_4.27/Engine/Binaries/Win64/
LogInit: Allocator: TBB
LogInit: Installed Engine Build: 1
LogDevObjectVersion: Number of dev versions registered: 29
LogDevObjectVersion:   Dev-Blueprints (B0D832E4-1F89-4F0D-ACCF-7EB736FD4AA2): 10
LogDevObjectVersion:   Dev-Build (E1C64328-A22C-4D53-A36C-8E866417BD8C): 0
LogDevObjectVersion:   Dev-Core (375EC13C-06E4-48FB-B500-84F0262A717E): 4
LogDevObjectVersion:   Dev-Editor (E4B068ED-F494-42E9-A231-DA0B2E46BB41): 40
LogDevObjectVersion:   Dev-Framework (CFFC743F-43B0-4480-9391-14DF171D2073): 37
LogDevObjectVersion:   Dev-Mobile (B02B49B5-BB20-44E9-A304-32B752E40360): 3
LogDevObjectVersion:   Dev-Networking (A4E4105C-59A1-49B5-A7C5-40C4547EDFEE): 0
LogDevObjectVersion:   Dev-Online (39C831C9-5AE6-47DC-9A44-9C173E1C8E7C): 0
LogDevObjectVersion:   Dev-Physics (78F01B33-EBEA-4F98-B9B4-84EACCB95AA2): 14
LogDevObjectVersion:   Dev-Platform (6631380F-2D4D-43E0-8009-CF276956A95A): 0
LogDevObjectVersion:   Dev-Rendering (12F88B9F-8875-4AFC-A67C-D90C383ABD29): 45
LogDevObjectVersion:   Dev-Sequencer (7B5AE74C-D270-4C10-A958-57980B212A5A): 13
LogDevObjectVersion:   Dev-VR (D7296918-1DD6-4BDD-9DE2-64A83CC13884): 3
LogDevObjectVersion:   Dev-LoadTimes (C2A15278-BFE7-4AFE-6C17-90FF531DF755): 1
LogDevObjectVersion:   Private-Geometry (6EACA3D4-40EC-4CC1-B786-8BED09428FC5): 3
LogDevObjectVersion:   Dev-AnimPhys (29E575DD-E0A3-4627-9D10-D276232CDCEA): 17
LogDevObjectVersion:   Dev-Anim (AF43A65D-7FD3-4947-9873-3E8ED9C1BB05): 15
LogDevObjectVersion:   Dev-ReflectionCapture (6B266CEC-1EC7-4B8F-A30B-E4D90942FC07): 1
LogDevObjectVersion:   Dev-Automation (0DF73D61-A23F-47EA-B727-89E90C41499A): 1
LogDevObjectVersion:   FortniteMain (601D1886-AC64-4F84-AA16-D3DE0DEAC7D6): 47
LogDevObjectVersion:   FortniteRelease (E7086368-6B23-4C58-8439-1B7016265E91): 1
LogDevObjectVersion:   Dev-Enterprise (9DFFBCD6-494F-0158-E221-12823C92A888): 10
LogDevObjectVersion:   Dev-Niagara (F2AED0AC-9AFE-416F-8664-AA7FFA26D6FC): 1
LogDevObjectVersion:   Dev-Destruction (174F1F0B-B4C6-45A5-B13F-2EE8D0FB917D): 10
LogDevObjectVersion:   Dev-Physics-Ext (35F94A83-E258-406C-A318-09F59610247C): 41
LogDevObjectVersion:   Dev-PhysicsMaterial-Chaos (B68FC16E-8B1B-42E2-B453-215C058844FE): 1
LogDevObjectVersion:   Dev-CineCamera (B2E18506-4273-CFC2-A54E-F4BB758BBA07): 1
LogDevObjectVersion:   Dev-VirtualProduction (64F58936-FD1B-42BA-BA96-7289D5D0FA4E): 1
LogDevObjectVersion:   Dev-MediaFramework (6F0ED827-A609-4895-9C91-998D90180EA4): 2
LogInit: Presizing for max 25165824 objects, including 0 objects not considered by GC, pre-allocating 0 bytes for permanent pool.
LogConfig: Applying CVar settings from Section [/Script/Engine.StreamingSettings] File [E:/4ThY Game/Edit/SilentWar/Saved/Config/Windows/Engine.ini]
LogConfig: Setting CVar [[s.MinBulkDataSizeForAsyncLoading:131072]]
LogConfig: Setting CVar [[s.AsyncLoadingThreadEnabled:0]]
LogConfig: Setting CVar [[s.EventDrivenLoaderEnabled:1]]
LogConfig: Setting CVar [[s.WarnIfTimeLimitExceeded:0]]
LogConfig: Setting CVar [[s.TimeLimitExceededMultiplier:1.5]]
LogConfig: Setting CVar [[s.TimeLimitExceededMinTime:0.005]]
LogConfig: Setting CVar [[s.UseBackgroundLevelStreaming:1]]
LogConfig: Setting CVar [[s.PriorityAsyncLoadingExtraTime:15.0]]
LogConfig: Setting CVar [[s.LevelStreamingActorsUpdateTimeLimit:5.0]]
LogConfig: Setting CVar [[s.PriorityLevelStreamingActorsUpdateExtraTime:5.0]]
LogConfig: Setting CVar [[s.LevelStreamingComponentsRegistrationGranularity:10]]
LogConfig: Setting CVar [[s.UnregisterComponentsTimeLimit:1.0]]
LogConfig: Setting CVar [[s.LevelStreamingComponentsUnregistrationGranularity:5]]
LogConfig: Setting CVar [[s.FlushStreamingOnExit:1]]
LogInit: Object subsystem initialized
LogConfig: Setting CVar [[con.DebugEarlyDefault:1]]
LogConfig: Setting CVar [[r.setres:1280x720]]
[2023.05.22-17.00.39:252][  0]LogConfig: Setting CVar [[r.VSync:0]]
[2023.05.22-17.00.39:252][  0]LogConfig: Setting CVar [[r.RHICmdBypass:0]]
[2023.05.22-17.00.39:252][  0]LogConfig: Applying CVar settings from Section [/Script/Engine.RendererSettings] File [E:/4ThY Game/Edit/SilentWar/Saved/Config/Windows/Engine.ini]
[2023.05.22-17.00.39:252][  0]LogConfig: Setting CVar [[r.GPUCrashDebugging:0]]
[2023.05.22-17.00.39:252][  0]LogConfig: Applying CVar settings from Section [/Script/Engine.RendererOverrideSettings] File [E:/4ThY Game/Edit/SilentWar/Saved/Config/Windows/Engine.ini]
[2023.05.22-17.00.39:252][  0]LogConfig: Applying CVar settings from Section [/Script/Engine.StreamingSettings] File [E:/4ThY Game/Edit/SilentWar/Saved/Config/Windows/Engine.ini]
[2023.05.22-17.00.39:252][  0]LogConfig: Setting CVar [[s.MinBulkDataSizeForAsyncLoading:131072]]
[2023.05.22-17.00.39:252][  0]LogConfig: Setting CVar [[s.AsyncLoadingThreadEnabled:0]]
[2023.05.22-17.00.39:252][  0]LogConfig: Setting CVar [[s.EventDrivenLoaderEnabled:1]]
[2023.05.22-17.00.39:252][  0]LogConfig: Setting CVar [[s.WarnIfTimeLimitExceeded:0]]
[2023.05.22-17.00.39:252][  0]LogConfig: Setting CVar [[s.TimeLimitExceededMultiplier:1.5]]
[2023.05.22-17.00.39:252][  0]LogConfig: Setting CVar [[s.TimeLimitExceededMinTime:0.005]]
[2023.05.22-17.00.39:252][  0]LogConfig: Setting CVar [[s.UseBackgroundLevelStreaming:1]]
[2023.05.22-17.00.39:252][  0]LogConfig: Setting CVar [[s.PriorityAsyncLoadingExtraTime:15.0]]
[2023.05.22-17.00.39:252][  0]LogConfig: Setting CVar [[s.LevelStreamingActorsUpdateTimeLimit:5.0]]
[2023.05.22-17.00.39:252][  0]LogConfig: Setting CVar [[s.PriorityLevelStreamingActorsUpdateExtraTime:5.0]]
[2023.05.22-17.00.39:252][  0]LogConfig: Setting CVar [[s.LevelStreamingComponentsRegistrationGranularity:10]]
[2023.05.22-17.00.39:252][  0]LogConfig: Setting CVar [[s.UnregisterComponentsTimeLimit:1.0]]
[2023.05.22-17.00.39:252][  0]LogConfig: Setting CVar [[s.LevelStreamingComponentsUnregistrationGranularity:5]]
[2023.05.22-17.00.39:252][  0]LogConfig: Setting CVar [[s.FlushStreamingOnExit:1]]
[2023.05.22-17.00.39:252][  0]LogConfig: Applying CVar settings from Section [/Script/Engine.GarbageCollectionSettings] File [E:/4ThY Game/Edit/SilentWar/Saved/Config/Windows/Engine.ini]
[2023.05.22-17.00.39:252][  0]LogConfig: Setting CVar [[gc.MaxObjectsNotConsideredByGC:1]]
[2023.05.22-17.00.39:252][  0]LogConfig: Setting CVar [[gc.SizeOfPermanentObjectPool:0]]
[2023.05.22-17.00.39:252][  0]LogConfig: Setting CVar [[gc.FlushStreamingOnGC:0]]
[2023.05.22-17.00.39:252][  0]LogConfig: Setting CVar [[gc.NumRetriesBeforeForcingGC:10]]
[2023.05.22-17.00.39:252][  0]LogConfig: Setting CVar [[gc.AllowParallelGC:1]]
[2023.05.22-17.00.39:252][  0]LogConfig: Setting CVar [[gc.TimeBetweenPurgingPendingKillObjects:61.1]]
[2023.05.22-17.00.39:252][  0]LogConfig: Setting CVar [[gc.MaxObjectsInEditor:25165824]]
[2023.05.22-17.00.39:252][  0]LogConfig: Setting CVar [[gc.IncrementalBeginDestroyEnabled:1]]
[2023.05.22-17.00.39:252][  0]LogConfig: Setting CVar [[gc.CreateGCClusters:1]]
[2023.05.22-17.00.39:252][  0]LogConfig: Setting CVar [[gc.MinGCClusterSize:5]]
[2023.05.22-17.00.39:252][  0]LogConfig: Setting CVar [[gc.ActorClusteringEnabled:0]]
[2023.05.22-17.00.39:252][  0]LogConfig: Setting CVar [[gc.BlueprintClusteringEnabled:0]]
[2023.05.22-17.00.39:252][  0]LogConfig: Setting CVar [[gc.UseDisregardForGCOnDedicatedServers:0]]
[2023.05.22-17.00.39:252][  0]LogConfig: Setting CVar [[gc.MultithreadedDestructionEnabled:1]]
[2023.05.22-17.00.39:252][  0]LogConfig: Applying CVar settings from Section [/Script/Engine.NetworkSettings] File [E:/4ThY Game/Edit/SilentWar/Saved/Config/Windows/Engine.ini]
[2023.05.22-17.00.39:252][  0]LogConfig: Applying CVar settings from Section [/Script/UnrealEd.CookerSettings] File [E:/4ThY Game/Edit/SilentWar/Saved/Config/Windows/Engine.ini]
[2023.05.22-17.00.39:268][  0]LogConfig: Applying CVar settings from Section [ViewDistanceQuality@3] File [E:/4ThY Game/Edit/SilentWar/Saved/Config/Windows/Scalability.ini]
[2023.05.22-17.00.39:268][  0]LogConfig: Setting CVar [[r.SkeletalMeshLODBias:0]]
[2023.05.22-17.00.39:268][  0]LogConfig: Setting CVar [[r.ViewDistanceScale:1.0]]
[2023.05.22-17.00.39:268][  0]LogConfig: Applying CVar settings from Section [AntiAliasingQuality@3] File [E:/4ThY Game/Edit/SilentWar/Saved/Config/Windows/Scalability.ini]
[2023.05.22-17.00.39:268][  0]LogConfig: Setting CVar [[r.PostProcessAAQuality:4]]
[2023.05.22-17.00.39:268][  0]LogConfig: Applying CVar settings from Section [ShadowQuality@3] File [E:/4ThY Game/Edit/SilentWar/Saved/Config/Windows/Scalability.ini]
[2023.05.22-17.00.39:268][  0]LogConfig: Setting CVar [[r.LightFunctionQuality:1]]
[2023.05.22-17.00.39:268][  0]LogConfig: Setting CVar [[r.ShadowQuality:5]]
[2023.05.22-17.00.39:268][  0]LogConfig: Setting CVar [[r.Shadow.CSM.MaxCascades:10]]
[2023.05.22-17.00.39:268][  0]LogConfig: Setting CVar [[r.Shadow.MaxResolution:2048]]
[2023.05.22-17.00.39:268][  0]LogConfig: Setting CVar [[r.Shadow.MaxCSMResolution:2048]]
[2023.05.22-17.00.39:268][  0]LogConfig: Setting CVar [[r.Shadow.RadiusThreshold:0.01]]
[2023.05.22-17.00.39:268][  0]LogConfig: Setting CVar [[r.Shadow.DistanceScale:1.0]]
[2023.05.22-17.00.39:268][  0]LogConfig: Setting CVar [[r.Shadow.CSM.TransitionScale:1.0]]
[2023.05.22-17.00.39:268][  0]LogConfig: Setting CVar [[r.Shadow.PreShadowResolutionFactor:1.0]]
[2023.05.22-17.00.39:268][  0]LogConfig: Setting CVar [[r.DistanceFieldShadowing:1]]
[2023.05.22-17.00.39:268][  0]LogConfig: Setting CVar [[r.DistanceFieldAO:1]]
[2023.05.22-17.00.39:268][  0]LogConfig: Setting CVar [[r.AOQuality:2]]
[2023.05.22-17.00.39:268][  0]LogConfig: Setting CVar [[r.VolumetricFog:1]]
[2023.05.22-17.00.39:268][  0]LogConfig: Setting CVar [[r.VolumetricFog.GridPixelSize:8]]
[2023.05.22-17.00.39:268][  0]LogConfig: Setting CVar [[r.VolumetricFog.GridSizeZ:128]]
[2023.05.22-17.00.39:268][  0]LogConfig: Setting CVar [[r.VolumetricFog.HistoryMissSupersampleCount:4]]
[2023.05.22-17.00.39:268][  0]LogConfig: Setting CVar [[r.LightMaxDrawDistanceScale:1]]
[2023.05.22-17.00.39:268][  0]LogConfig: Setting CVar [[r.CapsuleShadows:1]]
[2023.05.22-17.00.39:268][  0]LogConfig: Applying CVar settings from Section [PostProcessQuality@3] File [E:/4ThY Game/Edit/SilentWar/Saved/Config/Windows/Scalability.ini]
[2023.05.22-17.00.39:268][  0]LogConfig: Setting CVar [[r.MotionBlurQuality:4]]
[2023.05.22-17.00.39:268][  0]LogConfig: Setting CVar [[r.AmbientOcclusionMipLevelFactor:0.4]]
[2023.05.22-17.00.39:268][  0]LogConfig: Setting CVar [[r.AmbientOcclusionMaxQuality:100]]
[2023.05.22-17.00.39:268][  0]LogConfig: Setting CVar [[r.AmbientOcclusionLevels:-1]]
[2023.05.22-17.00.39:268][  0]LogConfig: Setting CVar [[r.AmbientOcclusionRadiusScale:1.0]]
[2023.05.22-17.00.39:268][  0]LogConfig: Setting CVar [[r.DepthOfFieldQuality:2]]
[2023.05.22-17.00.39:268][  0]LogConfig: Setting CVar [[r.RenderTargetPoolMin:400]]
[2023.05.22-17.00.39:268][  0]LogConfig: Setting CVar [[r.LensFlareQuality:2]]
[2023.05.22-17.00.39:268][  0]LogConfig: Setting CVar [[r.SceneColorFringeQuality:1]]
[2023.05.22-17.00.39:268][  0]LogConfig: Setting CVar [[r.EyeAdaptationQuality:2]]
[2023.05.22-17.00.39:268][  0]LogConfig: Setting CVar [[r.BloomQuality:5]]
[2023.05.22-17.00.39:268][  0]LogConfig: Setting CVar [[r.FastBlurThreshold:100]]
[2023.05.22-17.00.39:268][  0]LogConfig: Setting CVar [[r.Upscale.Quality:3]]
[2023.05.22-17.00.39:268][  0]LogConfig: Setting CVar [[r.Tonemapper.GrainQuantization:1]]
[2023.05.22-17.00.39:268][  0]LogConfig: Setting CVar [[r.LightShaftQuality:1]]
[2023.05.22-17.00.39:268][  0]LogConfig: Setting CVar [[r.Filter.SizeScale:1]]
[2023.05.22-17.00.39:268][  0]LogConfig: Setting CVar [[r.Tonemapper.Quality:5]]
[2023.05.22-17.00.39:268][  0]LogConfig: Setting CVar [[r.DOF.Gather.AccumulatorQuality:1        ; higher gathering accumulator quality]]
[2023.05.22-17.00.39:268][  0]LogConfig: Setting CVar [[r.DOF.Gather.PostfilterMethod:1          ; Median3x3 postfilering method]]
[2023.05.22-17.00.39:268][  0]LogConfig: Setting CVar [[r.DOF.Gather.EnableBokehSettings:0       ; no bokeh simulation when gathering]]
[2023.05.22-17.00.39:268][  0]LogConfig: Setting CVar [[r.DOF.Gather.RingCount:4                 ; medium number of samples when gathering]]
[2023.05.22-17.00.39:269][  0]LogConfig: Setting CVar [[r.DOF.Scatter.ForegroundCompositing:1    ; additive foreground scattering]]
[2023.05.22-17.00.39:269][  0]LogConfig: Setting CVar [[r.DOF.Scatter.BackgroundCompositing:2    ; additive background scattering]]
[2023.05.22-17.00.39:269][  0]LogConfig: Setting CVar [[r.DOF.Scatter.EnableBokehSettings:1      ; bokeh simulation when scattering]]
[2023.05.22-17.00.39:269][  0]LogConfig: Setting CVar [[r.DOF.Scatter.MaxSpriteRatio:0.1         ; only a maximum of 10% of scattered bokeh]]
[2023.05.22-17.00.39:269][  0]LogConfig: Setting CVar [[r.DOF.Recombine.Quality:1                ; cheap slight out of focus]]
[2023.05.22-17.00.39:269][  0]LogConfig: Setting CVar [[r.DOF.Recombine.EnableBokehSettings:0    ; no bokeh simulation on slight out of focus]]
[2023.05.22-17.00.39:269][  0]LogConfig: Setting CVar [[r.DOF.TemporalAAQuality:1                ; more stable temporal accumulation]]
[2023.05.22-17.00.39:269][  0]LogConfig: Setting CVar [[r.DOF.Kernel.MaxForegroundRadius:0.025]]
[2023.05.22-17.00.39:269][  0]LogConfig: Setting CVar [[r.DOF.Kernel.MaxBackgroundRadius:0.025]]
[2023.05.22-17.00.39:269][  0]LogConfig: Applying CVar settings from Section [TextureQuality@3] File [E:/4ThY Game/Edit/SilentWar/Saved/Config/Windows/Scalability.ini]
[2023.05.22-17.00.39:269][  0]LogConfig: Setting CVar [[r.Streaming.MipBias:0]]
[2023.05.22-17.00.39:269][  0]LogConfig: Setting CVar [[r.Streaming.AmortizeCPUToGPUCopy:0]]
[2023.05.22-17.00.39:269][  0]LogConfig: Setting CVar [[r.Streaming.MaxNumTexturesToStreamPerFrame:0]]
[2023.05.22-17.00.39:269][  0]LogConfig: Setting CVar [[r.Streaming.Boost:1]]
[2023.05.22-17.00.39:269][  0]LogConfig: Setting CVar [[r.MaxAnisotropy:8]]
[2023.05.22-17.00.39:269][  0]LogConfig: Setting CVar [[r.VT.MaxAnisotropy:8]]
[2023.05.22-17.00.39:269][  0]LogConfig: Setting CVar [[r.Streaming.LimitPoolSizeToVRAM:0]]
[2023.05.22-17.00.39:269][  0]LogConfig: Setting CVar [[r.Streaming.PoolSize:1000]]
[2023.05.22-17.00.39:269][  0]LogConfig: Setting CVar [[r.Streaming.MaxEffectiveScreenSize:0]]
[2023.05.22-17.00.39:269][  0]LogConfig: Applying CVar settings from Section [EffectsQuality@3] File [E:/4ThY Game/Edit/SilentWar/Saved/Config/Windows/Scalability.ini]
[2023.05.22-17.00.39:269][  0]LogConfig: Setting CVar [[r.TranslucencyLightingVolumeDim:64]]
[2023.05.22-17.00.39:269][  0]LogConfig: Setting CVar [[r.RefractionQuality:2]]
[2023.05.22-17.00.39:269][  0]LogConfig: Setting CVar [[r.SSR.Quality:3]]
[2023.05.22-17.00.39:269][  0]LogConfig: Setting CVar [[r.SSR.HalfResSceneColor:0]]
[2023.05.22-17.00.39:269][  0]LogConfig: Setting CVar [[r.SceneColorFormat:4]]
[2023.05.22-17.00.39:269][  0]LogConfig: Setting CVar [[r.DetailMode:2]]
[2023.05.22-17.00.39:269][  0]LogConfig: Setting CVar [[r.TranslucencyVolumeBlur:1]]
[2023.05.22-17.00.39:269][  0]LogConfig: Setting CVar [[r.MaterialQualityLevel:1 ; High quality]]
[2023.05.22-17.00.39:269][  0]LogConfig: Setting CVar [[r.AnisotropicMaterials:1]]
[2023.05.22-17.00.39:269][  0]LogConfig: Setting CVar [[r.SSS.Scale:1]]
[2023.05.22-17.00.39:269][  0]LogConfig: Setting CVar [[r.SSS.SampleSet:2]]
[2023.05.22-17.00.39:269][  0]LogConfig: Setting CVar [[r.SSS.Quality:1]]
[2023.05.22-17.00.39:269][  0]LogConfig: Setting CVar [[r.SSS.HalfRes:0]]
[2023.05.22-17.00.39:269][  0]LogConfig: Setting CVar [[r.SSGI.Quality:3]]
[2023.05.22-17.00.39:269][  0]LogConfig: Setting CVar [[r.EmitterSpawnRateScale:1.0]]
[2023.05.22-17.00.39:269][  0]LogConfig: Setting CVar [[r.ParticleLightQuality:2]]
[2023.05.22-17.00.39:269][  0]LogConfig: Setting CVar [[r.SkyAtmosphere.AerialPerspectiveLUT.FastApplyOnOpaque:1 ; Always have FastSkyLUT 1 in this case to avoid wrong sky]]
[2023.05.22-17.00.39:269][  0]LogConfig: Setting CVar [[r.SkyAtmosphere.AerialPerspectiveLUT.SampleCountMaxPerSlice:4]]
[2023.05.22-17.00.39:269][  0]LogConfig: Setting CVar [[r.SkyAtmosphere.AerialPerspectiveLUT.DepthResolution:16.0]]
[2023.05.22-17.00.39:269][  0]LogConfig: Setting CVar [[r.SkyAtmosphere.FastSkyLUT:1]]
[2023.05.22-17.00.39:269][  0]LogConfig: Setting CVar [[r.SkyAtmosphere.FastSkyLUT.SampleCountMin:4.0]]
[2023.05.22-17.00.39:269][  0]LogConfig: Setting CVar [[r.SkyAtmosphere.FastSkyLUT.SampleCountMax:128.0]]
[2023.05.22-17.00.39:269][  0]LogConfig: Setting CVar [[r.SkyAtmosphere.SampleCountMin:4.0]]
[2023.05.22-17.00.39:269][  0]LogConfig: Setting CVar [[r.SkyAtmosphere.SampleCountMax:128.0]]
[2023.05.22-17.00.39:269][  0]LogConfig: Setting CVar [[r.SkyAtmosphere.TransmittanceLUT.UseSmallFormat:0]]
[2023.05.22-17.00.39:269][  0]LogConfig: Setting CVar [[r.SkyAtmosphere.TransmittanceLUT.SampleCount:10.0]]
[2023.05.22-17.00.39:269][  0]LogConfig: Setting CVar [[r.SkyAtmosphere.MultiScatteringLUT.SampleCount:15.0]]
[2023.05.22-17.00.39:269][  0]LogConfig: Setting CVar [[r.SkyLight.RealTimeReflectionCapture:1]]
[2023.05.22-17.00.39:269][  0]LogConfig: Applying CVar settings from Section [FoliageQuality@3] File [E:/4ThY Game/Edit/SilentWar/Saved/Config/Windows/Scalability.ini]
[2023.05.22-17.00.39:269][  0]LogConfig: Setting CVar [[foliage.DensityScale:1.0]]
[2023.05.22-17.00.39:269][  0]LogConfig: Setting CVar [[grass.DensityScale:1.0]]
[2023.05.22-17.00.39:269][  0]LogConfig: Applying CVar settings from Section [ShadingQuality@3] File [E:/4ThY Game/Edit/SilentWar/Saved/Config/Windows/Scalability.ini]
[2023.05.22-17.00.39:269][  0]LogConfig: Setting CVar [[r.HairStrands.SkyLighting.IntegrationType:2]]
[2023.05.22-17.00.39:269][  0]LogConfig: Setting CVar [[r.HairStrands.SkyAO.SampleCount:4]]
[2023.05.22-17.00.39:269][  0]LogConfig: Setting CVar [[r.HairStrands.Visibility.MSAA.SamplePerPixel:4]]
[2023.05.22-17.00.39:269][  0]LogInit: Selected Device Profile: [Windows]
[2023.05.22-17.00.39:269][  0]LogInit: Applying CVar settings loaded from the selected device profile: [Windows]
[2023.05.22-17.00.39:269][  0]LogHAL: Display: Platform has ~ 15 GB [15240941568 / 17179869184 / 15], which maps to Larger [LargestMinGB=32, LargerMinGB=12, DefaultMinGB=8, SmallerMinGB=6, SmallestMinGB=0)
[2023.05.22-17.00.39:269][  0]LogInit: Going up to parent DeviceProfile []
[2023.05.22-17.00.39:269][  0]LogConfig: Applying CVar settings from Section [ViewDistanceQuality@3] File [E:/4ThY Game/Edit/SilentWar/Saved/Config/Windows/Scalability.ini]
[2023.05.22-17.00.39:269][  0]LogConfig: Setting CVar [[r.SkeletalMeshLODBias:0]]
[2023.05.22-17.00.39:269][  0]LogConfig: Setting CVar [[r.ViewDistanceScale:1.0]]
[2023.05.22-17.00.39:269][  0]LogConfig: Applying CVar settings from Section [AntiAliasingQuality@3] File [E:/4ThY Game/Edit/SilentWar/Saved/Config/Windows/Scalability.ini]
[2023.05.22-17.00.39:269][  0]LogConfig: Setting CVar [[r.PostProcessAAQuality:4]]
[2023.05.22-17.00.39:269][  0]LogConfig: Applying CVar settings from Section [ShadowQuality@3] File [E:/4ThY Game/Edit/SilentWar/Saved/Config/Windows/Scalability.ini]
[2023.05.22-17.00.39:269][  0]LogConfig: Setting CVar [[r.LightFunctionQuality:1]]
[2023.05.22-17.00.39:269][  0]LogConfig: Setting CVar [[r.ShadowQuality:5]]
[2023.05.22-17.00.39:269][  0]LogConfig: Setting CVar [[r.Shadow.CSM.MaxCascades:10]]
[2023.05.22-17.00.39:269][  0]LogConfig: Setting CVar [[r.Shadow.MaxResolution:2048]]
[2023.05.22-17.00.39:269][  0]LogConfig: Setting CVar [[r.Shadow.MaxCSMResolution:2048]]
[2023.05.22-17.00.39:269][  0]LogConfig: Setting CVar [[r.Shadow.RadiusThreshold:0.01]]
[2023.05.22-17.00.39:269][  0]LogConfig: Setting CVar [[r.Shadow.DistanceScale:1.0]]
[2023.05.22-17.00.39:269][  0]LogConfig: Setting CVar [[r.Shadow.CSM.TransitionScale:1.0]]
[2023.05.22-17.00.39:269][  0]LogConfig: Setting CVar [[r.Shadow.PreShadowResolutionFactor:1.0]]
[2023.05.22-17.00.39:269][  0]LogConfig: Setting CVar [[r.DistanceFieldShadowing:1]]
[2023.05.22-17.00.39:269][  0]LogConfig: Setting CVar [[r.DistanceFieldAO:1]]
[2023.05.22-17.00.39:269][  0]LogConfig: Setting CVar [[r.AOQuality:2]]
[2023.05.22-17.00.39:269][  0]LogConfig: Setting CVar [[r.VolumetricFog:1]]
[2023.05.22-17.00.39:269][  0]LogConfig: Setting CVar [[r.VolumetricFog.GridPixelSize:8]]
[2023.05.22-17.00.39:269][  0]LogConfig: Setting CVar [[r.VolumetricFog.GridSizeZ:128]]
[2023.05.22-17.00.39:269][  0]LogConfig: Setting CVar [[r.VolumetricFog.HistoryMissSupersampleCount:4]]
[2023.05.22-17.00.39:269][  0]LogConfig: Setting CVar [[r.LightMaxDrawDistanceScale:1]]
[2023.05.22-17.00.39:269][  0]LogConfig: Setting CVar [[r.CapsuleShadows:1]]
[2023.05.22-17.00.39:269][  0]LogConfig: Applying CVar settings from Section [PostProcessQuality@3] File [E:/4ThY Game/Edit/SilentWar/Saved/Config/Windows/Scalability.ini]
[2023.05.22-17.00.39:269][  0]LogConfig: Setting CVar [[r.MotionBlurQuality:4]]
[2023.05.22-17.00.39:269][  0]LogConfig: Setting CVar [[r.AmbientOcclusionMipLevelFactor:0.4]]
[2023.05.22-17.00.39:269][  0]LogConfig: Setting CVar [[r.AmbientOcclusionMaxQuality:100]]
[2023.05.22-17.00.39:269][  0]LogConfig: Setting CVar [[r.AmbientOcclusionLevels:-1]]
[2023.05.22-17.00.39:269][  0]LogConfig: Setting CVar [[r.AmbientOcclusionRadiusScale:1.0]]
[2023.05.22-17.00.39:269][  0]LogConfig: Setting CVar [[r.DepthOfFieldQuality:2]]
[2023.05.22-17.00.39:269][  0]LogConfig: Setting CVar [[r.RenderTargetPoolMin:400]]
[2023.05.22-17.00.39:269][  0]LogConfig: Setting CVar [[r.LensFlareQuality:2]]
[2023.05.22-17.00.39:269][  0]LogConfig: Setting CVar [[r.SceneColorFringeQuality:1]]
[2023.05.22-17.00.39:269][  0]LogConfig: Setting CVar [[r.EyeAdaptationQuality:2]]
[2023.05.22-17.00.39:269][  0]LogConfig: Setting CVar [[r.BloomQuality:5]]
[2023.05.22-17.00.39:269][  0]LogConfig: Setting CVar [[r.FastBlurThreshold:100]]
[2023.05.22-17.00.39:269][  0]LogConfig: Setting CVar [[r.Upscale.Quality:3]]
[2023.05.22-17.00.39:269][  0]LogConfig: Setting CVar [[r.Tonemapper.GrainQuantization:1]]
[2023.05.22-17.00.39:269][  0]LogConfig: Setting CVar [[r.LightShaftQuality:1]]
[2023.05.22-17.00.39:269][  0]LogConfig: Setting CVar [[r.Filter.SizeScale:1]]
[2023.05.22-17.00.39:269][  0]LogConfig: Setting CVar [[r.Tonemapper.Quality:5]]
[2023.05.22-17.00.39:269][  0]LogConfig: Setting CVar [[r.DOF.Gather.AccumulatorQuality:1        ; higher gathering accumulator quality]]
[2023.05.22-17.00.39:269][  0]LogConfig: Setting CVar [[r.DOF.Gather.PostfilterMethod:1          ; Median3x3 postfilering method]]
[2023.05.22-17.00.39:269][  0]LogConfig: Setting CVar [[r.DOF.Gather.EnableBokehSettings:0       ; no bokeh simulation when gathering]]
[2023.05.22-17.00.39:269][  0]LogConfig: Setting CVar [[r.DOF.Gather.RingCount:4                 ; medium number of samples when gathering]]
[2023.05.22-17.00.39:269][  0]LogConfig: Setting CVar [[r.DOF.Scatter.ForegroundCompositing:1    ; additive foreground scattering]]
[2023.05.22-17.00.39:269][  0]LogConfig: Setting CVar [[r.DOF.Scatter.BackgroundCompositing:2    ; additive background scattering]]
[2023.05.22-17.00.39:269][  0]LogConfig: Setting CVar [[r.DOF.Scatter.EnableBokehSettings:1      ; bokeh simulation when scattering]]
[2023.05.22-17.00.39:269][  0]LogConfig: Setting CVar [[r.DOF.Scatter.MaxSpriteRatio:0.1         ; only a maximum of 10% of scattered bokeh]]
[2023.05.22-17.00.39:269][  0]LogConfig: Setting CVar [[r.DOF.Recombine.Quality:1                ; cheap slight out of focus]]
[2023.05.22-17.00.39:269][  0]LogConfig: Setting CVar [[r.DOF.Recombine.EnableBokehSettings:0    ; no bokeh simulation on slight out of focus]]
[2023.05.22-17.00.39:270][  0]LogConfig: Setting CVar [[r.DOF.TemporalAAQuality:1                ; more stable temporal accumulation]]
[2023.05.22-17.00.39:270][  0]LogConfig: Setting CVar [[r.DOF.Kernel.MaxForegroundRadius:0.025]]
[2023.05.22-17.00.39:270][  0]LogConfig: Setting CVar [[r.DOF.Kernel.MaxBackgroundRadius:0.025]]
[2023.05.22-17.00.39:270][  0]LogConfig: Applying CVar settings from Section [TextureQuality@3] File [E:/4ThY Game/Edit/SilentWar/Saved/Config/Windows/Scalability.ini]
[2023.05.22-17.00.39:270][  0]LogConfig: Setting CVar [[r.Streaming.MipBias:0]]
[2023.05.22-17.00.39:270][  0]LogConfig: Setting CVar [[r.Streaming.AmortizeCPUToGPUCopy:0]]
[2023.05.22-17.00.39:270][  0]LogConfig: Setting CVar [[r.Streaming.MaxNumTexturesToStreamPerFrame:0]]
[2023.05.22-17.00.39:270][  0]LogConfig: Setting CVar [[r.Streaming.Boost:1]]
[2023.05.22-17.00.39:270][  0]LogConfig: Setting CVar [[r.MaxAnisotropy:8]]
[2023.05.22-17.00.39:270][  0]LogConfig: Setting CVar [[r.VT.MaxAnisotropy:8]]
[2023.05.22-17.00.39:270][  0]LogConfig: Setting CVar [[r.Streaming.LimitPoolSizeToVRAM:0]]
[2023.05.22-17.00.39:270][  0]LogConfig: Setting CVar [[r.Streaming.PoolSize:1000]]
[2023.05.22-17.00.39:270][  0]LogConfig: Setting CVar [[r.Streaming.MaxEffectiveScreenSize:0]]
[2023.05.22-17.00.39:270][  0]LogConfig: Applying CVar settings from Section [EffectsQuality@3] File [E:/4ThY Game/Edit/SilentWar/Saved/Config/Windows/Scalability.ini]
[2023.05.22-17.00.39:270][  0]LogConfig: Setting CVar [[r.TranslucencyLightingVolumeDim:64]]
[2023.05.22-17.00.39:270][  0]LogConfig: Setting CVar [[r.RefractionQuality:2]]
[2023.05.22-17.00.39:270][  0]LogConfig: Setting CVar [[r.SSR.Quality:3]]
[2023.05.22-17.00.39:270][  0]LogConfig: Setting CVar [[r.SSR.HalfResSceneColor:0]]
[2023.05.22-17.00.39:270][  0]LogConfig: Setting CVar [[r.SceneColorFormat:4]]
[2023.05.22-17.00.39:270][  0]LogConfig: Setting CVar [[r.DetailMode:2]]
[2023.05.22-17.00.39:270][  0]LogConfig: Setting CVar [[r.TranslucencyVolumeBlur:1]]
[2023.05.22-17.00.39:270][  0]LogConfig: Setting CVar [[r.MaterialQualityLevel:1 ; High quality]]
[2023.05.22-17.00.39:270][  0]LogConfig: Setting CVar [[r.AnisotropicMaterials:1]]
[2023.05.22-17.00.39:270][  0]LogConfig: Setting CVar [[r.SSS.Scale:1]]
[2023.05.22-17.00.39:270][  0]LogConfig: Setting CVar [[r.SSS.SampleSet:2]]
[2023.05.22-17.00.39:270][  0]LogConfig: Setting CVar [[r.SSS.Quality:1]]
[2023.05.22-17.00.39:270][  0]LogConfig: Setting CVar [[r.SSS.HalfRes:0]]
[2023.05.22-17.00.39:270][  0]LogConfig: Setting CVar [[r.SSGI.Quality:3]]
[2023.05.22-17.00.39:270][  0]LogConfig: Setting CVar [[r.EmitterSpawnRateScale:1.0]]
[2023.05.22-17.00.39:270][  0]LogConfig: Setting CVar [[r.ParticleLightQuality:2]]
[2023.05.22-17.00.39:270][  0]LogConfig: Setting CVar [[r.SkyAtmosphere.AerialPerspectiveLUT.FastApplyOnOpaque:1 ; Always have FastSkyLUT 1 in this case to avoid wrong sky]]
[2023.05.22-17.00.39:270][  0]LogConfig: Setting CVar [[r.SkyAtmosphere.AerialPerspectiveLUT.SampleCountMaxPerSlice:4]]
[2023.05.22-17.00.39:270][  0]LogConfig: Setting CVar [[r.SkyAtmosphere.AerialPerspectiveLUT.DepthResolution:16.0]]
[2023.05.22-17.00.39:270][  0]LogConfig: Setting CVar [[r.SkyAtmosphere.FastSkyLUT:1]]
[2023.05.22-17.00.39:270][  0]LogConfig: Setting CVar [[r.SkyAtmosphere.FastSkyLUT.SampleCountMin:4.0]]
[2023.05.22-17.00.39:270][  0]LogConfig: Setting CVar [[r.SkyAtmosphere.FastSkyLUT.SampleCountMax:128.0]]
[2023.05.22-17.00.39:270][  0]LogConfig: Setting CVar [[r.SkyAtmosphere.SampleCountMin:4.0]]
[2023.05.22-17.00.39:270][  0]LogConfig: Setting CVar [[r.SkyAtmosphere.SampleCountMax:128.0]]
[2023.05.22-17.00.39:270][  0]LogConfig: Setting CVar [[r.SkyAtmosphere.TransmittanceLUT.UseSmallFormat:0]]
[2023.05.22-17.00.39:270][  0]LogConfig: Setting CVar [[r.SkyAtmosphere.TransmittanceLUT.SampleCount:10.0]]
[2023.05.22-17.00.39:270][  0]LogConfig: Setting CVar [[r.SkyAtmosphere.MultiScatteringLUT.SampleCount:15.0]]
[2023.05.22-17.00.39:270][  0]LogConfig: Setting CVar [[r.SkyLight.RealTimeReflectionCapture:1]]
[2023.05.22-17.00.39:270][  0]LogConfig: Applying CVar settings from Section [FoliageQuality@3] File [E:/4ThY Game/Edit/SilentWar/Saved/Config/Windows/Scalability.ini]
[2023.05.22-17.00.39:270][  0]LogConfig: Setting CVar [[foliage.DensityScale:1.0]]
[2023.05.22-17.00.39:270][  0]LogConfig: Setting CVar [[grass.DensityScale:1.0]]
[2023.05.22-17.00.39:270][  0]LogConfig: Applying CVar settings from Section [ShadingQuality@3] File [E:/4ThY Game/Edit/SilentWar/Saved/Config/Windows/Scalability.ini]
[2023.05.22-17.00.39:270][  0]LogConfig: Setting CVar [[r.HairStrands.SkyLighting.IntegrationType:2]]
[2023.05.22-17.00.39:270][  0]LogConfig: Setting CVar [[r.HairStrands.SkyAO.SampleCount:4]]
[2023.05.22-17.00.39:270][  0]LogConfig: Setting CVar [[r.HairStrands.Visibility.MSAA.SamplePerPixel:4]]
[2023.05.22-17.00.39:270][  0]LogConfig: Applying CVar settings from Section [Startup] File [../../../Engine/Config/ConsoleVariables.ini]
[2023.05.22-17.00.39:270][  0]LogConfig: Setting CVar [[net.UseAdaptiveNetUpdateFrequency:0]]
[2023.05.22-17.00.39:270][  0]LogConfig: Setting CVar [[p.chaos.AllowCreatePhysxBodies:1]]
[2023.05.22-17.00.39:270][  0]LogConfig: Setting CVar [[fx.SkipVectorVMBackendOptimizations:1]]
[2023.05.22-17.00.39:270][  0]LogConfig: Applying CVar settings from Section [ConsoleVariables] File [E:/4ThY Game/Edit/SilentWar/Saved/Config/Windows/Engine.ini]
[2023.05.22-17.00.39:270][  0]LogConfig: Applying CVar settings from Section [ConsoleVariables] File [E:/4ThY Game/Edit/SilentWar/Saved/Config/Windows/Editor.ini]
[2023.05.22-17.00.39:270][  0]LogInit: Computer: DESKTOP-ROT92MS
[2023.05.22-17.00.39:270][  0]LogInit: User: torro
[2023.05.22-17.00.39:270][  0]LogInit: CPU Page size=4096, Cores=8
[2023.05.22-17.00.39:270][  0]LogInit: High frequency timer resolution =10.000000 MHz
[2023.05.22-17.00.39:270][  0]LogMemory: Memory total: Physical=14.2GB (15GB approx)
[2023.05.22-17.00.39:270][  0]LogMemory: Platform Memory Stats for Windows
[2023.05.22-17.00.39:270][  0]LogMemory: Process Physical Memory: 150.23 MB used, 153.18 MB peak
[2023.05.22-17.00.39:270][  0]LogMemory: Process Virtual Memory: 131.70 MB used, 131.70 MB peak
[2023.05.22-17.00.39:270][  0]LogMemory: Physical Memory: 11564.83 MB used,  2970.06 MB free, 14534.89 MB total
[2023.05.22-17.00.39:270][  0]LogMemory: Virtual Memory: 134212232.00 MB used,  5495.47 MB free, 134217728.00 MB total
[2023.05.22-17.00.39:629][  0]LogWindows: WindowsPlatformFeatures enabled
[2023.05.22-17.00.39:658][  0]LogInit: Physics initialised using underlying interface: PhysX
[2023.05.22-17.00.39:658][  0]LogInit: Using OS detected language (en-US).
[2023.05.22-17.00.39:658][  0]LogInit: Overriding language with editor locale configuration option (th).
[2023.05.22-17.00.39:659][  0]LogTextLocalizationManager: No specific localization for 'en-US' exists, so the 'en' localization will be used.
[2023.05.22-17.00.39:796][  0]LogInit: Setting process to per monitor DPI aware
[2023.05.22-17.00.39:809][  0]LogWindowsTextInputMethodSystem: Display: IME system deactivated.
[2023.05.22-17.00.39:818][  0]LogSlate: New Slate User Created.  User Index 0, Is Virtual User: 0
[2023.05.22-17.00.39:818][  0]LogSlate: Slate User Registered.  User Index 0, Is Virtual User: 0
[2023.05.22-17.00.39:907][  0]LogD3D11RHI: Loaded GFSDK_Aftermath_Lib.x64.dll
[2023.05.22-17.00.39:959][  0]LogHMD: Failed to initialize OpenVR with code 108
[2023.05.22-17.00.39:959][  0]LogD3D11RHI: D3D11 min allowed feature level: 11_0
[2023.05.22-17.00.39:959][  0]LogD3D11RHI: D3D11 max allowed feature level: 11_0
[2023.05.22-17.00.39:959][  0]LogD3D11RHI: D3D11 adapters:
[2023.05.22-17.00.40:074][  0]LogD3D11RHI:    0. 'NVIDIA GeForce RTX 2080' (Feature Level 11_0)
[2023.05.22-17.00.40:074][  0]LogD3D11RHI:       8001/0/7267 MB DedicatedVideo/DedicatedSystem/SharedSystem, Outputs:1, VendorId:0x10de
[2023.05.22-17.00.40:076][  0]LogD3D11RHI:    1. 'Microsoft Basic Render Driver' (Feature Level 11_0)
[2023.05.22-17.00.40:076][  0]LogD3D11RHI:       0/0/7267 MB DedicatedVideo/DedicatedSystem/SharedSystem, Outputs:0, VendorId:0x1414
[2023.05.22-17.00.40:076][  0]LogD3D11RHI: Chosen D3D11 Adapter:
[2023.05.22-17.00.40:076][  0]LogD3D11RHI:     Description : NVIDIA GeForce RTX 2080
[2023.05.22-17.00.40:076][  0]LogD3D11RHI:     VendorId    : 10de
[2023.05.22-17.00.40:076][  0]LogD3D11RHI:     DeviceId    : 1e87
[2023.05.22-17.00.40:076][  0]LogD3D11RHI:     SubSysId    : 86621043
[2023.05.22-17.00.40:076][  0]LogD3D11RHI:     Revision    : 00a1
[2023.05.22-17.00.40:076][  0]LogD3D11RHI:     DedicatedVideoMemory : 8389656576 bytes
[2023.05.22-17.00.40:076][  0]LogD3D11RHI:     DedicatedSystemMemory : 0 bytes
[2023.05.22-17.00.40:076][  0]LogD3D11RHI:     SharedSystemMemory : 7620470784 bytes
[2023.05.22-17.00.40:076][  0]LogD3D11RHI:     AdapterLuid : 0 85460
[2023.05.22-17.00.40:084][  0]LogD3D11RHI: Creating new Direct3DDevice
[2023.05.22-17.00.40:084][  0]LogD3D11RHI:     GPU DeviceId: 0x1e87 (for the marketing name, search the web for "GPU Device Id")
[2023.05.22-17.00.40:084][  0]LogWindows: EnumDisplayDevices:
[2023.05.22-17.00.40:084][  0]LogWindows:    0. 'NVIDIA GeForce RTX 2080' (P:1 D:1)
[2023.05.22-17.00.40:084][  0]LogWindows:    1. 'NVIDIA GeForce RTX 2080' (P:0 D:0)
[2023.05.22-17.00.40:084][  0]LogWindows:    2. 'NVIDIA GeForce RTX 2080' (P:0 D:0)
[2023.05.22-17.00.40:084][  0]LogWindows:    3. 'NVIDIA GeForce RTX 2080' (P:0 D:0)
[2023.05.22-17.00.40:084][  0]LogWindows: DebugString: FoundDriverCount:4 
[2023.05.22-17.00.40:084][  0]LogD3D11RHI:     Adapter Name: NVIDIA GeForce RTX 2080
[2023.05.22-17.00.40:084][  0]LogD3D11RHI:   Driver Version: 531.68 (internal:31.0.15.3168, unified:531.68)
[2023.05.22-17.00.40:084][  0]LogD3D11RHI:      Driver Date: 4-13-2023
[2023.05.22-17.00.40:084][  0]LogRHI: Texture pool is 5600 MB (70% of 8001 MB)
[2023.05.22-17.00.40:084][  0]LogD3D11RHI: Creating D3DDevice using adapter:
[2023.05.22-17.00.40:084][  0]LogD3D11RHI:     Description : NVIDIA GeForce RTX 2080
[2023.05.22-17.00.40:084][  0]LogD3D11RHI:     VendorId    : 10de
[2023.05.22-17.00.40:084][  0]LogD3D11RHI:     DeviceId    : 1e87
[2023.05.22-17.00.40:084][  0]LogD3D11RHI:     SubSysId    : 86621043
[2023.05.22-17.00.40:084][  0]LogD3D11RHI:     Revision    : 00a1
[2023.05.22-17.00.40:084][  0]LogD3D11RHI:     DedicatedVideoMemory : 8389656576 bytes
[2023.05.22-17.00.40:084][  0]LogD3D11RHI:     DedicatedSystemMemory : 0 bytes
[2023.05.22-17.00.40:084][  0]LogD3D11RHI:     SharedSystemMemory : 7620470784 bytes
[2023.05.22-17.00.40:084][  0]LogD3D11RHI:     AdapterLuid : 0 85460
[2023.05.22-17.00.40:164][  0]LogD3D11RHI: RHI has support for 64 bit atomics
[2023.05.22-17.00.40:164][  0]LogD3D11RHI: Async texture creation enabled
[2023.05.22-17.00.40:164][  0]LogD3D11RHI: Array index from any shader is supported
[2023.05.22-17.00.40:179][  0]LogD3D11RHI: GPU Timing Frequency: 1000.000000 (Debug: 2 1)
[2023.05.22-17.00.40:201][  0]LogRHI: GeForceNow SDK initialized: 1
[2023.05.22-17.00.40:426][  0]LogTargetPlatformManager: Display: Loaded TargetPlatform 'AllDesktop'
[2023.05.22-17.00.40:441][  0]LogTargetPlatformManager: Display: Loaded TargetPlatform 'Android'
[2023.05.22-17.00.40:441][  0]LogTargetPlatformManager: Display: Loaded TargetPlatform 'Android_ASTC'
[2023.05.22-17.00.40:441][  0]LogTargetPlatformManager: Display: Loaded TargetPlatform 'Android_DXT'
[2023.05.22-17.00.40:441][  0]LogTargetPlatformManager: Display: Loaded TargetPlatform 'Android_ETC2'
[2023.05.22-17.00.40:441][  0]LogTargetPlatformManager: Display: Loaded TargetPlatform 'AndroidClient'
[2023.05.22-17.00.40:441][  0]LogTargetPlatformManager: Display: Loaded TargetPlatform 'Android_ASTCClient'
[2023.05.22-17.00.40:441][  0]LogTargetPlatformManager: Display: Loaded TargetPlatform 'Android_DXTClient'
[2023.05.22-17.00.40:441][  0]LogTargetPlatformManager: Display: Loaded TargetPlatform 'Android_ETC2Client'
[2023.05.22-17.00.40:441][  0]LogTargetPlatformManager: Display: Loaded TargetPlatform 'Android_Multi'
[2023.05.22-17.00.40:441][  0]LogTargetPlatformManager: Display: Loaded TargetPlatform 'Android_MultiClient'
[2023.05.22-17.00.40:453][  0]LogTargetPlatformManager: Display: Loaded TargetPlatform 'IOSClient'
[2023.05.22-17.00.40:453][  0]LogTargetPlatformManager: Display: Loaded TargetPlatform 'IOS'
[2023.05.22-17.00.40:459][  0]LogTargetPlatformManager: Display: Loaded TargetPlatform 'Linux'
[2023.05.22-17.00.40:462][  0]LogTargetPlatformManager: Display: Loaded TargetPlatform 'LinuxNoEditor'
[2023.05.22-17.00.40:465][  0]LogTargetPlatformManager: Display: Loaded TargetPlatform 'LinuxClient'
[2023.05.22-17.00.40:468][  0]LogTargetPlatformManager: Display: Loaded TargetPlatform 'LinuxServer'
[2023.05.22-17.00.40:474][  0]LogTargetPlatformManager: Display: Loaded TargetPlatform 'LinuxAArch64NoEditor'
[2023.05.22-17.00.40:477][  0]LogTargetPlatformManager: Display: Loaded TargetPlatform 'LinuxAArch64Client'
[2023.05.22-17.00.40:479][  0]LogTargetPlatformManager: Display: Loaded TargetPlatform 'LinuxAArch64Server'
[2023.05.22-17.00.40:495][  0]LogTargetPlatformManager: Display: Loaded TargetPlatform 'Lumin'
[2023.05.22-17.00.40:495][  0]LogTargetPlatformManager: Display: Loaded TargetPlatform 'LuminClient'
[2023.05.22-17.00.40:501][  0]LogTargetPlatformManager: Display: Loaded TargetPlatform 'MacNoEditor'
[2023.05.22-17.00.40:504][  0]LogTargetPlatformManager: Display: Loaded TargetPlatform 'Mac'
[2023.05.22-17.00.40:507][  0]LogTargetPlatformManager: Display: Loaded TargetPlatform 'MacClient'
[2023.05.22-17.00.40:509][  0]LogTargetPlatformManager: Display: Loaded TargetPlatform 'MacServer'
[2023.05.22-17.00.40:516][  0]LogTargetPlatformManager: Display: Loaded TargetPlatform 'TVOSClient'
[2023.05.22-17.00.40:516][  0]LogTargetPlatformManager: Display: Loaded TargetPlatform 'TVOS'
[2023.05.22-17.00.40:522][  0]LogTargetPlatformManager: Display: Loaded TargetPlatform 'WindowsNoEditor'
[2023.05.22-17.00.40:524][  0]LogTargetPlatformManager: Display: Loaded TargetPlatform 'Windows'
[2023.05.22-17.00.40:527][  0]LogTargetPlatformManager: Display: Loaded TargetPlatform 'WindowsClient'
[2023.05.22-17.00.40:530][  0]LogTargetPlatformManager: Display: Loaded TargetPlatform 'WindowsServer'
[2023.05.22-17.00.40:530][  0]LogTargetPlatformManager: Display: Building Assets For Windows
[2023.05.22-17.00.40:534][  0]LogAudioDebug: Display: Lib vorbis DLL was dynamically loaded.
[2023.05.22-17.00.40:553][  0]LogTextureFormatOodle: Display: Oodle Texture 2.9.0 init RDO Off
[2023.05.22-17.00.40:573][  0]LogRendererCore: Ray tracing is disabled. Reason: r.RayTracing=0.
[2023.05.22-17.00.40:573][  0]LogShaderCompilers: Guid format shader working directory is 6 characters bigger than the processId version (../../../../../4ThY Game/Edit/SilentWar/Intermediate/Shaders/WorkingDirectory/32756/).
[2023.05.22-17.00.40:573][  0]LogShaderCompilers: Cleaned the shader compiler working directory 'C:/Users/torro/AppData/Local/Temp/UnrealShaderWorkingDir/A4AEC99C4DB44E4752BFF1B50857C4AD/'.
[2023.05.22-17.00.40:574][  0]LogXGEController: Cannot use XGE Controller as Incredibuild is not installed on this machine.
[2023.05.22-17.00.40:574][  0]LogShaderCompilers: Cannot use XGE Shader Compiler as Incredibuild is not installed on this machine.
[2023.05.22-17.00.40:574][  0]LogShaderCompilers: Display: Using Local Shader Compiler.
[2023.05.22-17.00.41:170][  0]LogDerivedDataCache: Display: Max Cache Size: 512 MB
[2023.05.22-17.00.41:218][  0]LogDerivedDataCache: Loaded boot cache 0.05s 94MB C:/Users/torro/AppData/Local/UnrealEngine/4.27/DerivedDataCache/Boot.ddc.
[2023.05.22-17.00.41:218][  0]LogDerivedDataCache: Display: Loaded Boot cache: C:/Users/torro/AppData/Local/UnrealEngine/4.27/DerivedDataCache/Boot.ddc
[2023.05.22-17.00.41:218][  0]LogDerivedDataCache: FDerivedDataBackendGraph:  Pak pak cache file ../../../../../4ThY Game/Edit/SilentWar/DerivedDataCache/DDC.ddp not found, will not use a pak cache.
[2023.05.22-17.00.41:218][  0]LogDerivedDataCache: Unable to find inner node Pak for hierarchical cache Hierarchy.
[2023.05.22-17.00.41:218][  0]LogDerivedDataCache: FDerivedDataBackendGraph:  CompressedPak pak cache file ../../../../../4ThY Game/Edit/SilentWar/DerivedDataCache/Compressed.ddp not found, will not use a pak cache.
[2023.05.22-17.00.41:218][  0]LogDerivedDataCache: Unable to find inner node CompressedPak for hierarchical cache Hierarchy.
[2023.05.22-17.00.41:231][  0]LogDerivedDataCache: Display: Pak cache opened for reading ../../../Engine/DerivedDataCache/Compressed.ddp.
[2023.05.22-17.00.41:231][  0]LogDerivedDataCache: FDerivedDataBackendGraph:  EnterprisePak pak cache file ../../../Enterprise/DerivedDataCache/Compressed.ddp not found, will not use a pak cache.
[2023.05.22-17.00.41:231][  0]LogDerivedDataCache: Unable to find inner node EnterprisePak for hierarchical cache Hierarchy.
[2023.05.22-17.00.41:236][  0]LogDerivedDataCache: Speed tests for C:/Users/torro/AppData/Local/UnrealEngine/Common/DerivedDataCache took 0.01 seconds
[2023.05.22-17.00.41:236][  0]LogDerivedDataCache: Display: Performance to C:/Users/torro/AppData/Local/UnrealEngine/Common/DerivedDataCache: Latency=0.03ms. RandomReadSpeed=1423.06MBs, RandomWriteSpeed=231.34MBs. Assigned SpeedClass 'Local'
[2023.05.22-17.00.41:237][  0]LogDerivedDataCache: Using Local data cache path C:/Users/torro/AppData/Local/UnrealEngine/Common/DerivedDataCache: Writable
[2023.05.22-17.00.41:238][  0]LogDerivedDataCache: Shared data cache path not found in *engine.ini, will not use an Shared cache.
[2023.05.22-17.00.41:238][  0]LogDerivedDataCache: Unable to find inner node Shared for hierarchical cache Hierarchy.
[2023.05.22-17.00.41:273][  0]LogSlate: Using FreeType 2.10.0
[2023.05.22-17.00.41:274][  0]LogSlate: SlateFontServices - WITH_FREETYPE: 1, WITH_HARFBUZZ: 1
[2023.05.22-17.00.41:291][  0]LogAssetRegistry: FAssetRegistry took 0.0021 seconds to start up
[2023.05.22-17.00.41:457][  0]LogInit: Selected Device Profile: [Windows]
[2023.05.22-17.00.41:457][  0]LogInit: Active device profile: [00000215B2009500][00000215AAF50500 49] Windows
[2023.05.22-17.00.41:457][  0]LogInit: Profiles: [00000215B2009500][00000215AAF50500 49] Windows, [00000215B2008100][00000215AAF54640 49] WindowsNoEditor, [00000215B1FAFE00][00000215AAF58780 49] WindowsServer, [00000215B1F9E200][00000215AAF5C8C0 49] WindowsClient, [00000215B1FAC300][00000215B1A12A40 49] IOS, [00000215B1F9C500][00000215B1A16BC0 49] iPadAir, [00000215B1FADE00][00000215B1A1AD40 49] iPadAir2, [00000215B1F44800][00000215B1A23000 49] IPadPro, [00000215B1F44900][00000215B1A1F040 49] iPadAir3, [00000215B1FAFC00][00000215B1A271C0 49] iPadAir4, [00000215B1F44700][00000215B1A2B340 49] iPadMini2, [00000215B1FAC700][00000215B1A2F4C0 49] iPadMini3, [00000215B1F45500][00000215B1A33640 49] iPadMini4, [00000215B1FAD300][00000215B1A377C0 49] iPadMini5, [00000215B1F9D300][00000215B1A43A80 49] iPhone6, [00000215B1F43F00][00000215B1A3BAC0 49] iPodTouch6, [00000215B1F9C200][00000215B1A52200 49] iPhone7, [00000215B1F9CE00][00000215B1A4A240 49] iPodTouch7, [00000215B1F40800][00000215AAB6A3C0 49] iPhone5S, [00000215B1F9D200][00000215AABFC540 49] iPhone6Plus, [00000215B1F43200][00000215AD2666C0 49] iPhone6S, [00000215B1F9CC00][00000215B1A0E800 49] iPhone6SPlus, [00000215B1F41000][00000215AD282940 49] iPhone7Plus, [00000215B1F9D400][00000215AD286A80 49] iPhoneSE, [00000215B1F42A00][00000215AD28ABC0 49] iPhone8, [00000215B1F9E900][00000215AD292D40 49] iPhone8Plus, [00000215B1F41800][00000215AD29EEC0 49] iPhoneX, [00000215B1F9FD00][00000215B2C33040 49] iPhoneXS, [00000215B1F42200][00000215ACA811C0 49] iPhoneXSMax, [00000215B1F9D900][00000215B4275340 49] iPhoneXR, [00000215B1F43600][00000215B42794C0 49] iPhone11, [00000215B1F9EC00][00000215B427D640 49] iPhone11Pro, [00000215B1F43D00][00000215ACAB37C0 49] iPhone11ProMax, [00000215B1F9E000][00000215ACAF7940 49] iPhoneSE2, [00000215B1F40500][00000215B2DE9AC0 49] iPhone12Mini, [00000215B1F9CA00][00000215B2DEC0C0 49] iPhone12, [00000215B1F41D00][00000215B2E2A240 49] iPhone12Pro, [00000215B1F9D600][00000215B2E2E3C0 49] iPhone12ProMax, [00000215B1F42B00][00000215B2E52540 49] iPadPro105, [00000215B1F9C100][00000215B2E566C0 49] iPadPro129, [00000215B1F43300][00000215B2E5A840 49] iPadPro97, [00000215B1F9F000][00000215AD28E980 49] iPadPro2_129, [00000215B1F42700][00000215B2E5EAC0 49] iPad5, [00000215B1F9D800][00000215B2E62C00 49] iPad6, [00000215B1F41A00][00000215AB01CD40 49] iPad7, [00000215B1F9E100][00000215B2E6AEC0 49] iPad8, [00000215B1F40C00][00000215AABDD040 49] iPadPro11, [00000215B1F9F400][00000215AABE11C0 49] iPadPro2_11, [00000215B1F42900][00000215B2D33340 49] iPadPro3_129, [00000215B1F9F500][00000215B2D6B4C0 49] iPadPro4_129, [00000215B1F40100][00000215B2D8B640 49] AppleTV, [00000215B1F9F600][00000215B2DB77C0 49] AppleTV4K, [00000215B1F42600][00000215B3F6B940 49] TVOS, [00000215B1F9D000][00000215B3FCBAC0 49] Mac, [00000215B1F43400][00000215B3FCE0C0 49] MacClient, [00000215B1F9E500][00000215B3FE8240 49] MacNoEditor, [00000215B1F43700][00000215B400C3C0 49] MacServer, [00000215B1F9ED00][00000215B44A2540 49] Linux, [00000215B1F40D00][00000215B44A66C0 49] LinuxAArch64, [00000215B1F9C900][00000215B44B2840 49] LinuxNoEditor, [00000215B1F41F00][00000215B44B69C0 49] LinuxAArch64NoEditor, [00000215B1F9E400][00000215B44BAB40 49] LinuxClient, [00000215B1F41900][00000215B2E66C80 49] LinuxAArch64Client, [00000215B1F9CB00][00000215B4642DC0 49] LinuxServer, [00000215B1F42400][00000215B4646F00 49] LinuxAArch64Server, [00000215B1F9EB00][00000215ACA57080 49] Android, [00000215B1F40200][00000215ACA5B200 49] Android_Low, [00000215B1F9E700][00000215ACA69380 49] Android_Mid, [00000215B1FACD00][00000215B467D500 49] Android_High, [00000215B200B200][00000215B468D680 49] Android_Default, [00000215B1FAC200][00000215AAF85800 49] Android_Adreno4xx, [00000215B200AA00][00000215AAFBD980 49] Android_Adreno5xx_Low, [00000215B1FAEF00][00000215B4717B00 49] Android_Adreno5xx, [00000215B2009200][00000215B471A100 49] Android_Adreno6xx, [00000215B1FAD400][00000215B471E280 49] Android_Adreno6xx_Vulkan, [00000215B200A700][00000215B4722400 49] Android_Mali_T6xx, [00000215B1FAD700][00000215B4726580 49] Android_Mali_T7xx, [00000215B200B000][00000215B476C700 49] Android_Mali_T8xx, [00000215B1FAEA00][00000215B4770880 49] Android_Mali_G71, [00000215B200AE00][00000215B4774A00 49] Android_Mali_G72, [00000215B1FACA00][00000215B4778B80 49] Android_Mali_G72_Vulkan, [00000215B2008900][00000215B47ACD00 49] Android_Mali_G76, [00000215B1FAF000][00000215ACA52E40 49] Android_Mali_G76_Vulkan, [00000215B2008F00][00000215B2E3CF80 49] Android_Mali_G77, [00000215B1FAF900][00000215B2E410C0 49] Android_Mali_G77_Vulkan, [00000215B2008600][00000215B2E49240 49] Android_Mali_G78, [00000215B1FAF700][00000215B2E4D3C0 49] Android_Mali_G78_Vulkan, [00000215B2009D00][00000215B2E33540 49] Android_Mali_G710, [00000215B1FAE500][00000215B472B6C0 49] Android_Mali_G710_Vulkan, [00000215B2009000][00000215AAB6F840 49] Android_Vulkan_SM5, [00000215B1FAC900][00000215AAB739C0 49] Android_PowerVR_G6xxx, [00000215B2008200][00000215B2CB1B40 49] Android_PowerVR_GT7xxx, [00000215B1FAE600][00000215B4A92140 49] Android_PowerVR_GE8xxx, [00000215B2008E00][00000215B4A962C0 49] Android_PowerVR_GM9xxx, [00000215B1F9D500][00000215B4A9A440 49] Android_PowerVR_GM9xxx_Vulkan, [00000215B2009A00][00000215B2CB45C0 49] Android_TegraK1, [00000215B1F9DC00][00000215B2CB8740 49] Android_Unknown_Vulkan, [00000215B2009900][00000215B2CBC8C0 49] Lumin, [00000215B1F9E300][00000215B3F4EA40 49] Lumin_Desktop, [00000215B200A300][00000215B2DBABC0 49] HoloLens, 
[2023.05.22-17.00.41:551][  0]LogMeshReduction: Using QuadricMeshReduction for automatic static mesh reduction
[2023.05.22-17.00.41:551][  0]LogMeshReduction: Using SimplygonMeshReduction for automatic skeletal mesh reduction
[2023.05.22-17.00.41:551][  0]LogMeshReduction: Using ProxyLODMeshReduction for automatic mesh merging
[2023.05.22-17.00.41:551][  0]LogMeshReduction: No distributed automatic mesh merging module available
[2023.05.22-17.00.41:551][  0]LogMeshMerging: No distributed automatic mesh merging module available
[2023.05.22-17.00.41:562][  0]LogNetVersion: SilentWar 1.0.0, NetCL: 17155196, EngineNetVer: 17, GameNetVer: 0 (Checksum: 534430957)
[2023.05.22-17.00.41:829][  0]LogTexture: Default maximum texture size for cubemaps generated from long-lat sources has been changed from 512 to unlimited. In order to preserve old behaiour for '/Engine/MapTemplates/Sky/DaylightAmbientCubemap.DaylightAmbientCubemap', its maximum texture size has been explicitly set to 512.
[2023.05.22-17.00.41:870][  0]LogHMD: PokeAHoleMaterial loaded successfully
[2023.05.22-17.00.41:875][  0]LogUObjectArray: 17178 objects as part of root set at end of initial load.
[2023.05.22-17.00.41:875][  0]LogUObjectAllocator: 4302048 out of 0 bytes used by permanent object pool.
[2023.05.22-17.00.41:875][  0]LogUObjectArray: CloseDisregardForGC: 0/0 objects in disregard for GC pool
[2023.05.22-17.00.42:049][  0]LogNiagaraDebuggerClient: Niagara Debugger Client Initialized | Session: E8BF3BD74F296C0CA2AE8DBC243D7535 | Instance: E3DDBAE449AE9E70D364629220894086 (DESKTOP-ROT92MS-32756).
[2023.05.22-17.00.42:074][  0]LogPython: Using Python 3.7.7
[2023.05.22-17.00.42:579][  0]LogTcpMessaging: Initializing TcpMessaging bridge
[2023.05.22-17.00.42:584][  0]LogUdpMessaging: Initializing bridge on interface 0.0.0.0:0 to multicast group 230.0.0.1:6666.
[2023.05.22-17.00.42:622][  0]LogLinker: Warning: Failed to load '/Game/2DSideScrollerBP/2DSideScrollerOverview': Can't find file.
[2023.05.22-17.00.42:622][  0]LogLinker: Warning: Failed to load '/Game/2DSideScrollerBP/2DSideScrollerOverview': Can't find file.
[2023.05.22-17.00.42:622][  0]LogUObjectGlobals: Warning: Failed to find object 'Class /Game/2DSideScrollerBP/2DSideScrollerOverview.2DSideScrollerOverview_C'
[2023.05.22-17.00.42:670][  0]SourceControl: Source control is disabled
[2023.05.22-17.00.42:670][  0]SourceControl: Source control is disabled
[2023.05.22-17.00.42:674][  0]SourceControl: Source control is disabled
[2023.05.22-17.00.42:680][  0]SourceControl: Source control is disabled
[2023.05.22-17.00.42:684][  0]SourceControl: Source control is disabled
[2023.05.22-17.00.42:686][  0]LogUProjectInfo: Found projects:
[2023.05.22-17.00.42:802][  0]LogOpenImageDenoise: OIDN starting up
[2023.05.22-17.00.42:845][  0]LogAndroidPermission: UAndroidPermissionCallbackProxy::GetInstance
[2023.05.22-17.00.42:857][  0]LogAudioCaptureCore: Display: No Audio Capture implementations found. Audio input will be silent.
[2023.05.22-17.00.42:857][  0]LogAudioCaptureCore: Display: No Audio Capture implementations found. Audio input will be silent.
[2023.05.22-17.00.42:942][  0]LogCollectionManager: Loaded 0 collections in 0.000440 seconds
[2023.05.22-17.00.42:957][  0]LogFileCache: Scanning file cache for directory 'E:/4ThY Game/Edit/SilentWar/Saved/Collections/' took 0.00s
[2023.05.22-17.00.42:957][  0]LogFileCache: Scanning file cache for directory 'E:/4ThY Game/Edit/SilentWar/Content/Developers/torro/Collections/' took 0.00s
[2023.05.22-17.00.42:957][  0]LogFileCache: Scanning file cache for directory 'E:/4ThY Game/Edit/SilentWar/Content/Collections/' took 0.00s
[2023.05.22-17.00.42:957][  0]LogOcInput: OculusInput pre-init called
[2023.05.22-17.00.43:128][  0]LogEngine: Initializing Engine...
[2023.05.22-17.00.43:183][  0]LogHMD: Failed to initialize OpenVR with code 108
[2023.05.22-17.00.43:253][  0]LogHMD: Optional extension XR_VARJO_quad_views is not available
[2023.05.22-17.00.43:253][  0]LogHMD: Warning: Required extension XR_EXT_eye_gaze_interaction is not available
[2023.05.22-17.00.43:253][  0]LogHMD: Could not enable all required OpenXR extensions for OpenXREyeTracker on current system. This plugin will be loaded but ignored, but will be enabled on a target platform that supports the required extension.
[2023.05.22-17.00.43:254][  0]LogHMD: Failed to get an OpenXR system, result is XR_ERROR_FORM_FACTOR_UNAVAILABLE. Please check that your runtime supports VR headsets.
[2023.05.22-17.00.43:254][  0]LogMagicLeap: Warning: VR disabled because ZI is not enabled.  To enable, in the editor, Edit -> Project Settings -> Plugins -> Magic Leap Plugin -> Enable Zero Iteration
[2023.05.22-17.00.43:254][  0]LogStats: UGameplayTagsManager::InitializeManager -  0.000 s
[2023.05.22-17.00.43:350][  0]LogInit: Initializing FReadOnlyCVARCache
[2023.05.22-17.00.43:358][  0]LogAIModule: Creating AISystem for world Untitled
[2023.05.22-17.00.43:363][  0]LogAudio: Display: Initializing Audio Device Manager...
[2023.05.22-17.00.43:365][  0]LogAudio: Display: Loading Default Audio Settings Objects...
[2023.05.22-17.00.43:366][  0]LogAudio: Display: No default SoundConcurrencyObject specified (or failed to load).
[2023.05.22-17.00.43:366][  0]LogAudio: Display: Audio Device Manager Initialized
[2023.05.22-17.00.43:366][  0]LogAudio: Display: Creating Audio Device:                 Id: 1, Scope: Shared, Realtime: True
[2023.05.22-17.00.43:366][  0]LogAudioMixer: Display: Audio Mixer Platform Settings:
[2023.05.22-17.00.43:366][  0]LogAudioMixer: Display: 	Sample Rate:						  48000
[2023.05.22-17.00.43:366][  0]LogAudioMixer: Display: 	Callback Buffer Frame Size Requested: 1024
[2023.05.22-17.00.43:366][  0]LogAudioMixer: Display: 	Callback Buffer Frame Size To Use:	  1024
[2023.05.22-17.00.43:366][  0]LogAudioMixer: Display: 	Number of buffers to queue:			  2
[2023.05.22-17.00.43:366][  0]LogAudioMixer: Display: 	Max Channels (voices):				  32
[2023.05.22-17.00.43:366][  0]LogAudioMixer: Display: 	Number of Async Source Workers:		  0
[2023.05.22-17.00.43:366][  0]LogAudio: Display: AudioDevice MaxSources: 32
[2023.05.22-17.00.43:366][  0]LogAudio: Display: Audio Spatialization Plugin: None (built-in).
[2023.05.22-17.00.43:366][  0]LogAudio: Display: Audio Reverb Plugin: None (built-in).
[2023.05.22-17.00.43:366][  0]LogAudio: Display: Audio Occlusion Plugin: None (built-in).
[2023.05.22-17.00.43:366][  0]LogAudioMixer: Display: Initializing audio mixer.
[2023.05.22-17.00.43:886][  0]LogAudioMixer: Display: 0: FrontLeft
[2023.05.22-17.00.43:886][  0]LogAudioMixer: Display: 1: FrontRight
[2023.05.22-17.00.43:973][  0]LogAudioMixer: Display: Using Audio Device Headset Earphone (2- ROG Strix HS)
[2023.05.22-17.00.43:976][  0]LogAudioMixer: Display: Initializing Sound Submixes...
[2023.05.22-17.00.43:977][  0]LogAudioMixer: Display: Creating Master Submix 'MasterSubmixDefault'
[2023.05.22-17.00.43:977][  0]LogAudioMixer: Display: Creating Master Submix 'MasterReverbSubmixDefault'
[2023.05.22-17.00.43:978][  0]LogAudioMixer: Display: Creating Master Submix 'MasterEQSubmixDefault'
[2023.05.22-17.00.43:978][  0]LogAudioMixer: FMixerPlatformXAudio2::StartAudioStream() called
[2023.05.22-17.00.43:978][  0]LogAudioMixer: Display: Output buffers initialized: Frames=1024, Channels=2, Samples=2048
[2023.05.22-17.00.43:979][  0]LogAudioMixer: Display: Starting AudioMixerPlatformInterface::RunInternal()
[2023.05.22-17.00.43:979][  0]LogAudioMixer: Display: FMixerPlatformXAudio2::SubmitBuffer() called for the first time
[2023.05.22-17.00.43:979][  0]LogInit: FAudioDevice initialized.
[2023.05.22-17.00.43:980][  0]LogAudio: Display: Audio Device (ID: 1) registered with world 'Untitled'.
[2023.05.22-17.00.43:980][  0]LogNetVersion: Set ProjectVersion to 1.0.0.0. Version Checksum will be recalculated on next use.
[2023.05.22-17.00.44:029][  0]LogDerivedDataCache: Saved boot cache 0.05s 94MB C:/Users/torro/AppData/Local/UnrealEngine/4.27/DerivedDataCache/Boot.ddc.
[2023.05.22-17.00.44:029][  0]LogInit: Texture streaming: Enabled
[2023.05.22-17.00.44:041][  0]LogAnalytics: Display: [UEEditor.Rocket.Release] APIServer = https://datarouter.ol.epicgames.com/. AppVersion = 4.27.2-18319896+++UE4+Release-4.27
[2023.05.22-17.00.44:045][  0]LogEngineSessionManager: EngineSessionManager initialized
[2023.05.22-17.00.44:045][  0]LogEditorSessionSummary: Verbose: Initializing EditorSessionSummaryWriter for editor session tracking
[2023.05.22-17.00.44:047][  0]LogEditorSessionSummary: EditorSessionSummaryWriter initialized
[2023.05.22-17.00.44:070][  0]LogInit: Transaction tracking system initialized
[2023.05.22-17.00.44:084][  0]BlueprintLog: New page: Editor Load
[2023.05.22-17.00.44:122][  0]LocalizationService: Localization service is disabled
[2023.05.22-17.00.44:137][  0]TimingProfiler: Initialize
[2023.05.22-17.00.44:137][  0]TimingProfiler: OnSessionChanged
[2023.05.22-17.00.44:137][  0]LoadingProfiler: Initialize
[2023.05.22-17.00.44:137][  0]LoadingProfiler: OnSessionChanged
[2023.05.22-17.00.44:137][  0]NetworkingProfiler: Initialize
[2023.05.22-17.00.44:137][  0]NetworkingProfiler: OnSessionChanged
[2023.05.22-17.00.44:137][  0]MemoryProfiler: Initialize
[2023.05.22-17.00.44:137][  0]MemoryProfiler: OnSessionChanged
[2023.05.22-17.00.44:230][  0]LogCook: Display: CookSettings for Memory: MemoryMaxUsedVirtual 0MiB, MemoryMaxUsedPhysical 16384MiB, MemoryMinFreeVirtual 0MiB, MemoryMinFreePhysical 1024MiB
[2023.05.22-17.00.44:230][  0]LogCook: Display: Mobile HDR setting 1
[2023.05.22-17.00.44:363][  0]LogFileCache: Scanning file cache for directory 'E:/4ThY Game/Edit/SilentWar/Content/' took 0.00s
[2023.05.22-17.00.44:495][  0]LogInit: Display: Engine is initialized. Leaving FEngineLoop::Init()
[2023.05.22-17.00.44:497][  0]SourceControl: Source control is disabled
[2023.05.22-17.00.44:497][  0]LogUnrealEdMisc: Loading editor; pre map load, took 6.511
[2023.05.22-17.00.44:497][  0]Cmd: MAP LOAD FILE="../../../../../4ThY Game/Edit/SilentWar/Content/ThirdPersonBP/Maps/ThirdPersonExampleMap.umap" TEMPLATE=0 SHOWPROGRESS=1 FEATURELEVEL=3
[2023.05.22-17.00.44:498][  0]LightingResults: New page: Lighting Build
[2023.05.22-17.00.44:498][  0]LogWorld: UWorld::CleanupWorld for Untitled, bSessionEnded=true, bCleanupResources=true
[2023.05.22-17.00.44:499][  0]LogSlate: InvalidateAllWidgets triggered.  All widgets were invalidated
[2023.05.22-17.00.44:499][  0]MapCheck: New page: Map Check
[2023.05.22-17.00.44:499][  0]LightingResults: New page: Lighting Build
[2023.05.22-17.00.44:503][  0]LogAudio: Display: Audio Device unregistered from world 'None'.
[2023.05.22-17.00.44:505][  0]LogUObjectHash: Compacting FUObjectHashTables data took   0.62ms
[2023.05.22-17.00.44:972][  0]LogAudio: Display: Audio Device (ID: 1) registered with world 'ThirdPersonExampleMap'.
[2023.05.22-17.00.44:972][  0]LogAIModule: Creating AISystem for world ThirdPersonExampleMap
[2023.05.22-17.00.44:977][  0]LogMaterial: Display: Material /Engine/Functions/Engine_MaterialFunctions02/ExampleContent/testDynamicbranch.testDynamicbranch needed to have new flag set bUsedWithSkeletalMesh !
[2023.05.22-17.00.44:982][  0]LogMaterial: Display: Missing cached shadermap for testDynamicbranch in PCD3D_SM5, Default, SM5 (DDC key hash: B671B163D76D9DCFF98125CCCB9E921173C25163), compiling. 
[2023.05.22-17.00.45:018][  0]LogShaderCompilers: Display: Submitted 32 shader compile jobs with 'Low' priority
[2023.05.22-17.00.45:018][  0]MapCheck: Warning: testDynamicbranch Material /Engine/Functions/Engine_MaterialFunctions02/ExampleContent/testDynamicbranch.testDynamicbranch was missing the usage flag bUsedWithSkeletalMesh. If the material asset is not re-saved, it may not render correctly when run outside the editor. Fix
[2023.05.22-17.00.45:030][  0]LogShaderCompilers: Display: Worker (1/13): shaders left to compile 32
[2023.05.22-17.00.45:030][  0]LogShaderCompilers: Display: Worker (2/13): shaders left to compile 29
[2023.05.22-17.00.45:030][  0]LogShaderCompilers: Display: Worker (3/13): shaders left to compile 26
[2023.05.22-17.00.45:030][  0]LogShaderCompilers: Display: Worker (4/13): shaders left to compile 23
[2023.05.22-17.00.45:030][  0]LogShaderCompilers: Display: Worker (5/13): shaders left to compile 20
[2023.05.22-17.00.45:030][  0]LogShaderCompilers: Display: Worker (6/13): shaders left to compile 17
[2023.05.22-17.00.45:030][  0]LogShaderCompilers: Display: Worker (7/13): shaders left to compile 14
[2023.05.22-17.00.45:030][  0]LogShaderCompilers: Display: Worker (8/13): shaders left to compile 11
[2023.05.22-17.00.45:030][  0]LogShaderCompilers: Display: Worker (9/13): shaders left to compile 8
[2023.05.22-17.00.45:030][  0]LogShaderCompilers: Display: Worker (10/13): shaders left to compile 5
[2023.05.22-17.00.45:030][  0]LogShaderCompilers: Display: Worker (11/13): shaders left to compile 2
[2023.05.22-17.00.45:030][  0]LogShaderCompilers: Display: Started 32 'Local' shader compile jobs with 'Low' priority
[2023.05.22-17.00.45:030][  0]LogEditorServer: Finished looking for orphan Actors (0.000 secs)
[2023.05.22-17.00.45:045][  0]LogUObjectHash: Compacting FUObjectHashTables data took   1.63ms
[2023.05.22-17.00.45:045][  0]Cmd: MAP CHECKDEP NOCLEARLOG
[2023.05.22-17.00.45:046][  0]MapCheck: Map check complete: 0 Error(s), 1 Warning(s), took 0.164ms to complete.
[2023.05.22-17.00.45:053][  0]LogFileHelpers: Loading map 'ThirdPersonExampleMap' took 0.556
[2023.05.22-17.00.45:055][  0]LogUnrealEdMisc: Total Editor Startup Time, took 7.069
[2023.05.22-17.00.45:176][  0]LogSlate: Updating window title bar state: overlay mode, drag disabled, window buttons hidden, title bar hidden
[2023.05.22-17.00.45:183][  0]LogSlate: Updating window title bar state: overlay mode, drag disabled, window buttons hidden, title bar hidden
[2023.05.22-17.00.45:190][  0]LogSlate: Updating window title bar state: overlay mode, drag disabled, window buttons hidden, title bar hidden
[2023.05.22-17.00.45:198][  0]LogSlate: Updating window title bar state: overlay mode, drag disabled, window buttons hidden, title bar hidden
[2023.05.22-17.00.45:218][  0]LogNativeClassHierarchy: Verbose: Native class hierarchy populated in 0.0144 seconds. Added 3822 classes and 928 folders.
[2023.05.22-17.00.45:226][  0]LogNativeClassHierarchy: Verbose: Native class hierarchy updated for 'WidgetCarousel' in 0.0006 seconds. Added 0 classes and 0 folders.
[2023.05.22-17.00.45:228][  0]LogPakFile: PakFile PrimaryIndexSize=187
[2023.05.22-17.00.45:228][  0]LogPakFile: PakFile PathHashIndexSize=101
[2023.05.22-17.00.45:228][  0]LogPakFile: PakFile FullDirectoryIndexSize=148
[2023.05.22-17.00.45:228][  0]LogShaderLibrary: Display: ShaderCodeLibraryPakFileMountedCallback: PakFile 'E:/GameEpic/UE_4.27/FeaturePacks/FP_FirstPerson.upack' (chunk index -1, root 'root:/') mounted
[2023.05.22-17.00.45:228][  0]LogShaderLibrary: Display: ShaderCodeLibraryPakFileMountedCallback: pending pak file info (ChunkID:-1 Root:root:/ File:E:/GameEpic/UE_4.27/FeaturePacks/FP_FirstPerson.upack)
[2023.05.22-17.00.45:228][  0]LogPakFile: OnPakFileMounted2Time == 0.000104
[2023.05.22-17.00.45:229][  0]LogPakFile: PakFile PrimaryIndexSize=189
[2023.05.22-17.00.45:229][  0]LogPakFile: PakFile PathHashIndexSize=101
[2023.05.22-17.00.45:229][  0]LogPakFile: PakFile FullDirectoryIndexSize=152
[2023.05.22-17.00.45:229][  0]LogShaderLibrary: Display: ShaderCodeLibraryPakFileMountedCallback: PakFile 'E:/GameEpic/UE_4.27/FeaturePacks/FP_FirstPersonBP.upack' (chunk index -1, root 'root:/') mounted
[2023.05.22-17.00.45:229][  0]LogShaderLibrary: Display: ShaderCodeLibraryPakFileMountedCallback: pending pak file info (ChunkID:-1 Root:root:/ File:E:/GameEpic/UE_4.27/FeaturePacks/FP_FirstPersonBP.upack)
[2023.05.22-17.00.45:229][  0]LogPakFile: OnPakFileMounted2Time == 0.000046
[2023.05.22-17.00.45:230][  0]LogPakFile: PakFile PrimaryIndexSize=191
[2023.05.22-17.00.45:230][  0]LogPakFile: PakFile PathHashIndexSize=101
[2023.05.22-17.00.45:230][  0]LogPakFile: PakFile FullDirectoryIndexSize=160
[2023.05.22-17.00.45:230][  0]LogShaderLibrary: Display: ShaderCodeLibraryPakFileMountedCallback: PakFile 'E:/GameEpic/UE_4.27/FeaturePacks/MobileStarterContent.upack' (chunk index -1, root 'root:/') mounted
[2023.05.22-17.00.45:230][  0]LogShaderLibrary: Display: ShaderCodeLibraryPakFileMountedCallback: pending pak file info (ChunkID:-1 Root:root:/ File:E:/GameEpic/UE_4.27/FeaturePacks/MobileStarterContent.upack)
[2023.05.22-17.00.45:230][  0]LogPakFile: OnPakFileMounted2Time == 0.000047
[2023.05.22-17.00.45:231][  0]LogPakFile: PakFile PrimaryIndexSize=185
[2023.05.22-17.00.45:231][  0]LogPakFile: PakFile PathHashIndexSize=101
[2023.05.22-17.00.45:231][  0]LogPakFile: PakFile FullDirectoryIndexSize=148
[2023.05.22-17.00.45:231][  0]LogShaderLibrary: Display: ShaderCodeLibraryPakFileMountedCallback: PakFile 'E:/GameEpic/UE_4.27/FeaturePacks/StarterContent.upack' (chunk index -1, root 'root:/') mounted
[2023.05.22-17.00.45:231][  0]LogShaderLibrary: Display: ShaderCodeLibraryPakFileMountedCallback: pending pak file info (ChunkID:-1 Root:root:/ File:E:/GameEpic/UE_4.27/FeaturePacks/StarterContent.upack)
[2023.05.22-17.00.45:231][  0]LogPakFile: OnPakFileMounted2Time == 0.000046
[2023.05.22-17.00.45:231][  0]LogPakFile: PakFile PrimaryIndexSize=190
[2023.05.22-17.00.45:231][  0]LogPakFile: PakFile PathHashIndexSize=101
[2023.05.22-17.00.45:231][  0]LogPakFile: PakFile FullDirectoryIndexSize=154
[2023.05.22-17.00.45:231][  0]LogShaderLibrary: Display: ShaderCodeLibraryPakFileMountedCallback: PakFile 'E:/GameEpic/UE_4.27/FeaturePacks/TP_2DSideScroller.upack' (chunk index -1, root 'root:/') mounted
[2023.05.22-17.00.45:231][  0]LogShaderLibrary: Display: ShaderCodeLibraryPakFileMountedCallback: pending pak file info (ChunkID:-1 Root:root:/ File:E:/GameEpic/UE_4.27/FeaturePacks/TP_2DSideScroller.upack)
[2023.05.22-17.00.45:231][  0]LogPakFile: OnPakFileMounted2Time == 0.000046
[2023.05.22-17.00.45:232][  0]LogPakFile: PakFile PrimaryIndexSize=192
[2023.05.22-17.00.45:232][  0]LogPakFile: PakFile PathHashIndexSize=101
[2023.05.22-17.00.45:232][  0]LogPakFile: PakFile FullDirectoryIndexSize=158
[2023.05.22-17.00.45:232][  0]LogShaderLibrary: Display: ShaderCodeLibraryPakFileMountedCallback: PakFile 'E:/GameEpic/UE_4.27/FeaturePacks/TP_2DSideScrollerBP.upack' (chunk index -1, root 'root:/') mounted
[2023.05.22-17.00.45:232][  0]LogShaderLibrary: Display: ShaderCodeLibraryPakFileMountedCallback: pending pak file info (ChunkID:-1 Root:root:/ File:E:/GameEpic/UE_4.27/FeaturePacks/TP_2DSideScrollerBP.upack)
[2023.05.22-17.00.45:232][  0]LogPakFile: OnPakFileMounted2Time == 0.000046
[2023.05.22-17.00.45:232][  0]LogPakFile: PakFile PrimaryIndexSize=182
[2023.05.22-17.00.45:232][  0]LogPakFile: PakFile PathHashIndexSize=101
[2023.05.22-17.00.45:232][  0]LogPakFile: PakFile FullDirectoryIndexSize=138
[2023.05.22-17.00.45:232][  0]LogShaderLibrary: Display: ShaderCodeLibraryPakFileMountedCallback: PakFile 'E:/GameEpic/UE_4.27/FeaturePacks/TP_Flying.upack' (chunk index -1, root 'root:/') mounted
[2023.05.22-17.00.45:232][  0]LogShaderLibrary: Display: ShaderCodeLibraryPakFileMountedCallback: pending pak file info (ChunkID:-1 Root:root:/ File:E:/GameEpic/UE_4.27/FeaturePacks/TP_Flying.upack)
[2023.05.22-17.00.45:233][  0]LogPakFile: OnPakFileMounted2Time == 0.000044
[2023.05.22-17.00.45:233][  0]LogPakFile: PakFile PrimaryIndexSize=184
[2023.05.22-17.00.45:233][  0]LogPakFile: PakFile PathHashIndexSize=101
[2023.05.22-17.00.45:233][  0]LogPakFile: PakFile FullDirectoryIndexSize=142
[2023.05.22-17.00.45:233][  0]LogShaderLibrary: Display: ShaderCodeLibraryPakFileMountedCallback: PakFile 'E:/GameEpic/UE_4.27/FeaturePacks/TP_FlyingBP.upack' (chunk index -1, root 'root:/') mounted
[2023.05.22-17.00.45:233][  0]LogShaderLibrary: Display: ShaderCodeLibraryPakFileMountedCallback: pending pak file info (ChunkID:-1 Root:root:/ File:E:/GameEpic/UE_4.27/FeaturePacks/TP_FlyingBP.upack)
[2023.05.22-17.00.45:233][  0]LogPakFile: OnPakFileMounted2Time == 0.000041
[2023.05.22-17.00.45:234][  0]LogPakFile: PakFile PrimaryIndexSize=188
[2023.05.22-17.00.45:234][  0]LogPakFile: PakFile PathHashIndexSize=101
[2023.05.22-17.00.45:234][  0]LogPakFile: PakFile FullDirectoryIndexSize=150
[2023.05.22-17.00.45:234][  0]LogShaderLibrary: Display: ShaderCodeLibraryPakFileMountedCallback: PakFile 'E:/GameEpic/UE_4.27/FeaturePacks/TP_HandheldARBP.upack' (chunk index -1, root 'root:/') mounted
[2023.05.22-17.00.45:234][  0]LogShaderLibrary: Display: ShaderCodeLibraryPakFileMountedCallback: pending pak file info (ChunkID:-1 Root:root:/ File:E:/GameEpic/UE_4.27/FeaturePacks/TP_HandheldARBP.upack)
[2023.05.22-17.00.45:234][  0]LogPakFile: OnPakFileMounted2Time == 0.000044
[2023.05.22-17.00.45:235][  0]LogPakFile: PakFile PrimaryIndexSize=182
[2023.05.22-17.00.45:235][  0]LogPakFile: PakFile PathHashIndexSize=101
[2023.05.22-17.00.45:235][  0]LogPakFile: PakFile FullDirectoryIndexSize=138
[2023.05.22-17.00.45:235][  0]LogShaderLibrary: Display: ShaderCodeLibraryPakFileMountedCallback: PakFile 'E:/GameEpic/UE_4.27/FeaturePacks/TP_Puzzle.upack' (chunk index -1, root 'root:/') mounted
[2023.05.22-17.00.45:235][  0]LogShaderLibrary: Display: ShaderCodeLibraryPakFileMountedCallback: pending pak file info (ChunkID:-1 Root:root:/ File:E:/GameEpic/UE_4.27/FeaturePacks/TP_Puzzle.upack)
[2023.05.22-17.00.45:235][  0]LogPakFile: OnPakFileMounted2Time == 0.000050
[2023.05.22-17.00.45:235][  0]LogPakFile: PakFile PrimaryIndexSize=184
[2023.05.22-17.00.45:235][  0]LogPakFile: PakFile PathHashIndexSize=101
[2023.05.22-17.00.45:235][  0]LogPakFile: PakFile FullDirectoryIndexSize=142
[2023.05.22-17.00.45:235][  0]LogShaderLibrary: Display: ShaderCodeLibraryPakFileMountedCallback: PakFile 'E:/GameEpic/UE_4.27/FeaturePacks/TP_PuzzleBP.upack' (chunk index -1, root 'root:/') mounted
[2023.05.22-17.00.45:235][  0]LogShaderLibrary: Display: ShaderCodeLibraryPakFileMountedCallback: pending pak file info (ChunkID:-1 Root:root:/ File:E:/GameEpic/UE_4.27/FeaturePacks/TP_PuzzleBP.upack)
[2023.05.22-17.00.45:235][  0]LogPakFile: OnPakFileMounted2Time == 0.000046
[2023.05.22-17.00.45:236][  0]LogPakFile: PakFile PrimaryIndexSize=183
[2023.05.22-17.00.45:236][  0]LogPakFile: PakFile PathHashIndexSize=101
[2023.05.22-17.00.45:236][  0]LogPakFile: PakFile FullDirectoryIndexSize=140
[2023.05.22-17.00.45:236][  0]LogShaderLibrary: Display: ShaderCodeLibraryPakFileMountedCallback: PakFile 'E:/GameEpic/UE_4.27/FeaturePacks/TP_Rolling.upack' (chunk index -1, root 'root:/') mounted
[2023.05.22-17.00.45:236][  0]LogShaderLibrary: Display: ShaderCodeLibraryPakFileMountedCallback: pending pak file info (ChunkID:-1 Root:root:/ File:E:/GameEpic/UE_4.27/FeaturePacks/TP_Rolling.upack)
[2023.05.22-17.00.45:236][  0]LogPakFile: OnPakFileMounted2Time == 0.000048
[2023.05.22-17.00.45:236][  0]LogPakFile: PakFile PrimaryIndexSize=185
[2023.05.22-17.00.45:237][  0]LogPakFile: PakFile PathHashIndexSize=101
[2023.05.22-17.00.45:237][  0]LogPakFile: PakFile FullDirectoryIndexSize=144
[2023.05.22-17.00.45:237][  0]LogShaderLibrary: Display: ShaderCodeLibraryPakFileMountedCallback: PakFile 'E:/GameEpic/UE_4.27/FeaturePacks/TP_RollingBP.upack' (chunk index -1, root 'root:/') mounted
[2023.05.22-17.00.45:237][  0]LogShaderLibrary: Display: ShaderCodeLibraryPakFileMountedCallback: pending pak file info (ChunkID:-1 Root:root:/ File:E:/GameEpic/UE_4.27/FeaturePacks/TP_RollingBP.upack)
[2023.05.22-17.00.45:237][  0]LogPakFile: OnPakFileMounted2Time == 0.000042
[2023.05.22-17.00.45:237][  0]LogPakFile: PakFile PrimaryIndexSize=188
[2023.05.22-17.00.45:237][  0]LogPakFile: PakFile PathHashIndexSize=101
[2023.05.22-17.00.45:237][  0]LogPakFile: PakFile FullDirectoryIndexSize=150
[2023.05.22-17.00.45:237][  0]LogShaderLibrary: Display: ShaderCodeLibraryPakFileMountedCallback: PakFile 'E:/GameEpic/UE_4.27/FeaturePacks/TP_SideScroller.upack' (chunk index -1, root 'root:/') mounted
[2023.05.22-17.00.45:237][  0]LogShaderLibrary: Display: ShaderCodeLibraryPakFileMountedCallback: pending pak file info (ChunkID:-1 Root:root:/ File:E:/GameEpic/UE_4.27/FeaturePacks/TP_SideScroller.upack)
[2023.05.22-17.00.45:237][  0]LogPakFile: OnPakFileMounted2Time == 0.000043
[2023.05.22-17.00.45:238][  0]LogPakFile: PakFile PrimaryIndexSize=190
[2023.05.22-17.00.45:238][  0]LogPakFile: PakFile PathHashIndexSize=101
[2023.05.22-17.00.45:238][  0]LogPakFile: PakFile FullDirectoryIndexSize=154
[2023.05.22-17.00.45:238][  0]LogShaderLibrary: Display: ShaderCodeLibraryPakFileMountedCallback: PakFile 'E:/GameEpic/UE_4.27/FeaturePacks/TP_SideScrollerBP.upack' (chunk index -1, root 'root:/') mounted
[2023.05.22-17.00.45:238][  0]LogShaderLibrary: Display: ShaderCodeLibraryPakFileMountedCallback: pending pak file info (ChunkID:-1 Root:root:/ File:E:/GameEpic/UE_4.27/FeaturePacks/TP_SideScrollerBP.upack)
[2023.05.22-17.00.45:238][  0]LogPakFile: OnPakFileMounted2Time == 0.000043
[2023.05.22-17.00.45:238][  0]LogPakFile: PakFile PrimaryIndexSize=187
[2023.05.22-17.00.45:238][  0]LogPakFile: PakFile PathHashIndexSize=101
[2023.05.22-17.00.45:238][  0]LogPakFile: PakFile FullDirectoryIndexSize=148
[2023.05.22-17.00.45:238][  0]LogShaderLibrary: Display: ShaderCodeLibraryPakFileMountedCallback: PakFile 'E:/GameEpic/UE_4.27/FeaturePacks/TP_ThirdPerson.upack' (chunk index -1, root 'root:/') mounted
[2023.05.22-17.00.45:238][  0]LogShaderLibrary: Display: ShaderCodeLibraryPakFileMountedCallback: pending pak file info (ChunkID:-1 Root:root:/ File:E:/GameEpic/UE_4.27/FeaturePacks/TP_ThirdPerson.upack)
[2023.05.22-17.00.45:238][  0]LogPakFile: OnPakFileMounted2Time == 0.000047
[2023.05.22-17.00.45:239][  0]LogPakFile: PakFile PrimaryIndexSize=189
[2023.05.22-17.00.45:239][  0]LogPakFile: PakFile PathHashIndexSize=101
[2023.05.22-17.00.45:239][  0]LogPakFile: PakFile FullDirectoryIndexSize=152
[2023.05.22-17.00.45:239][  0]LogShaderLibrary: Display: ShaderCodeLibraryPakFileMountedCallback: PakFile 'E:/GameEpic/UE_4.27/FeaturePacks/TP_ThirdPersonBP.upack' (chunk index -1, root 'root:/') mounted
[2023.05.22-17.00.45:239][  0]LogShaderLibrary: Display: ShaderCodeLibraryPakFileMountedCallback: pending pak file info (ChunkID:-1 Root:root:/ File:E:/GameEpic/UE_4.27/FeaturePacks/TP_ThirdPersonBP.upack)
[2023.05.22-17.00.45:239][  0]LogPakFile: OnPakFileMounted2Time == 0.000044
[2023.05.22-17.00.45:240][  0]LogPakFile: PakFile PrimaryIndexSize=183
[2023.05.22-17.00.45:240][  0]LogPakFile: PakFile PathHashIndexSize=101
[2023.05.22-17.00.45:240][  0]LogPakFile: PakFile FullDirectoryIndexSize=140
[2023.05.22-17.00.45:240][  0]LogShaderLibrary: Display: ShaderCodeLibraryPakFileMountedCallback: PakFile 'E:/GameEpic/UE_4.27/FeaturePacks/TP_TopDown.upack' (chunk index -1, root 'root:/') mounted
[2023.05.22-17.00.45:240][  0]LogShaderLibrary: Display: ShaderCodeLibraryPakFileMountedCallback: pending pak file info (ChunkID:-1 Root:root:/ File:E:/GameEpic/UE_4.27/FeaturePacks/TP_TopDown.upack)
[2023.05.22-17.00.45:240][  0]LogPakFile: OnPakFileMounted2Time == 0.000050
[2023.05.22-17.00.45:240][  0]LogPakFile: PakFile PrimaryIndexSize=185
[2023.05.22-17.00.45:240][  0]LogPakFile: PakFile PathHashIndexSize=101
[2023.05.22-17.00.45:240][  0]LogPakFile: PakFile FullDirectoryIndexSize=144
[2023.05.22-17.00.45:240][  0]LogShaderLibrary: Display: ShaderCodeLibraryPakFileMountedCallback: PakFile 'E:/GameEpic/UE_4.27/FeaturePacks/TP_TopDownBP.upack' (chunk index -1, root 'root:/') mounted
[2023.05.22-17.00.45:240][  0]LogShaderLibrary: Display: ShaderCodeLibraryPakFileMountedCallback: pending pak file info (ChunkID:-1 Root:root:/ File:E:/GameEpic/UE_4.27/FeaturePacks/TP_TopDownBP.upack)
[2023.05.22-17.00.45:240][  0]LogPakFile: OnPakFileMounted2Time == 0.000027
[2023.05.22-17.00.45:241][  0]LogPakFile: PakFile PrimaryIndexSize=185
[2023.05.22-17.00.45:241][  0]LogPakFile: PakFile PathHashIndexSize=101
[2023.05.22-17.00.45:241][  0]LogPakFile: PakFile FullDirectoryIndexSize=144
[2023.05.22-17.00.45:241][  0]LogShaderLibrary: Display: ShaderCodeLibraryPakFileMountedCallback: PakFile 'E:/GameEpic/UE_4.27/FeaturePacks/TP_TwinStick.upack' (chunk index -1, root 'root:/') mounted
[2023.05.22-17.00.45:241][  0]LogShaderLibrary: Display: ShaderCodeLibraryPakFileMountedCallback: pending pak file info (ChunkID:-1 Root:root:/ File:E:/GameEpic/UE_4.27/FeaturePacks/TP_TwinStick.upack)
[2023.05.22-17.00.45:241][  0]LogPakFile: OnPakFileMounted2Time == 0.000041
[2023.05.22-17.00.45:241][  0]LogPakFile: PakFile PrimaryIndexSize=187
[2023.05.22-17.00.45:241][  0]LogPakFile: PakFile PathHashIndexSize=101
[2023.05.22-17.00.45:241][  0]LogPakFile: PakFile FullDirectoryIndexSize=148
[2023.05.22-17.00.45:241][  0]LogShaderLibrary: Display: ShaderCodeLibraryPakFileMountedCallback: PakFile 'E:/GameEpic/UE_4.27/FeaturePacks/TP_TwinStickBP.upack' (chunk index -1, root 'root:/') mounted
[2023.05.22-17.00.45:241][  0]LogShaderLibrary: Display: ShaderCodeLibraryPakFileMountedCallback: pending pak file info (ChunkID:-1 Root:root:/ File:E:/GameEpic/UE_4.27/FeaturePacks/TP_TwinStickBP.upack)
[2023.05.22-17.00.45:241][  0]LogPakFile: OnPakFileMounted2Time == 0.000043
[2023.05.22-17.00.45:242][  0]LogPakFile: PakFile PrimaryIndexSize=183
[2023.05.22-17.00.45:242][  0]LogPakFile: PakFile PathHashIndexSize=101
[2023.05.22-17.00.45:242][  0]LogPakFile: PakFile FullDirectoryIndexSize=140
[2023.05.22-17.00.45:242][  0]LogShaderLibrary: Display: ShaderCodeLibraryPakFileMountedCallback: PakFile 'E:/GameEpic/UE_4.27/FeaturePacks/TP_Vehicle.upack' (chunk index -1, root 'root:/') mounted
[2023.05.22-17.00.45:242][  0]LogShaderLibrary: Display: ShaderCodeLibraryPakFileMountedCallback: pending pak file info (ChunkID:-1 Root:root:/ File:E:/GameEpic/UE_4.27/FeaturePacks/TP_Vehicle.upack)
[2023.05.22-17.00.45:242][  0]LogPakFile: OnPakFileMounted2Time == 0.000044
[2023.05.22-17.00.45:242][  0]LogPakFile: PakFile PrimaryIndexSize=186
[2023.05.22-17.00.45:242][  0]LogPakFile: PakFile PathHashIndexSize=101
[2023.05.22-17.00.45:242][  0]LogPakFile: PakFile FullDirectoryIndexSize=146
[2023.05.22-17.00.45:242][  0]LogShaderLibrary: Display: ShaderCodeLibraryPakFileMountedCallback: PakFile 'E:/GameEpic/UE_4.27/FeaturePacks/TP_VehicleAdv.upack' (chunk index -1, root 'root:/') mounted
[2023.05.22-17.00.45:242][  0]LogShaderLibrary: Display: ShaderCodeLibraryPakFileMountedCallback: pending pak file info (ChunkID:-1 Root:root:/ File:E:/GameEpic/UE_4.27/FeaturePacks/TP_VehicleAdv.upack)
[2023.05.22-17.00.45:242][  0]LogPakFile: OnPakFileMounted2Time == 0.000037
[2023.05.22-17.00.45:243][  0]LogPakFile: PakFile PrimaryIndexSize=188
[2023.05.22-17.00.45:243][  0]LogPakFile: PakFile PathHashIndexSize=101
[2023.05.22-17.00.45:243][  0]LogPakFile: PakFile FullDirectoryIndexSize=150
[2023.05.22-17.00.45:243][  0]LogShaderLibrary: Display: ShaderCodeLibraryPakFileMountedCallback: PakFile 'E:/GameEpic/UE_4.27/FeaturePacks/TP_VehicleAdvBP.upack' (chunk index -1, root 'root:/') mounted
[2023.05.22-17.00.45:243][  0]LogShaderLibrary: Display: ShaderCodeLibraryPakFileMountedCallback: pending pak file info (ChunkID:-1 Root:root:/ File:E:/GameEpic/UE_4.27/FeaturePacks/TP_VehicleAdvBP.upack)
[2023.05.22-17.00.45:243][  0]LogPakFile: OnPakFileMounted2Time == 0.000037
[2023.05.22-17.00.45:243][  0]LogPakFile: PakFile PrimaryIndexSize=185
[2023.05.22-17.00.45:243][  0]LogPakFile: PakFile PathHashIndexSize=101
[2023.05.22-17.00.45:243][  0]LogPakFile: PakFile FullDirectoryIndexSize=144
[2023.05.22-17.00.45:244][  0]LogShaderLibrary: Display: ShaderCodeLibraryPakFileMountedCallback: PakFile 'E:/GameEpic/UE_4.27/FeaturePacks/TP_VehicleBP.upack' (chunk index -1, root 'root:/') mounted
[2023.05.22-17.00.45:244][  0]LogShaderLibrary: Display: ShaderCodeLibraryPakFileMountedCallback: pending pak file info (ChunkID:-1 Root:root:/ File:E:/GameEpic/UE_4.27/FeaturePacks/TP_VehicleBP.upack)
[2023.05.22-17.00.45:244][  0]LogPakFile: OnPakFileMounted2Time == 0.000046
[2023.05.22-17.00.45:244][  0]LogPakFile: PakFile PrimaryIndexSize=192
[2023.05.22-17.00.45:244][  0]LogPakFile: PakFile PathHashIndexSize=101
[2023.05.22-17.00.45:244][  0]LogPakFile: PakFile FullDirectoryIndexSize=158
[2023.05.22-17.00.45:244][  0]LogShaderLibrary: Display: ShaderCodeLibraryPakFileMountedCallback: PakFile 'E:/GameEpic/UE_4.27/FeaturePacks/TP_VirtualRealityBP.upack' (chunk index -1, root 'root:/') mounted
[2023.05.22-17.00.45:244][  0]LogShaderLibrary: Display: ShaderCodeLibraryPakFileMountedCallback: pending pak file info (ChunkID:-1 Root:root:/ File:E:/GameEpic/UE_4.27/FeaturePacks/TP_VirtualRealityBP.upack)
[2023.05.22-17.00.45:244][  0]LogPakFile: OnPakFileMounted2Time == 0.000045
[2023.05.22-17.00.45:282][  0]LogNativeClassHierarchy: Verbose: Native class hierarchy updated for 'AddContentDialog' in 0.0004 seconds. Added 0 classes and 0 folders.
[2023.05.22-17.00.45:284][  0]LogNativeClassHierarchy: Verbose: Native class hierarchy updated for 'SceneOutliner' in 0.0002 seconds. Added 2 classes and 0 folders.
[2023.05.22-17.00.45:513][  0]LogSlate: Took 0.000585 seconds to synchronously load lazily loaded font '../../../Engine/Content/Slate/Fonts/Roboto-Regular.ttf' (155K)
[2023.05.22-17.00.45:516][  0]LogSlate: Took 0.000552 seconds to synchronously load lazily loaded font '../../../Engine/Content/Editor/Slate/Fonts/FontAwesome.ttf' (139K)
[2023.05.22-17.00.45:518][  0]LogSlate: Took 0.000547 seconds to synchronously load lazily loaded font '../../../Engine/Content/Slate/Fonts/Roboto-Bold.ttf' (160K)
[2023.05.22-17.00.45:675][  0]LogRenderer: Reallocating scene render targets to support 1220x636 Format 10 NumSamples 1 (Frame:1).
[2023.05.22-17.00.46:264][  0]LogSlate: Took 0.000813 seconds to synchronously load lazily loaded font '../../../Engine/Content/Slate/Fonts/Roboto-Light.ttf' (167K)
[2023.05.22-17.00.46:493][  0]LogNativeClassHierarchy: Verbose: Native class hierarchy updated for 'HierarchicalLODOutliner' in 0.0009 seconds. Added 0 classes and 0 folders.
[2023.05.22-17.00.46:493][  0]LogInput: Warning: Action Jump uses invalid key OculusGo_Left_Trigger_Click.
[2023.05.22-17.00.46:493][  0]LogInput: Warning: Use -RemoveInvalidKeys to remove instances of these keys from the action mapping.
[2023.05.22-17.00.46:493][  0]LogLoad: (Engine Initialization) Total time: 8.51 seconds
[2023.05.22-17.00.46:493][  0]LogLoad: (Engine Initialization) Total Blueprint compile time: 0.00 seconds
[2023.05.22-17.00.46:572][  0]LogContentStreaming: Texture pool size now 1000 MB
[2023.05.22-17.00.46:645][  1]LogFileCache: Retrieving MD5 hashes for directory 'E:/4ThY Game/Edit/SilentWar/Content/' took 0.13s
[2023.05.22-17.00.46:675][  1]LogAssetRegistry: Asset discovery search completed in 5.3846 seconds
[2023.05.22-17.00.46:686][  1]LogCollectionManager: Fixed up redirectors for 0 collections in 0.000018 seconds (updated 0 objects)
[2023.05.22-17.00.47:551][ 33]LogSlate: Took 0.000646 seconds to synchronously load lazily loaded font '../../../Engine/Content/Slate/Fonts/Roboto-Light.ttf' (167K)
[2023.05.22-17.00.48:790][141]LogEditorViewport: Clicking on Actor (LMB): NPC_Console_C (NPC_Console)
[2023.05.22-17.00.49:387][200]LogSlate: Took 0.000138 seconds to synchronously load lazily loaded font '../../../Engine/Content/Slate/Fonts/Roboto-Italic.ttf' (157K)
[2023.05.22-17.01.01:491][617]LogTemp: Repeating last play command: New Editor Window (PIE)
[2023.05.22-17.01.01:497][617]LogPlayLevel: PlayLevel: No blueprints needed recompiling
[2023.05.22-17.01.01:497][617]PIE: New page: PIE session: ThirdPersonExampleMap (23 พ.ค. 2566 07:01:01)
[2023.05.22-17.01.01:498][617]LogOnline: OSS: Creating online subsystem instance for: NULL
[2023.05.22-17.01.01:499][617]LogOnline: OSS: TryLoadSubsystemAndSetDefault: Loaded subsystem for module [NULL]
[2023.05.22-17.01.01:499][617]LogPlayLevel: Creating play world package: /Game/ThirdPersonBP/Maps/UEDPIE_0_ThirdPersonExampleMap
[2023.05.22-17.01.01:519][617]LogPlayLevel: PIE: StaticDuplicateObject took: (0.019900s)
[2023.05.22-17.01.01:521][617]LogAIModule: Creating AISystem for world ThirdPersonExampleMap
[2023.05.22-17.01.01:521][617]LogPlayLevel: PIE: World Init took: (0.001606s)
[2023.05.22-17.01.01:521][617]LogPlayLevel: PIE: Created PIE world by copying editor world from /Game/ThirdPersonBP/Maps/ThirdPersonExampleMap.ThirdPersonExampleMap to /Game/ThirdPersonBP/Maps/UEDPIE_0_ThirdPersonExampleMap.ThirdPersonExampleMap (0.021657s)
[2023.05.22-17.01.01:529][617]LogUObjectHash: Compacting FUObjectHashTables data took   0.87ms
[2023.05.22-17.01.01:530][617]LogAudio: Display: Creating Audio Device:                 Id: 2, Scope: Unique, Realtime: True
[2023.05.22-17.01.01:530][617]LogAudioMixer: Display: Audio Mixer Platform Settings:
[2023.05.22-17.01.01:530][617]LogAudioMixer: Display: 	Sample Rate:						  48000
[2023.05.22-17.01.01:530][617]LogAudioMixer: Display: 	Callback Buffer Frame Size Requested: 1024
[2023.05.22-17.01.01:530][617]LogAudioMixer: Display: 	Callback Buffer Frame Size To Use:	  1024
[2023.05.22-17.01.01:530][617]LogAudioMixer: Display: 	Number of buffers to queue:			  2
[2023.05.22-17.01.01:530][617]LogAudioMixer: Display: 	Max Channels (voices):				  32
[2023.05.22-17.01.01:530][617]LogAudioMixer: Display: 	Number of Async Source Workers:		  0
[2023.05.22-17.01.01:530][617]LogAudio: Display: AudioDevice MaxSources: 32
[2023.05.22-17.01.01:531][617]LogAudio: Display: Audio Spatialization Plugin: None (built-in).
[2023.05.22-17.01.01:531][617]LogAudio: Display: Audio Reverb Plugin: None (built-in).
[2023.05.22-17.01.01:531][617]LogAudio: Display: Audio Occlusion Plugin: None (built-in).
[2023.05.22-17.01.01:531][617]LogAudioMixer: Display: Initializing audio mixer.
[2023.05.22-17.01.01:537][617]LogAudioMixer: Display: 0: FrontLeft
[2023.05.22-17.01.01:537][617]LogAudioMixer: Display: 1: FrontRight
[2023.05.22-17.01.01:555][617]LogAudioMixer: Display: Using Audio Device Headset Earphone (2- ROG Strix HS)
[2023.05.22-17.01.01:556][617]LogAudioMixer: Display: Initializing Sound Submixes...
[2023.05.22-17.01.01:556][617]LogAudioMixer: Display: Creating Master Submix 'MasterSubmixDefault'
[2023.05.22-17.01.01:556][617]LogAudioMixer: Display: Creating Master Submix 'MasterReverbSubmixDefault'
[2023.05.22-17.01.01:556][617]LogAudioMixer: Display: Creating Master Submix 'MasterEQSubmixDefault'
[2023.05.22-17.01.01:556][617]LogAudioMixer: FMixerPlatformXAudio2::StartAudioStream() called
[2023.05.22-17.01.01:556][617]LogAudioMixer: Display: Output buffers initialized: Frames=1024, Channels=2, Samples=2048
[2023.05.22-17.01.01:557][617]LogAudioMixer: Display: Starting AudioMixerPlatformInterface::RunInternal()
[2023.05.22-17.01.01:557][617]LogAudioMixer: Display: FMixerPlatformXAudio2::SubmitBuffer() called for the first time
[2023.05.22-17.01.01:557][617]LogInit: FAudioDevice initialized.
[2023.05.22-17.01.01:557][617]LogAudio: Display: Audio Device (ID: 2) registered with world 'ThirdPersonExampleMap'.
[2023.05.22-17.01.01:579][617]LogSlate: Updating window title bar state: overlay mode, drag disabled, window buttons hidden, title bar hidden
[2023.05.22-17.01.01:579][617]LogLoad: Game class is 'ThirdPersonGameMode_C'
[2023.05.22-17.01.01:584][617]LogWorld: Bringing World /Game/ThirdPersonBP/Maps/UEDPIE_0_ThirdPersonExampleMap.ThirdPersonExampleMap up for play (max tick rate 0) at 2023.05.23-00.01.01
[2023.05.22-17.01.01:585][617]LogWorld: Bringing up level for play took: 0.005122
[2023.05.22-17.01.01:586][617]LogOnline: OSS: Creating online subsystem instance for: :Context_3
[2023.05.22-17.01.01:588][617]LogNativeClassHierarchy: Verbose: Native class hierarchy updated for 'MovieSceneCapture' in 0.0003 seconds. Added 20 classes and 0 folders.
[2023.05.22-17.01.01:589][617]LogBlueprintUserMessages: [ThirdPersonGameMode_C_0] 3
[2023.05.22-17.01.01:590][617]LogViewport: Display: Viewport MouseCaptureMode Changed, CapturePermanently_IncludingInitialMouseDown -> CapturePermanently
[2023.05.22-17.01.01:592][617]PIE: Server logged in
[2023.05.22-17.01.01:593][617]PIE: Play in editor total start time 0.096 seconds.
[2023.05.22-17.01.01:638][618]LogRenderer: Reallocating scene render targets to support 1912x1016 Format 10 NumSamples 1 (Frame:1).
[2023.05.22-17.01.05:847][107]LogSlate: Updating window title bar state: overlay mode, drag disabled, window buttons hidden, title bar hidden
[2023.05.22-17.01.05:847][107]LogWorld: BeginTearingDown for /Game/ThirdPersonBP/Maps/UEDPIE_0_ThirdPersonExampleMap
[2023.05.22-17.01.05:848][107]LogSlate: Window 'SilentWar Preview [NetMode: Standalone]  (64-bit/Windows) ' being destroyed
[2023.05.22-17.01.05:855][107]LogWorld: UWorld::CleanupWorld for ThirdPersonExampleMap, bSessionEnded=true, bCleanupResources=true
[2023.05.22-17.01.05:856][107]LogSlate: InvalidateAllWidgets triggered.  All widgets were invalidated
[2023.05.22-17.01.05:865][107]LogPlayLevel: Display: Shutting down PIE online subsystems
[2023.05.22-17.01.05:897][107]LogSlate: InvalidateAllWidgets triggered.  All widgets were invalidated
[2023.05.22-17.01.05:903][107]LogAudio: Display: Audio Device unregistered from world 'None'.
[2023.05.22-17.01.05:903][107]LogAudioMixer: FMixerPlatformXAudio2::StopAudioStream() called
[2023.05.22-17.01.05:904][107]LogAudioMixer: FMixerPlatformXAudio2::StopAudioStream() called
[2023.05.22-17.01.05:914][107]LogUObjectHash: Compacting FUObjectHashTables data took   0.64ms
[2023.05.22-17.01.05:950][108]LogPlayLevel: Display: Destroying online subsystem :Context_3
[2023.05.22-17.01.14:000][ 23]LogAssetEditorSubsystem: Opening Asset editor for WidgetBlueprint /Game/Object/Dialogue_System/HeadUpDisplay.HeadUpDisplay
[2023.05.22-17.01.14:055][ 23]LogNativeClassHierarchy: Verbose: Native class hierarchy updated for 'BlueprintGraph' in 0.0004 seconds. Added 126 classes and 0 folders.
[2023.05.22-17.01.14:968][ 23]LogSlate: Took 0.000135 seconds to synchronously load lazily loaded font '../../../Engine/Content/Slate/Fonts/Roboto-BoldCondensed.ttf' (158K)
