Log file open, 05/19/23 14:36:32
LogWindows: Failed to load 'aqProf.dll' (GetLastError=126)
LogWindows: File 'aqProf.dll' does not exist
LogWindows: Failed to load 'VtuneApi.dll' (GetLastError=126)
LogWindows: File 'VtuneApi.dll' does not exist
LogWindows: Failed to load 'VtuneApi32e.dll' (GetLastError=126)
LogWindows: File 'VtuneApi32e.dll' does not exist
LogConsoleResponse: Display: Failed to find resolution value strings in scalability ini. Falling back to default.
LogConsoleResponse: Display: Failed to find resolution value strings in scalability ini. Falling back to default.
LogInit: Display: Running engine for game: SilentWar
LogPlatformFile: Not using cached read wrapper
LogTaskGraph: Started task graph with 5 named threads and 47 total threads with 3 sets of task threads.
LogStats: Stats thread started at 0.196515
LogICUInternationalization: ICU TimeZone Detection - Raw Offset: +7:00, Platform Override: ''
LogInit: Display: Loading text-based GConfig....
LogPluginManager: Mounting plugin MeshPainting
LogPluginManager: Mounting plugin XGEController
LogPluginManager: Mounting plugin Paper2D
LogPluginManager: Mounting plugin AISupport
LogPluginManager: Mounting plugin EnvironmentQueryEditor
LogPluginManager: Mounting plugin LiveLink
LogPluginManager: Mounting plugin LightPropagationVolume
LogPluginManager: Mounting plugin CameraShakePreviewer
LogPluginManager: Mounting plugin GameplayCameras
LogPluginManager: Mounting plugin OodleNetwork
LogPluginManager: Mounting plugin AnimationSharing
LogPluginManager: Mounting plugin CodeLiteSourceCodeAccess
LogPluginManager: Mounting plugin OodleData
LogPluginManager: Mounting plugin CLionSourceCodeAccess
LogPluginManager: Mounting plugin GitSourceControl
LogPluginManager: Mounting plugin KDevelopSourceCodeAccess
LogPluginManager: Mounting plugin NullSourceCodeAccess
LogPluginManager: Mounting plugin PlasticSourceControl
LogPluginManager: Mounting plugin PerforceSourceControl
LogPluginManager: Mounting plugin RiderSourceCodeAccess
LogPluginManager: Mounting plugin PixWinPlugin
LogPluginManager: Mounting plugin PluginUtils
LogPluginManager: Mounting plugin PropertyAccessNode
LogPluginManager: Mounting plugin SubversionSourceControl
LogPluginManager: Mounting plugin XCodeSourceCodeAccess
LogPluginManager: Mounting plugin VisualStudioCodeSourceCodeAccess
LogPluginManager: Mounting plugin VisualStudioSourceCodeAccess
LogPluginManager: Mounting plugin TextureFormatOodle
LogPluginManager: Mounting plugin UObjectPlugin
LogPluginManager: Mounting plugin DatasmithContent
LogPluginManager: Mounting plugin AssetManagerEditor
LogPluginManager: Mounting plugin VariantManagerContent
LogPluginManager: Mounting plugin CurveEditorTools
LogPluginManager: Mounting plugin FacialAnimation
LogPluginManager: Mounting plugin MaterialAnalyzer
LogPluginManager: Mounting plugin MacGraphicsSwitching
LogPluginManager: Mounting plugin CryptoKeys
LogPluginManager: Mounting plugin DataValidation
LogPluginManager: Mounting plugin PluginBrowser
LogPluginManager: Mounting plugin MobileLauncherProfileWizard
LogPluginManager: Mounting plugin SpeedTreeImporter
LogPluginManager: Mounting plugin GameplayTagsEditor
LogPluginManager: Mounting plugin GeometryMode
LogPluginManager: Mounting plugin Niagara
LogPluginManager: Mounting plugin MagicLeap
LogPluginManager: Mounting plugin LuminPlatformFeatures
LogPluginManager: Mounting plugin MagicLeapLightEstimation
LogPluginManager: Mounting plugin MagicLeapMedia
LogPluginManager: Mounting plugin MagicLeapPassableWorld
LogPluginManager: Mounting plugin MLSDK
LogPluginManager: Mounting plugin TcpMessaging
LogPluginManager: Mounting plugin UdpMessaging
LogPluginManager: Mounting plugin AndroidMedia
LogPluginManager: Mounting plugin AvfMedia
LogPluginManager: Mounting plugin MediaCompositing
LogPluginManager: Mounting plugin ActorSequence
LogPluginManager: Mounting plugin ImgMedia
LogPluginManager: Mounting plugin MediaPlayerEditor
LogPluginManager: Mounting plugin LevelSequenceEditor
LogPluginManager: Mounting plugin MatineeToLevelSequence
LogPluginManager: Mounting plugin WmfMedia
LogPluginManager: Mounting plugin TemplateSequence
LogPluginManager: Mounting plugin WebMMedia
LogPluginManager: Mounting plugin OnlineSubsystem
LogPluginManager: Mounting plugin OnlineSubsystemNull
LogPluginManager: Mounting plugin OnlineSubsystemUtils
LogPluginManager: Mounting plugin LauncherChunkInstaller
LogPluginManager: Mounting plugin ActorLayerUtilities
LogPluginManager: Mounting plugin AndroidDeviceProfileSelector
LogPluginManager: Mounting plugin AndroidMoviePlayer
LogPluginManager: Mounting plugin AndroidPermission
LogPluginManager: Mounting plugin AppleImageUtils
LogPluginManager: Mounting plugin AppleMoviePlayer
LogPluginManager: Mounting plugin ArchVisCharacter
LogPluginManager: Mounting plugin AssetTags
LogPluginManager: Mounting plugin AudioCapture
LogPluginManager: Mounting plugin CableComponent
LogPluginManager: Mounting plugin ChunkDownloader
LogPluginManager: Mounting plugin AudioSynesthesia
LogPluginManager: Mounting plugin EditableMesh
LogPluginManager: Mounting plugin GoogleCloudMessaging
LogPluginManager: Mounting plugin GooglePAD
LogPluginManager: Mounting plugin IOSDeviceProfileSelector
LogPluginManager: Mounting plugin LinuxDeviceProfileSelector
LogPluginManager: Mounting plugin LocationServicesBPLibrary
LogPluginManager: Mounting plugin MobilePatchingUtils
LogPluginManager: Mounting plugin CustomMeshComponent
LogPluginManager: Mounting plugin OpenXR
LogPluginManager: Mounting plugin OpenXREyeTracker
LogPluginManager: Mounting plugin OpenXRHandTracking
LogPluginManager: Mounting plugin PhysXVehicles
LogPluginManager: Mounting plugin PostSplashScreen
LogPluginManager: Mounting plugin ProceduralMeshComponent
LogPluginManager: Mounting plugin RuntimePhysXCooking
LogPluginManager: Mounting plugin SoundFields
LogPluginManager: Mounting plugin SignificanceManager
LogPluginManager: Mounting plugin Synthesis
LogPluginManager: Mounting plugin WebMMoviePlayer
LogPluginManager: Mounting plugin ExampleDeviceProfileSelector
LogPluginManager: Mounting plugin WindowsMoviePlayer
LogPluginManager: Mounting plugin PropertyAccessEditor
LogPluginManager: Mounting plugin ScreenshotTools
LogPluginManager: Mounting plugin Takes
LogPluginManager: Mounting plugin AlembicImporter
LogPluginManager: Mounting plugin AutomationUtils
LogPluginManager: Mounting plugin BackChannel
LogPluginManager: Mounting plugin ChaosEditor
LogPluginManager: Mounting plugin ChaosSolverPlugin
LogPluginManager: Mounting plugin ChaosCloth
LogPluginManager: Mounting plugin ChaosNiagara
LogPluginManager: Mounting plugin CharacterAI
LogPluginManager: Mounting plugin GeometryCache
LogPluginManager: Mounting plugin GeometryCollectionPlugin
LogPluginManager: Mounting plugin GeometryProcessing
LogPluginManager: Mounting plugin OpenImageDenoise
LogPluginManager: Mounting plugin MotoSynth
LogPluginManager: Mounting plugin PlanarCut
LogPluginManager: Mounting plugin PlatformCrypto
LogPluginManager: Mounting plugin ProxyLODPlugin
LogPluginManager: Mounting plugin PythonScriptPlugin
LogPluginManager: Mounting plugin ChaosClothEditor
LogPluginManager: Mounting plugin SkeletalReduction
LogPluginManager: Mounting plugin ContentBrowserFileDataSource
LogPluginManager: Mounting plugin ContentBrowserClassDataSource
LogPluginManager: Mounting plugin ContentBrowserAssetDataSource
LogPluginManager: Mounting plugin OnlineSubsystemGooglePlay
LogPluginManager: Mounting plugin OnlineSubsystemIOS
LogPluginManager: Mounting plugin OculusVR
LogPluginManager: Mounting plugin SteamVR
PixWinPlugin: PIX capture plugin failed to initialize! Check that the process is launched from PIX.
LogInit: Using libcurl 7.55.1-DEV
LogInit:  - built for x86_64-pc-win32
LogInit:  - supports SSL with OpenSSL/1.1.1
LogInit:  - supports HTTP deflate (compression) using libz 1.2.8
LogInit:  - other features:
LogInit:      CURL_VERSION_SSL
LogInit:      CURL_VERSION_LIBZ
LogInit:      CURL_VERSION_IPV6
LogInit:      CURL_VERSION_ASYNCHDNS
LogInit:      CURL_VERSION_LARGEFILE
LogInit:      CURL_VERSION_IDN
LogInit:  CurlRequestOptions (configurable via config and command line):
LogInit:  - bVerifyPeer = true  - Libcurl will verify peer certificate
LogInit:  - bUseHttpProxy = false  - Libcurl will NOT use HTTP proxy
LogInit:  - bDontReuseConnections = false  - Libcurl will reuse connections
LogInit:  - MaxHostConnections = 16  - Libcurl will limit the number of connections to a host
LogInit:  - LocalHostAddr = Default
LogInit:  - BufferSize = 65536
LogOnline: OSS: Creating online subsystem instance for: NULL
LogInit: WinSock: version 1.1 (2.2), MaxSocks=32767, MaxUdp=65467
LogOnline: OSS: TryLoadSubsystemAndSetDefault: Loaded subsystem for module [NULL]
LogOculusPluginWrapper: OculusPlugin initialized successfully
LogHMD: Failed initializing OVRPlugin 1.59.0
LogInit: Build: ++UE4+Release-4.27-CL-18319896
LogInit: Engine Version: 4.27.2-18319896+++UE4+Release-4.27
LogInit: Compatible Engine Version: 4.27.0-17155196+++UE4+Release-4.27
LogInit: Net CL: 17155196
LogInit: OS: Windows 10 (Release 2009) (), CPU: Intel(R) Core(TM) i9-9900K CPU @ 3.60GHz, GPU: NVIDIA GeForce RTX 2080
LogInit: Compiled (64-bit): Nov 30 2021 07:12:08
LogInit: Compiled with Visual C++: 19.24.28315.00
LogInit: Build Configuration: Development
LogInit: Branch Name: ++UE4+Release-4.27
LogInit: Command Line:  /Game/ThirdPersonBP/Maps/ThirdPersonExampleMap -game -PIEVIACONSOLE -Multiprocess "GameUserSettingsINI=E:/4ThY Game/Edit/SilentWar/Saved/Config/Windows/PIEGameUserSettings0.ini" -MultiprocessSaveConfig -forcepassthrough -messaging -SessionName="Play in Standalone Game" -windowed -WinX=0 -WinY=24 SAVEWINPOS=1 -ResX=1910 -ResY=1046
LogInit: Base Directory: E:/GameEpic/UE_4.27/Engine/Binaries/Win64/
LogInit: Allocator: TBB
LogInit: Installed Engine Build: 1
LogDevObjectVersion: Number of dev versions registered: 29
LogDevObjectVersion:   Dev-Blueprints (B0D832E4-1F89-4F0D-ACCF-7EB736FD4AA2): 10
LogDevObjectVersion:   Dev-Build (E1C64328-A22C-4D53-A36C-8E866417BD8C): 0
LogDevObjectVersion:   Dev-Core (375EC13C-06E4-48FB-B500-84F0262A717E): 4
LogDevObjectVersion:   Dev-Editor (E4B068ED-F494-42E9-A231-DA0B2E46BB41): 40
LogDevObjectVersion:   Dev-Framework (CFFC743F-43B0-4480-9391-14DF171D2073): 37
LogDevObjectVersion:   Dev-Mobile (B02B49B5-BB20-44E9-A304-32B752E40360): 3
LogDevObjectVersion:   Dev-Networking (A4E4105C-59A1-49B5-A7C5-40C4547EDFEE): 0
LogDevObjectVersion:   Dev-Online (39C831C9-5AE6-47DC-9A44-9C173E1C8E7C): 0
LogDevObjectVersion:   Dev-Physics (78F01B33-EBEA-4F98-B9B4-84EACCB95AA2): 14
LogDevObjectVersion:   Dev-Platform (6631380F-2D4D-43E0-8009-CF276956A95A): 0
LogDevObjectVersion:   Dev-Rendering (12F88B9F-8875-4AFC-A67C-D90C383ABD29): 45
LogDevObjectVersion:   Dev-Sequencer (7B5AE74C-D270-4C10-A958-57980B212A5A): 13
LogDevObjectVersion:   Dev-VR (D7296918-1DD6-4BDD-9DE2-64A83CC13884): 3
LogDevObjectVersion:   Dev-LoadTimes (C2A15278-BFE7-4AFE-6C17-90FF531DF755): 1
LogDevObjectVersion:   Private-Geometry (6EACA3D4-40EC-4CC1-B786-8BED09428FC5): 3
LogDevObjectVersion:   Dev-AnimPhys (29E575DD-E0A3-4627-9D10-D276232CDCEA): 17
LogDevObjectVersion:   Dev-Anim (AF43A65D-7FD3-4947-9873-3E8ED9C1BB05): 15
LogDevObjectVersion:   Dev-ReflectionCapture (6B266CEC-1EC7-4B8F-A30B-E4D90942FC07): 1
LogDevObjectVersion:   Dev-Automation (0DF73D61-A23F-47EA-B727-89E90C41499A): 1
LogDevObjectVersion:   FortniteMain (601D1886-AC64-4F84-AA16-D3DE0DEAC7D6): 47
LogDevObjectVersion:   FortniteRelease (E7086368-6B23-4C58-8439-1B7016265E91): 1
LogDevObjectVersion:   Dev-Enterprise (9DFFBCD6-494F-0158-E221-12823C92A888): 10
LogDevObjectVersion:   Dev-Niagara (F2AED0AC-9AFE-416F-8664-AA7FFA26D6FC): 1
LogDevObjectVersion:   Dev-Destruction (174F1F0B-B4C6-45A5-B13F-2EE8D0FB917D): 10
LogDevObjectVersion:   Dev-Physics-Ext (35F94A83-E258-406C-A318-09F59610247C): 41
LogDevObjectVersion:   Dev-PhysicsMaterial-Chaos (B68FC16E-8B1B-42E2-B453-215C058844FE): 1
LogDevObjectVersion:   Dev-CineCamera (B2E18506-4273-CFC2-A54E-F4BB758BBA07): 1
LogDevObjectVersion:   Dev-VirtualProduction (64F58936-FD1B-42BA-BA96-7289D5D0FA4E): 1
LogDevObjectVersion:   Dev-MediaFramework (6F0ED827-A609-4895-9C91-998D90180EA4): 2
LogInit: Presizing for max 25165824 objects, including 0 objects not considered by GC, pre-allocating 0 bytes for permanent pool.
LogConfig: Applying CVar settings from Section [/Script/Engine.StreamingSettings] File [E:/4ThY Game/Edit/SilentWar/Saved/Config/Windows/Engine.ini]
LogConfig: Setting CVar [[s.MinBulkDataSizeForAsyncLoading:131072]]
LogConfig: Setting CVar [[s.AsyncLoadingThreadEnabled:0]]
LogConfig: Setting CVar [[s.EventDrivenLoaderEnabled:1]]
LogConfig: Setting CVar [[s.WarnIfTimeLimitExceeded:0]]
LogConfig: Setting CVar [[s.TimeLimitExceededMultiplier:1.5]]
LogConfig: Setting CVar [[s.TimeLimitExceededMinTime:0.005]]
LogConfig: Setting CVar [[s.UseBackgroundLevelStreaming:1]]
LogConfig: Setting CVar [[s.PriorityAsyncLoadingExtraTime:15.0]]
LogConfig: Setting CVar [[s.LevelStreamingActorsUpdateTimeLimit:5.0]]
LogConfig: Setting CVar [[s.PriorityLevelStreamingActorsUpdateExtraTime:5.0]]
LogConfig: Setting CVar [[s.LevelStreamingComponentsRegistrationGranularity:10]]
LogConfig: Setting CVar [[s.UnregisterComponentsTimeLimit:1.0]]
LogConfig: Setting CVar [[s.LevelStreamingComponentsUnregistrationGranularity:5]]
LogConfig: Setting CVar [[s.FlushStreamingOnExit:1]]
LogInit: Object subsystem initialized
LogConfig: Setting CVar [[con.DebugEarlyDefault:1]]
LogConfig: Setting CVar [[r.setres:1280x720]]
[2023.05.19-07.36.33:192][  0]LogConfig: Setting CVar [[con.DebugEarlyDefault:1]]
[2023.05.19-07.36.33:192][  0]LogConfig: Setting CVar [[r.setres:1280x720]]
[2023.05.19-07.36.33:192][  0]LogConfig: Applying CVar settings from Section [/Script/Engine.RendererSettings] File [E:/4ThY Game/Edit/SilentWar/Saved/Config/Windows/Engine.ini]
[2023.05.19-07.36.33:192][  0]LogConfig: Setting CVar [[r.GPUCrashDebugging:0]]
[2023.05.19-07.36.33:192][  0]LogConfig: Applying CVar settings from Section [/Script/Engine.RendererOverrideSettings] File [E:/4ThY Game/Edit/SilentWar/Saved/Config/Windows/Engine.ini]
[2023.05.19-07.36.33:192][  0]LogConfig: Applying CVar settings from Section [/Script/Engine.StreamingSettings] File [E:/4ThY Game/Edit/SilentWar/Saved/Config/Windows/Engine.ini]
[2023.05.19-07.36.33:192][  0]LogConfig: Setting CVar [[s.MinBulkDataSizeForAsyncLoading:131072]]
[2023.05.19-07.36.33:192][  0]LogConfig: Setting CVar [[s.AsyncLoadingThreadEnabled:0]]
[2023.05.19-07.36.33:192][  0]LogConfig: Setting CVar [[s.EventDrivenLoaderEnabled:1]]
[2023.05.19-07.36.33:192][  0]LogConfig: Setting CVar [[s.WarnIfTimeLimitExceeded:0]]
[2023.05.19-07.36.33:192][  0]LogConfig: Setting CVar [[s.TimeLimitExceededMultiplier:1.5]]
[2023.05.19-07.36.33:192][  0]LogConfig: Setting CVar [[s.TimeLimitExceededMinTime:0.005]]
[2023.05.19-07.36.33:192][  0]LogConfig: Setting CVar [[s.UseBackgroundLevelStreaming:1]]
[2023.05.19-07.36.33:192][  0]LogConfig: Setting CVar [[s.PriorityAsyncLoadingExtraTime:15.0]]
[2023.05.19-07.36.33:192][  0]LogConfig: Setting CVar [[s.LevelStreamingActorsUpdateTimeLimit:5.0]]
[2023.05.19-07.36.33:192][  0]LogConfig: Setting CVar [[s.PriorityLevelStreamingActorsUpdateExtraTime:5.0]]
[2023.05.19-07.36.33:192][  0]LogConfig: Setting CVar [[s.LevelStreamingComponentsRegistrationGranularity:10]]
[2023.05.19-07.36.33:192][  0]LogConfig: Setting CVar [[s.UnregisterComponentsTimeLimit:1.0]]
[2023.05.19-07.36.33:192][  0]LogConfig: Setting CVar [[s.LevelStreamingComponentsUnregistrationGranularity:5]]
[2023.05.19-07.36.33:192][  0]LogConfig: Setting CVar [[s.FlushStreamingOnExit:1]]
[2023.05.19-07.36.33:192][  0]LogConfig: Applying CVar settings from Section [/Script/Engine.GarbageCollectionSettings] File [E:/4ThY Game/Edit/SilentWar/Saved/Config/Windows/Engine.ini]
[2023.05.19-07.36.33:192][  0]LogConfig: Setting CVar [[gc.MaxObjectsNotConsideredByGC:1]]
[2023.05.19-07.36.33:192][  0]LogConfig: Setting CVar [[gc.SizeOfPermanentObjectPool:0]]
[2023.05.19-07.36.33:192][  0]LogConfig: Setting CVar [[gc.FlushStreamingOnGC:0]]
[2023.05.19-07.36.33:192][  0]LogConfig: Setting CVar [[gc.NumRetriesBeforeForcingGC:10]]
[2023.05.19-07.36.33:192][  0]LogConfig: Setting CVar [[gc.AllowParallelGC:1]]
[2023.05.19-07.36.33:192][  0]LogConfig: Setting CVar [[gc.TimeBetweenPurgingPendingKillObjects:61.1]]
[2023.05.19-07.36.33:192][  0]LogConfig: Setting CVar [[gc.MaxObjectsInEditor:25165824]]
[2023.05.19-07.36.33:192][  0]LogConfig: Setting CVar [[gc.IncrementalBeginDestroyEnabled:1]]
[2023.05.19-07.36.33:192][  0]LogConfig: Setting CVar [[gc.CreateGCClusters:1]]
[2023.05.19-07.36.33:192][  0]LogConfig: Setting CVar [[gc.MinGCClusterSize:5]]
[2023.05.19-07.36.33:192][  0]LogConfig: Setting CVar [[gc.ActorClusteringEnabled:0]]
[2023.05.19-07.36.33:192][  0]LogConfig: Setting CVar [[gc.BlueprintClusteringEnabled:0]]
[2023.05.19-07.36.33:192][  0]LogConfig: Setting CVar [[gc.UseDisregardForGCOnDedicatedServers:0]]
[2023.05.19-07.36.33:192][  0]LogConfig: Setting CVar [[gc.MultithreadedDestructionEnabled:1]]
[2023.05.19-07.36.33:192][  0]LogConfig: Applying CVar settings from Section [/Script/Engine.NetworkSettings] File [E:/4ThY Game/Edit/SilentWar/Saved/Config/Windows/Engine.ini]
[2023.05.19-07.36.33:192][  0]LogConfig: Applying CVar settings from Section [/Script/UnrealEd.CookerSettings] File [E:/4ThY Game/Edit/SilentWar/Saved/Config/Windows/Engine.ini]
[2023.05.19-07.36.33:214][  0]LogConfig: Applying CVar settings from Section [ViewDistanceQuality@3] File [E:/4ThY Game/Edit/SilentWar/Saved/Config/Windows/Scalability.ini]
[2023.05.19-07.36.33:214][  0]LogConfig: Setting CVar [[r.SkeletalMeshLODBias:0]]
[2023.05.19-07.36.33:214][  0]LogConfig: Setting CVar [[r.ViewDistanceScale:1.0]]
[2023.05.19-07.36.33:214][  0]LogConfig: Applying CVar settings from Section [AntiAliasingQuality@3] File [E:/4ThY Game/Edit/SilentWar/Saved/Config/Windows/Scalability.ini]
[2023.05.19-07.36.33:214][  0]LogConfig: Setting CVar [[r.PostProcessAAQuality:4]]
[2023.05.19-07.36.33:214][  0]LogConfig: Applying CVar settings from Section [ShadowQuality@3] File [E:/4ThY Game/Edit/SilentWar/Saved/Config/Windows/Scalability.ini]
[2023.05.19-07.36.33:214][  0]LogConfig: Setting CVar [[r.LightFunctionQuality:1]]
[2023.05.19-07.36.33:214][  0]LogConfig: Setting CVar [[r.ShadowQuality:5]]
[2023.05.19-07.36.33:214][  0]LogConfig: Setting CVar [[r.Shadow.CSM.MaxCascades:10]]
[2023.05.19-07.36.33:214][  0]LogConfig: Setting CVar [[r.Shadow.MaxResolution:2048]]
[2023.05.19-07.36.33:214][  0]LogConfig: Setting CVar [[r.Shadow.MaxCSMResolution:2048]]
[2023.05.19-07.36.33:214][  0]LogConfig: Setting CVar [[r.Shadow.RadiusThreshold:0.01]]
[2023.05.19-07.36.33:214][  0]LogConfig: Setting CVar [[r.Shadow.DistanceScale:1.0]]
[2023.05.19-07.36.33:214][  0]LogConfig: Setting CVar [[r.Shadow.CSM.TransitionScale:1.0]]
[2023.05.19-07.36.33:214][  0]LogConfig: Setting CVar [[r.Shadow.PreShadowResolutionFactor:1.0]]
[2023.05.19-07.36.33:214][  0]LogConfig: Setting CVar [[r.DistanceFieldShadowing:1]]
[2023.05.19-07.36.33:214][  0]LogConfig: Setting CVar [[r.DistanceFieldAO:1]]
[2023.05.19-07.36.33:214][  0]LogConfig: Setting CVar [[r.AOQuality:2]]
[2023.05.19-07.36.33:214][  0]LogConfig: Setting CVar [[r.VolumetricFog:1]]
[2023.05.19-07.36.33:214][  0]LogConfig: Setting CVar [[r.VolumetricFog.GridPixelSize:8]]
[2023.05.19-07.36.33:214][  0]LogConfig: Setting CVar [[r.VolumetricFog.GridSizeZ:128]]
[2023.05.19-07.36.33:214][  0]LogConfig: Setting CVar [[r.VolumetricFog.HistoryMissSupersampleCount:4]]
[2023.05.19-07.36.33:214][  0]LogConfig: Setting CVar [[r.LightMaxDrawDistanceScale:1]]
[2023.05.19-07.36.33:214][  0]LogConfig: Setting CVar [[r.CapsuleShadows:1]]
[2023.05.19-07.36.33:214][  0]LogConfig: Applying CVar settings from Section [PostProcessQuality@3] File [E:/4ThY Game/Edit/SilentWar/Saved/Config/Windows/Scalability.ini]
[2023.05.19-07.36.33:214][  0]LogConfig: Setting CVar [[r.MotionBlurQuality:4]]
[2023.05.19-07.36.33:214][  0]LogConfig: Setting CVar [[r.AmbientOcclusionMipLevelFactor:0.4]]
[2023.05.19-07.36.33:214][  0]LogConfig: Setting CVar [[r.AmbientOcclusionMaxQuality:100]]
[2023.05.19-07.36.33:214][  0]LogConfig: Setting CVar [[r.AmbientOcclusionLevels:-1]]
[2023.05.19-07.36.33:214][  0]LogConfig: Setting CVar [[r.AmbientOcclusionRadiusScale:1.0]]
[2023.05.19-07.36.33:214][  0]LogConfig: Setting CVar [[r.DepthOfFieldQuality:2]]
[2023.05.19-07.36.33:215][  0]LogConfig: Setting CVar [[r.RenderTargetPoolMin:400]]
[2023.05.19-07.36.33:215][  0]LogConfig: Setting CVar [[r.LensFlareQuality:2]]
[2023.05.19-07.36.33:215][  0]LogConfig: Setting CVar [[r.SceneColorFringeQuality:1]]
[2023.05.19-07.36.33:215][  0]LogConfig: Setting CVar [[r.EyeAdaptationQuality:2]]
[2023.05.19-07.36.33:215][  0]LogConfig: Setting CVar [[r.BloomQuality:5]]
[2023.05.19-07.36.33:215][  0]LogConfig: Setting CVar [[r.FastBlurThreshold:100]]
[2023.05.19-07.36.33:215][  0]LogConfig: Setting CVar [[r.Upscale.Quality:3]]
[2023.05.19-07.36.33:215][  0]LogConfig: Setting CVar [[r.Tonemapper.GrainQuantization:1]]
[2023.05.19-07.36.33:215][  0]LogConfig: Setting CVar [[r.LightShaftQuality:1]]
[2023.05.19-07.36.33:215][  0]LogConfig: Setting CVar [[r.Filter.SizeScale:1]]
[2023.05.19-07.36.33:215][  0]LogConfig: Setting CVar [[r.Tonemapper.Quality:5]]
[2023.05.19-07.36.33:215][  0]LogConfig: Setting CVar [[r.DOF.Gather.AccumulatorQuality:1        ; higher gathering accumulator quality]]
[2023.05.19-07.36.33:215][  0]LogConfig: Setting CVar [[r.DOF.Gather.PostfilterMethod:1          ; Median3x3 postfilering method]]
[2023.05.19-07.36.33:215][  0]LogConfig: Setting CVar [[r.DOF.Gather.EnableBokehSettings:0       ; no bokeh simulation when gathering]]
[2023.05.19-07.36.33:215][  0]LogConfig: Setting CVar [[r.DOF.Gather.RingCount:4                 ; medium number of samples when gathering]]
[2023.05.19-07.36.33:215][  0]LogConfig: Setting CVar [[r.DOF.Scatter.ForegroundCompositing:1    ; additive foreground scattering]]
[2023.05.19-07.36.33:215][  0]LogConfig: Setting CVar [[r.DOF.Scatter.BackgroundCompositing:2    ; additive background scattering]]
[2023.05.19-07.36.33:215][  0]LogConfig: Setting CVar [[r.DOF.Scatter.EnableBokehSettings:1      ; bokeh simulation when scattering]]
[2023.05.19-07.36.33:215][  0]LogConfig: Setting CVar [[r.DOF.Scatter.MaxSpriteRatio:0.1         ; only a maximum of 10% of scattered bokeh]]
[2023.05.19-07.36.33:215][  0]LogConfig: Setting CVar [[r.DOF.Recombine.Quality:1                ; cheap slight out of focus]]
[2023.05.19-07.36.33:215][  0]LogConfig: Setting CVar [[r.DOF.Recombine.EnableBokehSettings:0    ; no bokeh simulation on slight out of focus]]
[2023.05.19-07.36.33:215][  0]LogConfig: Setting CVar [[r.DOF.TemporalAAQuality:1                ; more stable temporal accumulation]]
[2023.05.19-07.36.33:215][  0]LogConfig: Setting CVar [[r.DOF.Kernel.MaxForegroundRadius:0.025]]
[2023.05.19-07.36.33:215][  0]LogConfig: Setting CVar [[r.DOF.Kernel.MaxBackgroundRadius:0.025]]
[2023.05.19-07.36.33:215][  0]LogConfig: Applying CVar settings from Section [TextureQuality@3] File [E:/4ThY Game/Edit/SilentWar/Saved/Config/Windows/Scalability.ini]
[2023.05.19-07.36.33:215][  0]LogConfig: Setting CVar [[r.Streaming.MipBias:0]]
[2023.05.19-07.36.33:215][  0]LogConfig: Setting CVar [[r.Streaming.AmortizeCPUToGPUCopy:0]]
[2023.05.19-07.36.33:215][  0]LogConfig: Setting CVar [[r.Streaming.MaxNumTexturesToStreamPerFrame:0]]
[2023.05.19-07.36.33:215][  0]LogConfig: Setting CVar [[r.Streaming.Boost:1]]
[2023.05.19-07.36.33:215][  0]LogConfig: Setting CVar [[r.MaxAnisotropy:8]]
[2023.05.19-07.36.33:215][  0]LogConfig: Setting CVar [[r.VT.MaxAnisotropy:8]]
[2023.05.19-07.36.33:215][  0]LogConfig: Setting CVar [[r.Streaming.LimitPoolSizeToVRAM:0]]
[2023.05.19-07.36.33:215][  0]LogConfig: Setting CVar [[r.Streaming.PoolSize:1000]]
[2023.05.19-07.36.33:215][  0]LogConfig: Setting CVar [[r.Streaming.MaxEffectiveScreenSize:0]]
[2023.05.19-07.36.33:215][  0]LogConfig: Applying CVar settings from Section [EffectsQuality@3] File [E:/4ThY Game/Edit/SilentWar/Saved/Config/Windows/Scalability.ini]
[2023.05.19-07.36.33:215][  0]LogConfig: Setting CVar [[r.TranslucencyLightingVolumeDim:64]]
[2023.05.19-07.36.33:215][  0]LogConfig: Setting CVar [[r.RefractionQuality:2]]
[2023.05.19-07.36.33:215][  0]LogConfig: Setting CVar [[r.SSR.Quality:3]]
[2023.05.19-07.36.33:215][  0]LogConfig: Setting CVar [[r.SSR.HalfResSceneColor:0]]
[2023.05.19-07.36.33:215][  0]LogConfig: Setting CVar [[r.SceneColorFormat:4]]
[2023.05.19-07.36.33:215][  0]LogConfig: Setting CVar [[r.DetailMode:2]]
[2023.05.19-07.36.33:215][  0]LogConfig: Setting CVar [[r.TranslucencyVolumeBlur:1]]
[2023.05.19-07.36.33:215][  0]LogConfig: Setting CVar [[r.MaterialQualityLevel:1 ; High quality]]
[2023.05.19-07.36.33:215][  0]LogConfig: Setting CVar [[r.AnisotropicMaterials:1]]
[2023.05.19-07.36.33:215][  0]LogConfig: Setting CVar [[r.SSS.Scale:1]]
[2023.05.19-07.36.33:215][  0]LogConfig: Setting CVar [[r.SSS.SampleSet:2]]
[2023.05.19-07.36.33:215][  0]LogConfig: Setting CVar [[r.SSS.Quality:1]]
[2023.05.19-07.36.33:215][  0]LogConfig: Setting CVar [[r.SSS.HalfRes:0]]
[2023.05.19-07.36.33:215][  0]LogConfig: Setting CVar [[r.SSGI.Quality:3]]
[2023.05.19-07.36.33:215][  0]LogConfig: Setting CVar [[r.EmitterSpawnRateScale:1.0]]
[2023.05.19-07.36.33:215][  0]LogConfig: Setting CVar [[r.ParticleLightQuality:2]]
[2023.05.19-07.36.33:215][  0]LogConfig: Setting CVar [[r.SkyAtmosphere.AerialPerspectiveLUT.FastApplyOnOpaque:1 ; Always have FastSkyLUT 1 in this case to avoid wrong sky]]
[2023.05.19-07.36.33:215][  0]LogConfig: Setting CVar [[r.SkyAtmosphere.AerialPerspectiveLUT.SampleCountMaxPerSlice:4]]
[2023.05.19-07.36.33:215][  0]LogConfig: Setting CVar [[r.SkyAtmosphere.AerialPerspectiveLUT.DepthResolution:16.0]]
[2023.05.19-07.36.33:215][  0]LogConfig: Setting CVar [[r.SkyAtmosphere.FastSkyLUT:1]]
[2023.05.19-07.36.33:215][  0]LogConfig: Setting CVar [[r.SkyAtmosphere.FastSkyLUT.SampleCountMin:4.0]]
[2023.05.19-07.36.33:215][  0]LogConfig: Setting CVar [[r.SkyAtmosphere.FastSkyLUT.SampleCountMax:128.0]]
[2023.05.19-07.36.33:215][  0]LogConfig: Setting CVar [[r.SkyAtmosphere.SampleCountMin:4.0]]
[2023.05.19-07.36.33:215][  0]LogConfig: Setting CVar [[r.SkyAtmosphere.SampleCountMax:128.0]]
[2023.05.19-07.36.33:215][  0]LogConfig: Setting CVar [[r.SkyAtmosphere.TransmittanceLUT.UseSmallFormat:0]]
[2023.05.19-07.36.33:215][  0]LogConfig: Setting CVar [[r.SkyAtmosphere.TransmittanceLUT.SampleCount:10.0]]
[2023.05.19-07.36.33:215][  0]LogConfig: Setting CVar [[r.SkyAtmosphere.MultiScatteringLUT.SampleCount:15.0]]
[2023.05.19-07.36.33:215][  0]LogConfig: Setting CVar [[r.SkyLight.RealTimeReflectionCapture:1]]
[2023.05.19-07.36.33:215][  0]LogConfig: Applying CVar settings from Section [FoliageQuality@3] File [E:/4ThY Game/Edit/SilentWar/Saved/Config/Windows/Scalability.ini]
[2023.05.19-07.36.33:215][  0]LogConfig: Setting CVar [[foliage.DensityScale:1.0]]
[2023.05.19-07.36.33:215][  0]LogConfig: Setting CVar [[grass.DensityScale:1.0]]
[2023.05.19-07.36.33:215][  0]LogConfig: Applying CVar settings from Section [ShadingQuality@3] File [E:/4ThY Game/Edit/SilentWar/Saved/Config/Windows/Scalability.ini]
[2023.05.19-07.36.33:215][  0]LogConfig: Setting CVar [[r.HairStrands.SkyLighting.IntegrationType:2]]
[2023.05.19-07.36.33:215][  0]LogConfig: Setting CVar [[r.HairStrands.SkyAO.SampleCount:4]]
[2023.05.19-07.36.33:215][  0]LogConfig: Setting CVar [[r.HairStrands.Visibility.MSAA.SamplePerPixel:4]]
[2023.05.19-07.36.33:215][  0]LogInit: Selected Device Profile: [Windows]
[2023.05.19-07.36.33:215][  0]LogInit: Applying CVar settings loaded from the selected device profile: [Windows]
[2023.05.19-07.36.33:215][  0]LogHAL: Display: Platform has ~ 15 GB [15240941568 / 17179869184 / 15], which maps to Larger [LargestMinGB=32, LargerMinGB=12, DefaultMinGB=8, SmallerMinGB=6, SmallestMinGB=0)
[2023.05.19-07.36.33:215][  0]LogInit: Going up to parent DeviceProfile []
[2023.05.19-07.36.33:215][  0]LogConfig: Applying CVar settings from Section [ViewDistanceQuality@3] File [E:/4ThY Game/Edit/SilentWar/Saved/Config/Windows/Scalability.ini]
[2023.05.19-07.36.33:215][  0]LogConfig: Setting CVar [[r.SkeletalMeshLODBias:0]]
[2023.05.19-07.36.33:215][  0]LogConfig: Setting CVar [[r.ViewDistanceScale:1.0]]
[2023.05.19-07.36.33:215][  0]LogConfig: Applying CVar settings from Section [AntiAliasingQuality@3] File [E:/4ThY Game/Edit/SilentWar/Saved/Config/Windows/Scalability.ini]
[2023.05.19-07.36.33:215][  0]LogConfig: Setting CVar [[r.PostProcessAAQuality:4]]
[2023.05.19-07.36.33:215][  0]LogConfig: Applying CVar settings from Section [ShadowQuality@3] File [E:/4ThY Game/Edit/SilentWar/Saved/Config/Windows/Scalability.ini]
[2023.05.19-07.36.33:215][  0]LogConfig: Setting CVar [[r.LightFunctionQuality:1]]
[2023.05.19-07.36.33:215][  0]LogConfig: Setting CVar [[r.ShadowQuality:5]]
[2023.05.19-07.36.33:215][  0]LogConfig: Setting CVar [[r.Shadow.CSM.MaxCascades:10]]
[2023.05.19-07.36.33:215][  0]LogConfig: Setting CVar [[r.Shadow.MaxResolution:2048]]
[2023.05.19-07.36.33:215][  0]LogConfig: Setting CVar [[r.Shadow.MaxCSMResolution:2048]]
[2023.05.19-07.36.33:215][  0]LogConfig: Setting CVar [[r.Shadow.RadiusThreshold:0.01]]
[2023.05.19-07.36.33:215][  0]LogConfig: Setting CVar [[r.Shadow.DistanceScale:1.0]]
[2023.05.19-07.36.33:215][  0]LogConfig: Setting CVar [[r.Shadow.CSM.TransitionScale:1.0]]
[2023.05.19-07.36.33:215][  0]LogConfig: Setting CVar [[r.Shadow.PreShadowResolutionFactor:1.0]]
[2023.05.19-07.36.33:215][  0]LogConfig: Setting CVar [[r.DistanceFieldShadowing:1]]
[2023.05.19-07.36.33:215][  0]LogConfig: Setting CVar [[r.DistanceFieldAO:1]]
[2023.05.19-07.36.33:215][  0]LogConfig: Setting CVar [[r.AOQuality:2]]
[2023.05.19-07.36.33:215][  0]LogConfig: Setting CVar [[r.VolumetricFog:1]]
[2023.05.19-07.36.33:215][  0]LogConfig: Setting CVar [[r.VolumetricFog.GridPixelSize:8]]
[2023.05.19-07.36.33:215][  0]LogConfig: Setting CVar [[r.VolumetricFog.GridSizeZ:128]]
[2023.05.19-07.36.33:215][  0]LogConfig: Setting CVar [[r.VolumetricFog.HistoryMissSupersampleCount:4]]
[2023.05.19-07.36.33:215][  0]LogConfig: Setting CVar [[r.LightMaxDrawDistanceScale:1]]
[2023.05.19-07.36.33:215][  0]LogConfig: Setting CVar [[r.CapsuleShadows:1]]
[2023.05.19-07.36.33:215][  0]LogConfig: Applying CVar settings from Section [PostProcessQuality@3] File [E:/4ThY Game/Edit/SilentWar/Saved/Config/Windows/Scalability.ini]
[2023.05.19-07.36.33:215][  0]LogConfig: Setting CVar [[r.MotionBlurQuality:4]]
[2023.05.19-07.36.33:215][  0]LogConfig: Setting CVar [[r.AmbientOcclusionMipLevelFactor:0.4]]
[2023.05.19-07.36.33:216][  0]LogConfig: Setting CVar [[r.AmbientOcclusionMaxQuality:100]]
[2023.05.19-07.36.33:216][  0]LogConfig: Setting CVar [[r.AmbientOcclusionLevels:-1]]
[2023.05.19-07.36.33:216][  0]LogConfig: Setting CVar [[r.AmbientOcclusionRadiusScale:1.0]]
[2023.05.19-07.36.33:216][  0]LogConfig: Setting CVar [[r.DepthOfFieldQuality:2]]
[2023.05.19-07.36.33:216][  0]LogConfig: Setting CVar [[r.RenderTargetPoolMin:400]]
[2023.05.19-07.36.33:216][  0]LogConfig: Setting CVar [[r.LensFlareQuality:2]]
[2023.05.19-07.36.33:216][  0]LogConfig: Setting CVar [[r.SceneColorFringeQuality:1]]
[2023.05.19-07.36.33:216][  0]LogConfig: Setting CVar [[r.EyeAdaptationQuality:2]]
[2023.05.19-07.36.33:216][  0]LogConfig: Setting CVar [[r.BloomQuality:5]]
[2023.05.19-07.36.33:216][  0]LogConfig: Setting CVar [[r.FastBlurThreshold:100]]
[2023.05.19-07.36.33:216][  0]LogConfig: Setting CVar [[r.Upscale.Quality:3]]
[2023.05.19-07.36.33:216][  0]LogConfig: Setting CVar [[r.Tonemapper.GrainQuantization:1]]
[2023.05.19-07.36.33:216][  0]LogConfig: Setting CVar [[r.LightShaftQuality:1]]
[2023.05.19-07.36.33:216][  0]LogConfig: Setting CVar [[r.Filter.SizeScale:1]]
[2023.05.19-07.36.33:216][  0]LogConfig: Setting CVar [[r.Tonemapper.Quality:5]]
[2023.05.19-07.36.33:216][  0]LogConfig: Setting CVar [[r.DOF.Gather.AccumulatorQuality:1        ; higher gathering accumulator quality]]
[2023.05.19-07.36.33:216][  0]LogConfig: Setting CVar [[r.DOF.Gather.PostfilterMethod:1          ; Median3x3 postfilering method]]
[2023.05.19-07.36.33:216][  0]LogConfig: Setting CVar [[r.DOF.Gather.EnableBokehSettings:0       ; no bokeh simulation when gathering]]
[2023.05.19-07.36.33:216][  0]LogConfig: Setting CVar [[r.DOF.Gather.RingCount:4                 ; medium number of samples when gathering]]
[2023.05.19-07.36.33:216][  0]LogConfig: Setting CVar [[r.DOF.Scatter.ForegroundCompositing:1    ; additive foreground scattering]]
[2023.05.19-07.36.33:216][  0]LogConfig: Setting CVar [[r.DOF.Scatter.BackgroundCompositing:2    ; additive background scattering]]
[2023.05.19-07.36.33:216][  0]LogConfig: Setting CVar [[r.DOF.Scatter.EnableBokehSettings:1      ; bokeh simulation when scattering]]
[2023.05.19-07.36.33:216][  0]LogConfig: Setting CVar [[r.DOF.Scatter.MaxSpriteRatio:0.1         ; only a maximum of 10% of scattered bokeh]]
[2023.05.19-07.36.33:216][  0]LogConfig: Setting CVar [[r.DOF.Recombine.Quality:1                ; cheap slight out of focus]]
[2023.05.19-07.36.33:216][  0]LogConfig: Setting CVar [[r.DOF.Recombine.EnableBokehSettings:0    ; no bokeh simulation on slight out of focus]]
[2023.05.19-07.36.33:216][  0]LogConfig: Setting CVar [[r.DOF.TemporalAAQuality:1                ; more stable temporal accumulation]]
[2023.05.19-07.36.33:216][  0]LogConfig: Setting CVar [[r.DOF.Kernel.MaxForegroundRadius:0.025]]
[2023.05.19-07.36.33:216][  0]LogConfig: Setting CVar [[r.DOF.Kernel.MaxBackgroundRadius:0.025]]
[2023.05.19-07.36.33:216][  0]LogConfig: Applying CVar settings from Section [TextureQuality@3] File [E:/4ThY Game/Edit/SilentWar/Saved/Config/Windows/Scalability.ini]
[2023.05.19-07.36.33:216][  0]LogConfig: Setting CVar [[r.Streaming.MipBias:0]]
[2023.05.19-07.36.33:216][  0]LogConfig: Setting CVar [[r.Streaming.AmortizeCPUToGPUCopy:0]]
[2023.05.19-07.36.33:216][  0]LogConfig: Setting CVar [[r.Streaming.MaxNumTexturesToStreamPerFrame:0]]
[2023.05.19-07.36.33:216][  0]LogConfig: Setting CVar [[r.Streaming.Boost:1]]
[2023.05.19-07.36.33:216][  0]LogConfig: Setting CVar [[r.MaxAnisotropy:8]]
[2023.05.19-07.36.33:216][  0]LogConfig: Setting CVar [[r.VT.MaxAnisotropy:8]]
[2023.05.19-07.36.33:216][  0]LogConfig: Setting CVar [[r.Streaming.LimitPoolSizeToVRAM:0]]
[2023.05.19-07.36.33:216][  0]LogConfig: Setting CVar [[r.Streaming.PoolSize:1000]]
[2023.05.19-07.36.33:216][  0]LogConfig: Setting CVar [[r.Streaming.MaxEffectiveScreenSize:0]]
[2023.05.19-07.36.33:216][  0]LogConfig: Applying CVar settings from Section [EffectsQuality@3] File [E:/4ThY Game/Edit/SilentWar/Saved/Config/Windows/Scalability.ini]
[2023.05.19-07.36.33:216][  0]LogConfig: Setting CVar [[r.TranslucencyLightingVolumeDim:64]]
[2023.05.19-07.36.33:216][  0]LogConfig: Setting CVar [[r.RefractionQuality:2]]
[2023.05.19-07.36.33:216][  0]LogConfig: Setting CVar [[r.SSR.Quality:3]]
[2023.05.19-07.36.33:216][  0]LogConfig: Setting CVar [[r.SSR.HalfResSceneColor:0]]
[2023.05.19-07.36.33:216][  0]LogConfig: Setting CVar [[r.SceneColorFormat:4]]
[2023.05.19-07.36.33:216][  0]LogConfig: Setting CVar [[r.DetailMode:2]]
[2023.05.19-07.36.33:216][  0]LogConfig: Setting CVar [[r.TranslucencyVolumeBlur:1]]
[2023.05.19-07.36.33:216][  0]LogConfig: Setting CVar [[r.MaterialQualityLevel:1 ; High quality]]
[2023.05.19-07.36.33:216][  0]LogConfig: Setting CVar [[r.AnisotropicMaterials:1]]
[2023.05.19-07.36.33:216][  0]LogConfig: Setting CVar [[r.SSS.Scale:1]]
[2023.05.19-07.36.33:216][  0]LogConfig: Setting CVar [[r.SSS.SampleSet:2]]
[2023.05.19-07.36.33:216][  0]LogConfig: Setting CVar [[r.SSS.Quality:1]]
[2023.05.19-07.36.33:216][  0]LogConfig: Setting CVar [[r.SSS.HalfRes:0]]
[2023.05.19-07.36.33:216][  0]LogConfig: Setting CVar [[r.SSGI.Quality:3]]
[2023.05.19-07.36.33:216][  0]LogConfig: Setting CVar [[r.EmitterSpawnRateScale:1.0]]
[2023.05.19-07.36.33:216][  0]LogConfig: Setting CVar [[r.ParticleLightQuality:2]]
[2023.05.19-07.36.33:216][  0]LogConfig: Setting CVar [[r.SkyAtmosphere.AerialPerspectiveLUT.FastApplyOnOpaque:1 ; Always have FastSkyLUT 1 in this case to avoid wrong sky]]
[2023.05.19-07.36.33:216][  0]LogConfig: Setting CVar [[r.SkyAtmosphere.AerialPerspectiveLUT.SampleCountMaxPerSlice:4]]
[2023.05.19-07.36.33:216][  0]LogConfig: Setting CVar [[r.SkyAtmosphere.AerialPerspectiveLUT.DepthResolution:16.0]]
[2023.05.19-07.36.33:216][  0]LogConfig: Setting CVar [[r.SkyAtmosphere.FastSkyLUT:1]]
[2023.05.19-07.36.33:216][  0]LogConfig: Setting CVar [[r.SkyAtmosphere.FastSkyLUT.SampleCountMin:4.0]]
[2023.05.19-07.36.33:216][  0]LogConfig: Setting CVar [[r.SkyAtmosphere.FastSkyLUT.SampleCountMax:128.0]]
[2023.05.19-07.36.33:216][  0]LogConfig: Setting CVar [[r.SkyAtmosphere.SampleCountMin:4.0]]
[2023.05.19-07.36.33:216][  0]LogConfig: Setting CVar [[r.SkyAtmosphere.SampleCountMax:128.0]]
[2023.05.19-07.36.33:216][  0]LogConfig: Setting CVar [[r.SkyAtmosphere.TransmittanceLUT.UseSmallFormat:0]]
[2023.05.19-07.36.33:216][  0]LogConfig: Setting CVar [[r.SkyAtmosphere.TransmittanceLUT.SampleCount:10.0]]
[2023.05.19-07.36.33:216][  0]LogConfig: Setting CVar [[r.SkyAtmosphere.MultiScatteringLUT.SampleCount:15.0]]
[2023.05.19-07.36.33:216][  0]LogConfig: Setting CVar [[r.SkyLight.RealTimeReflectionCapture:1]]
[2023.05.19-07.36.33:216][  0]LogConfig: Applying CVar settings from Section [FoliageQuality@3] File [E:/4ThY Game/Edit/SilentWar/Saved/Config/Windows/Scalability.ini]
[2023.05.19-07.36.33:216][  0]LogConfig: Setting CVar [[foliage.DensityScale:1.0]]
[2023.05.19-07.36.33:216][  0]LogConfig: Setting CVar [[grass.DensityScale:1.0]]
[2023.05.19-07.36.33:216][  0]LogConfig: Applying CVar settings from Section [ShadingQuality@3] File [E:/4ThY Game/Edit/SilentWar/Saved/Config/Windows/Scalability.ini]
[2023.05.19-07.36.33:216][  0]LogConfig: Setting CVar [[r.HairStrands.SkyLighting.IntegrationType:2]]
[2023.05.19-07.36.33:216][  0]LogConfig: Setting CVar [[r.HairStrands.SkyAO.SampleCount:4]]
[2023.05.19-07.36.33:216][  0]LogConfig: Setting CVar [[r.HairStrands.Visibility.MSAA.SamplePerPixel:4]]
[2023.05.19-07.36.33:216][  0]LogConfig: Applying CVar settings from Section [Startup] File [../../../Engine/Config/ConsoleVariables.ini]
[2023.05.19-07.36.33:216][  0]LogConfig: Setting CVar [[net.UseAdaptiveNetUpdateFrequency:0]]
[2023.05.19-07.36.33:216][  0]LogConfig: Setting CVar [[p.chaos.AllowCreatePhysxBodies:1]]
[2023.05.19-07.36.33:216][  0]LogConfig: Setting CVar [[fx.SkipVectorVMBackendOptimizations:1]]
[2023.05.19-07.36.33:216][  0]LogConfig: Applying CVar settings from Section [ConsoleVariables] File [E:/4ThY Game/Edit/SilentWar/Saved/Config/Windows/Engine.ini]
[2023.05.19-07.36.33:216][  0]LogConfig: Applying CVar settings from Section [ConsoleVariables] File [E:/4ThY Game/Edit/SilentWar/Saved/Config/Windows/Editor.ini]
[2023.05.19-07.36.33:216][  0]LogInit: Computer: DESKTOP-ROT92MS
[2023.05.19-07.36.33:216][  0]LogInit: User: torro
[2023.05.19-07.36.33:216][  0]LogInit: CPU Page size=4096, Cores=8
[2023.05.19-07.36.33:216][  0]LogInit: High frequency timer resolution =10.000000 MHz
[2023.05.19-07.36.33:217][  0]LogMemory: Memory total: Physical=14.2GB (15GB approx)
[2023.05.19-07.36.33:217][  0]LogMemory: Platform Memory Stats for Windows
[2023.05.19-07.36.33:217][  0]LogMemory: Process Physical Memory: 152.02 MB used, 155.02 MB peak
[2023.05.19-07.36.33:217][  0]LogMemory: Process Virtual Memory: 125.65 MB used, 125.65 MB peak
[2023.05.19-07.36.33:217][  0]LogMemory: Physical Memory: 9955.53 MB used,  4579.37 MB free, 14534.89 MB total
[2023.05.19-07.36.33:217][  0]LogMemory: Virtual Memory: 134210680.00 MB used,  7045.65 MB free, 134217728.00 MB total
[2023.05.19-07.36.33:493][  0]LogWindows: WindowsPlatformFeatures enabled
[2023.05.19-07.36.33:516][  0]LogInit: Physics initialised using underlying interface: PhysX
[2023.05.19-07.36.33:516][  0]LogInit: Using OS detected language (en-US).
[2023.05.19-07.36.33:516][  0]LogInit: Using OS detected locale (th-TH).
[2023.05.19-07.36.33:517][  0]LogTextLocalizationManager: No specific localization for 'en-US' exists, so the 'en' localization will be used.
[2023.05.19-07.36.33:518][  0]LogTextLocalizationManager: No localization for 'th-TH' exists, so 'en' will be used for the locale.
[2023.05.19-07.36.33:701][  0]LogWindowsTextInputMethodSystem: Display: IME system deactivated.
[2023.05.19-07.36.33:759][  0]LogSlate: New Slate User Created.  User Index 0, Is Virtual User: 0
[2023.05.19-07.36.33:759][  0]LogSlate: Slate User Registered.  User Index 0, Is Virtual User: 0
[2023.05.19-07.36.33:795][  0]LogD3D11RHI: Loaded GFSDK_Aftermath_Lib.x64.dll
[2023.05.19-07.36.33:848][  0]LogHMD: Failed to initialize OpenVR with code 108
[2023.05.19-07.36.33:848][  0]LogD3D11RHI: D3D11 min allowed feature level: 11_0
[2023.05.19-07.36.33:848][  0]LogD3D11RHI: D3D11 max allowed feature level: 11_0
[2023.05.19-07.36.33:848][  0]LogD3D11RHI: D3D11 adapters:
[2023.05.19-07.36.33:979][  0]LogD3D11RHI:    0. 'NVIDIA GeForce RTX 2080' (Feature Level 11_0)
[2023.05.19-07.36.33:979][  0]LogD3D11RHI:       8001/0/7267 MB DedicatedVideo/DedicatedSystem/SharedSystem, Outputs:1, VendorId:0x10de
[2023.05.19-07.36.33:982][  0]LogD3D11RHI:    1. 'Microsoft Basic Render Driver' (Feature Level 11_0)
[2023.05.19-07.36.33:982][  0]LogD3D11RHI:       0/0/7267 MB DedicatedVideo/DedicatedSystem/SharedSystem, Outputs:0, VendorId:0x1414
[2023.05.19-07.36.33:982][  0]LogD3D11RHI: Chosen D3D11 Adapter:
[2023.05.19-07.36.33:982][  0]LogD3D11RHI:     Description : NVIDIA GeForce RTX 2080
[2023.05.19-07.36.33:982][  0]LogD3D11RHI:     VendorId    : 10de
[2023.05.19-07.36.33:982][  0]LogD3D11RHI:     DeviceId    : 1e87
[2023.05.19-07.36.33:982][  0]LogD3D11RHI:     SubSysId    : 86621043
[2023.05.19-07.36.33:982][  0]LogD3D11RHI:     Revision    : 00a1
[2023.05.19-07.36.33:982][  0]LogD3D11RHI:     DedicatedVideoMemory : 8389656576 bytes
[2023.05.19-07.36.33:982][  0]LogD3D11RHI:     DedicatedSystemMemory : 0 bytes
[2023.05.19-07.36.33:982][  0]LogD3D11RHI:     SharedSystemMemory : 7620470784 bytes
[2023.05.19-07.36.33:982][  0]LogD3D11RHI:     AdapterLuid : 0 84052
[2023.05.19-07.36.33:990][  0]LogD3D11RHI: Creating new Direct3DDevice
[2023.05.19-07.36.33:990][  0]LogD3D11RHI:     GPU DeviceId: 0x1e87 (for the marketing name, search the web for "GPU Device Id")
[2023.05.19-07.36.33:990][  0]LogWindows: EnumDisplayDevices:
[2023.05.19-07.36.33:990][  0]LogWindows:    0. 'NVIDIA GeForce RTX 2080' (P:1 D:1)
[2023.05.19-07.36.33:990][  0]LogWindows:    1. 'NVIDIA GeForce RTX 2080' (P:0 D:0)
[2023.05.19-07.36.33:991][  0]LogWindows:    2. 'NVIDIA GeForce RTX 2080' (P:0 D:0)
[2023.05.19-07.36.33:991][  0]LogWindows:    3. 'NVIDIA GeForce RTX 2080' (P:0 D:0)
[2023.05.19-07.36.33:991][  0]LogWindows: DebugString: FoundDriverCount:4 
[2023.05.19-07.36.33:991][  0]LogD3D11RHI:     Adapter Name: NVIDIA GeForce RTX 2080
[2023.05.19-07.36.33:991][  0]LogD3D11RHI:   Driver Version: 531.68 (internal:31.0.15.3168, unified:531.68)
[2023.05.19-07.36.33:991][  0]LogD3D11RHI:      Driver Date: 4-13-2023
[2023.05.19-07.36.33:991][  0]LogRHI: Texture pool is 5600 MB (70% of 8001 MB)
[2023.05.19-07.36.33:991][  0]LogD3D11RHI: Creating D3DDevice using adapter:
[2023.05.19-07.36.33:991][  0]LogD3D11RHI:     Description : NVIDIA GeForce RTX 2080
[2023.05.19-07.36.33:991][  0]LogD3D11RHI:     VendorId    : 10de
[2023.05.19-07.36.33:991][  0]LogD3D11RHI:     DeviceId    : 1e87
[2023.05.19-07.36.33:991][  0]LogD3D11RHI:     SubSysId    : 86621043
[2023.05.19-07.36.33:991][  0]LogD3D11RHI:     Revision    : 00a1
[2023.05.19-07.36.33:991][  0]LogD3D11RHI:     DedicatedVideoMemory : 8389656576 bytes
[2023.05.19-07.36.33:991][  0]LogD3D11RHI:     DedicatedSystemMemory : 0 bytes
[2023.05.19-07.36.33:991][  0]LogD3D11RHI:     SharedSystemMemory : 7620470784 bytes
[2023.05.19-07.36.33:991][  0]LogD3D11RHI:     AdapterLuid : 0 84052
[2023.05.19-07.36.34:086][  0]LogD3D11RHI: RHI has support for 64 bit atomics
[2023.05.19-07.36.34:086][  0]LogD3D11RHI: Async texture creation enabled
[2023.05.19-07.36.34:086][  0]LogD3D11RHI: Array index from any shader is supported
[2023.05.19-07.36.34:112][  0]LogD3D11RHI: GPU Timing Frequency: 1000.000000 (Debug: 2 2)
[2023.05.19-07.36.34:135][  0]LogRHI: GeForceNow SDK initialized: 1
[2023.05.19-07.36.34:394][  0]LogTargetPlatformManager: Display: Loaded TargetPlatform 'WindowsNoEditor'
[2023.05.19-07.36.34:398][  0]LogTargetPlatformManager: Display: Loaded TargetPlatform 'Windows'
[2023.05.19-07.36.34:401][  0]LogTargetPlatformManager: Display: Loaded TargetPlatform 'WindowsClient'
[2023.05.19-07.36.34:405][  0]LogTargetPlatformManager: Display: Loaded TargetPlatform 'WindowsServer'
[2023.05.19-07.36.34:405][  0]LogTargetPlatformManager: Display: Building Assets For Windows
[2023.05.19-07.36.34:410][  0]LogAudioDebug: Display: Lib vorbis DLL was dynamically loaded.
[2023.05.19-07.36.34:431][  0]LogTextureFormatOodle: Display: Oodle Texture 2.9.0 init RDO Off
[2023.05.19-07.36.34:455][  0]LogRendererCore: Ray tracing is disabled. Reason: r.RayTracing=0.
[2023.05.19-07.36.34:455][  0]LogShaderCompilers: Guid format shader working directory is 6 characters bigger than the processId version (../../../../../4ThY Game/Edit/SilentWar/Intermediate/Shaders/WorkingDirectory/15816/).
[2023.05.19-07.36.34:455][  0]LogShaderCompilers: Cleaned the shader compiler working directory 'C:/Users/torro/AppData/Local/Temp/UnrealShaderWorkingDir/28AD4A75476DB04D0967E9BA6D268DBD/'.
[2023.05.19-07.36.34:455][  0]LogXGEController: Cannot use XGE Controller as Incredibuild is not installed on this machine.
[2023.05.19-07.36.34:455][  0]LogShaderCompilers: Cannot use XGE Shader Compiler as Incredibuild is not installed on this machine.
[2023.05.19-07.36.34:455][  0]LogShaderCompilers: Display: Using Local Shader Compiler.
[2023.05.19-07.36.35:079][  0]LogDerivedDataCache: Display: Max Cache Size: 512 MB
[2023.05.19-07.36.35:141][  0]LogDerivedDataCache: Loaded boot cache 0.06s 94MB C:/Users/torro/AppData/Local/UnrealEngine/4.27/DerivedDataCache/Boot.ddc.
[2023.05.19-07.36.35:141][  0]LogDerivedDataCache: Display: Loaded Boot cache: C:/Users/torro/AppData/Local/UnrealEngine/4.27/DerivedDataCache/Boot.ddc
[2023.05.19-07.36.35:141][  0]LogDerivedDataCache: FDerivedDataBackendGraph:  Pak pak cache file ../../../../../4ThY Game/Edit/SilentWar/DerivedDataCache/DDC.ddp not found, will not use a pak cache.
[2023.05.19-07.36.35:141][  0]LogDerivedDataCache: Unable to find inner node Pak for hierarchical cache Hierarchy.
[2023.05.19-07.36.35:141][  0]LogDerivedDataCache: FDerivedDataBackendGraph:  CompressedPak pak cache file ../../../../../4ThY Game/Edit/SilentWar/DerivedDataCache/Compressed.ddp not found, will not use a pak cache.
[2023.05.19-07.36.35:141][  0]LogDerivedDataCache: Unable to find inner node CompressedPak for hierarchical cache Hierarchy.
[2023.05.19-07.36.35:154][  0]LogDerivedDataCache: Display: Pak cache opened for reading ../../../Engine/DerivedDataCache/Compressed.ddp.
[2023.05.19-07.36.35:154][  0]LogDerivedDataCache: FDerivedDataBackendGraph:  EnterprisePak pak cache file ../../../Enterprise/DerivedDataCache/Compressed.ddp not found, will not use a pak cache.
[2023.05.19-07.36.35:154][  0]LogDerivedDataCache: Unable to find inner node EnterprisePak for hierarchical cache Hierarchy.
[2023.05.19-07.36.35:160][  0]LogDerivedDataCache: Speed tests for C:/Users/torro/AppData/Local/UnrealEngine/Common/DerivedDataCache took 0.01 seconds
[2023.05.19-07.36.35:160][  0]LogDerivedDataCache: Display: Performance to C:/Users/torro/AppData/Local/UnrealEngine/Common/DerivedDataCache: Latency=0.03ms. RandomReadSpeed=1400.98MBs, RandomWriteSpeed=190.63MBs. Assigned SpeedClass 'Local'
[2023.05.19-07.36.35:161][  0]LogDerivedDataCache: Using Local data cache path C:/Users/torro/AppData/Local/UnrealEngine/Common/DerivedDataCache: Writable
[2023.05.19-07.36.35:161][  0]LogDerivedDataCache: Shared data cache path not found in *engine.ini, will not use an Shared cache.
[2023.05.19-07.36.35:161][  0]LogDerivedDataCache: Unable to find inner node Shared for hierarchical cache Hierarchy.
[2023.05.19-07.36.35:235][  0]LogSlate: Using FreeType 2.10.0
[2023.05.19-07.36.35:235][  0]LogSlate: SlateFontServices - WITH_FREETYPE: 1, WITH_HARFBUZZ: 1
[2023.05.19-07.36.35:372][  0]LogInit: Using OS detected language (en-US).
[2023.05.19-07.36.35:373][  0]LogInit: Using OS detected locale (th-TH).
[2023.05.19-07.36.35:373][  0]LogTextLocalizationManager: No localization for 'en-US' exists, so 'en' will be used for the language.
[2023.05.19-07.36.35:373][  0]LogTextLocalizationManager: No localization for 'th-TH' exists, so 'en' will be used for the locale.
[2023.05.19-07.36.35:388][  0]LogTextLocalizationManager: Compacting localization data took   0.00ms
[2023.05.19-07.36.35:388][  0]LogAssetRegistry: FAssetRegistry took 0.0014 seconds to start up
[2023.05.19-07.36.35:540][  0]LogPackageLocalizationCache: Processed 27 localized package path(s) for 1 prioritized culture(s) in 0.016009 seconds
[2023.05.19-07.36.35:591][  0]LogInit: Selected Device Profile: [Windows]
[2023.05.19-07.36.35:591][  0]LogInit: Active device profile: [000002AF289ACE00][000002AF1F0E9940 49] Windows
[2023.05.19-07.36.35:591][  0]LogInit: Profiles: [000002AF289ACE00][000002AF1F0E9940 49] Windows, [000002AF28965F00][000002AF2878DAC0 49] WindowsNoEditor, [000002AF289ADD00][000002AF287900C0 49] WindowsServer, [000002AF28966D00][000002AF28794240 49] WindowsClient, [000002AF289AEA00][000002AF287983C0 49] IOS, [000002AF28967300][000002AF2879C540 49] iPadAir, [000002AF289AD500][000002AF23B806C0 49] iPadAir2, [000002AF28919300][000002AF23B88980 49] IPadPro, [000002AF28919400][000002AF23B849C0 49] iPadAir3, [000002AF28964C00][000002AF23B8CB40 49] iPadAir4, [000002AF2891A000][000002AF23B90CC0 49] iPadMini2, [000002AF28966B00][000002AF23B94E40 49] iPadMini3, [000002AF2891AA00][000002AF23B98FC0 49] iPadMini4, [000002AF28967F00][000002AF23B9D140 49] iPadMini5, [000002AF28928B00][000002AF23BA5400 49] iPhone6, [000002AF28928C00][000002AF23BA1440 49] iPodTouch6, [000002AF289AE900][000002AF23BA9680 49] iPhone7, [000002AF289ACF00][000002AF287896C0 49] iPodTouch7, [000002AF28919200][000002AF23BAD800 49] iPhone5S, [000002AF289AEC00][000002AF23BB1940 49] iPhone6Plus, [000002AF2891BD00][000002AF213BDAC0 49] iPhone6S, [000002AF28918100][000002AF213C00C0 49] iPhone6SPlus, [000002AF2892BF00][000002AF213C4240 49] iPhone7Plus, [000002AF2891A200][000002AF213C83C0 49] iPhoneSE, [000002AF2892A800][000002AF213CC540 49] iPhone8, [000002AF2891A500][000002AF213D06C0 49] iPhone8Plus, [000002AF2892B900][000002AF213D4840 49] iPhoneX, [000002AF2891A400][000002AF213D89C0 49] iPhoneXS, [000002AF28928E00][000002AF213DCB40 49] iPhoneXSMax, [000002AF289AD800][000002AF213E0CC0 49] iPhoneXR, [000002AF28929600][000002AF213E4E40 49] iPhone11, [000002AF289ADA00][000002AF213E8FC0 49] iPhone11Pro, [000002AF28929800][000002AF213ED140 49] iPhone11ProMax, [000002AF289AD100][000002AF213F12C0 49] iPhoneSE2, [000002AF2892BA00][000002AF213F5440 49] iPhone12Mini, [000002AF289ACB00][000002AF213F95C0 49] iPhone12, [000002AF28929C00][000002AF23BB5700 49] iPhone12Pro, [000002AF289AD000][000002AF213FD840 49] iPhone12ProMax, [000002AF2892B600][000002AF21401980 49] iPadPro105, [000002AF289AF800][000002AF21405AC0 49] iPadPro129, [000002AF28928300][000002AF2140C0C0 49] iPadPro97, [000002AF289AD400][000002AF21410240 49] iPadPro2_129, [000002AF28929300][000002AF214143C0 49] iPad5, [000002AF289AFA00][000002AF21418540 49] iPad6, [000002AF2892BC00][000002AF2141C6C0 49] iPad7, [000002AF289AF200][000002AF21420840 49] iPad8, [000002AF2892AE00][000002AF214249C0 49] iPadPro11, [000002AF289AE400][000002AF21428B40 49] iPadPro2_11, [000002AF2892B800][000002AF2142CCC0 49] iPadPro3_129, [000002AF289AC700][000002AF21430E40 49] iPadPro4_129, [000002AF28929000][000002AF21434FC0 49] AppleTV, [000002AF289AF100][000002AF21439140 49] AppleTV4K, [000002AF2892A100][000002AF2143D2C0 49] TVOS, [000002AF289AF900][000002AF21441440 49] Mac, [000002AF2892B500][000002AF214455C0 49] MacClient, [000002AF289AFB00][000002AF21449740 49] MacNoEditor, [000002AF28928D00][000002AF2144D8C0 49] MacServer, [000002AF289AE500][000002AF21409A00 49] Linux, [000002AF28929F00][000002AF21451B40 49] LinuxAArch64, [000002AF289AE200][000002AF21454100 49] LinuxNoEditor, [000002AF2892B000][000002AF2145C280 49] LinuxAArch64NoEditor, [000002AF289AC200][000002AF21460400 49] LinuxClient, [000002AF2892A700][000002AF21464580 49] LinuxAArch64Client, [000002AF289AC300][000002AF21468700 49] LinuxServer, [000002AF28928400][000002AF2146C880 49] LinuxAArch64Server, [000002AF289ACA00][000002AF21470A00 49] Android, [000002AF28929400][000002AF21474B80 49] Android_Low, [000002AF289AFC00][000002AF21478D00 49] Android_Mid, [000002AF2892A900][000002AF2147CE80 49] Android_High, [000002AF289ACC00][000002AF21481000 49] Android_Default, [000002AF2892B100][000002AF21485180 49] Android_Adreno4xx, [000002AF289AFD00][000002AF21489300 49] Android_Adreno5xx_Low, [000002AF2892BD00][000002AF2148D480 49] Android_Adreno5xx, [000002AF289AD900][000002AF21491600 49] Android_Adreno6xx, [000002AF28928F00][000002AF21495780 49] Android_Adreno6xx_Vulkan, [000002AF289AE700][000002AF21499900 49] Android_Mali_T6xx, [000002AF28919A00][000002AF2149DA80 49] Android_Mali_T7xx, [000002AF28966C00][000002AF21459BC0 49] Android_Mali_T8xx, [000002AF2891BE00][000002AF214A0180 49] Android_Mali_G71, [000002AF28967A00][000002AF214A42C0 49] Android_Mali_G72, [000002AF2891BA00][000002AF214AC440 49] Android_Mali_G72_Vulkan, [000002AF28967400][000002AF214B05C0 49] Android_Mali_G76, [000002AF28919B00][000002AF214B4740 49] Android_Mali_G76_Vulkan, [000002AF28965E00][000002AF214B88C0 49] Android_Mali_G77, [000002AF2891B600][000002AF214BCA40 49] Android_Mali_G77_Vulkan, [000002AF28965B00][000002AF214C0BC0 49] Android_Mali_G78, [000002AF28919000][000002AF214C4D40 49] Android_Mali_G78_Vulkan, [000002AF28964500][000002AF214C8EC0 49] Android_Mali_G710, [000002AF28919600][000002AF214CD040 49] Android_Mali_G710_Vulkan, [000002AF28966000][000002AF214D11C0 49] Android_Vulkan_SM5, [000002AF28919100][000002AF214D5340 49] Android_PowerVR_G6xxx, [000002AF28966A00][000002AF214D94C0 49] Android_PowerVR_GT7xxx, [000002AF2891B300][000002AF214DD640 49] Android_PowerVR_GE8xxx, [000002AF28967D00][000002AF214E17C0 49] Android_PowerVR_GM9xxx, [000002AF28919F00][000002AF214E5940 49] Android_PowerVR_GM9xxx_Vulkan, [000002AF28965100][000002AF214E9AC0 49] Android_TegraK1, [000002AF2891BB00][000002AF214EC0C0 49] Android_Unknown_Vulkan, [000002AF28964D00][000002AF214A8200 49] Lumin, [000002AF28918600][000002AF214F0340 49] Lumin_Desktop, [000002AF28928600][000002AF214F4480 49] HoloLens, 
[2023.05.19-07.36.35:622][  0]LogMeshReduction: Using QuadricMeshReduction for automatic static mesh reduction
[2023.05.19-07.36.35:622][  0]LogMeshReduction: Using SimplygonMeshReduction for automatic skeletal mesh reduction
[2023.05.19-07.36.35:622][  0]LogMeshReduction: Using ProxyLODMeshReduction for automatic mesh merging
[2023.05.19-07.36.35:622][  0]LogMeshReduction: No distributed automatic mesh merging module available
[2023.05.19-07.36.35:622][  0]LogMeshMerging: No distributed automatic mesh merging module available
[2023.05.19-07.36.35:727][  0]LogNetVersion: SilentWar 1.0.0, NetCL: 17155196, EngineNetVer: 17, GameNetVer: 0 (Checksum: 534430957)
[2023.05.19-07.36.35:914][  0]LogTexture: Default maximum texture size for cubemaps generated from long-lat sources has been changed from 512 to unlimited. In order to preserve old behaiour for '/Engine/MapTemplates/Sky/DaylightAmbientCubemap.DaylightAmbientCubemap', its maximum texture size has been explicitly set to 512.
[2023.05.19-07.36.35:965][  0]LogHMD: PokeAHoleMaterial loaded successfully
[2023.05.19-07.36.36:043][  0]LogMoviePlayer: Initializing movie player
[2023.05.19-07.36.36:163][  0]LogNiagaraDebuggerClient: Niagara Debugger Client Initialized | Session: DB680D894ED8302198D47E82E2908C16 | Instance: 8662CBB14D410B98E0D4F7B1A169179A (DESKTOP-ROT92MS-15816).
[2023.05.19-07.36.36:178][  0]LogCollectionManager: Loaded 0 collections in 0.000499 seconds
[2023.05.19-07.36.36:180][  0]LogFileCache: Scanning file cache for directory 'E:/4ThY Game/Edit/SilentWar/Saved/Collections/' took 0.00s
[2023.05.19-07.36.36:180][  0]LogFileCache: Scanning file cache for directory 'E:/4ThY Game/Edit/SilentWar/Content/Developers/torro/Collections/' took 0.00s
[2023.05.19-07.36.36:180][  0]LogFileCache: Scanning file cache for directory 'E:/4ThY Game/Edit/SilentWar/Content/Collections/' took 0.00s
[2023.05.19-07.36.36:180][  0]LogCollectionManager: Fixed up redirectors for 0 collections in 0.000002 seconds (updated 0 objects)
