Log file open, 12/03/22 22:47:57
LogWindows: Failed to load 'aqProf.dll' (GetLastError=126)
LogWindows: File 'aqProf.dll' does not exist
LogWindows: Failed to load 'VtuneApi.dll' (GetLastError=126)
LogWindows: File 'VtuneApi.dll' does not exist
LogWindows: Failed to load 'VtuneApi32e.dll' (GetLastError=126)
LogWindows: File 'VtuneApi32e.dll' does not exist
LogConsoleResponse: Display: Failed to find resolution value strings in scalability ini. Falling back to default.
LogConsoleResponse: Display: Failed to find resolution value strings in scalability ini. Falling back to default.
LogInit: Display: Running engine for game: SilentWar
LogPlatformFile: Not using cached read wrapper
LogTaskGraph: Started task graph with 5 named threads and 47 total threads with 3 sets of task threads.
LogStats: Stats thread started at 0.216017
LogICUInternationalization: ICU TimeZone Detection - Raw Offset: +7:00, Platform Override: ''
LogInit: Display: Loading text-based GConfig....
LogPluginManager: Mounting plugin MeshPainting
LogPluginManager: Mounting plugin XGEController
LogPluginManager: Mounting plugin Paper2D
LogPluginManager: Mounting plugin LiveLink
LogPluginManager: Mounting plugin AISupport
LogPluginManager: Mounting plugin EnvironmentQueryEditor
LogPluginManager: Mounting plugin LightPropagationVolume
LogPluginManager: Mounting plugin OodleData
LogPluginManager: Mounting plugin CameraShakePreviewer
LogPluginManager: Mounting plugin OodleNetwork
LogPluginManager: Mounting plugin AnimationSharing
LogPluginManager: Mounting plugin GameplayCameras
LogPluginManager: Mounting plugin GitSourceControl
LogPluginManager: Mounting plugin CodeLiteSourceCodeAccess
LogPluginManager: Mounting plugin PerforceSourceControl
LogPluginManager: Mounting plugin PlasticSourceControl
LogPluginManager: Mounting plugin CLionSourceCodeAccess
LogPluginManager: Mounting plugin PluginUtils
LogPluginManager: Mounting plugin NullSourceCodeAccess
LogPluginManager: Mounting plugin RiderSourceCodeAccess
LogPluginManager: Mounting plugin PropertyAccessNode
LogPluginManager: Mounting plugin KDevelopSourceCodeAccess
LogPluginManager: Mounting plugin PixWinPlugin
LogPluginManager: Mounting plugin UObjectPlugin
LogPluginManager: Mounting plugin TextureFormatOodle
LogPluginManager: Mounting plugin VisualStudioCodeSourceCodeAccess
LogPluginManager: Mounting plugin VisualStudioSourceCodeAccess
LogPluginManager: Mounting plugin SubversionSourceControl
LogPluginManager: Mounting plugin XCodeSourceCodeAccess
LogPluginManager: Mounting plugin DatasmithContent
LogPluginManager: Mounting plugin AlembicImporter
LogPluginManager: Mounting plugin AutomationUtils
LogPluginManager: Mounting plugin BackChannel
LogPluginManager: Mounting plugin VariantManagerContent
LogPluginManager: Mounting plugin ChaosCloth
LogPluginManager: Mounting plugin ChaosClothEditor
LogPluginManager: Mounting plugin ChaosSolverPlugin
LogPluginManager: Mounting plugin ChaosNiagara
LogPluginManager: Mounting plugin ChaosEditor
LogPluginManager: Mounting plugin GeometryCache
LogPluginManager: Mounting plugin CharacterAI
LogPluginManager: Mounting plugin GeometryCollectionPlugin
LogPluginManager: Mounting plugin LuminPlatformFeatures
LogPluginManager: Mounting plugin MagicLeap
LogPluginManager: Mounting plugin GeometryProcessing
LogPluginManager: Mounting plugin MagicLeapLightEstimation
LogPluginManager: Mounting plugin MagicLeapMedia
LogPluginManager: Mounting plugin MagicLeapPassableWorld
LogPluginManager: Mounting plugin MLSDK
LogPluginManager: Mounting plugin MotoSynth
LogPluginManager: Mounting plugin OpenImageDenoise
LogPluginManager: Mounting plugin PlanarCut
LogPluginManager: Mounting plugin PlatformCrypto
LogPluginManager: Mounting plugin ProxyLODPlugin
LogPluginManager: Mounting plugin PythonScriptPlugin
LogPluginManager: Mounting plugin Niagara
LogPluginManager: Mounting plugin SkeletalReduction
LogPluginManager: Mounting plugin AndroidMedia
LogPluginManager: Mounting plugin AvfMedia
LogPluginManager: Mounting plugin ImgMedia
LogPluginManager: Mounting plugin MediaCompositing
LogPluginManager: Mounting plugin MediaPlayerEditor
LogPluginManager: Mounting plugin WmfMedia
LogPluginManager: Mounting plugin WebMMedia
LogPluginManager: Mounting plugin UdpMessaging
LogPluginManager: Mounting plugin TcpMessaging
LogPluginManager: Mounting plugin ActorSequence
LogPluginManager: Mounting plugin LevelSequenceEditor
LogPluginManager: Mounting plugin TemplateSequence
LogPluginManager: Mounting plugin MatineeToLevelSequence
LogPluginManager: Mounting plugin OnlineSubsystem
LogPluginManager: Mounting plugin OnlineSubsystemNull
LogPluginManager: Mounting plugin LauncherChunkInstaller
LogPluginManager: Mounting plugin ActorLayerUtilities
LogPluginManager: Mounting plugin AndroidDeviceProfileSelector
LogPluginManager: Mounting plugin AndroidMoviePlayer
LogPluginManager: Mounting plugin AndroidPermission
LogPluginManager: Mounting plugin OnlineSubsystemUtils
LogPluginManager: Mounting plugin AppleImageUtils
LogPluginManager: Mounting plugin AppleMoviePlayer
LogPluginManager: Mounting plugin AssetTags
LogPluginManager: Mounting plugin ArchVisCharacter
LogPluginManager: Mounting plugin AudioSynesthesia
LogPluginManager: Mounting plugin CableComponent
LogPluginManager: Mounting plugin CustomMeshComponent
LogPluginManager: Mounting plugin ChunkDownloader
LogPluginManager: Mounting plugin EditableMesh
LogPluginManager: Mounting plugin GoogleCloudMessaging
LogPluginManager: Mounting plugin ExampleDeviceProfileSelector
LogPluginManager: Mounting plugin GooglePAD
LogPluginManager: Mounting plugin IOSDeviceProfileSelector
LogPluginManager: Mounting plugin AudioCapture
LogPluginManager: Mounting plugin LinuxDeviceProfileSelector
LogPluginManager: Mounting plugin LocationServicesBPLibrary
LogPluginManager: Mounting plugin OpenXR
LogPluginManager: Mounting plugin MobilePatchingUtils
LogPluginManager: Mounting plugin OpenXRHandTracking
LogPluginManager: Mounting plugin OpenXREyeTracker
LogPluginManager: Mounting plugin PropertyAccessEditor
LogPluginManager: Mounting plugin ProceduralMeshComponent
LogPluginManager: Mounting plugin PhysXVehicles
LogPluginManager: Mounting plugin RuntimePhysXCooking
LogPluginManager: Mounting plugin SoundFields
LogPluginManager: Mounting plugin PostSplashScreen
LogPluginManager: Mounting plugin SignificanceManager
LogPluginManager: Mounting plugin Synthesis
LogPluginManager: Mounting plugin WebMMoviePlayer
LogPluginManager: Mounting plugin WindowsMoviePlayer
LogPluginManager: Mounting plugin ScreenshotTools
LogPluginManager: Mounting plugin Takes
LogPluginManager: Mounting plugin AssetManagerEditor
LogPluginManager: Mounting plugin CurveEditorTools
LogPluginManager: Mounting plugin CryptoKeys
LogPluginManager: Mounting plugin DataValidation
LogPluginManager: Mounting plugin FacialAnimation
LogPluginManager: Mounting plugin GameplayTagsEditor
LogPluginManager: Mounting plugin GeometryMode
LogPluginManager: Mounting plugin MacGraphicsSwitching
LogPluginManager: Mounting plugin MaterialAnalyzer
LogPluginManager: Mounting plugin MobileLauncherProfileWizard
LogPluginManager: Mounting plugin PluginBrowser
LogPluginManager: Mounting plugin SpeedTreeImporter
LogPluginManager: Mounting plugin OnlineSubsystemIOS
LogPluginManager: Mounting plugin OnlineSubsystemGooglePlay
LogPluginManager: Mounting plugin OculusVR
LogPluginManager: Mounting plugin SteamVR
LogPluginManager: Mounting plugin ContentBrowserClassDataSource
LogPluginManager: Mounting plugin ContentBrowserAssetDataSource
LogPluginManager: Mounting plugin ContentBrowserFileDataSource
PixWinPlugin: PIX capture plugin failed to initialize! Check that the process is launched from PIX.
LogInit: Using libcurl 7.55.1-DEV
LogInit:  - built for x86_64-pc-win32
LogInit:  - supports SSL with OpenSSL/1.1.1
LogInit:  - supports HTTP deflate (compression) using libz 1.2.8
LogInit:  - other features:
LogInit:      CURL_VERSION_SSL
LogInit:      CURL_VERSION_LIBZ
LogInit:      CURL_VERSION_IPV6
LogInit:      CURL_VERSION_ASYNCHDNS
LogInit:      CURL_VERSION_LARGEFILE
LogInit:      CURL_VERSION_IDN
LogInit:  CurlRequestOptions (configurable via config and command line):
LogInit:  - bVerifyPeer = true  - Libcurl will verify peer certificate
LogInit:  - bUseHttpProxy = false  - Libcurl will NOT use HTTP proxy
LogInit:  - bDontReuseConnections = false  - Libcurl will reuse connections
LogInit:  - MaxHostConnections = 16  - Libcurl will limit the number of connections to a host
LogInit:  - LocalHostAddr = Default
LogInit:  - BufferSize = 65536
LogOnline: OSS: Creating online subsystem instance for: NULL
LogInit: WinSock: version 1.1 (2.2), MaxSocks=32767, MaxUdp=65467
LogOnline: OSS: TryLoadSubsystemAndSetDefault: Loaded subsystem for module [NULL]
LogOculusPluginWrapper: OculusPlugin initialized successfully
LogHMD: Failed initializing OVRPlugin 1.59.0
LogInit: Build: ++UE4+Release-4.27-CL-18319896
LogInit: Engine Version: 4.27.2-18319896+++UE4+Release-4.27
LogInit: Compatible Engine Version: 4.27.0-17155196+++UE4+Release-4.27
LogInit: Net CL: 17155196
LogInit: OS: Windows 10 (Release 2009) (), CPU: Intel(R) Core(TM) i9-9900K CPU @ 3.60GHz, GPU: NVIDIA GeForce RTX 2080
LogInit: Compiled (64-bit): Nov 30 2021 07:12:08
LogInit: Compiled with Visual C++: 19.24.28315.00
LogInit: Build Configuration: Development
LogInit: Branch Name: ++UE4+Release-4.27
LogInit: Command Line:  /Game/ThirdPersonBP/Maps/ThirdPersonExampleMap -game -PIEVIACONSOLE -Multiprocess "GameUserSettingsINI=E:/4ThY Game/SilentWar/SilentWar/Saved/Config/Windows/PIEGameUserSettings0.ini" -MultiprocessSaveConfig -forcepassthrough -messaging -SessionName="Play in Standalone Game" -windowed -WinX=592 -WinY=269 SAVEWINPOS=1 -ResX=1280 -ResY=720
LogInit: Base Directory: E:/GameEpic/UE_4.27/Engine/Binaries/Win64/
LogInit: Allocator: TBB
LogInit: Installed Engine Build: 1
LogDevObjectVersion: Number of dev versions registered: 29
LogDevObjectVersion:   Dev-Blueprints (B0D832E4-1F89-4F0D-ACCF-7EB736FD4AA2): 10
LogDevObjectVersion:   Dev-Build (E1C64328-A22C-4D53-A36C-8E866417BD8C): 0
LogDevObjectVersion:   Dev-Core (375EC13C-06E4-48FB-B500-84F0262A717E): 4
LogDevObjectVersion:   Dev-Editor (E4B068ED-F494-42E9-A231-DA0B2E46BB41): 40
LogDevObjectVersion:   Dev-Framework (CFFC743F-43B0-4480-9391-14DF171D2073): 37
LogDevObjectVersion:   Dev-Mobile (B02B49B5-BB20-44E9-A304-32B752E40360): 3
LogDevObjectVersion:   Dev-Networking (A4E4105C-59A1-49B5-A7C5-40C4547EDFEE): 0
LogDevObjectVersion:   Dev-Online (39C831C9-5AE6-47DC-9A44-9C173E1C8E7C): 0
LogDevObjectVersion:   Dev-Physics (78F01B33-EBEA-4F98-B9B4-84EACCB95AA2): 14
LogDevObjectVersion:   Dev-Platform (6631380F-2D4D-43E0-8009-CF276956A95A): 0
LogDevObjectVersion:   Dev-Rendering (12F88B9F-8875-4AFC-A67C-D90C383ABD29): 45
LogDevObjectVersion:   Dev-Sequencer (7B5AE74C-D270-4C10-A958-57980B212A5A): 13
LogDevObjectVersion:   Dev-VR (D7296918-1DD6-4BDD-9DE2-64A83CC13884): 3
LogDevObjectVersion:   Dev-LoadTimes (C2A15278-BFE7-4AFE-6C17-90FF531DF755): 1
LogDevObjectVersion:   Private-Geometry (6EACA3D4-40EC-4CC1-B786-8BED09428FC5): 3
LogDevObjectVersion:   Dev-AnimPhys (29E575DD-E0A3-4627-9D10-D276232CDCEA): 17
LogDevObjectVersion:   Dev-Anim (AF43A65D-7FD3-4947-9873-3E8ED9C1BB05): 15
LogDevObjectVersion:   Dev-ReflectionCapture (6B266CEC-1EC7-4B8F-A30B-E4D90942FC07): 1
LogDevObjectVersion:   Dev-Automation (0DF73D61-A23F-47EA-B727-89E90C41499A): 1
LogDevObjectVersion:   FortniteMain (601D1886-AC64-4F84-AA16-D3DE0DEAC7D6): 47
LogDevObjectVersion:   FortniteRelease (E7086368-6B23-4C58-8439-1B7016265E91): 1
LogDevObjectVersion:   Dev-Enterprise (9DFFBCD6-494F-0158-E221-12823C92A888): 10
LogDevObjectVersion:   Dev-Niagara (F2AED0AC-9AFE-416F-8664-AA7FFA26D6FC): 1
LogDevObjectVersion:   Dev-Destruction (174F1F0B-B4C6-45A5-B13F-2EE8D0FB917D): 10
LogDevObjectVersion:   Dev-Physics-Ext (35F94A83-E258-406C-A318-09F59610247C): 41
LogDevObjectVersion:   Dev-PhysicsMaterial-Chaos (B68FC16E-8B1B-42E2-B453-215C058844FE): 1
LogDevObjectVersion:   Dev-CineCamera (B2E18506-4273-CFC2-A54E-F4BB758BBA07): 1
LogDevObjectVersion:   Dev-VirtualProduction (64F58936-FD1B-42BA-BA96-7289D5D0FA4E): 1
LogDevObjectVersion:   Dev-MediaFramework (6F0ED827-A609-4895-9C91-998D90180EA4): 2
LogInit: Presizing for max 25165824 objects, including 0 objects not considered by GC, pre-allocating 0 bytes for permanent pool.
LogConfig: Applying CVar settings from Section [/Script/Engine.StreamingSettings] File [E:/4ThY Game/SilentWar/SilentWar/Saved/Config/Windows/Engine.ini]
LogConfig: Setting CVar [[s.MinBulkDataSizeForAsyncLoading:131072]]
LogConfig: Setting CVar [[s.AsyncLoadingThreadEnabled:0]]
LogConfig: Setting CVar [[s.EventDrivenLoaderEnabled:1]]
LogConfig: Setting CVar [[s.WarnIfTimeLimitExceeded:0]]
LogConfig: Setting CVar [[s.TimeLimitExceededMultiplier:1.5]]
LogConfig: Setting CVar [[s.TimeLimitExceededMinTime:0.005]]
LogConfig: Setting CVar [[s.UseBackgroundLevelStreaming:1]]
LogConfig: Setting CVar [[s.PriorityAsyncLoadingExtraTime:15.0]]
LogConfig: Setting CVar [[s.LevelStreamingActorsUpdateTimeLimit:5.0]]
LogConfig: Setting CVar [[s.PriorityLevelStreamingActorsUpdateExtraTime:5.0]]
LogConfig: Setting CVar [[s.LevelStreamingComponentsRegistrationGranularity:10]]
LogConfig: Setting CVar [[s.UnregisterComponentsTimeLimit:1.0]]
LogConfig: Setting CVar [[s.LevelStreamingComponentsUnregistrationGranularity:5]]
LogConfig: Setting CVar [[s.FlushStreamingOnExit:1]]
LogInit: Object subsystem initialized
LogConfig: Setting CVar [[con.DebugEarlyDefault:1]]
LogConfig: Setting CVar [[r.setres:1280x720]]
[2022.12.03-15.47.58:288][  0]LogConfig: Setting CVar [[con.DebugEarlyDefault:1]]
[2022.12.03-15.47.58:288][  0]LogConfig: Setting CVar [[r.setres:1280x720]]
[2022.12.03-15.47.58:288][  0]LogConfig: Applying CVar settings from Section [/Script/Engine.RendererSettings] File [E:/4ThY Game/SilentWar/SilentWar/Saved/Config/Windows/Engine.ini]
[2022.12.03-15.47.58:288][  0]LogConfig: Setting CVar [[r.GPUCrashDebugging:0]]
[2022.12.03-15.47.58:288][  0]LogConfig: Applying CVar settings from Section [/Script/Engine.RendererOverrideSettings] File [E:/4ThY Game/SilentWar/SilentWar/Saved/Config/Windows/Engine.ini]
[2022.12.03-15.47.58:288][  0]LogConfig: Applying CVar settings from Section [/Script/Engine.StreamingSettings] File [E:/4ThY Game/SilentWar/SilentWar/Saved/Config/Windows/Engine.ini]
[2022.12.03-15.47.58:288][  0]LogConfig: Setting CVar [[s.MinBulkDataSizeForAsyncLoading:131072]]
[2022.12.03-15.47.58:288][  0]LogConfig: Setting CVar [[s.AsyncLoadingThreadEnabled:0]]
[2022.12.03-15.47.58:288][  0]LogConfig: Setting CVar [[s.EventDrivenLoaderEnabled:1]]
[2022.12.03-15.47.58:288][  0]LogConfig: Setting CVar [[s.WarnIfTimeLimitExceeded:0]]
[2022.12.03-15.47.58:288][  0]LogConfig: Setting CVar [[s.TimeLimitExceededMultiplier:1.5]]
[2022.12.03-15.47.58:288][  0]LogConfig: Setting CVar [[s.TimeLimitExceededMinTime:0.005]]
[2022.12.03-15.47.58:288][  0]LogConfig: Setting CVar [[s.UseBackgroundLevelStreaming:1]]
[2022.12.03-15.47.58:288][  0]LogConfig: Setting CVar [[s.PriorityAsyncLoadingExtraTime:15.0]]
[2022.12.03-15.47.58:288][  0]LogConfig: Setting CVar [[s.LevelStreamingActorsUpdateTimeLimit:5.0]]
[2022.12.03-15.47.58:288][  0]LogConfig: Setting CVar [[s.PriorityLevelStreamingActorsUpdateExtraTime:5.0]]
[2022.12.03-15.47.58:288][  0]LogConfig: Setting CVar [[s.LevelStreamingComponentsRegistrationGranularity:10]]
[2022.12.03-15.47.58:288][  0]LogConfig: Setting CVar [[s.UnregisterComponentsTimeLimit:1.0]]
[2022.12.03-15.47.58:288][  0]LogConfig: Setting CVar [[s.LevelStreamingComponentsUnregistrationGranularity:5]]
[2022.12.03-15.47.58:288][  0]LogConfig: Setting CVar [[s.FlushStreamingOnExit:1]]
[2022.12.03-15.47.58:288][  0]LogConfig: Applying CVar settings from Section [/Script/Engine.GarbageCollectionSettings] File [E:/4ThY Game/SilentWar/SilentWar/Saved/Config/Windows/Engine.ini]
[2022.12.03-15.47.58:288][  0]LogConfig: Setting CVar [[gc.MaxObjectsNotConsideredByGC:1]]
[2022.12.03-15.47.58:288][  0]LogConfig: Setting CVar [[gc.SizeOfPermanentObjectPool:0]]
[2022.12.03-15.47.58:288][  0]LogConfig: Setting CVar [[gc.FlushStreamingOnGC:0]]
[2022.12.03-15.47.58:288][  0]LogConfig: Setting CVar [[gc.NumRetriesBeforeForcingGC:10]]
[2022.12.03-15.47.58:288][  0]LogConfig: Setting CVar [[gc.AllowParallelGC:1]]
[2022.12.03-15.47.58:288][  0]LogConfig: Setting CVar [[gc.TimeBetweenPurgingPendingKillObjects:61.1]]
[2022.12.03-15.47.58:288][  0]LogConfig: Setting CVar [[gc.MaxObjectsInEditor:25165824]]
[2022.12.03-15.47.58:288][  0]LogConfig: Setting CVar [[gc.IncrementalBeginDestroyEnabled:1]]
[2022.12.03-15.47.58:288][  0]LogConfig: Setting CVar [[gc.CreateGCClusters:1]]
[2022.12.03-15.47.58:288][  0]LogConfig: Setting CVar [[gc.MinGCClusterSize:5]]
[2022.12.03-15.47.58:288][  0]LogConfig: Setting CVar [[gc.ActorClusteringEnabled:0]]
[2022.12.03-15.47.58:288][  0]LogConfig: Setting CVar [[gc.BlueprintClusteringEnabled:0]]
[2022.12.03-15.47.58:288][  0]LogConfig: Setting CVar [[gc.UseDisregardForGCOnDedicatedServers:0]]
[2022.12.03-15.47.58:288][  0]LogConfig: Setting CVar [[gc.MultithreadedDestructionEnabled:1]]
[2022.12.03-15.47.58:288][  0]LogConfig: Applying CVar settings from Section [/Script/Engine.NetworkSettings] File [E:/4ThY Game/SilentWar/SilentWar/Saved/Config/Windows/Engine.ini]
[2022.12.03-15.47.58:288][  0]LogConfig: Applying CVar settings from Section [/Script/UnrealEd.CookerSettings] File [E:/4ThY Game/SilentWar/SilentWar/Saved/Config/Windows/Engine.ini]
[2022.12.03-15.47.58:305][  0]LogConfig: Applying CVar settings from Section [ViewDistanceQuality@3] File [E:/4ThY Game/SilentWar/SilentWar/Saved/Config/Windows/Scalability.ini]
[2022.12.03-15.47.58:305][  0]LogConfig: Setting CVar [[r.SkeletalMeshLODBias:0]]
[2022.12.03-15.47.58:305][  0]LogConfig: Setting CVar [[r.ViewDistanceScale:1.0]]
[2022.12.03-15.47.58:305][  0]LogConfig: Applying CVar settings from Section [AntiAliasingQuality@3] File [E:/4ThY Game/SilentWar/SilentWar/Saved/Config/Windows/Scalability.ini]
[2022.12.03-15.47.58:305][  0]LogConfig: Setting CVar [[r.PostProcessAAQuality:4]]
[2022.12.03-15.47.58:305][  0]LogConfig: Applying CVar settings from Section [ShadowQuality@3] File [E:/4ThY Game/SilentWar/SilentWar/Saved/Config/Windows/Scalability.ini]
[2022.12.03-15.47.58:305][  0]LogConfig: Setting CVar [[r.LightFunctionQuality:1]]
[2022.12.03-15.47.58:305][  0]LogConfig: Setting CVar [[r.ShadowQuality:5]]
[2022.12.03-15.47.58:305][  0]LogConfig: Setting CVar [[r.Shadow.CSM.MaxCascades:10]]
[2022.12.03-15.47.58:305][  0]LogConfig: Setting CVar [[r.Shadow.MaxResolution:2048]]
[2022.12.03-15.47.58:305][  0]LogConfig: Setting CVar [[r.Shadow.MaxCSMResolution:2048]]
[2022.12.03-15.47.58:305][  0]LogConfig: Setting CVar [[r.Shadow.RadiusThreshold:0.01]]
[2022.12.03-15.47.58:305][  0]LogConfig: Setting CVar [[r.Shadow.DistanceScale:1.0]]
[2022.12.03-15.47.58:305][  0]LogConfig: Setting CVar [[r.Shadow.CSM.TransitionScale:1.0]]
[2022.12.03-15.47.58:305][  0]LogConfig: Setting CVar [[r.Shadow.PreShadowResolutionFactor:1.0]]
[2022.12.03-15.47.58:305][  0]LogConfig: Setting CVar [[r.DistanceFieldShadowing:1]]
[2022.12.03-15.47.58:305][  0]LogConfig: Setting CVar [[r.DistanceFieldAO:1]]
[2022.12.03-15.47.58:305][  0]LogConfig: Setting CVar [[r.AOQuality:2]]
[2022.12.03-15.47.58:305][  0]LogConfig: Setting CVar [[r.VolumetricFog:1]]
[2022.12.03-15.47.58:305][  0]LogConfig: Setting CVar [[r.VolumetricFog.GridPixelSize:8]]
[2022.12.03-15.47.58:305][  0]LogConfig: Setting CVar [[r.VolumetricFog.GridSizeZ:128]]
[2022.12.03-15.47.58:305][  0]LogConfig: Setting CVar [[r.VolumetricFog.HistoryMissSupersampleCount:4]]
[2022.12.03-15.47.58:305][  0]LogConfig: Setting CVar [[r.LightMaxDrawDistanceScale:1]]
[2022.12.03-15.47.58:305][  0]LogConfig: Setting CVar [[r.CapsuleShadows:1]]
[2022.12.03-15.47.58:305][  0]LogConfig: Applying CVar settings from Section [PostProcessQuality@3] File [E:/4ThY Game/SilentWar/SilentWar/Saved/Config/Windows/Scalability.ini]
[2022.12.03-15.47.58:305][  0]LogConfig: Setting CVar [[r.MotionBlurQuality:4]]
[2022.12.03-15.47.58:305][  0]LogConfig: Setting CVar [[r.AmbientOcclusionMipLevelFactor:0.4]]
[2022.12.03-15.47.58:305][  0]LogConfig: Setting CVar [[r.AmbientOcclusionMaxQuality:100]]
[2022.12.03-15.47.58:305][  0]LogConfig: Setting CVar [[r.AmbientOcclusionLevels:-1]]
[2022.12.03-15.47.58:305][  0]LogConfig: Setting CVar [[r.AmbientOcclusionRadiusScale:1.0]]
[2022.12.03-15.47.58:305][  0]LogConfig: Setting CVar [[r.DepthOfFieldQuality:2]]
[2022.12.03-15.47.58:305][  0]LogConfig: Setting CVar [[r.RenderTargetPoolMin:400]]
[2022.12.03-15.47.58:305][  0]LogConfig: Setting CVar [[r.LensFlareQuality:2]]
[2022.12.03-15.47.58:305][  0]LogConfig: Setting CVar [[r.SceneColorFringeQuality:1]]
[2022.12.03-15.47.58:305][  0]LogConfig: Setting CVar [[r.EyeAdaptationQuality:2]]
[2022.12.03-15.47.58:305][  0]LogConfig: Setting CVar [[r.BloomQuality:5]]
[2022.12.03-15.47.58:305][  0]LogConfig: Setting CVar [[r.FastBlurThreshold:100]]
[2022.12.03-15.47.58:305][  0]LogConfig: Setting CVar [[r.Upscale.Quality:3]]
[2022.12.03-15.47.58:305][  0]LogConfig: Setting CVar [[r.Tonemapper.GrainQuantization:1]]
[2022.12.03-15.47.58:305][  0]LogConfig: Setting CVar [[r.LightShaftQuality:1]]
[2022.12.03-15.47.58:305][  0]LogConfig: Setting CVar [[r.Filter.SizeScale:1]]
[2022.12.03-15.47.58:305][  0]LogConfig: Setting CVar [[r.Tonemapper.Quality:5]]
[2022.12.03-15.47.58:305][  0]LogConfig: Setting CVar [[r.DOF.Gather.AccumulatorQuality:1        ; higher gathering accumulator quality]]
[2022.12.03-15.47.58:305][  0]LogConfig: Setting CVar [[r.DOF.Gather.PostfilterMethod:1          ; Median3x3 postfilering method]]
[2022.12.03-15.47.58:305][  0]LogConfig: Setting CVar [[r.DOF.Gather.EnableBokehSettings:0       ; no bokeh simulation when gathering]]
[2022.12.03-15.47.58:305][  0]LogConfig: Setting CVar [[r.DOF.Gather.RingCount:4                 ; medium number of samples when gathering]]
[2022.12.03-15.47.58:305][  0]LogConfig: Setting CVar [[r.DOF.Scatter.ForegroundCompositing:1    ; additive foreground scattering]]
[2022.12.03-15.47.58:305][  0]LogConfig: Setting CVar [[r.DOF.Scatter.BackgroundCompositing:2    ; additive background scattering]]
[2022.12.03-15.47.58:305][  0]LogConfig: Setting CVar [[r.DOF.Scatter.EnableBokehSettings:1      ; bokeh simulation when scattering]]
[2022.12.03-15.47.58:305][  0]LogConfig: Setting CVar [[r.DOF.Scatter.MaxSpriteRatio:0.1         ; only a maximum of 10% of scattered bokeh]]
[2022.12.03-15.47.58:305][  0]LogConfig: Setting CVar [[r.DOF.Recombine.Quality:1                ; cheap slight out of focus]]
[2022.12.03-15.47.58:305][  0]LogConfig: Setting CVar [[r.DOF.Recombine.EnableBokehSettings:0    ; no bokeh simulation on slight out of focus]]
[2022.12.03-15.47.58:305][  0]LogConfig: Setting CVar [[r.DOF.TemporalAAQuality:1                ; more stable temporal accumulation]]
[2022.12.03-15.47.58:305][  0]LogConfig: Setting CVar [[r.DOF.Kernel.MaxForegroundRadius:0.025]]
[2022.12.03-15.47.58:305][  0]LogConfig: Setting CVar [[r.DOF.Kernel.MaxBackgroundRadius:0.025]]
[2022.12.03-15.47.58:305][  0]LogConfig: Applying CVar settings from Section [TextureQuality@3] File [E:/4ThY Game/SilentWar/SilentWar/Saved/Config/Windows/Scalability.ini]
[2022.12.03-15.47.58:305][  0]LogConfig: Setting CVar [[r.Streaming.MipBias:0]]
[2022.12.03-15.47.58:305][  0]LogConfig: Setting CVar [[r.Streaming.AmortizeCPUToGPUCopy:0]]
[2022.12.03-15.47.58:305][  0]LogConfig: Setting CVar [[r.Streaming.MaxNumTexturesToStreamPerFrame:0]]
[2022.12.03-15.47.58:305][  0]LogConfig: Setting CVar [[r.Streaming.Boost:1]]
[2022.12.03-15.47.58:305][  0]LogConfig: Setting CVar [[r.MaxAnisotropy:8]]
[2022.12.03-15.47.58:305][  0]LogConfig: Setting CVar [[r.VT.MaxAnisotropy:8]]
[2022.12.03-15.47.58:305][  0]LogConfig: Setting CVar [[r.Streaming.LimitPoolSizeToVRAM:0]]
[2022.12.03-15.47.58:305][  0]LogConfig: Setting CVar [[r.Streaming.PoolSize:1000]]
[2022.12.03-15.47.58:305][  0]LogConfig: Setting CVar [[r.Streaming.MaxEffectiveScreenSize:0]]
[2022.12.03-15.47.58:305][  0]LogConfig: Applying CVar settings from Section [EffectsQuality@3] File [E:/4ThY Game/SilentWar/SilentWar/Saved/Config/Windows/Scalability.ini]
[2022.12.03-15.47.58:305][  0]LogConfig: Setting CVar [[r.TranslucencyLightingVolumeDim:64]]
[2022.12.03-15.47.58:305][  0]LogConfig: Setting CVar [[r.RefractionQuality:2]]
[2022.12.03-15.47.58:305][  0]LogConfig: Setting CVar [[r.SSR.Quality:3]]
[2022.12.03-15.47.58:305][  0]LogConfig: Setting CVar [[r.SSR.HalfResSceneColor:0]]
[2022.12.03-15.47.58:305][  0]LogConfig: Setting CVar [[r.SceneColorFormat:4]]
[2022.12.03-15.47.58:305][  0]LogConfig: Setting CVar [[r.DetailMode:2]]
[2022.12.03-15.47.58:306][  0]LogConfig: Setting CVar [[r.TranslucencyVolumeBlur:1]]
[2022.12.03-15.47.58:306][  0]LogConfig: Setting CVar [[r.MaterialQualityLevel:1 ; High quality]]
[2022.12.03-15.47.58:306][  0]LogConfig: Setting CVar [[r.AnisotropicMaterials:1]]
[2022.12.03-15.47.58:306][  0]LogConfig: Setting CVar [[r.SSS.Scale:1]]
[2022.12.03-15.47.58:306][  0]LogConfig: Setting CVar [[r.SSS.SampleSet:2]]
[2022.12.03-15.47.58:306][  0]LogConfig: Setting CVar [[r.SSS.Quality:1]]
[2022.12.03-15.47.58:306][  0]LogConfig: Setting CVar [[r.SSS.HalfRes:0]]
[2022.12.03-15.47.58:306][  0]LogConfig: Setting CVar [[r.SSGI.Quality:3]]
[2022.12.03-15.47.58:306][  0]LogConfig: Setting CVar [[r.EmitterSpawnRateScale:1.0]]
[2022.12.03-15.47.58:306][  0]LogConfig: Setting CVar [[r.ParticleLightQuality:2]]
[2022.12.03-15.47.58:306][  0]LogConfig: Setting CVar [[r.SkyAtmosphere.AerialPerspectiveLUT.FastApplyOnOpaque:1 ; Always have FastSkyLUT 1 in this case to avoid wrong sky]]
[2022.12.03-15.47.58:306][  0]LogConfig: Setting CVar [[r.SkyAtmosphere.AerialPerspectiveLUT.SampleCountMaxPerSlice:4]]
[2022.12.03-15.47.58:306][  0]LogConfig: Setting CVar [[r.SkyAtmosphere.AerialPerspectiveLUT.DepthResolution:16.0]]
[2022.12.03-15.47.58:306][  0]LogConfig: Setting CVar [[r.SkyAtmosphere.FastSkyLUT:1]]
[2022.12.03-15.47.58:306][  0]LogConfig: Setting CVar [[r.SkyAtmosphere.FastSkyLUT.SampleCountMin:4.0]]
[2022.12.03-15.47.58:306][  0]LogConfig: Setting CVar [[r.SkyAtmosphere.FastSkyLUT.SampleCountMax:128.0]]
[2022.12.03-15.47.58:306][  0]LogConfig: Setting CVar [[r.SkyAtmosphere.SampleCountMin:4.0]]
[2022.12.03-15.47.58:306][  0]LogConfig: Setting CVar [[r.SkyAtmosphere.SampleCountMax:128.0]]
[2022.12.03-15.47.58:306][  0]LogConfig: Setting CVar [[r.SkyAtmosphere.TransmittanceLUT.UseSmallFormat:0]]
[2022.12.03-15.47.58:306][  0]LogConfig: Setting CVar [[r.SkyAtmosphere.TransmittanceLUT.SampleCount:10.0]]
[2022.12.03-15.47.58:306][  0]LogConfig: Setting CVar [[r.SkyAtmosphere.MultiScatteringLUT.SampleCount:15.0]]
[2022.12.03-15.47.58:306][  0]LogConfig: Setting CVar [[r.SkyLight.RealTimeReflectionCapture:1]]
[2022.12.03-15.47.58:306][  0]LogConfig: Applying CVar settings from Section [FoliageQuality@3] File [E:/4ThY Game/SilentWar/SilentWar/Saved/Config/Windows/Scalability.ini]
[2022.12.03-15.47.58:306][  0]LogConfig: Setting CVar [[foliage.DensityScale:1.0]]
[2022.12.03-15.47.58:306][  0]LogConfig: Setting CVar [[grass.DensityScale:1.0]]
[2022.12.03-15.47.58:306][  0]LogConfig: Applying CVar settings from Section [ShadingQuality@3] File [E:/4ThY Game/SilentWar/SilentWar/Saved/Config/Windows/Scalability.ini]
[2022.12.03-15.47.58:306][  0]LogConfig: Setting CVar [[r.HairStrands.SkyLighting.IntegrationType:2]]
[2022.12.03-15.47.58:306][  0]LogConfig: Setting CVar [[r.HairStrands.SkyAO.SampleCount:4]]
[2022.12.03-15.47.58:306][  0]LogConfig: Setting CVar [[r.HairStrands.Visibility.MSAA.SamplePerPixel:4]]
[2022.12.03-15.47.58:306][  0]LogInit: Selected Device Profile: [Windows]
[2022.12.03-15.47.58:306][  0]LogInit: Applying CVar settings loaded from the selected device profile: [Windows]
[2022.12.03-15.47.58:306][  0]LogHAL: Display: Platform has ~ 15 GB [15240941568 / 17179869184 / 15], which maps to Larger [LargestMinGB=32, LargerMinGB=12, DefaultMinGB=8, SmallerMinGB=6, SmallestMinGB=0)
[2022.12.03-15.47.58:306][  0]LogInit: Going up to parent DeviceProfile []
[2022.12.03-15.47.58:306][  0]LogConfig: Applying CVar settings from Section [ViewDistanceQuality@3] File [E:/4ThY Game/SilentWar/SilentWar/Saved/Config/Windows/Scalability.ini]
[2022.12.03-15.47.58:306][  0]LogConfig: Setting CVar [[r.SkeletalMeshLODBias:0]]
[2022.12.03-15.47.58:306][  0]LogConfig: Setting CVar [[r.ViewDistanceScale:1.0]]
[2022.12.03-15.47.58:306][  0]LogConfig: Applying CVar settings from Section [AntiAliasingQuality@3] File [E:/4ThY Game/SilentWar/SilentWar/Saved/Config/Windows/Scalability.ini]
[2022.12.03-15.47.58:306][  0]LogConfig: Setting CVar [[r.PostProcessAAQuality:4]]
[2022.12.03-15.47.58:306][  0]LogConfig: Applying CVar settings from Section [ShadowQuality@3] File [E:/4ThY Game/SilentWar/SilentWar/Saved/Config/Windows/Scalability.ini]
[2022.12.03-15.47.58:306][  0]LogConfig: Setting CVar [[r.LightFunctionQuality:1]]
[2022.12.03-15.47.58:306][  0]LogConfig: Setting CVar [[r.ShadowQuality:5]]
[2022.12.03-15.47.58:306][  0]LogConfig: Setting CVar [[r.Shadow.CSM.MaxCascades:10]]
[2022.12.03-15.47.58:306][  0]LogConfig: Setting CVar [[r.Shadow.MaxResolution:2048]]
[2022.12.03-15.47.58:306][  0]LogConfig: Setting CVar [[r.Shadow.MaxCSMResolution:2048]]
[2022.12.03-15.47.58:306][  0]LogConfig: Setting CVar [[r.Shadow.RadiusThreshold:0.01]]
[2022.12.03-15.47.58:306][  0]LogConfig: Setting CVar [[r.Shadow.DistanceScale:1.0]]
[2022.12.03-15.47.58:306][  0]LogConfig: Setting CVar [[r.Shadow.CSM.TransitionScale:1.0]]
[2022.12.03-15.47.58:306][  0]LogConfig: Setting CVar [[r.Shadow.PreShadowResolutionFactor:1.0]]
[2022.12.03-15.47.58:306][  0]LogConfig: Setting CVar [[r.DistanceFieldShadowing:1]]
[2022.12.03-15.47.58:306][  0]LogConfig: Setting CVar [[r.DistanceFieldAO:1]]
[2022.12.03-15.47.58:306][  0]LogConfig: Setting CVar [[r.AOQuality:2]]
[2022.12.03-15.47.58:306][  0]LogConfig: Setting CVar [[r.VolumetricFog:1]]
[2022.12.03-15.47.58:306][  0]LogConfig: Setting CVar [[r.VolumetricFog.GridPixelSize:8]]
[2022.12.03-15.47.58:306][  0]LogConfig: Setting CVar [[r.VolumetricFog.GridSizeZ:128]]
[2022.12.03-15.47.58:306][  0]LogConfig: Setting CVar [[r.VolumetricFog.HistoryMissSupersampleCount:4]]
[2022.12.03-15.47.58:306][  0]LogConfig: Setting CVar [[r.LightMaxDrawDistanceScale:1]]
[2022.12.03-15.47.58:306][  0]LogConfig: Setting CVar [[r.CapsuleShadows:1]]
[2022.12.03-15.47.58:306][  0]LogConfig: Applying CVar settings from Section [PostProcessQuality@3] File [E:/4ThY Game/SilentWar/SilentWar/Saved/Config/Windows/Scalability.ini]
[2022.12.03-15.47.58:306][  0]LogConfig: Setting CVar [[r.MotionBlurQuality:4]]
[2022.12.03-15.47.58:306][  0]LogConfig: Setting CVar [[r.AmbientOcclusionMipLevelFactor:0.4]]
[2022.12.03-15.47.58:306][  0]LogConfig: Setting CVar [[r.AmbientOcclusionMaxQuality:100]]
[2022.12.03-15.47.58:306][  0]LogConfig: Setting CVar [[r.AmbientOcclusionLevels:-1]]
[2022.12.03-15.47.58:306][  0]LogConfig: Setting CVar [[r.AmbientOcclusionRadiusScale:1.0]]
[2022.12.03-15.47.58:306][  0]LogConfig: Setting CVar [[r.DepthOfFieldQuality:2]]
[2022.12.03-15.47.58:306][  0]LogConfig: Setting CVar [[r.RenderTargetPoolMin:400]]
[2022.12.03-15.47.58:306][  0]LogConfig: Setting CVar [[r.LensFlareQuality:2]]
[2022.12.03-15.47.58:306][  0]LogConfig: Setting CVar [[r.SceneColorFringeQuality:1]]
[2022.12.03-15.47.58:306][  0]LogConfig: Setting CVar [[r.EyeAdaptationQuality:2]]
[2022.12.03-15.47.58:306][  0]LogConfig: Setting CVar [[r.BloomQuality:5]]
[2022.12.03-15.47.58:306][  0]LogConfig: Setting CVar [[r.FastBlurThreshold:100]]
[2022.12.03-15.47.58:306][  0]LogConfig: Setting CVar [[r.Upscale.Quality:3]]
[2022.12.03-15.47.58:306][  0]LogConfig: Setting CVar [[r.Tonemapper.GrainQuantization:1]]
[2022.12.03-15.47.58:306][  0]LogConfig: Setting CVar [[r.LightShaftQuality:1]]
[2022.12.03-15.47.58:306][  0]LogConfig: Setting CVar [[r.Filter.SizeScale:1]]
[2022.12.03-15.47.58:306][  0]LogConfig: Setting CVar [[r.Tonemapper.Quality:5]]
[2022.12.03-15.47.58:306][  0]LogConfig: Setting CVar [[r.DOF.Gather.AccumulatorQuality:1        ; higher gathering accumulator quality]]
[2022.12.03-15.47.58:306][  0]LogConfig: Setting CVar [[r.DOF.Gather.PostfilterMethod:1          ; Median3x3 postfilering method]]
[2022.12.03-15.47.58:306][  0]LogConfig: Setting CVar [[r.DOF.Gather.EnableBokehSettings:0       ; no bokeh simulation when gathering]]
[2022.12.03-15.47.58:306][  0]LogConfig: Setting CVar [[r.DOF.Gather.RingCount:4                 ; medium number of samples when gathering]]
[2022.12.03-15.47.58:306][  0]LogConfig: Setting CVar [[r.DOF.Scatter.ForegroundCompositing:1    ; additive foreground scattering]]
[2022.12.03-15.47.58:306][  0]LogConfig: Setting CVar [[r.DOF.Scatter.BackgroundCompositing:2    ; additive background scattering]]
[2022.12.03-15.47.58:306][  0]LogConfig: Setting CVar [[r.DOF.Scatter.EnableBokehSettings:1      ; bokeh simulation when scattering]]
[2022.12.03-15.47.58:306][  0]LogConfig: Setting CVar [[r.DOF.Scatter.MaxSpriteRatio:0.1         ; only a maximum of 10% of scattered bokeh]]
[2022.12.03-15.47.58:306][  0]LogConfig: Setting CVar [[r.DOF.Recombine.Quality:1                ; cheap slight out of focus]]
[2022.12.03-15.47.58:306][  0]LogConfig: Setting CVar [[r.DOF.Recombine.EnableBokehSettings:0    ; no bokeh simulation on slight out of focus]]
[2022.12.03-15.47.58:306][  0]LogConfig: Setting CVar [[r.DOF.TemporalAAQuality:1                ; more stable temporal accumulation]]
[2022.12.03-15.47.58:306][  0]LogConfig: Setting CVar [[r.DOF.Kernel.MaxForegroundRadius:0.025]]
[2022.12.03-15.47.58:306][  0]LogConfig: Setting CVar [[r.DOF.Kernel.MaxBackgroundRadius:0.025]]
[2022.12.03-15.47.58:306][  0]LogConfig: Applying CVar settings from Section [TextureQuality@3] File [E:/4ThY Game/SilentWar/SilentWar/Saved/Config/Windows/Scalability.ini]
[2022.12.03-15.47.58:306][  0]LogConfig: Setting CVar [[r.Streaming.MipBias:0]]
[2022.12.03-15.47.58:306][  0]LogConfig: Setting CVar [[r.Streaming.AmortizeCPUToGPUCopy:0]]
[2022.12.03-15.47.58:306][  0]LogConfig: Setting CVar [[r.Streaming.MaxNumTexturesToStreamPerFrame:0]]
[2022.12.03-15.47.58:306][  0]LogConfig: Setting CVar [[r.Streaming.Boost:1]]
[2022.12.03-15.47.58:306][  0]LogConfig: Setting CVar [[r.MaxAnisotropy:8]]
[2022.12.03-15.47.58:306][  0]LogConfig: Setting CVar [[r.VT.MaxAnisotropy:8]]
[2022.12.03-15.47.58:306][  0]LogConfig: Setting CVar [[r.Streaming.LimitPoolSizeToVRAM:0]]
[2022.12.03-15.47.58:306][  0]LogConfig: Setting CVar [[r.Streaming.PoolSize:1000]]
[2022.12.03-15.47.58:306][  0]LogConfig: Setting CVar [[r.Streaming.MaxEffectiveScreenSize:0]]
[2022.12.03-15.47.58:306][  0]LogConfig: Applying CVar settings from Section [EffectsQuality@3] File [E:/4ThY Game/SilentWar/SilentWar/Saved/Config/Windows/Scalability.ini]
[2022.12.03-15.47.58:306][  0]LogConfig: Setting CVar [[r.TranslucencyLightingVolumeDim:64]]
[2022.12.03-15.47.58:306][  0]LogConfig: Setting CVar [[r.RefractionQuality:2]]
[2022.12.03-15.47.58:306][  0]LogConfig: Setting CVar [[r.SSR.Quality:3]]
[2022.12.03-15.47.58:306][  0]LogConfig: Setting CVar [[r.SSR.HalfResSceneColor:0]]
[2022.12.03-15.47.58:306][  0]LogConfig: Setting CVar [[r.SceneColorFormat:4]]
[2022.12.03-15.47.58:306][  0]LogConfig: Setting CVar [[r.DetailMode:2]]
[2022.12.03-15.47.58:306][  0]LogConfig: Setting CVar [[r.TranslucencyVolumeBlur:1]]
[2022.12.03-15.47.58:306][  0]LogConfig: Setting CVar [[r.MaterialQualityLevel:1 ; High quality]]
[2022.12.03-15.47.58:307][  0]LogConfig: Setting CVar [[r.AnisotropicMaterials:1]]
[2022.12.03-15.47.58:307][  0]LogConfig: Setting CVar [[r.SSS.Scale:1]]
[2022.12.03-15.47.58:307][  0]LogConfig: Setting CVar [[r.SSS.SampleSet:2]]
[2022.12.03-15.47.58:307][  0]LogConfig: Setting CVar [[r.SSS.Quality:1]]
[2022.12.03-15.47.58:307][  0]LogConfig: Setting CVar [[r.SSS.HalfRes:0]]
[2022.12.03-15.47.58:307][  0]LogConfig: Setting CVar [[r.SSGI.Quality:3]]
[2022.12.03-15.47.58:307][  0]LogConfig: Setting CVar [[r.EmitterSpawnRateScale:1.0]]
[2022.12.03-15.47.58:307][  0]LogConfig: Setting CVar [[r.ParticleLightQuality:2]]
[2022.12.03-15.47.58:307][  0]LogConfig: Setting CVar [[r.SkyAtmosphere.AerialPerspectiveLUT.FastApplyOnOpaque:1 ; Always have FastSkyLUT 1 in this case to avoid wrong sky]]
[2022.12.03-15.47.58:307][  0]LogConfig: Setting CVar [[r.SkyAtmosphere.AerialPerspectiveLUT.SampleCountMaxPerSlice:4]]
[2022.12.03-15.47.58:307][  0]LogConfig: Setting CVar [[r.SkyAtmosphere.AerialPerspectiveLUT.DepthResolution:16.0]]
[2022.12.03-15.47.58:307][  0]LogConfig: Setting CVar [[r.SkyAtmosphere.FastSkyLUT:1]]
[2022.12.03-15.47.58:307][  0]LogConfig: Setting CVar [[r.SkyAtmosphere.FastSkyLUT.SampleCountMin:4.0]]
[2022.12.03-15.47.58:307][  0]LogConfig: Setting CVar [[r.SkyAtmosphere.FastSkyLUT.SampleCountMax:128.0]]
[2022.12.03-15.47.58:307][  0]LogConfig: Setting CVar [[r.SkyAtmosphere.SampleCountMin:4.0]]
[2022.12.03-15.47.58:307][  0]LogConfig: Setting CVar [[r.SkyAtmosphere.SampleCountMax:128.0]]
[2022.12.03-15.47.58:307][  0]LogConfig: Setting CVar [[r.SkyAtmosphere.TransmittanceLUT.UseSmallFormat:0]]
[2022.12.03-15.47.58:307][  0]LogConfig: Setting CVar [[r.SkyAtmosphere.TransmittanceLUT.SampleCount:10.0]]
[2022.12.03-15.47.58:307][  0]LogConfig: Setting CVar [[r.SkyAtmosphere.MultiScatteringLUT.SampleCount:15.0]]
[2022.12.03-15.47.58:307][  0]LogConfig: Setting CVar [[r.SkyLight.RealTimeReflectionCapture:1]]
[2022.12.03-15.47.58:307][  0]LogConfig: Applying CVar settings from Section [FoliageQuality@3] File [E:/4ThY Game/SilentWar/SilentWar/Saved/Config/Windows/Scalability.ini]
[2022.12.03-15.47.58:307][  0]LogConfig: Setting CVar [[foliage.DensityScale:1.0]]
[2022.12.03-15.47.58:307][  0]LogConfig: Setting CVar [[grass.DensityScale:1.0]]
[2022.12.03-15.47.58:307][  0]LogConfig: Applying CVar settings from Section [ShadingQuality@3] File [E:/4ThY Game/SilentWar/SilentWar/Saved/Config/Windows/Scalability.ini]
[2022.12.03-15.47.58:307][  0]LogConfig: Setting CVar [[r.HairStrands.SkyLighting.IntegrationType:2]]
[2022.12.03-15.47.58:307][  0]LogConfig: Setting CVar [[r.HairStrands.SkyAO.SampleCount:4]]
[2022.12.03-15.47.58:307][  0]LogConfig: Setting CVar [[r.HairStrands.Visibility.MSAA.SamplePerPixel:4]]
[2022.12.03-15.47.58:307][  0]LogConfig: Applying CVar settings from Section [Startup] File [../../../Engine/Config/ConsoleVariables.ini]
[2022.12.03-15.47.58:307][  0]LogConfig: Setting CVar [[net.UseAdaptiveNetUpdateFrequency:0]]
[2022.12.03-15.47.58:307][  0]LogConfig: Setting CVar [[p.chaos.AllowCreatePhysxBodies:1]]
[2022.12.03-15.47.58:307][  0]LogConfig: Setting CVar [[fx.SkipVectorVMBackendOptimizations:1]]
[2022.12.03-15.47.58:307][  0]LogConfig: Applying CVar settings from Section [ConsoleVariables] File [E:/4ThY Game/SilentWar/SilentWar/Saved/Config/Windows/Engine.ini]
[2022.12.03-15.47.58:307][  0]LogConfig: Applying CVar settings from Section [ConsoleVariables] File [E:/4ThY Game/SilentWar/SilentWar/Saved/Config/Windows/Editor.ini]
[2022.12.03-15.47.58:307][  0]LogInit: Computer: DESKTOP-ROT92MS
[2022.12.03-15.47.58:307][  0]LogInit: User: torro
[2022.12.03-15.47.58:307][  0]LogInit: CPU Page size=4096, Cores=8
[2022.12.03-15.47.58:307][  0]LogInit: High frequency timer resolution =10.000000 MHz
[2022.12.03-15.47.58:307][  0]LogMemory: Memory total: Physical=14.2GB (15GB approx)
[2022.12.03-15.47.58:307][  0]LogMemory: Platform Memory Stats for Windows
[2022.12.03-15.47.58:307][  0]LogMemory: Process Physical Memory: 149.94 MB used, 152.50 MB peak
[2022.12.03-15.47.58:307][  0]LogMemory: Process Virtual Memory: 133.53 MB used, 133.53 MB peak
[2022.12.03-15.47.58:307][  0]LogMemory: Physical Memory: 11125.75 MB used,  3409.14 MB free, 14534.89 MB total
[2022.12.03-15.47.58:307][  0]LogMemory: Virtual Memory: 134210536.00 MB used,  7195.62 MB free, 134217728.00 MB total
[2022.12.03-15.47.58:598][  0]LogWindows: WindowsPlatformFeatures enabled
[2022.12.03-15.47.58:629][  0]LogInit: Physics initialised using underlying interface: PhysX
[2022.12.03-15.47.58:629][  0]LogInit: Using OS detected language (en-US).
[2022.12.03-15.47.58:629][  0]LogInit: Using OS detected locale (th-TH).
[2022.12.03-15.47.58:630][  0]LogTextLocalizationManager: No specific localization for 'en-US' exists, so the 'en' localization will be used.
[2022.12.03-15.47.58:631][  0]LogTextLocalizationManager: No localization for 'th-TH' exists, so 'en' will be used for the locale.
[2022.12.03-15.47.58:814][  0]LogWindowsTextInputMethodSystem: Display: IME system deactivated.
[2022.12.03-15.47.58:835][  0]LogSlate: New Slate User Created.  User Index 0, Is Virtual User: 0
[2022.12.03-15.47.58:835][  0]LogSlate: Slate User Registered.  User Index 0, Is Virtual User: 0
[2022.12.03-15.47.58:859][  0]LogD3D11RHI: Loaded GFSDK_Aftermath_Lib.x64.dll
[2022.12.03-15.47.58:861][  0]LogHMD: Failed to initialize OpenVR with code 101
[2022.12.03-15.47.58:861][  0]LogD3D11RHI: D3D11 min allowed feature level: 11_0
[2022.12.03-15.47.58:861][  0]LogD3D11RHI: D3D11 max allowed feature level: 11_0
[2022.12.03-15.47.58:861][  0]LogD3D11RHI: D3D11 adapters:
[2022.12.03-15.47.58:948][  0]LogD3D11RHI:    0. 'NVIDIA GeForce RTX 2080' (Feature Level 11_0)
[2022.12.03-15.47.58:948][  0]LogD3D11RHI:       8001/0/7267 MB DedicatedVideo/DedicatedSystem/SharedSystem, Outputs:1, VendorId:0x10de
[2022.12.03-15.47.58:950][  0]LogD3D11RHI:    1. 'Microsoft Basic Render Driver' (Feature Level 11_0)
[2022.12.03-15.47.58:950][  0]LogD3D11RHI:       0/0/7267 MB DedicatedVideo/DedicatedSystem/SharedSystem, Outputs:0, VendorId:0x1414
[2022.12.03-15.47.58:950][  0]LogD3D11RHI: Chosen D3D11 Adapter:
[2022.12.03-15.47.58:951][  0]LogD3D11RHI:     Description : NVIDIA GeForce RTX 2080
[2022.12.03-15.47.58:951][  0]LogD3D11RHI:     VendorId    : 10de
[2022.12.03-15.47.58:951][  0]LogD3D11RHI:     DeviceId    : 1e87
[2022.12.03-15.47.58:951][  0]LogD3D11RHI:     SubSysId    : 86621043
[2022.12.03-15.47.58:951][  0]LogD3D11RHI:     Revision    : 00a1
[2022.12.03-15.47.58:951][  0]LogD3D11RHI:     DedicatedVideoMemory : 8389656576 bytes
[2022.12.03-15.47.58:951][  0]LogD3D11RHI:     DedicatedSystemMemory : 0 bytes
[2022.12.03-15.47.58:951][  0]LogD3D11RHI:     SharedSystemMemory : 7620470784 bytes
[2022.12.03-15.47.58:951][  0]LogD3D11RHI:     AdapterLuid : 0 320289385
[2022.12.03-15.47.58:961][  0]LogD3D11RHI: Creating new Direct3DDevice
[2022.12.03-15.47.58:961][  0]LogD3D11RHI:     GPU DeviceId: 0x1e87 (for the marketing name, search the web for "GPU Device Id")
[2022.12.03-15.47.58:961][  0]LogWindows: EnumDisplayDevices:
[2022.12.03-15.47.58:961][  0]LogWindows:    0. 'NVIDIA GeForce RTX 2080' (P:1 D:1)
[2022.12.03-15.47.58:961][  0]LogWindows:    1. 'NVIDIA GeForce RTX 2080' (P:0 D:0)
[2022.12.03-15.47.58:961][  0]LogWindows:    2. 'NVIDIA GeForce RTX 2080' (P:0 D:0)
[2022.12.03-15.47.58:962][  0]LogWindows:    3. 'NVIDIA GeForce RTX 2080' (P:0 D:0)
[2022.12.03-15.47.58:962][  0]LogWindows: DebugString: FoundDriverCount:4 
[2022.12.03-15.47.58:962][  0]LogD3D11RHI:     Adapter Name: NVIDIA GeForce RTX 2080
[2022.12.03-15.47.58:962][  0]LogD3D11RHI:   Driver Version: 526.98 (internal:31.0.15.2698, unified:526.98)
[2022.12.03-15.47.58:962][  0]LogD3D11RHI:      Driver Date: 11-13-2022
[2022.12.03-15.47.58:962][  0]LogRHI: Texture pool is 5600 MB (70% of 8001 MB)
[2022.12.03-15.47.58:962][  0]LogD3D11RHI: Creating D3DDevice using adapter:
[2022.12.03-15.47.58:962][  0]LogD3D11RHI:     Description : NVIDIA GeForce RTX 2080
[2022.12.03-15.47.58:962][  0]LogD3D11RHI:     VendorId    : 10de
[2022.12.03-15.47.58:962][  0]LogD3D11RHI:     DeviceId    : 1e87
[2022.12.03-15.47.58:962][  0]LogD3D11RHI:     SubSysId    : 86621043
[2022.12.03-15.47.58:962][  0]LogD3D11RHI:     Revision    : 00a1
[2022.12.03-15.47.58:962][  0]LogD3D11RHI:     DedicatedVideoMemory : 8389656576 bytes
[2022.12.03-15.47.58:962][  0]LogD3D11RHI:     DedicatedSystemMemory : 0 bytes
[2022.12.03-15.47.58:962][  0]LogD3D11RHI:     SharedSystemMemory : 7620470784 bytes
[2022.12.03-15.47.58:962][  0]LogD3D11RHI:     AdapterLuid : 0 320289385
[2022.12.03-15.47.59:027][  0]LogD3D11RHI: RHI has support for 64 bit atomics
[2022.12.03-15.47.59:027][  0]LogD3D11RHI: Async texture creation enabled
[2022.12.03-15.47.59:027][  0]LogD3D11RHI: Array index from any shader is supported
[2022.12.03-15.47.59:053][  0]LogD3D11RHI: GPU Timing Frequency: 1000.000000 (Debug: 2 1)
[2022.12.03-15.47.59:076][  0]LogRHI: GeForceNow SDK initialized: 1
[2022.12.03-15.47.59:316][  0]LogTargetPlatformManager: Display: Loaded TargetPlatform 'WindowsNoEditor'
[2022.12.03-15.47.59:319][  0]LogTargetPlatformManager: Display: Loaded TargetPlatform 'Windows'
[2022.12.03-15.47.59:322][  0]LogTargetPlatformManager: Display: Loaded TargetPlatform 'WindowsClient'
[2022.12.03-15.47.59:325][  0]LogTargetPlatformManager: Display: Loaded TargetPlatform 'WindowsServer'
[2022.12.03-15.47.59:325][  0]LogTargetPlatformManager: Display: Building Assets For Windows
[2022.12.03-15.47.59:330][  0]LogAudioDebug: Display: Lib vorbis DLL was dynamically loaded.
[2022.12.03-15.47.59:349][  0]LogTextureFormatOodle: Display: Oodle Texture 2.9.0 init RDO Off
[2022.12.03-15.47.59:370][  0]LogRendererCore: Ray tracing is disabled. Reason: r.RayTracing=0.
[2022.12.03-15.47.59:370][  0]LogShaderCompilers: Guid format shader working directory is 1 characters bigger than the processId version (../../../../../4ThY Game/SilentWar/SilentWar/Intermediate/Shaders/WorkingDirectory/29660/).
[2022.12.03-15.47.59:370][  0]LogShaderCompilers: Cleaned the shader compiler working directory 'C:/Users/torro/AppData/Local/Temp/UnrealShaderWorkingDir/B46431894B1E0EDD33B94EA2E5C33616/'.
[2022.12.03-15.47.59:370][  0]LogXGEController: Cannot use XGE Controller as Incredibuild is not installed on this machine.
[2022.12.03-15.47.59:370][  0]LogShaderCompilers: Cannot use XGE Shader Compiler as Incredibuild is not installed on this machine.
[2022.12.03-15.47.59:370][  0]LogShaderCompilers: Display: Using Local Shader Compiler.
[2022.12.03-15.47.59:984][  0]LogDerivedDataCache: Display: Max Cache Size: 512 MB
[2022.12.03-15.48.00:048][  0]LogDerivedDataCache: Loaded boot cache 0.06s 94MB C:/Users/torro/AppData/Local/UnrealEngine/4.27/DerivedDataCache/Boot.ddc.
[2022.12.03-15.48.00:048][  0]LogDerivedDataCache: Display: Loaded Boot cache: C:/Users/torro/AppData/Local/UnrealEngine/4.27/DerivedDataCache/Boot.ddc
[2022.12.03-15.48.00:048][  0]LogDerivedDataCache: FDerivedDataBackendGraph:  Pak pak cache file ../../../../../4ThY Game/SilentWar/SilentWar/DerivedDataCache/DDC.ddp not found, will not use a pak cache.
[2022.12.03-15.48.00:048][  0]LogDerivedDataCache: Unable to find inner node Pak for hierarchical cache Hierarchy.
[2022.12.03-15.48.00:048][  0]LogDerivedDataCache: FDerivedDataBackendGraph:  CompressedPak pak cache file ../../../../../4ThY Game/SilentWar/SilentWar/DerivedDataCache/Compressed.ddp not found, will not use a pak cache.
[2022.12.03-15.48.00:048][  0]LogDerivedDataCache: Unable to find inner node CompressedPak for hierarchical cache Hierarchy.
[2022.12.03-15.48.00:063][  0]LogDerivedDataCache: Display: Pak cache opened for reading ../../../Engine/DerivedDataCache/Compressed.ddp.
[2022.12.03-15.48.00:063][  0]LogDerivedDataCache: FDerivedDataBackendGraph:  EnterprisePak pak cache file ../../../Enterprise/DerivedDataCache/Compressed.ddp not found, will not use a pak cache.
[2022.12.03-15.48.00:063][  0]LogDerivedDataCache: Unable to find inner node EnterprisePak for hierarchical cache Hierarchy.
[2022.12.03-15.48.00:069][  0]LogDerivedDataCache: Speed tests for C:/Users/torro/AppData/Local/UnrealEngine/Common/DerivedDataCache took 0.01 seconds
[2022.12.03-15.48.00:069][  0]LogDerivedDataCache: Display: Performance to C:/Users/torro/AppData/Local/UnrealEngine/Common/DerivedDataCache: Latency=0.04ms. RandomReadSpeed=1300.26MBs, RandomWriteSpeed=202.77MBs. Assigned SpeedClass 'Local'
[2022.12.03-15.48.00:070][  0]LogDerivedDataCache: Using Local data cache path C:/Users/torro/AppData/Local/UnrealEngine/Common/DerivedDataCache: Writable
[2022.12.03-15.48.00:070][  0]LogDerivedDataCache: Shared data cache path not found in *engine.ini, will not use an Shared cache.
[2022.12.03-15.48.00:070][  0]LogDerivedDataCache: Unable to find inner node Shared for hierarchical cache Hierarchy.
[2022.12.03-15.48.00:147][  0]LogSlate: Using FreeType 2.10.0
[2022.12.03-15.48.00:147][  0]LogSlate: SlateFontServices - WITH_FREETYPE: 1, WITH_HARFBUZZ: 1
[2022.12.03-15.48.00:285][  0]LogInit: Using OS detected language (en-US).
[2022.12.03-15.48.00:285][  0]LogInit: Using OS detected locale (th-TH).
[2022.12.03-15.48.00:285][  0]LogTextLocalizationManager: No localization for 'en-US' exists, so 'en' will be used for the language.
[2022.12.03-15.48.00:285][  0]LogTextLocalizationManager: No localization for 'th-TH' exists, so 'en' will be used for the locale.
[2022.12.03-15.48.00:300][  0]LogTextLocalizationManager: Compacting localization data took   0.00ms
[2022.12.03-15.48.00:300][  0]LogAssetRegistry: FAssetRegistry took 0.0018 seconds to start up
[2022.12.03-15.48.00:460][  0]LogPackageLocalizationCache: Processed 27 localized package path(s) for 1 prioritized culture(s) in 0.013479 seconds
[2022.12.03-15.48.00:510][  0]LogInit: Selected Device Profile: [Windows]
[2022.12.03-15.48.00:510][  0]LogInit: Active device profile: [00000223512A5A00][00000223493D5540 49] Windows
[2022.12.03-15.48.00:510][  0]LogInit: Profiles: [00000223512A5A00][00000223493D5540 49] Windows, [0000022351267100][00000223493D9680 49] WindowsNoEditor, [00000223512A7700][0000022348A55800 49] WindowsServer, [0000022351264F00][0000022348A59980 49] WindowsClient, [00000223512A5000][0000022348A5DB00 49] IOS, [0000022351265A00][0000022348A60100 49] iPadAir, [00000223512A6000][0000022348A64280 49] iPadAir2, [0000022351215300][0000022348A6C540 49] IPadPro, [0000022351215400][0000022348A68580 49] iPadAir3, [0000022351265D00][0000022348A70700 49] iPadAir4, [0000022351217900][0000022348A74880 49] iPadMini2, [0000022351266D00][0000022348A78A00 49] iPadMini3, [0000022351215E00][0000022348A7CB80 49] iPadMini4, [0000022351266900][0000022348A80D00 49] iPadMini5, [0000022351224C00][0000022348A88FC0 49] iPhone6, [0000022351224D00][0000022348A85000 49] iPodTouch6, [00000223512A5E00][00000223495CF2C0 49] iPhone7, [00000223512A7900][00000223495CB300 49] iPodTouch7, [0000022351224300][00000223495D3480 49] iPhone5S, [0000022351216800][00000223493DD5C0 49] iPhone6Plus, [0000022351226C00][00000223495D7700 49] iPhone6S, [0000022351217F00][00000223495DB840 49] iPhone6SPlus, [0000022351226B00][00000223495E39C0 49] iPhone7Plus, [0000022351217D00][00000223495E7B40 49] iPhoneSE, [00000223512A4900][00000223495EA140 49] iPhone8, [0000022351214900][00000223495EE2C0 49] iPhone8Plus, [00000223512A7E00][00000223495F2440 49] iPhoneX, [0000022351216B00][00000223495F65C0 49] iPhoneXS, [00000223512A4400][00000223495FA740 49] iPhoneXSMax, [0000022351216200][00000223495FE8C0 49] iPhoneXR, [00000223512A6400][0000022349602A40 49] iPhone11, [0000022351216500][0000022349606BC0 49] iPhone11Pro, [00000223512A4D00][000002234960AD40 49] iPhone11ProMax, [0000022351214200][000002234960EEC0 49] iPhoneSE2, [00000223512A6B00][0000022349613040 49] iPhone12Mini, [0000022351215800][0000022348D8F1C0 49] iPhone12, [00000223512A6300][0000022348D93340 49] iPhone12Pro, [0000022351215C00][0000022348D974C0 49] iPhone12ProMax, [00000223512A5700][0000022348D9B640 49] iPadPro105, [0000022351216C00][00000223495DF780 49] iPadPro129, [00000223512A6100][0000022348D9F8C0 49] iPadPro97, [0000022351216700][0000022348DA3A00 49] iPadPro2_129, [00000223512A6C00][0000022348DA7B40 49] iPad5, [0000022351215700][0000022348DAE140 49] iPad6, [00000223512A6E00][0000022348DB22C0 49] iPad7, [0000022351214B00][0000022348DB6440 49] iPad8, [00000223512A6700][0000022348DBA5C0 49] iPadPro11, [0000022351214400][0000022348DBE740 49] iPadPro2_11, [00000223512A5600][0000022348DC28C0 49] iPadPro3_129, [0000022351215600][0000022348DC6A40 49] iPadPro4_129, [00000223512A5D00][0000022348DCABC0 49] AppleTV, [0000022351216F00][0000022348DCED40 49] AppleTV4K, [00000223512A4800][0000022348DD2EC0 49] TVOS, [0000022351217A00][0000022348DD7040 49] Mac, [00000223512A7A00][0000022348DDB1C0 49] MacClient, [0000022351216D00][0000022348DDF340 49] MacNoEditor, [00000223512A6A00][0000022348DE34C0 49] MacServer, [0000022351217600][0000022348DE7640 49] Linux, [00000223512A7800][0000022348DEB7C0 49] LinuxAArch64, [0000022351216100][0000022348DAB900 49] LinuxNoEditor, [00000223512A5300][0000022348DEFA40 49] LinuxAArch64NoEditor, [0000022351217100][0000022348DF3B80 49] LinuxClient, [00000223512A6600][0000022348DF6140 49] LinuxAArch64Client, [0000022351216900][0000022348DFE2C0 49] LinuxServer, [00000223512A6500][0000022348E02440 49] LinuxAArch64Server, [0000022351215100][0000022348E065C0 49] Android, [00000223512A4B00][0000022348E0A740 49] Android_Low, [0000022351215B00][0000022348E0E8C0 49] Android_Mid, [00000223512A7C00][0000022348E12A40 49] Android_High, [0000022351215D00][0000022348E16BC0 49] Android_Default, [00000223512A5400][0000022348E1AD40 49] Android_Adreno4xx, [0000022351214300][0000022348E1EEC0 49] Android_Adreno5xx_Low, [00000223512A6D00][0000022348E23040 49] Android_Adreno5xx, [0000022351217400][0000022348E271C0 49] Android_Adreno6xx, [00000223512A6F00][0000022348E2B340 49] Android_Adreno6xx_Vulkan, [0000022351217B00][0000022348E2F4C0 49] Android_Mali_T6xx, [00000223512A5500][0000022348E33640 49] Android_Mali_T7xx, [0000022351214100][0000022348E377C0 49] Android_Mali_T8xx, [00000223512A4A00][0000022348E3B940 49] Android_Mali_G71, [0000022351215000][0000022348E3FAC0 49] Android_Mali_G72, [00000223512A7100][0000022348DFBC00 49] Android_Mali_G72_Vulkan, [0000022351214E00][0000022348E421C0 49] Android_Mali_G76, [00000223512A6900][0000022348E46300 49] Android_Mali_G76_Vulkan, [0000022351266E00][0000022348E4E480 49] Android_Mali_G77, [0000022351227A00][0000022348E52600 49] Android_Mali_G77_Vulkan, [0000022351264300][0000022348E56780 49] Android_Mali_G78, [0000022351226200][0000022348E5A900 49] Android_Mali_G78_Vulkan, [0000022351265C00][0000022348E5EA80 49] Android_Mali_G710, [0000022351225600][0000022348E62C00 49] Android_Mali_G710_Vulkan, [0000022351265400][0000022348E66D80 49] Android_Vulkan_SM5, [0000022351226900][0000022348E6AF00 49] Android_PowerVR_G6xxx, [0000022351265500][0000022348E6F080 49] Android_PowerVR_GT7xxx, [0000022351227600][0000022348E73200 49] Android_PowerVR_GE8xxx, [0000022351266400][0000022348E77380 49] Android_PowerVR_GM9xxx, [0000022351227400][0000022348E7B500 49] Android_PowerVR_GM9xxx_Vulkan, [0000022351265900][0000022348E7F680 49] Android_TegraK1, [0000022351224F00][0000022348E83800 49] Android_Unknown_Vulkan, [0000022351266F00][0000022348E87980 49] Lumin, [0000022351226D00][0000022348E8BB00 49] Lumin_Desktop, [0000022351267C00][0000022348E8E100 49] HoloLens, 
[2022.12.03-15.48.00:567][  0]LogMeshReduction: Using QuadricMeshReduction for automatic static mesh reduction
[2022.12.03-15.48.00:567][  0]LogMeshReduction: Using SimplygonMeshReduction for automatic skeletal mesh reduction
[2022.12.03-15.48.00:567][  0]LogMeshReduction: Using ProxyLODMeshReduction for automatic mesh merging
[2022.12.03-15.48.00:567][  0]LogMeshReduction: No distributed automatic mesh merging module available
[2022.12.03-15.48.00:567][  0]LogMeshMerging: No distributed automatic mesh merging module available
[2022.12.03-15.48.00:664][  0]LogNetVersion: SilentWar 1.0.0, NetCL: 17155196, EngineNetVer: 17, GameNetVer: 0 (Checksum: 534430957)
[2022.12.03-15.48.00:839][  0]LogTexture: Default maximum texture size for cubemaps generated from long-lat sources has been changed from 512 to unlimited. In order to preserve old behaiour for '/Engine/MapTemplates/Sky/DaylightAmbientCubemap.DaylightAmbientCubemap', its maximum texture size has been explicitly set to 512.
[2022.12.03-15.48.00:887][  0]LogHMD: PokeAHoleMaterial loaded successfully
[2022.12.03-15.48.00:956][  0]LogMoviePlayer: Initializing movie player
[2022.12.03-15.48.01:108][  0]LogPython: Using Python 3.7.7
[2022.12.03-15.48.01:482][  0]LogNiagaraDebuggerClient: Niagara Debugger Client Initialized | Session: 9140F90E40CB020A4A4BF3B4A77A2D59 | Instance: CF665BDB4FE6E6F56A5EB986095F3289 (DESKTOP-ROT92MS-29660).
[2022.12.03-15.48.01:495][  0]LogCollectionManager: Loaded 0 collections in 0.000439 seconds
[2022.12.03-15.48.01:497][  0]LogFileCache: Scanning file cache for directory 'E:/4ThY Game/SilentWar/SilentWar/Saved/Collections/' took 0.00s
[2022.12.03-15.48.01:497][  0]LogFileCache: Scanning file cache for directory 'E:/4ThY Game/SilentWar/SilentWar/Content/Developers/torro/Collections/' took 0.00s
[2022.12.03-15.48.01:497][  0]LogFileCache: Scanning file cache for directory 'E:/4ThY Game/SilentWar/SilentWar/Content/Collections/' took 0.00s
[2022.12.03-15.48.01:497][  0]LogCollectionManager: Fixed up redirectors for 0 collections in 0.000001 seconds (updated 0 objects)
[2022.12.03-15.48.01:520][  0]LogUdpMessaging: Initializing bridge on interface 0.0.0.0:0 to multicast group 230.0.0.1:6666.
[2022.12.03-15.48.01:525][  0]LogTcpMessaging: Initializing TcpMessaging bridge
[2022.12.03-15.48.01:590][  0]SourceControl: Source control is disabled
[2022.12.03-15.48.01:590][  0]SourceControl: Source control is disabled
[2022.12.03-15.48.01:597][  0]LogUProjectInfo: Found projects:
[2022.12.03-15.48.01:606][  0]SourceControl: Source control is disabled
[2022.12.03-15.48.01:665][  0]LogOpenImageDenoise: OIDN starting up
[2022.12.03-15.48.01:678][  0]LogAndroidPermission: UAndroidPermissionCallbackProxy::GetInstance
[2022.12.03-15.48.01:711][  0]LogAudioCaptureCore: Display: No Audio Capture implementations found. Audio input will be silent.
[2022.12.03-15.48.01:711][  0]LogAudioCaptureCore: Display: No Audio Capture implementations found. Audio input will be silent.
[2022.12.03-15.48.01:748][  0]LogOcInput: OculusInput pre-init called
[2022.12.03-15.48.01:755][  0]LogUObjectArray: 22121 objects as part of root set at end of initial load.
[2022.12.03-15.48.01:755][  0]LogUObjectAllocator: 5975632 out of 0 bytes used by permanent object pool.
[2022.12.03-15.48.01:755][  0]LogUObjectArray: CloseDisregardForGC: 0/0 objects in disregard for GC pool
[2022.12.03-15.48.01:791][  0]LogEngine: Initializing Engine...
[2022.12.03-15.48.01:794][  0]LogHMD: Failed to enumerate extensions. Please check that you have a valid OpenXR runtime installed.
[2022.12.03-15.48.01:794][  0]LogHMD: Failed to initialize OpenVR with code 101
[2022.12.03-15.48.01:794][  0]LogMagicLeap: Warning: VR disabled because ZI is not enabled.  To enable, in the editor, Edit -> Project Settings -> Plugins -> Magic Leap Plugin -> Enable Zero Iteration
[2022.12.03-15.48.01:795][  0]LogStats: UGameplayTagsManager::InitializeManager -  0.000 s
[2022.12.03-15.48.01:880][  0]LogInit: Initializing FReadOnlyCVARCache
[2022.12.03-15.48.01:880][  0]LogAudio: Display: Initializing Audio Device Manager...
[2022.12.03-15.48.01:883][  0]LogAudio: Display: Loading Default Audio Settings Objects...
[2022.12.03-15.48.01:883][  0]LogAudio: Display: No default SoundConcurrencyObject specified (or failed to load).
[2022.12.03-15.48.01:883][  0]LogAudio: Display: Audio Device Manager Initialized
[2022.12.03-15.48.01:883][  0]LogAudio: Display: Creating Audio Device:                 Id: 1, Scope: Shared, Realtime: True
[2022.12.03-15.48.01:883][  0]LogAudioMixer: Display: Audio Mixer Platform Settings:
[2022.12.03-15.48.01:883][  0]LogAudioMixer: Display: 	Sample Rate:						  48000
[2022.12.03-15.48.01:883][  0]LogAudioMixer: Display: 	Callback Buffer Frame Size Requested: 1024
[2022.12.03-15.48.01:883][  0]LogAudioMixer: Display: 	Callback Buffer Frame Size To Use:	  1024
[2022.12.03-15.48.01:883][  0]LogAudioMixer: Display: 	Number of buffers to queue:			  2
[2022.12.03-15.48.01:883][  0]LogAudioMixer: Display: 	Max Channels (voices):				  32
[2022.12.03-15.48.01:883][  0]LogAudioMixer: Display: 	Number of Async Source Workers:		  0
[2022.12.03-15.48.01:883][  0]LogAudio: Display: AudioDevice MaxSources: 32
[2022.12.03-15.48.01:884][  0]LogAudio: Display: Audio Spatialization Plugin: None (built-in).
[2022.12.03-15.48.01:884][  0]LogAudio: Display: Audio Reverb Plugin: None (built-in).
[2022.12.03-15.48.01:884][  0]LogAudio: Display: Audio Occlusion Plugin: None (built-in).
[2022.12.03-15.48.01:884][  0]LogAudioMixer: Display: Initializing audio mixer.
[2022.12.03-15.48.02:282][  0]LogAudioMixer: Display: 0: FrontLeft
[2022.12.03-15.48.02:282][  0]LogAudioMixer: Display: 1: FrontRight
[2022.12.03-15.48.02:330][  0]LogAudioMixer: Display: Using Audio Device Headset Earphone (2- ROG Strix HS)
[2022.12.03-15.48.02:334][  0]LogAudioMixer: Display: Initializing Sound Submixes...
[2022.12.03-15.48.02:336][  0]LogAudioMixer: Display: Creating Master Submix 'MasterSubmixDefault'
[2022.12.03-15.48.02:336][  0]LogAudioMixer: Display: Creating Master Submix 'MasterReverbSubmixDefault'
[2022.12.03-15.48.02:337][  0]LogAudioMixer: Display: Creating Master Submix 'MasterEQSubmixDefault'
[2022.12.03-15.48.02:337][  0]LogAudioMixer: FMixerPlatformXAudio2::StartAudioStream() called
[2022.12.03-15.48.02:337][  0]LogAudioMixer: Display: Output buffers initialized: Frames=1024, Channels=2, Samples=2048
[2022.12.03-15.48.02:337][  0]LogAudioMixer: Display: Starting AudioMixerPlatformInterface::RunInternal()
[2022.12.03-15.48.02:337][  0]LogAudioMixer: Display: FMixerPlatformXAudio2::SubmitBuffer() called for the first time
[2022.12.03-15.48.02:337][  0]LogInit: FAudioDevice initialized.
[2022.12.03-15.48.02:368][  0]LogNetVersion: Set ProjectVersion to 1.0.0.0. Version Checksum will be recalculated on next use.
[2022.12.03-15.48.02:369][  0]LogInit: Texture streaming: Enabled
[2022.12.03-15.48.02:688][  0]LogAudio: Display: Audio Device (ID: 1) registered with world 'Untitled'.
[2022.12.03-15.48.02:688][  0]LogSlate: Updating window title bar state: overlay mode, drag disabled, window buttons hidden, title bar hidden
[2022.12.03-15.48.02:688][  0]LogInit: Display: Game Engine Initialized.
[2022.12.03-15.48.02:706][  0]LogNiagaraEditor: GEditor isn't valid! Particle reset commands will not work for Niagara components!
[2022.12.03-15.48.02:795][  0]LogInit: Display: Starting Game.
[2022.12.03-15.48.02:825][  0]LogNet: Browse: /Game/ThirdPersonBP/Maps/ThirdPersonExampleMap?Name=Player
[2022.12.03-15.48.02:857][  0]LogLoad: LoadMap: /Game/ThirdPersonBP/Maps/ThirdPersonExampleMap?Name=Player
[2022.12.03-15.48.02:857][  0]LogWorld: BeginTearingDown for /Temp/Untitled_0
[2022.12.03-15.48.02:861][  0]LogWorld: UWorld::CleanupWorld for Untitled, bSessionEnded=true, bCleanupResources=true
[2022.12.03-15.48.02:861][  0]LogSlate: InvalidateAllWidgets triggered.  All widgets were invalidated
[2022.12.03-15.48.02:865][  0]LogAudio: Display: Audio Device unregistered from world 'None'.
[2022.12.03-15.48.02:867][  0]LogUObjectHash: Compacting FUObjectHashTables data took   0.62ms
[2022.12.03-15.48.03:067][  0]LogAudio: Display: Audio Device (ID: 1) registered with world 'ThirdPersonExampleMap'.
[2022.12.03-15.48.03:072][  0]LogAIModule: Creating AISystem for world ThirdPersonExampleMap
[2022.12.03-15.48.03:209][  0]LogLoad: Game class is 'ThirdPersonGameMode_C'
[2022.12.03-15.48.03:215][  0]LogWorld: Bringing World /Game/ThirdPersonBP/Maps/ThirdPersonExampleMap.ThirdPersonExampleMap up for play (max tick rate 0) at 2022.12.03-22.48.03
[2022.12.03-15.48.03:217][  0]LogWorld: Bringing up level for play took: 0.006622
[2022.12.03-15.48.03:221][  0]LogViewport: Display: Viewport MouseCaptureMode Changed, CapturePermanently_IncludingInitialMouseDown -> CapturePermanently
[2022.12.03-15.48.03:279][  0]LogLoad: Took 0.406835 seconds to LoadMap(/Game/ThirdPersonBP/Maps/ThirdPersonExampleMap)
[2022.12.03-15.48.03:379][  0]LogSlate: Took 0.000104 seconds to synchronously load lazily loaded font '../../../Engine/Content/Slate/Fonts/Roboto-Regular.ttf' (155K)
[2022.12.03-15.48.03:428][  0]LogRenderer: Reallocating scene render targets to support 1280x720 Format 10 NumSamples 1 (Frame:1).
[2022.12.03-15.48.03:429][  0]LogInit: Display: Engine is initialized. Leaving FEngineLoop::Init()
[2022.12.03-15.48.03:429][  0]LogLoad: (Engine Initialization) Total time: 6.00 seconds
[2022.12.03-15.48.03:429][  0]LogLoad: (Engine Initialization) Total Blueprint compile time: 0.00 seconds
[2022.12.03-15.48.03:432][  0]LogContentStreaming: Texture pool size now 1000 MB
[2022.12.03-15.48.03:443][  2]LogRenderer: Reallocating scene render targets to support 128x128 Format 10 NumSamples 1 (Frame:1).
[2022.12.03-15.48.03:463][  2]LogRenderer: Reallocating scene render targets to support 1280x720 Format 10 NumSamples 1 (Frame:2).
[2022.12.03-15.48.09:027][821]LogRenderer: Reallocating scene render targets to support 1920x1060 Format 10 NumSamples 1 (Frame:1823).
[2022.12.03-15.48.51:303][466]Closing by request
[2022.12.03-15.48.51:303][466]LogWindows: FPlatformMisc::RequestExit(0)
[2022.12.03-15.48.51:303][466]LogWindows: FPlatformMisc::RequestExitWithStatus(0, 0)
[2022.12.03-15.48.51:303][466]LogCore: Engine exit requested (reason: Win RequestExit)
[2022.12.03-15.48.51:305][467]LogCore: Engine exit requested (reason: EngineExit() was called; note: exit was already requested)
[2022.12.03-15.48.51:305][467]LogInit: Display: PreExit Game.
[2022.12.03-15.48.51:305][467]LogWorld: BeginTearingDown for /Game/ThirdPersonBP/Maps/ThirdPersonExampleMap
[2022.12.03-15.48.51:308][467]LogWorld: UWorld::CleanupWorld for ThirdPersonExampleMap, bSessionEnded=true, bCleanupResources=true
[2022.12.03-15.48.51:308][467]LogSlate: InvalidateAllWidgets triggered.  All widgets were invalidated
[2022.12.03-15.48.51:828][467]LogAudio: Display: Beginning Audio Device Manager Shutdown (Module: AudioMixerXAudio2)...
[2022.12.03-15.48.51:828][467]LogAudio: Display: Destroying 1 Remaining Audio Device(s)...
[2022.12.03-15.48.51:828][467]LogAudio: Display: Audio Device unregistered from world 'ThirdPersonExampleMap'.
[2022.12.03-15.48.51:852][467]LogAudioMixer: FMixerPlatformXAudio2::StopAudioStream() called
[2022.12.03-15.48.51:853][467]LogAudioMixer: FMixerPlatformXAudio2::StopAudioStream() called
[2022.12.03-15.48.51:865][467]LogAudio: Display: Audio Device Manager Shutdown
[2022.12.03-15.48.51:874][467]LogSlate: Window 'SilentWar (64-bit Development PCD3D_SM5) ' being destroyed
[2022.12.03-15.48.51:874][467]LogWindowsTextInputMethodSystem: Display: IME system deactivated.
[2022.12.03-15.48.51:882][467]LogWindowsTextInputMethodSystem: Display: IME system deactivated.
[2022.12.03-15.48.51:891][467]LogExit: Preparing to exit.
[2022.12.03-15.48.52:556][467]LogUObjectHash: Compacting FUObjectHashTables data took   0.73ms
[2022.12.03-15.48.52:622][467]LogMoviePlayer: Shutting down movie player
[2022.12.03-15.48.52:728][467]LogSlate: Updating window title bar state: overlay mode, drag disabled, window buttons hidden, title bar hidden
[2022.12.03-15.48.52:743][467]LogDemo: Cleaned up 0 splitscreen connections with owner deletion
[2022.12.03-15.48.52:746][467]LogExit: Game engine shut down
[2022.12.03-15.48.52:778][467]LogExit: Object subsystem successfully closed.
[2022.12.03-15.48.52:789][467]LogShaderCompilers: Display: === FShaderJobCache stats ===
[2022.12.03-15.48.52:789][467]LogShaderCompilers: Display: Total job queries 0, among them cache hits 0 (0.00%)
[2022.12.03-15.48.52:789][467]LogShaderCompilers: Display: Tracking 0 distinct input hashes that result in 0 distinct outputs (0.00%)
[2022.12.03-15.48.52:789][467]LogShaderCompilers: Display: RAM used: 0.00 MB (0.00 GB) of 768.00 MB (0.75 GB) budget. Usage: 0.00%
[2022.12.03-15.48.52:789][467]LogShaderCompilers: Display: ================================================
[2022.12.03-15.48.52:798][467]LogShaderCompilers: Display: Shaders left to compile 0
[2022.12.03-15.48.52:805][467]LogModuleManager: Shutting down and abandoning module SequenceRecorderSections (560)
[2022.12.03-15.48.52:805][467]LogModuleManager: Shutting down and abandoning module SequenceRecorder (558)
[2022.12.03-15.48.52:805][467]LogModuleManager: Shutting down and abandoning module AutomationController (556)
[2022.12.03-15.48.52:805][467]LogModuleManager: Shutting down and abandoning module AutomationWorker (554)
[2022.12.03-15.48.52:805][467]LogModuleManager: Shutting down and abandoning module Voice (552)
[2022.12.03-15.48.52:809][467]LogModuleManager: Shutting down and abandoning module AIModule (550)
[2022.12.03-15.48.52:809][467]LogModuleManager: Shutting down and abandoning module GameplayDebugger (549)
[2022.12.03-15.48.52:809][467]LogModuleManager: Shutting down and abandoning module AITestSuite (547)
[2022.12.03-15.48.52:809][467]LogModuleManager: Shutting down and abandoning module NavigationSystem (545)
[2022.12.03-15.48.52:809][467]LogModuleManager: Shutting down and abandoning module AnimGraph (542)
[2022.12.03-15.48.52:809][467]LogModuleManager: Shutting down and abandoning module SteamVREditor (540)
[2022.12.03-15.48.52:809][467]LogModuleManager: Shutting down and abandoning module ToolMenus (539)
[2022.12.03-15.48.52:809][467]LogModuleManager: Shutting down and abandoning module OculusMR (536)
[2022.12.03-15.48.52:809][467]LogModuleManager: Shutting down and abandoning module TakeRecorderSources (534)
[2022.12.03-15.48.52:809][467]LogModuleManager: Shutting down and abandoning module TakeRecorder (533)
[2022.12.03-15.48.52:810][467]LogModuleManager: Shutting down and abandoning module TakeTrackRecorders (530)
[2022.12.03-15.48.52:810][467]LogModuleManager: Shutting down and abandoning module TakesCore (528)
[2022.12.03-15.48.52:810][467]LogModuleManager: Shutting down and abandoning module OpenXRInput (526)
[2022.12.03-15.48.52:810][467]LogModuleManager: Shutting down and abandoning module WebMMediaFactory (524)
[2022.12.03-15.48.52:810][467]LogModuleManager: Shutting down and abandoning module WebMMedia (522)
[2022.12.03-15.48.52:810][467]LogModuleManager: Shutting down and abandoning module WmfMediaFactory (520)
[2022.12.03-15.48.52:810][467]LogModuleManager: Shutting down and abandoning module OpenExrWrapper (518)
[2022.12.03-15.48.52:810][467]LogModuleManager: Shutting down and abandoning module ImgMediaFactory (516)
[2022.12.03-15.48.52:810][467]LogModuleManager: Shutting down and abandoning module AvfMediaFactory (514)
[2022.12.03-15.48.52:810][467]LogModuleManager: Shutting down and abandoning module PlanarCut (512)
[2022.12.03-15.48.52:810][467]LogModuleManager: Shutting down and abandoning module MagicLeapMediaCodecFactory (510)
[2022.12.03-15.48.52:810][467]LogModuleManager: Shutting down and abandoning module MagicLeapMediaFactory (508)
[2022.12.03-15.48.52:810][467]LogModuleManager: Shutting down and abandoning module CharacterAI (506)
[2022.12.03-15.48.52:810][467]LogModuleManager: Shutting down and abandoning module SessionServices (504)
[2022.12.03-15.48.52:810][467]LogModuleManager: Shutting down and abandoning module MovieSceneCapture (502)
[2022.12.03-15.48.52:838][467]LogModuleManager: Shutting down and abandoning module LiveCoding (500)
[2022.12.03-15.48.52:838][467]LogModuleManager: Shutting down and abandoning module LevelSequence (498)
[2022.12.03-15.48.52:838][467]LogModuleManager: Shutting down and abandoning module MovieSceneTracks (496)
[2022.12.03-15.48.52:838][467]LogModuleManager: Shutting down and abandoning module MovieScene (494)
[2022.12.03-15.48.52:839][467]LogModuleManager: Shutting down and abandoning module StreamingPauseRendering (492)
[2022.12.03-15.48.52:839][467]LogModuleManager: Shutting down and abandoning module PortalServices (490)
[2022.12.03-15.48.52:839][467]LogModuleManager: Shutting down and abandoning module PortalRpc (488)
[2022.12.03-15.48.52:839][467]LogModuleManager: Shutting down and abandoning module MessagingRpc (486)
[2022.12.03-15.48.52:839][467]LogModuleManager: Shutting down and abandoning module AudioMixerXAudio2 (484)
[2022.12.03-15.48.52:839][467]LogModuleManager: Shutting down and abandoning module AudioMixerCore (483)
[2022.12.03-15.48.52:839][467]LogModuleManager: Shutting down and abandoning module ImageWriteQueue (480)
[2022.12.03-15.48.52:842][467]LogModuleManager: Shutting down and abandoning module ProfilerService (478)
[2022.12.03-15.48.52:865][467]LogModuleManager: Shutting down and abandoning module TaskGraph (476)
[2022.12.03-15.48.52:865][467]LogModuleManager: Shutting down and abandoning module OculusInput (474)
[2022.12.03-15.48.52:865][467]LogModuleManager: Shutting down and abandoning module TakeMovieScene (472)
[2022.12.03-15.48.52:865][467]LogModuleManager: Shutting down and abandoning module Synthesis (470)
[2022.12.03-15.48.52:865][467]LogModuleManager: Shutting down and abandoning module ProceduralMeshComponent (468)
[2022.12.03-15.48.52:865][467]LogModuleManager: Shutting down and abandoning module MobilePatchingUtils (466)
[2022.12.03-15.48.52:865][467]LogModuleManager: Shutting down and abandoning module AudioCapture (464)
[2022.12.03-15.48.52:865][467]LogModuleManager: Shutting down and abandoning module AudioCaptureRtAudio (463)
[2022.12.03-15.48.52:865][467]LogModuleManager: Shutting down and abandoning module GooglePAD (460)
[2022.12.03-15.48.52:865][467]LogModuleManager: Shutting down and abandoning module EditableMesh (458)
[2022.12.03-15.48.52:865][467]LogModuleManager: Shutting down and abandoning module CustomMeshComponent (456)
[2022.12.03-15.48.52:865][467]LogModuleManager: Shutting down and abandoning module CableComponent (454)
[2022.12.03-15.48.52:865][467]LogModuleManager: Shutting down and abandoning module ArchVisCharacter (452)
[2022.12.03-15.48.52:865][467]LogModuleManager: Shutting down and abandoning module AssetTags (450)
[2022.12.03-15.48.52:865][467]LogModuleManager: Shutting down and abandoning module AppleImageUtilsBlueprintSupport (448)
[2022.12.03-15.48.52:865][467]LogModuleManager: Shutting down and abandoning module AppleImageUtils (446)
[2022.12.03-15.48.52:865][467]LogModuleManager: Shutting down and abandoning module AndroidPermission (444)
[2022.12.03-15.48.52:865][467]LogModuleManager: Shutting down and abandoning module ActorLayerUtilities (442)
[2022.12.03-15.48.52:865][467]LogModuleManager: Shutting down and abandoning module TemplateSequence (440)
[2022.12.03-15.48.52:865][467]LogModuleManager: Shutting down and abandoning module MediaCompositing (438)
[2022.12.03-15.48.52:865][467]LogModuleManager: Shutting down and abandoning module ImgMedia (436)
[2022.12.03-15.48.52:865][467]LogModuleManager: Shutting down and abandoning module OpenImageDenoise (434)
[2022.12.03-15.48.52:865][467]LogOpenImageDenoise: OIDN shutting down
[2022.12.03-15.48.52:865][467]LogModuleManager: Shutting down and abandoning module MotoSynth (432)
[2022.12.03-15.48.52:865][467]LogModuleManager: Shutting down and abandoning module MagicLeapSharedWorld (430)
[2022.12.03-15.48.52:865][467]LogModuleManager: Shutting down and abandoning module MagicLeapLightEstimation (428)
[2022.12.03-15.48.52:865][467]LogModuleManager: Shutting down and abandoning module MeshConversion (426)
[2022.12.03-15.48.52:866][467]LogModuleManager: Shutting down and abandoning module DynamicMesh (424)
[2022.12.03-15.48.52:866][467]LogModuleManager: Shutting down and abandoning module GeometryAlgorithms (422)
[2022.12.03-15.48.52:866][467]LogModuleManager: Shutting down and abandoning module GeometricObjects (420)
[2022.12.03-15.48.52:866][467]LogModuleManager: Shutting down and abandoning module MagicLeapHelperVulkan (418)
[2022.12.03-15.48.52:866][467]LogModuleManager: Shutting down and abandoning module MagicLeapHelperOpenGL (416)
[2022.12.03-15.48.52:866][467]LogModuleManager: Shutting down and abandoning module MagicLeapAudio (414)
[2022.12.03-15.48.52:866][467]LogModuleManager: Shutting down and abandoning module GeometryCollectionTracks (412)
[2022.12.03-15.48.52:866][467]LogModuleManager: Shutting down and abandoning module GeometryCollectionSequencer (411)
[2022.12.03-15.48.52:866][467]LogModuleManager: Shutting down and abandoning module GeometryCacheTracks (408)
[2022.12.03-15.48.52:866][467]LogModuleManager: Shutting down and abandoning module GeometryCacheSequencer (407)
[2022.12.03-15.48.52:866][467]LogModuleManager: Shutting down and abandoning module GeometryCache (404)
[2022.12.03-15.48.52:866][467]LogModuleManager: Shutting down and abandoning module GeometryCacheEd (403)
[2022.12.03-15.48.52:866][467]LogModuleManager: Shutting down and abandoning module ChaosNiagara (400)
[2022.12.03-15.48.52:866][467]LogModuleManager: Shutting down and abandoning module FieldSystemEngine (399)
[2022.12.03-15.48.52:866][467]LogModuleManager: Shutting down and abandoning module BackChannel (396)
[2022.12.03-15.48.52:866][467]LogModuleManager: Shutting down and abandoning module AutomationUtils (394)
[2022.12.03-15.48.52:866][467]LogModuleManager: Shutting down and abandoning module SubversionSourceControl (392)
[2022.12.03-15.48.52:866][467]LogModuleManager: Shutting down and abandoning module VisualStudioSourceCodeAccess (390)
[2022.12.03-15.48.52:866][467]LogModuleManager: Shutting down and abandoning module HotReload (389)
[2022.12.03-15.48.52:866][467]LogModuleManager: Shutting down and abandoning module VisualStudioCodeSourceCodeAccess (386)
[2022.12.03-15.48.52:866][467]LogModuleManager: Shutting down and abandoning module UObjectPlugin (384)
[2022.12.03-15.48.52:866][467]LogModuleManager: Shutting down and abandoning module CLionSourceCodeAccess (382)
[2022.12.03-15.48.52:866][467]LogModuleManager: Shutting down and abandoning module PerforceSourceControl (380)
[2022.12.03-15.48.52:866][467]LogModuleManager: Shutting down and abandoning module SourceControl (379)
[2022.12.03-15.48.52:866][467]LogModuleManager: Shutting down and abandoning module OodleNetworkHandlerComponent (376)
[2022.12.03-15.48.52:866][467]LogModuleManager: Shutting down and abandoning module LiveLinkSequencer (374)
[2022.12.03-15.48.52:866][467]LogModuleManager: Shutting down and abandoning module LiveLinkMovieScene (372)
[2022.12.03-15.48.52:866][467]LogModuleManager: Shutting down and abandoning module LiveLinkGraphNode (370)
[2022.12.03-15.48.52:866][467]LogModuleManager: Shutting down and abandoning module LiveLinkComponents (368)
[2022.12.03-15.48.52:866][467]LogModuleManager: Shutting down and abandoning module LiveLink (366)
[2022.12.03-15.48.53:593][467]LogModuleManager: Shutting down and abandoning module GameplayTagsEditor (364)
[2022.12.03-15.48.53:593][467]LogModuleManager: Shutting down and abandoning module FacialAnimation (362)
[2022.12.03-15.48.53:594][467]LogModuleManager: Shutting down and abandoning module AssetManagerEditor (360)
[2022.12.03-15.48.53:594][467]LogModuleManager: Shutting down and abandoning module TreeMap (359)
[2022.12.03-15.48.53:594][467]LogModuleManager: Shutting down and abandoning module SignificanceManager (356)
[2022.12.03-15.48.53:594][467]LogModuleManager: Shutting down and abandoning module SoundFields (354)
[2022.12.03-15.48.53:594][467]LogModuleManager: Shutting down and abandoning module RuntimePhysXCooking (352)
[2022.12.03-15.48.53:594][467]LogModuleManager: Shutting down and abandoning module PhysXVehiclesEditor (350)
[2022.12.03-15.48.53:594][467]LogModuleManager: Shutting down and abandoning module PropertyAccessEditor (346)
[2022.12.03-15.48.53:594][467]LogModuleManager: Shutting down and abandoning module LocationServicesBPLibrary (344)
[2022.12.03-15.48.53:594][467]LogModuleManager: Shutting down and abandoning module AudioSynesthesia (342)
[2022.12.03-15.48.53:594][467]LogModuleManager: Shutting down and abandoning module AudioSynesthesiaCore (340)
[2022.12.03-15.48.53:594][467]LogModuleManager: Shutting down and abandoning module ActorSequence (338)
[2022.12.03-15.48.53:594][467]LogModuleManager: Shutting down and abandoning module TcpMessaging (336)
[2022.12.03-15.48.53:695][467]LogModuleManager: Shutting down and abandoning module UdpMessaging (334)
[2022.12.03-15.48.53:796][467]LogModuleManager: Shutting down and abandoning module ImgMediaEngine (332)
[2022.12.03-15.48.53:796][467]LogModuleManager: Shutting down and abandoning module NiagaraAnimNotifies (330)
[2022.12.03-15.48.53:796][467]LogModuleManager: Shutting down and abandoning module Niagara (328)
[2022.12.03-15.48.53:796][467]LogModuleManager: Shutting down and abandoning module SignalProcessing (327)
[2022.12.03-15.48.53:796][467]LogModuleManager: Shutting down and abandoning module NiagaraEditor (325)
[2022.12.03-15.48.53:796][467]LogModuleManager: Shutting down and abandoning module ContentBrowser (324)
[2022.12.03-15.48.53:796][467]LogModuleManager: Shutting down and abandoning module CollectionManager (323)
[2022.12.03-15.48.53:796][467]LogModuleManager: Shutting down and abandoning module DirectoryWatcher (322)
[2022.12.03-15.48.53:796][467]LogModuleManager: Shutting down and abandoning module ContentBrowserData (319)
[2022.12.03-15.48.53:796][467]LogModuleManager: Shutting down and abandoning module NiagaraCore (314)
[2022.12.03-15.48.53:796][467]LogModuleManager: Shutting down and abandoning module PythonScriptPlugin (312)
[2022.12.03-15.48.53:796][467]LogModuleManager: Shutting down and abandoning module MagicLeapARPin (310)
[2022.12.03-15.48.53:796][467]LogModuleManager: Shutting down and abandoning module MagicLeapHandMeshing (308)
[2022.12.03-15.48.53:796][467]LogModuleManager: Shutting down and abandoning module MagicLeapSecureStorage (306)
[2022.12.03-15.48.53:796][467]LogModuleManager: Shutting down and abandoning module MagicLeapPrivileges (304)
[2022.12.03-15.48.53:796][467]LogModuleManager: Shutting down and abandoning module MagicLeapPlanes (302)
[2022.12.03-15.48.53:796][467]LogMagicLeapPlanes: Planes tracker already destroyed.
[2022.12.03-15.48.53:796][467]LogModuleManager: Shutting down and abandoning module MagicLeapImageTracker (300)
[2022.12.03-15.48.53:796][467]LogModuleManager: Shutting down and abandoning module MagicLeapIdentity (298)
[2022.12.03-15.48.53:796][467]LogModuleManager: Shutting down and abandoning module MagicLeapHandTracking (296)
[2022.12.03-15.48.53:796][467]LogModuleManager: Shutting down and abandoning module MagicLeapEyeTracker (294)
[2022.12.03-15.48.53:796][467]LogModuleManager: Shutting down and abandoning module MagicLeapController (292)
[2022.12.03-15.48.53:796][467]LogModuleManager: Shutting down and abandoning module MagicLeapARPinImpl (290)
[2022.12.03-15.48.53:796][467]LogModuleManager: Shutting down and abandoning module MagicLeapAR (288)
[2022.12.03-15.48.53:796][467]LogModuleManager: Shutting down and abandoning module PropertyAccessNode (286)
[2022.12.03-15.48.53:796][467]LogModuleManager: Shutting down and abandoning module GameplayCameras (284)
[2022.12.03-15.48.53:796][467]LogModuleManager: Shutting down and abandoning module AnimationSharing (282)
[2022.12.03-15.48.53:796][467]LogModuleManager: Shutting down and abandoning module LightPropagationVolumeRuntime (280)
[2022.12.03-15.48.53:796][467]LogModuleManager: Shutting down and abandoning module EnvironmentQueryEditor (278)
[2022.12.03-15.48.53:796][467]LogModuleManager: Shutting down and abandoning module Paper2D (276)
[2022.12.03-15.48.53:796][467]LogModuleManager: Shutting down and abandoning module WindowsMoviePlayer (274)
[2022.12.03-15.48.53:797][467]LogModuleManager: Shutting down and abandoning module WebMMoviePlayer (272)
[2022.12.03-15.48.53:797][467]LogModuleManager: Shutting down and abandoning module NetworkReplayStreaming (270)
[2022.12.03-15.48.53:797][467]LogModuleManager: Shutting down and abandoning module PacketHandler (268)
[2022.12.03-15.48.53:797][467]LogModuleManager: Shutting down and abandoning module ClothingSystemEditor (266)
[2022.12.03-15.48.53:797][467]LogModuleManager: Shutting down and abandoning module ClothingSystemRuntimeNv (264)
[2022.12.03-15.48.53:797][467]LogModuleManager: Shutting down and abandoning module MediaAssets (262)
[2022.12.03-15.48.53:797][467]LogModuleManager: Shutting down and abandoning module Overlay (260)
[2022.12.03-15.48.53:797][467]LogModuleManager: Shutting down and abandoning module OverlayEditor (259)
[2022.12.03-15.48.53:797][467]LogModuleManager: Shutting down and abandoning module VREditor (256)
[2022.12.03-15.48.53:797][467]LogModuleManager: Shutting down and abandoning module StringTableEditor (254)
[2022.12.03-15.48.53:797][467]LogModuleManager: Shutting down and abandoning module GameplayTasksEditor (252)
[2022.12.03-15.48.53:797][467]LogModuleManager: Shutting down and abandoning module BehaviorTreeEditor (250)
[2022.12.03-15.48.53:797][467]LogModuleManager: Shutting down and abandoning module FunctionalTesting (248)
[2022.12.03-15.48.53:797][467]LogModuleManager: Shutting down and abandoning module CollisionAnalyzer (246)
[2022.12.03-15.48.53:797][467]LogModuleManager: Shutting down and abandoning module WorkspaceMenuStructure (245)
[2022.12.03-15.48.53:797][467]LogModuleManager: Shutting down and abandoning module UMG (242)
[2022.12.03-15.48.53:797][467]LogModuleManager: Shutting down and abandoning module UMGEditor (241)
[2022.12.03-15.48.53:797][467]LogModuleManager: Shutting down and abandoning module Sequencer (240)
[2022.12.03-15.48.53:797][467]LogModuleManager: Shutting down and abandoning module MessageLog (237)
[2022.12.03-15.48.53:797][467]LogModuleManager: Shutting down and abandoning module SlateReflector (232)
[2022.12.03-15.48.53:797][467]LogModuleManager: Shutting down and abandoning module Slate (230)
[2022.12.03-15.48.53:797][467]LogModuleManager: Shutting down and abandoning module SlateCore (228)
[2022.12.03-15.48.53:798][467]LogModuleManager: Shutting down and abandoning module LandscapeEditorUtilities (226)
[2022.12.03-15.48.53:798][467]LogModuleManager: Shutting down and abandoning module UnrealEd (224)
[2022.12.03-15.48.53:798][467]LogModuleManager: Shutting down and abandoning module MRMesh (222)
[2022.12.03-15.48.53:798][467]LogModuleManager: Shutting down and abandoning module Messaging (220)
[2022.12.03-15.48.53:798][467]LogModuleManager: Shutting down and abandoning module SourceCodeAccess (218)
[2022.12.03-15.48.53:798][467]LogModuleManager: Shutting down and abandoning module HeadMountedDisplay (216)
[2022.12.03-15.48.53:798][467]LogModuleManager: Shutting down and abandoning module XAudio2 (214)
[2022.12.03-15.48.53:798][467]LogModuleManager: Shutting down and abandoning module Networking (212)
[2022.12.03-15.48.53:798][467]LogModuleManager: Shutting down and abandoning module Core (210)
[2022.12.03-15.48.53:798][467]LogModuleManager: Shutting down and abandoning module MaterialEditor (208)
[2022.12.03-15.48.53:798][467]LogModuleManager: Shutting down and abandoning module MovieSceneTools (206)
[2022.12.03-15.48.53:798][467]LogModuleManager: Shutting down and abandoning module EditorStyle (205)
[2022.12.03-15.48.53:798][467]LogModuleManager: Shutting down and abandoning module KismetCompiler (202)
[2022.12.03-15.48.53:798][467]LogModuleManager: Shutting down and abandoning module MeshBuilder (200)
[2022.12.03-15.48.53:798][467]LogModuleManager: Shutting down and abandoning module MeshUtilities (198)
[2022.12.03-15.48.53:798][467]LogModuleManager: Shutting down and abandoning module MeshMergeUtilities (197)
[2022.12.03-15.48.53:798][467]LogModuleManager: Shutting down and abandoning module MeshReductionInterface (196)
[2022.12.03-15.48.53:798][467]LogModuleManager: Shutting down and abandoning module MeshBoneReduction (195)
[2022.12.03-15.48.53:798][467]LogModuleManager: Shutting down and abandoning module SkeletalMeshReduction (193)
[2022.12.03-15.48.53:798][467]LogModuleManager: Shutting down and abandoning module ProxyLODMeshReduction (191)
[2022.12.03-15.48.53:798][467]LogModuleManager: Shutting down and abandoning module QuadricMeshReduction (189)
[2022.12.03-15.48.53:798][467]LogModuleManager: Shutting down and abandoning module MaterialBaking (185)
[2022.12.03-15.48.53:798][467]LogModuleManager: Shutting down and abandoning module NullInstallBundleManager (180)
[2022.12.03-15.48.53:798][467]LogModuleManager: Shutting down and abandoning module PIEPreviewDeviceProfileSelector (178)
[2022.12.03-15.48.53:798][467]LogModuleManager: Shutting down and abandoning module DerivedDataCache (176)
[2022.12.03-15.48.53:799][467]LogModuleManager: Shutting down and abandoning module TargetPlatform (174)
[2022.12.03-15.48.53:799][467]LogModuleManager: Shutting down and abandoning module VulkanShaderFormat (173)
[2022.12.03-15.48.53:799][467]LogModuleManager: Shutting down and abandoning module ShaderFormatVectorVM (171)
[2022.12.03-15.48.53:799][467]LogModuleManager: Shutting down and abandoning module ShaderFormatOpenGL (169)
[2022.12.03-15.48.53:799][467]LogModuleManager: Shutting down and abandoning module ShaderFormatD3D (167)
[2022.12.03-15.48.53:799][467]LogModuleManager: Shutting down and abandoning module MetalShaderFormat (165)
[2022.12.03-15.48.53:799][467]LogModuleManager: Shutting down and abandoning module TextureFormatOodle (163)
[2022.12.03-15.48.53:799][467]LogModuleManager: Shutting down and abandoning module TextureFormatUncompressed (161)
[2022.12.03-15.48.53:799][467]LogModuleManager: Shutting down and abandoning module TextureFormatPVR (159)
[2022.12.03-15.48.53:799][467]LogModuleManager: Shutting down and abandoning module TextureFormatETC2 (157)
[2022.12.03-15.48.53:799][467]LogModuleManager: Shutting down and abandoning module TextureFormatDXT (155)
[2022.12.03-15.48.53:799][467]LogModuleManager: Shutting down and abandoning module TextureFormatIntelISPCTexComp (153)
[2022.12.03-15.48.53:799][467]LogModuleManager: Shutting down and abandoning module TextureFormatASTC (151)
[2022.12.03-15.48.53:799][467]LogModuleManager: Shutting down and abandoning module ImageWrapper (150)
[2022.12.03-15.48.53:799][467]LogModuleManager: Shutting down and abandoning module AudioFormatOpus (147)
[2022.12.03-15.48.53:799][467]LogModuleManager: Shutting down and abandoning module AudioFormatOgg (145)
[2022.12.03-15.48.53:799][467]LogModuleManager: Shutting down and abandoning module AudioFormatADPCM (143)
[2022.12.03-15.48.53:799][467]LogModuleManager: Shutting down and abandoning module WindowsServerTargetPlatform (141)
[2022.12.03-15.48.53:799][467]LogModuleManager: Shutting down and abandoning module WindowsClientTargetPlatform (139)
[2022.12.03-15.48.53:799][467]LogModuleManager: Shutting down and abandoning module WindowsTargetPlatform (137)
[2022.12.03-15.48.53:799][467]LogModuleManager: Shutting down and abandoning module WindowsNoEditorTargetPlatform (135)
[2022.12.03-15.48.53:799][467]LogModuleManager: Shutting down and abandoning module D3D11RHI (132)
[2022.12.03-15.48.53:799][467]LogModuleManager: Shutting down and abandoning module InputCore (130)
[2022.12.03-15.48.53:799][467]LogModuleManager: Shutting down and abandoning module Settings (128)
[2022.12.03-15.48.53:799][467]LogModuleManager: Shutting down and abandoning module PhysXCooking (126)
[2022.12.03-15.48.53:799][467]LogModuleManager: Shutting down and abandoning module Chaos (124)
[2022.12.03-15.48.53:799][467]LogModuleManager: Shutting down and abandoning module WindowsPlatformFeatures (122)
[2022.12.03-15.48.53:799][467]LogModuleManager: Shutting down and abandoning module GameplayMediaEncoder (121)
[2022.12.03-15.48.53:799][467]LogModuleManager: Shutting down and abandoning module AVEncoder (120)
[2022.12.03-15.48.53:799][467]LogModuleManager: Shutting down and abandoning module SteamVRInputDevice (116)
[2022.12.03-15.48.53:799][467]LogModuleManager: Shutting down and abandoning module SteamVRInput (114)
[2022.12.03-15.48.53:799][467]LogModuleManager: Shutting down and abandoning module SteamVR (112)
[2022.12.03-15.48.53:799][467]LogHMD: Freeing OpenVRDLLHandle.
[2022.12.03-15.48.53:799][467]LogModuleManager: Shutting down and abandoning module OculusHMD (110)
[2022.12.03-15.48.53:799][467]LogModuleManager: Shutting down and abandoning module OpenXREyeTracker (108)
[2022.12.03-15.48.53:799][467]LogModuleManager: Shutting down and abandoning module OpenXRHandTracking (106)
[2022.12.03-15.48.53:799][467]LogSlate: Slate User Destroyed.  User Index 0, Is Virtual User: 0
[2022.12.03-15.48.53:799][467]LogModuleManager: Shutting down and abandoning module OpenXRAR (104)
[2022.12.03-15.48.53:799][467]LogModuleManager: Shutting down and abandoning module AugmentedReality (103)
[2022.12.03-15.48.53:799][467]LogModuleManager: Shutting down and abandoning module OpenXRHMD (100)
[2022.12.03-15.48.53:818][467]LogModuleManager: Shutting down and abandoning module ExampleDeviceProfileSelector (98)
[2022.12.03-15.48.53:818][467]LogModuleManager: Shutting down and abandoning module ChunkDownloader (96)
[2022.12.03-15.48.53:818][467]LogModuleManager: Shutting down and abandoning module OnlineBlueprintSupport (94)
[2022.12.03-15.48.53:818][467]LogModuleManager: Shutting down and abandoning module LauncherChunkInstaller (90)
[2022.12.03-15.48.53:818][467]LogModuleManager: Shutting down and abandoning module OnlineSubsystem (88)
[2022.12.03-15.48.53:818][467]LogModuleManager: Shutting down and abandoning module XMPP (83)
[2022.12.03-15.48.53:818][467]LogModuleManager: Shutting down and abandoning module WebSockets (82)
[2022.12.03-15.48.53:822][467]LogModuleManager: Shutting down and abandoning module HTTP (79)
[2022.12.03-15.48.53:822][467]LogHttp: Display: cleaning up 0 outstanding Http requests.
[2022.12.03-15.48.53:852][467]LogModuleManager: Shutting down and abandoning module SSL (78)
[2022.12.03-15.48.53:853][467]LogModuleManager: Shutting down and abandoning module WmfMedia (74)
[2022.12.03-15.48.53:854][467]LogModuleManager: Shutting down and abandoning module Media (73)
[2022.12.03-15.48.53:854][467]LogModuleManager: Shutting down and abandoning module MediaInfo (72)
[2022.12.03-15.48.53:854][467]LogModuleManager: Shutting down and abandoning module ExrReaderGpu (68)
[2022.12.03-15.48.53:854][467]LogModuleManager: Shutting down and abandoning module NiagaraVertexFactories (66)
[2022.12.03-15.48.53:854][467]LogModuleManager: Shutting down and abandoning module NiagaraShader (64)
[2022.12.03-15.48.53:854][467]LogModuleManager: Shutting down and abandoning module MLSDK (62)
[2022.12.03-15.48.53:854][467]LogModuleManager: Shutting down and abandoning module MagicLeap (60)
[2022.12.03-15.48.53:854][467]LogModuleManager: Shutting down and abandoning module ChaosCloth (58)
[2022.12.03-15.48.53:854][467]LogModuleManager: Shutting down and abandoning module VariantManagerContent (56)
[2022.12.03-15.48.53:854][467]LogModuleManager: Shutting down and abandoning module DatasmithContent (54)
[2022.12.03-15.48.53:855][467]LogModuleManager: Shutting down and abandoning module PixWinPlugin (52)
[2022.12.03-15.48.53:855][467]LogModuleManager: Shutting down and abandoning module AISupportModule (50)
[2022.12.03-15.48.53:855][467]LogModuleManager: Shutting down and abandoning module DesktopPlatform (48)
[2022.12.03-15.48.53:855][467]LogModuleManager: Shutting down and abandoning module PythonScriptPluginPreload (46)
[2022.12.03-15.48.53:855][467]LogModuleManager: Shutting down and abandoning module PlatformCryptoOpenSSL (44)
[2022.12.03-15.48.53:855][467]LogModuleManager: Shutting down and abandoning module PlatformCryptoTypes (42)
[2022.12.03-15.48.53:855][467]LogModuleManager: Shutting down and abandoning module PlatformCrypto (40)
[2022.12.03-15.48.53:855][467]LogModuleManager: Shutting down and abandoning module OodleDataCompressionFormat (38)
[2022.12.03-15.48.53:855][467]LogModuleManager: Shutting down and abandoning module XGEController (36)
[2022.12.03-15.48.53:855][467]LogModuleManager: Shutting down and abandoning module AnimationModifiers (34)
[2022.12.03-15.48.53:855][467]LogModuleManager: Shutting down and abandoning module AudioEditor (32)
[2022.12.03-15.48.53:855][467]LogModuleManager: Shutting down and abandoning module PropertyEditor (31)
[2022.12.03-15.48.53:855][467]LogModuleManager: Shutting down and abandoning module TextureCompressor (28)
[2022.12.03-15.48.53:855][467]LogModuleManager: Shutting down and abandoning module RenderCore (26)
[2022.12.03-15.48.53:855][467]LogModuleManager: Shutting down and abandoning module Landscape (24)
[2022.12.03-15.48.53:855][467]LogModuleManager: Shutting down and abandoning module SlateRHIRenderer (22)
[2022.12.03-15.48.53:855][467]LogModuleManager: Shutting down and abandoning module AnimGraphRuntime (20)
[2022.12.03-15.48.53:855][467]LogModuleManager: Shutting down and abandoning module Renderer (18)
[2022.12.03-15.48.53:855][467]LogModuleManager: Shutting down and abandoning module Engine (16)
[2022.12.03-15.48.53:855][467]LogModuleManager: Shutting down and abandoning module CoreUObject (14)
[2022.12.03-15.48.53:855][467]LogModuleManager: Shutting down and abandoning module NetworkFile (12)
[2022.12.03-15.48.53:855][467]LogModuleManager: Shutting down and abandoning module CookedIterativeFile (10)
[2022.12.03-15.48.53:855][467]LogModuleManager: Shutting down and abandoning module StreamingFile (8)
[2022.12.03-15.48.53:855][467]LogModuleManager: Shutting down and abandoning module SandboxFile (6)
[2022.12.03-15.48.53:855][467]LogModuleManager: Shutting down and abandoning module PakFile (4)
[2022.12.03-15.48.53:855][467]LogModuleManager: Shutting down and abandoning module RSA (3)
[2022.12.03-15.48.54:112][467]LogContentStreaming: Display: There are 1 unreleased StreamingManagers
[2022.12.03-15.48.54:125][467]LogD3D11RHI: Shutdown
[2022.12.03-15.48.54:125][467]LogD3D11RHI: CleanupD3DDevice
[2022.12.03-15.48.54:150][467]LogExit: Exiting.
[2022.12.03-15.48.54:187][467]Log file closed, 12/03/22 22:48:54
